  0.18897266700000001       0.66800606980182764     
  0.24407428500000000       0.67787339326057328     
  0.29917588800000000       0.68896802171008753     
  0.35427752099999998       0.70040390158987076     
  0.40937912500000001       0.71292623417751988     
  0.46448072800000001       0.72627069020369195     
  0.51958233099999995       0.73969267074088196     
  0.57468396399999999       0.75318813534348639     
  0.62978559700000003       0.76719848659634993     
  0.68488717099999996       0.78161362123240119     
  0.73998880400000000       0.79597967445005802     
  0.79509043700000004       0.81100338936674066     
  0.85019201000000000       0.82555890368242901     
  0.90529364300000004       0.84064713061111396     
  0.96039527700000005       0.85530397107336043     
   1.0154968499999999       0.87055461621891639     
   1.0705984799999999       0.88556164508996515     
   1.1257001200000001       0.90050326177653617     
   1.1808017500000001       0.91581863580820888     
   1.2359033800000001       0.93111232523467069     
   1.2910048999999999       0.94648980097422131     
   1.3461065299999999       0.96148315063881662     
   1.4012081599999999       0.97689139317987927     
   1.4563098000000001       0.99236013458629124     
   1.5114114299999999        1.0078011455851827     
   1.5665130599999999        1.0230683878700124     
   1.6216145799999999        1.0385640894933579     
   1.6767162099999999        1.0540359502184138     
   1.7318178399999999        1.0695805202104547     
   1.7869194700000000        1.0849776536498033     
   1.8420211099999999        1.1007754379956236     
   1.8971227399999999        1.1163910142135316     
   1.9522242500000000        1.1320405560435143     
   2.0073258900000002        1.1475060537594495     
   2.0624275200000000        1.1633485097886831     
   2.1175291500000002        1.1791665783506087     
   2.1726307899999999        1.1948379660675976     
   2.2277324200000002        1.2107913936059977     
   2.2828340499999999        1.2268184716141624     
   2.3379356900000001        1.2426029254599305     
   2.3930373199999999        1.2586504620819816     
   2.4481387099999998        1.2748458092083308     
   2.5032403500000000        1.2909228732705120     
   2.5583419799999998        1.3071081845274581     
   2.6134436100000000        1.3234106705741946     
   2.6685452500000002        1.3397541728860487     
   2.7236468800000000        1.3561643896578841     
   2.7787485099999998        1.3727238656165044     
   2.8338501500000000        1.3893183231496598     
   2.8889517800000002        1.4058967411487893     
   2.9440534100000000        1.4227256088586306     
   2.9991550400000002        1.4395594844378234     
   3.0542566799999999        1.4565221999185196     
   3.1093583100000002        1.4736281559055777     
   3.1644597100000000        1.4908449224080806     
   3.2195613399999998        1.5080944439196606     
   3.2746629700000001        1.5255208828780451     
   3.3297645999999999        1.5430161124442745     
   3.3848662400000000        1.5607120364714053     
   3.4399678699999998        1.5785230419255638     
   3.4950695000000001        1.5964489941441868     
   3.5501711399999998        1.6145430636253151     
   3.6052727700000000        1.6327671693744579     
   3.6603743999999998        1.6511662205012898     
   3.7154760400000000        1.6697088140766787     
   3.7705776700000002        1.6884258622625425     
   3.8256790600000001        1.7073099353220513     
   3.8807806999999999        1.7263708003773821     
   3.9358823300000001        1.7456168867624740     
   3.9909839599999999        1.7650451290528479     
   4.0460858300000000        1.7846707582535932     
   4.1011872299999999        1.8044902096258737     
   4.1562886199999998        1.8245163597097926     
   4.2113905000000003        1.8447500140576525     
   4.2664918900000002        1.8651966053244939     
   4.3215937599999998        1.8858640275371241     
   4.3766951599999997        1.9067563953195750     
   4.4317970300000002        1.9278770033877524     
   4.4868984200000002        1.9492343800956993     
   4.5420002899999998        1.9708219326576555     
   4.5971016899999997        1.9926589282821980     
   4.6522035600000002        2.0147378585248785     
   4.7073049500000002        2.0370788794728245     
   4.7624068299999998        2.0596673773218441     
   4.8175082199999997        2.0825147561648194     
   4.8726096200000004        2.1056062789138514     
   4.9277114900000001        2.1289739089431441     
   4.9828128800000000        2.1526141114415305     
   5.0379147499999997        2.1765122801871635     
   5.0930161500000004        2.2006822090453544     
   5.1481180200000001        2.2251365972832415     
   5.2032194100000000        2.2498441809149390     
   5.2583212899999996        2.2748041684318538     
   5.3134226800000004        2.3000550269161106     
   5.3685245500000001        2.3255838540230434     
   5.4236259499999999        2.3513565434490813     
   5.4787278199999996        2.3773922464675592     
   5.5338292100000004        2.4037336536103053     
   5.5889306100000002        2.4302893833681138     
   5.6440324799999999        2.4571126948608577     
   5.6991338699999998        2.4841809683056231     
   5.7542357400000004        2.5115303216642269     
   5.8093371400000002        2.5391115369483215     
   5.8644390099999999        2.5668861509865519     
   5.9195404099999998        2.5948564888433743     
   5.9746422800000003        2.6232047099922089     
   6.0297436700000002        2.6516658357367149     
   6.0848455399999999        2.6803452188180441     
   6.1399469399999997        2.7092509478692186     
   6.1950488100000003        2.7383442181246855     
   6.2501502000000002        2.7676200737084771     
   6.3052516000000001        2.7970721066118771     
   6.3603534699999997        2.8266957998801563     
   6.4154548599999996        2.8564757992079670     
   6.4705567400000001        2.8864422661747406     
   6.5256581300000001        2.9165736996409293     
   6.5807599999999997        2.9467941718449859     
   6.6358613999999996        2.9771521224811615     
   6.6909632700000001        3.0076339024512575     
   6.7460646600000000        3.0382370809686616     
   6.8011665299999997        3.0688705492829782     
   6.8562679299999996        3.0996844447393865     
   6.9113693200000004        3.1305716797923964     
   6.9664712000000000        3.1614984274138687     
   7.0215725899999999        3.1925472175412506     
   7.0766744600000004        3.2235940523311948     
   7.1317758600000003        3.2547184878102486     
   7.1868777300000000        3.2859010021653789     
   7.2419791199999999        3.3171279944957384     
   7.2970809900000004        3.3484045481012550     
   7.3521823900000003        3.3796418497005258     
   7.4072842600000000        3.4109807718808280     
   7.4623856499999999        3.4422625625359857     
   7.5174875300000004        3.4735742683707120     
   7.5725889200000003        3.5048974288355184     
   7.6276903200000001        3.5362295475364123     
   7.6827921899999998        3.5675696504170160     
   7.7378935799999997        3.5988503489109087     
   7.7929954500000003        3.6300979116365415     
   7.8480968500000001        3.6614196647217696     
   7.9031987199999998        3.6926547738509936     
   7.9583001099999997        3.7238771845332641     
   8.0134019900000002        3.7550611734403683     
   8.0685033799999992        3.7861844660535673     
   8.1236047700000000        3.8173092665658110     
   8.1787071200000003        3.8484016681585169     
   8.2338085200000002        3.8794530535510638     
   8.2889099099999992        3.9104412749797226     
   8.3440113100000008        3.9413999114277689     
   8.3991126999999999        3.9723254617991683     
   8.4542150500000002        4.0031427099020256     
   8.5093164399999992        4.0339969512211944     
   8.5644178400000008        4.0647925495685628     
   8.6195192299999999        4.0954789428633962     
   8.6746215800000002        4.1261724376127917     
   8.7297229800000000        4.1568256061399724     
   8.7848243700000008        4.1873944499205704     
   8.8399257700000007        4.2179219315785632     
   8.8950281100000002        4.2484136868436808     
   8.9501295100000000        4.2787938088219972     
   9.0052309000000008        4.3091936421657069     
   9.0603323000000007        4.3395403551106311     
   9.1154336899999997        4.3697983536118130     
   9.1705360400000000        4.4000530731334253     
   9.2256374399999999        4.4302086576468831     
   9.2807388300000007        4.4603190758912419     
   9.3358402300000005        4.4904420991926139     
   9.3909425700000000        4.5204907001693035     
   9.4460439699999998        4.5504764440712853     
   9.5011453600000007        4.5804236992312211     
   9.5562467600000005        4.6102746494882831     
   9.6113481499999995        4.6401438782536619     
   9.6664504999999998        4.6699693025946702     
   9.7215518999999997        4.6997309347519298     
   9.7766532900000005        4.7294406040075989     
   9.8317546799999995        4.7591563254738514     
   9.8868570299999998        4.7887783684811955     
   9.9419584299999997        4.8183968794034637     
   9.9970598200000005        4.8479371938956355     
   10.052161200000000        4.8774620271540519     
   10.107263600000000        4.9069427824775049     
   10.162364999999999        4.9363879657122176     
   10.217466399999999        4.9657962322315807     
   10.272567700000000        4.9951646471347333     
   10.327669100000000        5.0245031570791214     
   10.382771500000000        5.0538100225551466     
   10.437872900000000        5.0830786332752957     
   10.492974300000000        5.1123124988527104     
   10.548075700000000        5.1415180537483796     
   10.603178000000000        5.1706957214291842     
   10.658279400000000        5.1998338818559677     
   10.713380799999999        5.2289460324839290     
   10.768482199999999        5.2580300780338236     
   10.823584600000000        5.2870816396644109     
   10.878686000000000        5.3161064893801120     
   10.933787300000001        5.3451079652480358     
   10.988888700000000        5.3740804958528496     
   11.043990100000000        5.4030238893380069     
   11.099092499999999        5.4319445066989482     
   11.154193899999999        5.4608407300089139     
   11.209295300000001        5.4897110430537559     
   11.264396700000001        5.5185587370796272     
   11.319499000000000        5.5473819926493846     
   11.374600400000000        5.5761855980803618     
   11.429701800000000        5.6049628368220388     
   11.484803200000000        5.6337212551100642     
   11.539905500000000        5.6624586225996358     
   11.595006900000000        5.6911736650344418     
   11.650108299999999        5.7198692961903053     
   11.705209699999999        5.7485462152881688     
   11.760311099999999        5.7771990928223520     
   11.815413500000000        5.8058404274093727     
   11.870514900000000        5.8344586564783221     
   11.925616300000000        5.8630599649689428     
   11.980717700000000        5.8916441301463598     
   12.035819999999999        5.9202109604865152     
   12.090921399999999        5.9487607961744908     
   12.146022800000001        5.9772955127804002     
   12.201124200000001        6.0058116767222343     
   12.256226500000000        6.0343155553636363     
   12.311327900000000        6.0628030377940014     
   12.366429300000000        6.0912729211265084     
   12.421530700000000        6.1197309285561294     
   12.476632100000000        6.1481753124348044     
   12.531734500000001        6.1766041039623456     
   12.586835900000001        6.2050207132174107     
   12.641937300000000        6.2334212266124540     
   12.697038700000000        6.2618096592982893     
   12.752141000000000        6.2901874934731214     
   12.807242400000000        6.3185507496808189     
   12.862343800000000        6.3469004341899895     
   12.917445200000000        6.3752409491159909     
   12.972547499999999        6.4035696569632456     
   13.027648900000001        6.4318843454090997     
   13.082750300000001        6.4601910156871343     
   13.137851700000001        6.4884863150251482     
   13.192953100000000        6.5167675228727857     
   13.248055500000000        6.5450397934240874     
   13.303156899999999        6.5733015959117012     
   13.358258200000000        6.6015541170255263     
   13.413359600000000        6.6297992664651177     
   13.468462000000001        6.6580310842931043     
   13.523563400000000        6.6862519790699890     
   13.578664800000000        6.7144658510350812     
   13.633766200000000        6.7426696674387170     
   13.688868500000000        6.7708641230952447     
   13.743969900000000        6.7990540576471341     
   13.799071300000000        6.8272306736764081     
   13.854172699999999        6.8553993228190437     
   13.909274099999999        6.8835619212306440     
   13.964376400000001        6.9117135197552466     
   14.019477800000001        6.9398591198629900     
   14.074579200000001        6.9679948935267113     
   14.129680600000000        6.9961244539820910     
   14.184782999999999        7.0242473596350843     
   14.239884399999999        7.0523617652780022     
   14.294985799999999        7.0804682753019605     
   14.350087200000001        7.1085698834561084     
   14.405188600000001        7.1366597372293281     
   14.460290900000000        7.1647481761712255     
   14.515392300000000        7.1928262982669828     
   14.570493700000000        7.2208974547316904     
   14.625595100000000        7.2489647820290628     
   14.680697400000000        7.2770228924494917     
   14.735798800000000        7.3050777402154043     
   14.790900199999999        7.3331244585404685     
   14.846001599999999        7.3611661163950579     
   14.901104000000000        7.3892015009870882     
   14.956205400000000        7.4172293228953228     
   15.011306800000000        7.4452525633564752     
   15.066408200000000        7.4732701885987085     
   15.121509600000000        7.5012827071048926     
   15.176611899999999        7.5292889195843529     
   15.231713299999999        7.5572915432833287     
   15.286814700000001        7.5852877981041837     
   15.341916100000001        7.6132767323401058     
   15.397018400000000        7.6412616762044365     
   15.452119800000000        7.6692397185152341     
   15.507221200000000        7.6972182186204980     
   15.562322600000000        7.7251857998970888     
   15.617425000000001        7.7531532898652387     
   15.672526400000001        7.7811118995468043     
   15.727627800000000        7.8090689503311035     
   15.782729099999999        7.8370209935013344     
   15.837830500000001        7.8649684541265072     
   15.892932900000000        7.8929102927880725     
   15.948034300000000        7.9208490750131384     
   16.003135700000001        7.9487828777612464     
   16.058237099999999        7.9767121470084899     
   16.113338500000001        8.0046383756192299     
   16.168439899999999        8.0325595314155045     
   16.223543200000002        8.0604783787129151     
   16.278644600000000        8.0883903684457223     
   16.333746000000001        8.1162978182726313     
   16.388847400000000        8.1442046917703994     
   16.443948700000000        8.1721071867366035     
   16.499050100000002        8.2000026542399969     
   16.554151500000000        8.2279000028166873     
   16.609252900000001        8.2557881196766889     
   16.664354299999999        8.2836766407736242     
   16.719457599999998        8.3115594866076652     
   16.774559000000000        8.3394385140284530     
   16.829660400000002        8.3673163258989440     
   16.884761800000000        8.3951875644668839     
   16.939863200000001        8.4230568848252911     
   16.994964599999999        8.4509242477735391     
   17.050066000000001        8.4787874935941172     
   17.105167399999999        8.5066478830758321     
   17.160268800000001        8.5345038675909386     
   17.215372100000000        8.5623574861160137     
   17.270473500000001        8.5902084977562403     
   17.325574899999999        8.6180554982307722     
   17.380676300000001        8.6459001115440515     
   17.435777699999999        8.6737426119487182     
   17.490879100000001        8.7015795268883664     
   17.545980499999999        8.7294160319494036     
   17.601081799999999        8.7572472542707462     
   17.656185199999999        8.7850796689285602     
   17.711286500000000        8.8129067899643605     
   17.766387900000002        8.8407304333753078     
   17.821489300000000        8.8685540495933513     
   17.876590700000001        8.8963729035723098     
   17.931692099999999        8.9241898354273257     
   17.986793500000001        8.9520059029265404     
   18.041894899999999        8.9798170122355767     
   18.096996300000001        9.0076260026340940     
   18.152099600000000        9.0354318745486601     
   18.207201000000001        9.0632359703887992     
   18.262302399999999        9.0910369292239679     
   18.317403800000001        9.1188384283451764     
   18.372505199999999        9.1466335828292067     
   18.427606600000001        9.1744295793129886     
   18.482707999999999        9.2022228324732964     
   18.537809400000000        9.2300131985314096     
   18.592910799999999        9.2577992805624998     
   18.648014100000001        9.2855851401984761     
   18.703115499999999        9.3133685994193964     
   18.758216900000001        9.3411523708830888     
   18.813318299999999        9.3689292127197721     
   18.868419599999999        9.3967085234305685     
   18.923521000000001        9.4244806789721647     
   18.978622399999999        9.4522567479354240     
   19.033723800000001        9.4800265364600840     
   19.088827100000000        9.5077955881473120     
   19.143928500000001        9.5355639404779602     
   19.199029899999999        9.5633284243246965     
   19.254131300000001        9.5910924182481718     
   19.309232699999999        9.6188521002875387     
   19.364334100000001        9.6466132369456314     
   19.419435499999999        9.6743710654532435     
   19.474536900000000        9.7021295917742929     
   19.529638299999998        9.7298818172718651     
   19.584741600000001        9.7576341219259035     
   19.639842999999999        9.7853817719074492     
   19.694944400000001        9.8131335177688932     
   19.750045799999999        9.8408800051900425     
   19.805147200000000        9.8686260205672856     
   19.860248599999998        9.8963706691658633     
   19.915350000000000        9.9241120959163744     
   19.970451400000002        9.9518514533472295     
   20.025552699999999        9.9795903379166297     
   20.080656099999999        10.007327944189205     
   20.135757399999999        10.035063043480559     
   20.190858800000001        10.062796702998174     
   20.245960199999999        10.090530333009102     
   20.301061600000001        10.118260794313407     
   20.356162999999999        10.145987730989919     
   20.411264400000000        10.173718708979987     
   20.466365799999998        10.201444292620563     
   20.521469100000001        10.229168749956456     
   20.576570499999999        10.256892924886012     
   20.631671900000001        10.284614629087134     
   20.686773299999999        10.312335280742360     
   20.741874700000000        10.340055489197644     
   20.796976099999998        10.367772797239212     
   20.852077500000000        10.395490482779785     
   20.907178900000002        10.423204579691625     
   20.962280300000000        10.450918257494367     
   21.017383599999999        10.478629270871870     
   21.072485000000000        10.506341006358891     
   21.127586399999998        10.534053912249068     
   21.182687800000000        10.561758736131507     
   21.237789200000002        10.589466842650605     
   21.292890499999999        10.617174600885258     
   21.347991900000000        10.644879827778727     
   21.403093299999998        10.672580549057043     
   21.458194700000000        10.700284997408174     
   21.513297999999999        10.727988564009292     
   21.568399400000001        10.755685966194937     
   21.623500799999999        10.783384960742781     
   21.678602200000000        10.811083104376703     
   21.733703599999998        10.838779801693192     
   21.788805000000000        10.866475007545739     
   21.843906400000002        10.894170578110105     
   21.899007800000000        10.921862681556615     
   21.954109200000001        10.949555497961542     
   22.009212500000000        10.977246810527653     
   22.064313899999998        11.004937333085762     
   22.119415300000000        11.032624755353480     
   22.174516700000002        11.060311760680792     
   22.229618100000000        11.087999608408122     
   22.284719500000001        11.115685894648196     
   22.339820899999999        11.143369611330787     
   22.394922300000001        11.171053268497491     
   22.450025600000000        11.198736739016036     
   22.505127000000002        11.226416972295590     
   22.560228299999999        11.254099773223251     
   22.615329700000000        11.281778890554843     
   22.670431099999998        11.309458466087673     
   22.725532500000000        11.337135657637409     
   22.780633900000002        11.364813180764513     
   22.835735300000000        11.392487186291641     
   22.890836700000001        11.420163809457440     
   22.945940000000000        11.447836995742982     
   23.001041399999998        11.475511374097668     
   23.056142800000000        11.503182518224429     
   23.111244200000002        11.530853589576603     
   23.166345600000000        11.558525503107909     
   23.221447000000001        11.586194828424349     
   23.276548399999999        11.613861740550528     
   23.331649800000001        11.641531397151510     
   23.386751199999999        11.669198680037715     
   23.441854500000002        11.696865312776982     
   23.496955900000000        11.724529850656115     
   23.552057300000001        11.752195332718925     
   23.607158699999999        11.779858876439302     
   23.662260100000001        11.807520656647066     
   23.717361499999999        11.835183892532333     
   23.772462800000000        11.862844656257099     
   23.827564200000001        11.890504885122420     
   23.882667500000000        11.918165303162233     
   23.937768899999998        11.945825631857192     
   23.992870300000000        11.973482065291414     
   24.047971700000002        12.001140572430884     
   24.103073100000000        12.028798055360140     
   24.158174500000001        12.056452581175785     
   24.213275899999999        12.084107988096108     
   24.268377300000001        12.111763818323315     
   24.323478699999999        12.139418393594411     
   24.378582000000002        12.167069840458000     
   24.433683400000000        12.194724521218847     
   24.488784800000001        12.222373981331208     
   24.543886199999999        12.250024312927440     
   24.598987600000001        12.277676562178437     
   24.654088999999999        12.305324759511441     
   24.709190400000001        12.332974515817227     
   24.764291799999999        12.360622566160487     
   24.819393200000000        12.388269655452920     
   24.874496499999999        12.415918557862259     
   24.929597900000001        12.443563929410649     
   24.984699200000001        12.471210062936672     
   25.039800600000000        12.498853639437771     
   25.094902000000001        12.526499273871799     
   25.150003399999999        12.554141854724364     
   25.205104800000001        12.581786689609391     
   25.260206199999999        12.609429093717267     
   25.315307600000001        12.637072039393193     
   25.370410900000000        12.664712071845964     
   25.425512300000001        12.692352979516627     
   25.480613699999999        12.719994963973434     
   25.535715100000001        12.747633097669633     
   25.590816499999999        12.775270179010047     
   25.645917900000001        12.802910286506641     
   25.701019299999999        12.830548763419495     
   25.756120700000000        12.858186433507660     
   25.811223999999999        12.885821628413259     
   25.866325400000001        12.913459610829205     
   25.921426799999999        12.941094209220442     
   25.976528200000001        12.968730421581194     
   26.031629599999999        12.996364105413987     
   26.086731000000000        13.023998854125832     
   26.141832399999998        13.051630238797756     
   26.196933699999999        13.079265446067762     
   26.252035100000001        13.106897832501220     
   26.307138399999999        13.134529001464045     
   26.362239800000001        13.162161321924316     
   26.417341199999999        13.189790867295226     
   26.472442600000001        13.217420168310035     
   26.527543999999999        13.245051087112953     
   26.582645400000001        13.272679995830359     
   26.637746799999999        13.300309443407841     
   26.692848200000000        13.327936806619952     
   26.747949599999998        13.355564405455684     
   26.803052900000001        13.383192313646282     
   26.858154299999999        13.410819766998223     
   26.913255700000001        13.438445919248052     
   26.968357099999999        13.466073249735565     
   27.023458500000000        13.493697554702726     
   27.078559899999998        13.521323881742246     
   27.133661300000000        13.548946434264369     
   27.188762700000002        13.576570956407050     
   27.243866000000001        13.604194056083212     
   27.298967399999999        13.631817595184001     
   27.354068800000000        13.659440105680115     
   27.409170199999998        13.687063817952652     
   27.464271499999999        13.714684953206786     
   27.519372900000000        13.742306719608324     
   27.574474299999999        13.769926898573841     
   27.629575700000000        13.797548062122312     
   27.684677099999998        13.825166491930531     
   27.739780400000001        13.852788446337835     
   27.794881799999999        13.880407719306836     
   27.849983200000000        13.908026364259147     
   27.905084599999999        13.935644644149841     
   27.960186000000000        13.963263020622687     
   28.015287399999998        13.990880074990940     
   28.070388800000000        14.018498291568585     
   28.125490200000002        14.046114564413813     
   28.180591600000000        14.073732055889529     
   28.235694899999999        14.101346274910457     
   28.290796300000000        14.128962961427396     
   28.345897699999998        14.156578751031724     
   28.400999100000000        14.184195249834712     
   28.456100500000002        14.211809309774281     
   28.511201900000000        14.239422119542343     
   28.566303300000001        14.267035974332847     
   28.621404600000002        14.294649766813006     
   28.676507900000001        14.322262681142744     
   28.731609299999999        14.349875702464336     
   28.786710700000000        14.377486947428755     
   28.841812099999999        14.405099698819583     
   28.896913500000000        14.432712220410224     
   28.952014900000002        14.460323026103124     
   29.007116300000000        14.487935112931247     
   29.062217700000001        14.515544147474426     
   29.117319100000000        14.543155382386860     
   29.172422399999999        14.570764125143134     
   29.227523800000000        14.598375325520886     
   29.282625199999998        14.625984900771124     
   29.337726600000000        14.653593540516431     
   29.392828000000002        14.681201432356698     
   29.447929400000000        14.708808397608113     
   29.503030800000001        14.736417056205351     
   29.558132199999999        14.764025257184171     
   29.613233600000001        14.791635114523061     
   29.668336900000000        14.819241591467323     
   29.723438300000002        14.846845219028001     
   29.778539700000000        14.874454252173319     
   29.833641100000001        14.902058392699452     
   29.888742400000002        14.929665926613991     
   29.943843800000000        14.957269380074360     
   29.998945200000001        14.984875060270745     
   30.054046600000000        15.012478951230159     
   30.109148000000001        15.040084964763224     
   30.164251300000000        15.067689559915040     
   30.219352700000002        15.095292385744660     
   30.274454100000000        15.122895296597099     
   30.329555500000001        15.150498575820142     
   30.384656900000000        15.178103057068723     
   30.439758300000001        15.205705215182396     
   30.494859699999999        15.233307537920533     
   30.549961100000001        15.260910034673140     
   30.605064400000000        15.288511830830060     
   30.660165800000001        15.316113470118388     
   30.715267200000000        15.343714077735601     
   30.770368600000001        15.371315946509645     
   30.825469999999999        15.398916619430050     
   30.880571400000001        15.426517443716348     
   30.935672799999999        15.454117775396915     
   30.990774200000001        15.481718058770589     
   31.045875500000001        15.509316189025656     
   31.100978900000001        15.536917072385283     
   31.156080200000002        15.564516359259891     
   31.211181600000000        15.592113787522251     
   31.266283000000001        15.619714100565281     
   31.321384399999999        15.647311366419487     
   31.376485800000001        15.674909845715829     
   31.431587199999999        15.702507824379035     
   31.486688600000001        15.730106619103694     
   31.541789999999999        15.757703380093266     
   31.596893300000001        15.785301265556802     
   31.651994699999999        15.812897992727617     
   31.707096100000001        15.840494730478531     
   31.762197499999999        15.868090139123231     
   31.817298900000001        15.895687767476211     
   31.872400299999999        15.923282688730620     
   31.927501700000001        15.950879068985856     
   31.982603099999999        15.978474920138607     
   32.037704499999997        16.006069307276864     
   32.092807800000003        16.033664601333058     
   32.147907300000000        16.061260054426814     
   32.203010599999999        16.088854329838444     
   32.258110000000002        16.116449631279675     
   32.313213300000001        16.144042554289303     
   32.368316700000001        16.171637181208474     
   32.423416099999997        16.199230144039941     
   32.478519400000003        16.226823200108601     
   32.533618900000000        16.254417183136724     
   32.588722199999999        16.282010460111522     
   32.643821699999997        16.309602527898296     
   32.698925000000003        16.337196324553052     
   32.754028300000002        16.364787324443039     
   32.809127799999999        16.392381019820107     
   32.864231099999998        16.419971885835860     
   32.919330600000002        16.447564430552337     
   32.974433900000001        16.475155081114625     
   33.029533399999998        16.502747175285037     
   33.084636699999997        16.530337892775027     
   33.139736200000002        16.557928683774037     
   33.194839500000000        16.585520158513464     
   33.249942799999999        16.613111102709421     
   33.305042299999997        16.640699730717557     
   33.360145600000003        16.668290454618756     
   33.415245100000000        16.695881982001055     
   33.470348399999999        16.723468626555345     
   33.525447800000002        16.751059457794263     
   33.580551100000001        16.778649224760169     
   33.635650599999998        16.806238659532010     
   33.690753899999997        16.833827584466707     
   33.745857200000003        16.861416148903007     
   33.800956700000000        16.889004675892988     
   33.856059999999999        16.916593106281471     
   33.911159499999997        16.944180317053792     
   33.966262800000003        16.971771264510750     
   34.021362300000000        16.999357139295324     
   34.076465599999999        17.026945553308288     
   34.131565100000003        17.054532626493543     
   34.186668400000002        17.082121003137178     
   34.241771700000001        17.109707617898707     
   34.296871199999998        17.137294375824442     
   34.351974499999997        17.164881872767882     
   34.407074000000001        17.192467242847759     
   34.462177300000000        17.220054681790586     
   34.517276799999998        17.247639913962075     
   34.572380099999997        17.275227418898631     
   34.627479600000001        17.302811762066924     
   34.682582900000000        17.330397384472612     
   34.737686199999999        17.357982719038642     
   34.792785600000002        17.385569024563207     
   34.847888900000001        17.413153955948701     
   34.902988399999998        17.440740112462972     
   34.958091699999997        17.468324953393559     
   35.013191200000001        17.495909984048104     
   35.068294500000000        17.523494872824198     
   35.123393999999998        17.551079354282642     
   35.178497299999997        17.578662062794127     
   35.233600600000003        17.606247045634923     
   35.288700100000000        17.633832190516216     
   35.343803399999999        17.661414089548170     
   35.398902900000003        17.688999694935518     
   35.454006200000002        17.716581694410227     
   35.509105699999999        17.744165410641649     
   35.564208999999998        17.771749616885664     
   35.619308500000002        17.799331941207079     
   35.674411800000001        17.826915585345553     
   35.729515100000000        17.854497069790131     
   35.784614599999998        17.882080216154367     
   35.839717899999997        17.909662777500749     
   35.894817400000001        17.937244375779347     
   35.949920700000000        17.964827112407917     
   36.005020100000003        17.992409912767251     
   36.060123400000002        18.019990678929595     
   36.115226700000001        18.047572741286039     
   36.170326199999998        18.075153147768042     
   36.225429499999997        18.102735840338266     
   36.280529000000001        18.130318701542521     
   36.335632300000000        18.157898512105966     
   36.390731799999998        18.185479981616194     
   36.445835099999996        18.213060304477285     
   36.500934600000001        18.240641604840924     
   36.556037900000000        18.268222118341921     
   36.611141199999999        18.295801604787069     
   36.666240700000003        18.323383422736750     
   36.721344000000002        18.350962965254709     
   36.776443499999999        18.378542398439031     
   36.831546799999998        18.406123138065904     
   36.886646300000002        18.433702419359225     
   36.941749600000001        18.461282593601922     
   36.996849099999999        18.488861789687302     
   37.051952399999998        18.516441877703052     
   37.107055699999997        18.544020911876313     
   37.162155200000001        18.571599355927628     
   37.217258500000000        18.599179169218445     
   37.272357900000003        18.626757807780681     
   37.327461200000002        18.654336872490376     
   37.382560699999999        18.681915420289133     
   37.437663999999998        18.709494252647652     
   37.492763500000002        18.737072021248238     
   37.547866800000001        18.764650607107637     
   37.602970100000000        18.792229011318526     
   37.658069599999997        18.819806593815116     
   37.713172900000004        18.847385180555055     
   37.768272400000001        18.874962214705718     
   37.823375700000000        18.902540339115745     
   37.878475199999997        18.930118044533561     
   37.933578500000003        18.957695748398308     
   37.988678000000000        18.985273686633491     
   38.043781299999999        19.012849717176451     
   38.098884599999998        19.040426725613209     
   38.153984100000002        19.068004214307511     
   38.209087400000001        19.095581277988281     
   38.264186899999999        19.123156968985491     
   38.319290199999998        19.150734772968349     
   38.374389600000001        19.178310725078095     
   38.429493000000001        19.205887870040463     
   38.484592399999997        19.233463961460142     
   38.539695700000003        19.261039990733259     
   38.594799000000002        19.288616204255142     
   38.649898499999999        19.316192061941166     
   38.705001799999998        19.343768116071267     
   38.760101300000002        19.371344454589106     
   38.815204600000001        19.398919317561472     
   38.870304099999998        19.426495674189781     
   38.925407399999997        19.454070753058460     
   38.980506900000002        19.481645857783544     
   39.035610200000001        19.509220648836060     
   39.090713500000000        19.536795764068394     
   39.145812999999997        19.564371498559012     
   39.200916300000003        19.591945798818482     
   39.256015800000000        19.619521260325893     
   39.311119099999999        19.647095410780270     
   39.366218600000003        19.674669830767527     
   39.421321900000002        19.702245273229892     
   39.476425200000001        19.729819776501124     
   39.531524699999999        19.757394114756586     
   39.586627999999997        19.784968812889247     
   39.641727400000001        19.812542137918420     
   39.696830700000000        19.840116304640784     
   39.751930199999997        19.867689199728073     
   39.807033500000003        19.895263645176623     
   39.862133000000000        19.922837945904647     
   39.917236299999999        19.950412268852727     
   39.972339599999998        19.977984930798243     
   40.027439100000002        20.005558646389705     
   40.082542400000001        20.033132203200914     
   40.137641899999998        20.060704917416636     
   40.192745199999997        20.088278287893754     
   40.247844700000002        20.115850553696731     
   40.302948000000001        20.143425000766573     
   40.358047499999998        20.170997242111778     
   40.413150799999997        20.198570719549892     
   40.468254100000003        20.226142782893600     
   40.523353600000000        20.253715461597022     
   40.578456899999999        20.281287755268384     
   40.633556400000003        20.308860752896805     
   40.688659700000002        20.336432715744550     
   40.743759200000000        20.364004891084480     
   40.798862499999998        20.391577749794731     
   40.853961900000002        20.419149395804958     
   40.909065200000001        20.446722051694085     
   40.964168500000000        20.474293883957305     
   41.019267999999997        20.501865010305846     
   41.074371300000003        20.529437227585998     
   41.129470800000000        20.557008675834396     
   41.184574099999999        20.584580501318211     
   41.239673600000003        20.612152640064863     
   41.294776900000002        20.639723476838228     
   41.349876399999999        20.667295013567792     
   41.404979699999998        20.694866084608798     
   41.460082999999997        20.722436248666384     
   41.515182500000002        20.750008265640663     
   41.570285800000001        20.777579466671849     
   41.625385299999998        20.805150620100349     
   41.680488599999997        20.832721592184253     
   41.735588100000001        20.860291945634735     
   41.790691400000000        20.887862897431223     
   41.845790899999997        20.915433473908362     
   41.900894200000003        20.943004200828184     
   41.955997500000002        20.970573819200187     
   42.011096999999999        20.998143945404255     
   42.066200299999998        21.025714693903687     
   42.121299700000002        21.053285501060071     
   42.176403000000001        21.080855265557499     
   42.231502499999998        21.108425374642948     
   42.286605799999997        21.135995674826308     
   42.341709100000003        21.163565453169102     
   42.396808600000000        21.191134871937404     
   42.451911899999999        21.218704665243727     
   42.507011400000003        21.246275295975426     
   42.562114700000002        21.273844252838046     
   42.617214199999999        21.301414058726259     
   42.672317499999998        21.328983551224425     
   42.727417000000003        21.356552895284651     
   42.782520300000002        21.384121917357064     
   42.837623600000001        21.411691532628087     
   42.892723099999998        21.439261152154316     
   42.947826399999997        21.466829440007661     
   43.002925900000001        21.494398868748060     
   43.058029200000000        21.521967858821785     
   43.113128699999997        21.549537597794565     
   43.168232000000003        21.577105358051359     
   43.223331500000000        21.604674896252057     
   43.278434799999999        21.632242357472414     
   43.333538099999998        21.659811280357786     
   43.388637500000002        21.687380815300010     
   43.443740800000000        21.714948677331517     
   43.498840299999998        21.742516929252066     
   43.553943599999997        21.770085188783842     
   43.609043100000001        21.797654179657094     
   43.664146400000000        21.825221630168389     
   43.719245899999997        21.852791108169281     
   43.774349200000003        21.880358360191451     
   43.829452500000002        21.907926477052388     
   43.884551999999999        21.935493412522515     
   43.939655299999998        21.963062456773098     
   43.994754800000003        21.990630221703210     
   44.049858100000002        22.018197833752801     
   44.104957599999999        22.045765378544221     
   44.160060899999998        22.073332352631017     
   44.215160400000002        22.100901632531574     
   44.270263700000001        22.128467735900816     
   44.325367000000000        22.156036512488065     
   44.380466499999997        22.183603098487147     
   44.435569800000003        22.211170712065403     
   44.490669300000000        22.238737576182935     
   44.545772599999999        22.266305385659674     
   44.600872000000003        22.293872750630278     
   44.655975300000001        22.321439599525124     
   44.711074799999999        22.349006240760822     
   44.766178099999998        22.376572565974570     
   44.821281399999997        22.404140460157219     
   44.876380900000001        22.431706968487653     
   44.931484200000000        22.459273905496342     
   44.986583699999997        22.486841100115306     
   45.041687000000003        22.514406930335092     
   45.096786500000000        22.541974419729495     
   45.151889799999999        22.569540241296277     
   45.206989299999996        22.597106547088600     
   45.262092600000003        22.624674352764341     
   45.317195900000002        22.652239386791955     
   45.372295399999999        22.679806753054280     
   45.427398699999998        22.707372552343671     
   45.482498200000002        22.734938898288533     
   45.537601500000001        22.762505476737147     
   45.592700999999998        22.790070809598316     
   45.647804299999997        22.817636709974181     
   45.702907600000003        22.845203240344883     
   45.758006999999999        22.872768493638535     
   45.813110399999999        22.900335138352016     
   45.868209800000002        22.927900095473422     
   45.923313100000001        22.955466094543109     
   45.978412599999999        22.983032006086450     
   46.033515899999998        23.010597682021430     
   46.088615400000002        23.038162991959549     
   46.143718700000001        23.065728467350230     
   46.198822000000000        23.093294719537617     
   46.253921499999997        23.120859186117507     
   46.309024800000003        23.148425246064161     
   46.364124300000000        23.175990994001737     
   46.419227599999999        23.203555899366414     
   46.474327099999996        23.231120811341029     
   46.529430400000003        23.258687011042845     
   46.584529900000000        23.286251880184746     
   46.639633199999999        23.313817111120148     
   46.694736499999998        23.341381780675434     
   46.749836000000002        23.368946332851802     
   46.804939300000001        23.396511528116299     
   46.860038799999998        23.424076057541157     
   46.915142099999997        23.451641524509256     
   46.970241500000000        23.479205827278879     
   47.025344799999999        23.506770953765077     
   47.080444300000003        23.534335411892780     
   47.135547600000002        23.561900612685143     
   47.190650900000001        23.589464815395932     
   47.245750399999999        23.617029521327844     
   47.300853699999998        23.644593046673588     
   47.355953200000002        23.672158928971079     
   47.411056500000001        23.699722815051945     
   47.466155999999998        23.727287001452737     
   47.521259299999997        23.754851302524681     
   47.576358800000001        23.782415782088144     
   47.631462100000000        23.809979499935828     
   47.686565399999999        23.837543577362023     
   47.741664900000004        23.865107658929396     
   47.796768200000002        23.892672421980080     
   47.851867700000000        23.920235624035151     
   47.906970999999999        23.947799841037799     
   47.962070500000003        23.975364144260542     
   48.017173800000002        24.002927643302048     
   48.072273299999999        24.030491863793191     
   48.127376599999998        24.058055694873477     
   48.182479899999997        24.085619024717200     
   48.237579300000000        24.113183023230690     
   48.292682599999999        24.140747316995768     
   48.347782100000003        24.168309853248168     
   48.402885400000002        24.195873933919813     
   48.457984900000000        24.223437416476436     
   48.513088199999999        24.251000432871940     
   48.568187700000003        24.278564256997004     
   48.623291000000002        24.306127848312837     
   48.678394300000001        24.333690584317619     
   48.733493799999998        24.361254650010014     
   48.788597099999997        24.388817166110790     
   48.843696600000001        24.416381202045205     
   48.898799900000000        24.443943737265517     
   48.953899399999997        24.471507495468913     
   49.009002700000003        24.499070944269441     
   49.064106000000002        24.526633520204388     
   49.119205500000000        24.554196054954794     
   49.174308799999999        24.581759270564874     
   49.229408300000003        24.609322257942029     
   49.284511600000002        24.636885245936622     
   49.339611099999999        24.664448002291103     
   49.394714399999998        24.692011011137492     
   49.449813800000001        24.719574006574227     
   49.504917100000000        24.747136274063376     
   49.560020399999999        24.774699658109434     
   49.615119900000003        24.802261996296394     
   49.670223200000002        24.829823911676588     
   49.725322700000000        24.857386973881407     
   49.780425999999999        24.884949647549981     
   49.835525500000003        24.912511988757643     
   49.890628800000002        24.940074067764762     
   49.945728299999999        24.967637587056448     
   50.000831599999998        24.995199322129114     
   50.055934899999997        25.022762075364387     
   50.111034400000001        25.050324401888354     
   50.166137700000000        25.077886031297741     
   50.221237199999997        25.105448722746296     
   50.276340500000003        25.133010754720331     
   50.331440000000001        25.160572819992296     
   50.386543300000000        25.188134518947134     
   50.441642799999997        25.215697115182721     
   50.496746100000003        25.243259420881053     
   50.551849400000002        25.270821605887253     
   50.606948899999999        25.298383003101048     
   50.662052199999998        25.325944904919734     
   50.717151600000001        25.353506654585008     
   50.772254900000000        25.381068900397636     
   50.827354399999997        25.408630943572881     
   50.882457700000003        25.436192372452844     
   50.937557200000001        25.463753794666154     
   50.992660500000000        25.491316210028824     
   51.047763799999998        25.518878189829007     
   51.102863300000003        25.546439541830853     
   51.157966600000002        25.574001340810625     
   51.213066099999999        25.601562663674013     
   51.268169399999998        25.629124609354005     
   51.323268900000002        25.656686054777452     
   51.378372200000001        25.684246700766344     
   51.433471699999998        25.711807941255156     
   51.488574999999997        25.739369731273904     
   51.543678300000003        25.766931309414918     
   51.598777800000001        25.794492114897942     
   51.653881100000000        25.822053581378981     
   51.708980599999997        25.849614931229805     
   51.764083900000003        25.877176387005424     
   51.819183299999999        25.904737768731941     
   51.874286699999999        25.932298619912530     
   51.929386100000002        25.959859815829855     
   51.984489400000001        25.987421460525159     
   52.039592700000000        26.014981979424871     
   52.094692199999997        26.042543176737539     
   52.149795500000003        26.070103772971326     
   52.204895000000000        26.097665082265916     
   52.259998299999999        26.125226642908011     
   52.315097799999997        26.152786925926065     
   52.370201100000003        26.180348344249847     
   52.425304400000002        26.207909700227560     
   52.480403899999999        26.235469823132764     
   52.535507199999998        26.263029730094999     
   52.590606700000002        26.290590883398121     
   52.645710000000001        26.318151845554976     
   52.700809499999998        26.345712446901469     
   52.755912799999997        26.373273195325432     
   52.811012300000002        26.400833534964633     
   52.866115600000001        26.428394387039003     
   52.921218900000000        26.455954932732983     
   52.976318399999997        26.483515389890165     
   53.031421700000003        26.511075983234125     
   53.086521099999999        26.538636376837218     
   53.141624499999999        26.566197417235088     
   53.196723900000002        26.593757416592624     
   53.251827200000001        26.621317814770624     
   53.306926699999998        26.648878035165158     
   53.362029999999997        26.676439087405178     
   53.417133300000003        26.703998805736024     
   53.472232800000000        26.731558954608527     
   53.527336099999999        26.759118930819010     
   53.582435599999997        26.786679346443069     
   53.637538900000003        26.814239693655505     
   53.692638400000000        26.841799371998835     
   53.747741699999999        26.869359117276176     
   53.802841200000003        26.896919814710635     
   53.857944500000002        26.924479747455536     
   53.913047800000001        26.952040175915219     
   53.968147299999998        26.979599967779350     
   54.023250599999997        27.007160074883139     
   54.078350100000002        27.034720006464379     
   54.133453400000000        27.062280234344794     
   54.188552899999998        27.089839831072702     
   54.243656199999997        27.117399727800578     
   54.298755600000000        27.144959330355817     
   54.353858899999999        27.172519401902640     
   54.408962199999998        27.200079220026435     
   54.464061700000002        27.227639057311119     
   54.519165000000001        27.255198308625417     
   54.574264499999998        27.282758072219469     
   54.629367799999997        27.310317947127842     
   54.684467300000001        27.337877451343072     
   54.739570600000000        27.365437053514437     
   54.794670099999998        27.392996611245557     
   54.849773399999997        27.420556677709410     
   54.904876700000003        27.448115762988937     
   54.959976200000000        27.475675442317279     
   55.015079499999999        27.503234537307090     
   55.070179000000003        27.530794557808136     
   55.125282300000002        27.558353505981774     
   55.180381799999999        27.585913076818496     
   55.235485099999998        27.613473068522595     
   55.290588399999997        27.641031371179064     
   55.345687900000001        27.668591531496563     
   55.400791200000000        27.696150509672247     
   55.455890699999998        27.723709815853237     
   55.510993999999997        27.751269178595223     
   55.566093400000000        27.778828215820010     
   55.621196699999999        27.806387805522846     
   55.676296200000003        27.833947081244766     
   55.731399500000002        27.861505962892060     
   55.786502800000001        27.889064558828490     
   55.841602299999998        27.916623988917994     
   55.896705599999997        27.944183450667261     
   55.951805100000001        27.971741796181028     
   56.006908400000000        27.999301180142087     
   56.062007899999998        28.026860408307584     
   56.117111199999997        28.054419261996181     
   56.172210700000001        28.081978342025607     
   56.227314000000000        28.109537187155269     
   56.282417299999999        28.137096168898932     
   56.337516800000003        28.164655073609733     
   56.392620100000002        28.192213516722855     
   56.447719599999999        28.219772826596902     
   56.502822899999998        28.247331628420842     
   56.557922400000002        28.274890222145942     
