  0.18897266635103194       -1.4359317267586955E-015
  0.24407428016626423       -1.2500313160368325E-015
  0.29917589398149652       -2.2400490430021356E-015
  0.35427750779672884       -1.0482940064130175E-015
  0.40937912161196111       -1.8078757063800487E-015
  0.46448073542719337       -6.1635236021360422E-016
  0.51958234924242563       -1.3093207639131124E-015
  0.57468396305765801       -1.2147742517749958E-015
  0.62978557687289027        4.4355936069890736E-016
  0.68488719068812254       -1.8163104170002543E-015
  0.73998880450335480       -3.8556869585106404E-017
  0.79509041831858718       -2.1122222490288584E-015
  0.85019203213381944       -6.8935417750987475E-016
  0.90529364594905171       -3.5436676107064135E-016
  0.96039525976428408       -9.2929254826222546E-017
   1.0154968735795165       -1.4998663713096297E-015
   1.0705984873947485       -1.0961031387259074E-015
   1.1257001012099810        1.2800969337367061E-015
   1.1808017150252130       -1.3717160250257205E-015
   1.2359033288404455       -7.5603601372265530E-016
   1.2910049426556776        1.2834153792837217E-015
   1.3461065564709100       -1.5980910531057839E-015
   1.4012081702861425       -5.3317127317575838E-017
   1.4563097841013746       -2.3660747915581788E-016
   1.5114113979166071       -1.8668252711470697E-015
   1.5665130117318391        5.5243261454927250E-016
   1.6216146255470716        1.9862142394088063E-015
   1.6767162393623036        4.8300718093378062E-016
   1.7318178531775361       -1.1064456826379527E-015
   1.7869194669927686        4.5357355927159320E-016
   1.8420210808080006       -1.5205388315426010E-015
   1.8971226946232331        5.3203730012578738E-016
   1.9522243084384650       -1.3965364486765879E-016
   2.0073259222536977       -1.0039170823410979E-015
   2.0624275360689297        1.1338233409337403E-015
   2.1175291498841622       -9.7438145778120111E-016
   2.1726307636993942       -1.1693220242525715E-015
   2.2277323775146267       -8.4882430026252046E-016
   2.2828339913298588        1.1867198208430901E-015
   2.3379356051450912       -3.5597162845130938E-015
   2.3930372189603233        2.8368993301388353E-015
   2.4481388327755558        2.8119444175049529E-016
   2.5032404465907883       -3.7666889671902284E-016
   2.5583420604060203        4.5662885262611746E-016
   2.6134436742212528        5.5974263983741224E-016
   2.6685452880364848        1.1588812216886299E-015
   2.7236469018517173        3.7935465697375855E-015
   2.7787485156669494        1.0659893544201684E-015
   2.8338501294821818        1.9260557465533152E-015
   2.8889517432974143        2.1348206290203662E-015
   2.9440533571126464       -1.9718632182503293E-015
   2.9991549709278789       -1.2695625858439315E-015
   3.0542565847431109       -1.2800377705654389E-015
   3.1093581985583434       -1.4681492149273344E-015
   3.1644598123735754       -1.2102346733683602E-015
   3.2195614261888079       -1.8681572399841045E-015
   3.2746630400040404       -4.4904986914955045E-016
   3.3297646538192724        1.3848273976615146E-016
   3.3848662676345049       -1.1832758149089058E-015
   3.4399678814497370       -2.6265688920753587E-015
   3.4950694952649695       -1.2010475847881736E-015
   3.5501711090802015        2.5033861213022202E-015
   3.6052727228954340       -3.6370359701381883E-015
   3.6603743367106660       -4.5114415458997333E-015
   3.7154759505258985       -2.4556945596762596E-015
   3.7705775643411310       -3.5175333435219255E-015
   3.8256791781563635       -3.9453646473429301E-015
   3.8807807919715951       -9.9379712034546071E-015
   3.9358824057868271       -4.6440514619708545E-015
   3.9909840196020601       -4.3479891751250605E-015
   4.0460856334172925       -4.3593049265950881E-015
   4.1011872472325246       -4.0789007465751938E-016
   4.1562888610477566       -4.6699727551568736E-015
   4.2113904748629896       -5.3739441787200170E-017
   4.2664920886782216       -9.9426028969166770E-015
   4.3215937024934536       -4.2439060743151298E-015
   4.3766953163086857       -5.0441244867358470E-015
   4.4317969301239186       -5.1915699553258367E-015
   4.4868985439391507       -2.1727042806408702E-015
   4.5420001577543827       -9.2159816428877894E-015
   4.5971017715696147       -4.2555660345333507E-015
   4.6522033853848477       -2.1052456216546839E-014
   4.7073049992000797       -9.2656291462691368E-015
   4.7624066130153118       -3.7658821179083919E-016
   4.8175082268305447       -1.4789608483048998E-014
   4.8726098406457767       -7.6121461206127907E-015
   4.9277114544610088       -9.6223673083781090E-015
   4.9828130682762408       -7.5231960808171096E-015
   5.0379146820914738       -1.7892456450091029E-014
   5.0930162959067058       -1.2885055251616918E-014
   5.1481179097219378       -2.2524603203417399E-014
   5.2032195235371708       -1.9692271952241721E-014
   5.2583211373524028       -1.7112946244826777E-014
   5.3134227511676348       -2.1044469784494662E-014
   5.3685243649828669        8.0818780717510265E-015
   5.4236259787980998       -7.9212288398390982E-015
   5.4787275926133319       -1.0783801116916576E-014
   5.5338292064285639       -1.6942332442949360E-014
   5.5889308202437968       -8.2376663344333276E-015
   5.6440324340590289       -1.7282756249689767E-014
   5.6991340478742609       -1.4324480620661328E-014
   5.7542356616894930        2.1742237099475330E-015
   5.8093372755047259       -2.0878332203548731E-014
   5.8644388893199579       -4.7792508549846792E-014
   5.9195405031351900       -3.0768115017450086E-014
   5.9746421169504229       -4.8863808677370741E-014
   6.0297437307656550       -5.9518380139100984E-015
   6.0848453445808870       -2.1707268357479368E-014
   6.1399469583961190        7.6102597500943911E-016
   6.1950485722113520       -4.1987194698846051E-014
   6.2501501860265840       -3.5163419403721248E-014
   6.3052517998418161       -1.2734358911386621E-014
   6.3603534136570490       -4.2782687819378315E-014
   6.4154550274722810       -1.1212594901194135E-014
   6.4705566412875131       -2.9884320277406919E-014
   6.5256582551027451       -8.8781581471898828E-015
   6.5807598689179780       -4.3933117201851446E-014
   6.6358614827332101       -5.8114799488452744E-014
   6.6909630965484421       -5.7263080056280064E-014
   6.7460647103636742       -4.3190867959460020E-014
   6.8011663241789071       -7.1409913340332863E-014
   6.8562679379941391       -1.6212015378582156E-014
   6.9113695518093712       -5.9201327422238693E-014
   6.9664711656246041       -6.1948475512244109E-014
   7.0215727794398362       -4.0978021642096712E-014
   7.0766743932550682       -3.1677505774956725E-014
   7.1317760070703002       -3.8289369018970830E-014
   7.1868776208855332       -3.2808060888707254E-014
   7.2419792347007652        1.7579179943462817E-014
   7.2970808485159973       -4.4887724578158308E-014
   7.3521824623312302       -3.3851958398287146E-014
   7.4072840761464622       -4.6459688500092234E-014
   7.4623856899616943       -2.2350125082428288E-014
   7.5174873037769263       -2.3515463759278003E-014
   7.5725889175921592        4.1031190794771103E-015
   7.6276905314073922       -7.7570998886587501E-015
   7.6827921452226233       -2.9107314945595797E-014
   7.7378937590378563       -6.4339427842674600E-014
   7.7929953728530883       -5.2506808427948580E-014
   7.8480969866683195       -4.6854265820125368E-014
   7.9031986004835524       -1.1095577781421764E-013
   7.9583002142987853       -7.2645230895632357E-014
   8.0134018281140182       -7.9129905082222490E-014
   8.0685034419292503       -7.5001798852499022E-014
   8.1236050557444823       -1.1413857955038983E-013
   8.1787066695597144       -6.2815076569840220E-014
   8.2338082833749482       -6.5590585261758970E-014
   8.2889098971901802       -6.8046514322270248E-014
   8.3440115110054123       -4.4014305424212288E-014
   8.3991131248206443        1.7780876677170054E-014
   8.4542147386358764        3.9586093576187099E-014
   8.5093163524511084       -6.5038599728773433E-014
   8.5644179662663404       -4.4226123686084151E-014
   8.6195195800815743       -3.1421433877212930E-014
   8.6746211938968063       -8.0020375817420596E-014
   8.7297228077120383       -5.0848039788598939E-014
   8.7848244215272704       -8.3072590198972134E-014
   8.8399260353425024       -4.9287692509516483E-014
   8.8950276491577345       -7.7129526143779094E-014
   8.9501292629729665       -4.2777144394760075E-014
   9.0052308767881986       -1.1747473238733599E-013
   9.0603324906034324       -1.0532896661381672E-013
   9.1154341044186644       -2.8885214795820868E-014
   9.1705357182338965       -2.2106128343990964E-014
   9.2256373320491285       -5.8344134024847207E-014
   9.2807389458643605       -4.4862838622524230E-014
   9.3358405596795926       -3.1859988153330659E-014
   9.3909421734948246       -2.4794976674153765E-014
   9.4460437873100584       -5.5929860101494940E-014
   9.5011454011252905        2.7057843944246647E-014
   9.5562470149405225       -5.8499339020231874E-014
   9.6113486287557546       -9.4546880547519834E-014
   9.6664502425709866       -9.5709825778806579E-014
   9.7215518563862187       -1.0454662333138728E-013
   9.7766534702014507       -2.1730647403736120E-014
   9.8317550840166845       -1.2080035461249498E-013
   9.8868566978319166       -6.4784669237872803E-014
   9.9419583116471486       -7.6152332873130945E-014
   9.9970599254623806       -6.2788204748625425E-014
   10.052161539277613       -4.4608417908376652E-014
   10.107263153092845       -1.1931362060176166E-013
   10.162364766908077       -6.4938714824466328E-014
   10.217466380723311       -9.1049218896297705E-014
   10.272567994538543        2.9200970526602419E-014
   10.327669608353775       -4.2533397331314250E-014
   10.382771222169007       -2.8668065778216509E-014
   10.437872835984239       -6.3494351142390941E-014
   10.492974449799471       -3.6809054856088865E-014
   10.548076063614703       -8.0341145217437660E-014
   10.603177677429937       -3.4678057091160148E-014
   10.658279291245169       -2.8703817691713948E-014
   10.713380905060401       -7.9924385407445851E-014
   10.768482518875633       -6.9978191794830991E-014
   10.823584132690865       -6.3555176242208615E-014
   10.878685746506097       -7.6319030622828891E-014
   10.933787360321329       -6.3634553885816489E-014
   10.988888974136563       -2.1686234178038907E-014
   11.043990587951795        1.6252663680436717E-014
   11.099092201767027       -1.1498069508376766E-014
   11.154193815582259       -5.1412825127340718E-014
   11.209295429397491       -6.7867334642372710E-014
   11.264397043212723       -2.8065421719354435E-014
   11.319498657027955       -2.6096494456654517E-014
   11.374600270843189       -1.2260320914752565E-013
   11.429701884658421       -7.0211095074985757E-014
   11.484803498473653       -6.7185420467588510E-014
   11.539905112288885       -2.5449244526747410E-014
   11.595006726104117       -1.0016122246249974E-013
   11.650108339919349       -5.9625087341208016E-014
   11.705209953734581       -5.8976071772184990E-014
   11.760311567549815       -6.9413476263839765E-014
   11.815413181365047       -2.8229590213479189E-014
   11.870514795180279       -3.3895934316410354E-014
   11.925616408995511       -4.7738567697748448E-014
   11.980718022810743       -2.9960234822958580E-014
   12.035819636625975       -2.5009259033461747E-014
   12.090921250441207       -7.9560186882554617E-014
   12.146022864256441       -1.9995127708367142E-014
   12.201124478071673       -3.7022999373329855E-014
   12.256226091886905       -1.8836868969099719E-014
   12.311327705702137       -2.1335471745646507E-014
   12.366429319517369       -5.5538745946335087E-014
   12.421530933332601       -2.4626821352586240E-014
   12.476632547147833        1.5154866395775626E-014
   12.531734160963067        2.2009642162347527E-014
   12.586835774778299       -5.2736483607934306E-014
   12.641937388593531       -4.3463989479444351E-014
   12.697039002408763       -1.8748964737021885E-014
   12.752140616223995        1.4848203520187212E-014
   12.807242230039227       -5.1045196776090984E-014
   12.862343843854459       -4.5974893654145205E-014
   12.917445457669691        3.1420951310928149E-015
   12.972547071484925       -4.4719368887859255E-014
   13.027648685300157       -1.6938585577532642E-014
   13.082750299115389        5.1899203631526899E-014
   13.137851912930621       -1.2238435056099942E-013
   13.192953526745853        4.2306051029634900E-014
   13.248055140561085        3.8631580862217776E-014
   13.303156754376317        1.7492254439644872E-014
   13.358258368191551       -1.3811095580514538E-013
   13.413359982006783       -2.8698103268109014E-014
   13.468461595822015       -5.4653764583981615E-014
   13.523563209637247        1.7938086089374442E-014
   13.578664823452479       -8.8322656211794282E-014
   13.633766437267711       -8.6987877936190500E-014
   13.688868051082943       -1.4653971720891966E-014
   13.743969664898177        5.0409821806369962E-015
   13.799071278713409       -1.2908218896332859E-014
   13.854172892528641        1.9887031240221275E-014
   13.909274506343873        7.6519341163109561E-014
   13.964376120159105       -4.5589660434803201E-014
   14.019477733974337       -4.2283834360747564E-014
   14.074579347789570       -3.7614434164131801E-014
   14.129680961604803       -3.5543631811754187E-014
   14.184782575420035        9.2975797141499944E-015
   14.239884189235267       -6.3667094477577112E-014
   14.294985803050499       -3.0614762104092439E-016
   14.350087416865732        9.4456836365250574E-014
   14.405189030680964       -3.5265726725654003E-014
   14.460290644496196       -2.0491444942667384E-015
   14.515392258311429       -7.2767599456874623E-014
   14.570493872126661       -1.1276963430524916E-013
   14.625595485941894       -4.2305801423397630E-014
   14.680697099757126       -6.4677430520859906E-014
   14.735798713572358        9.7066511675805374E-015
   14.790900327387590        3.0900358080724040E-014
   14.846001941202822        5.8812208875164548E-015
   14.901103555018056        8.8768427871440533E-015
   14.956205168833288        1.3468389917462575E-014
   15.011306782648520       -2.0760570644958476E-014
   15.066408396463752       -4.5711081733488104E-014
   15.121510010278982       -6.5037410032535646E-014
   15.176611624094216       -5.0181417649506501E-015
   15.231713237909448       -1.3901251560349686E-013
   15.286814851724680       -6.7497882795309792E-014
   15.341916465539914       -7.5505523348487509E-015
   15.397018079355146       -2.5230615043110051E-015
   15.452119693170379       -7.9981900612201225E-014
   15.507221306985608        1.0222687978681567E-013
   15.562322920800840        3.2533143932708521E-014
   15.617424534616074       -2.7035729188097720E-014
   15.672526148431306       -3.6843826752057385E-014
   15.727627762246540       -8.1492574796290491E-014
   15.782729376061772       -1.8893557003592097E-013
   15.837830989877004       -1.6216913268711514E-014
   15.892932603692238       -1.2647475908774524E-013
   15.948034217507466        1.2831520183102942E-014
   16.003135831322698       -7.2958480969783082E-014
   16.058237445137930       -3.6932190033059365E-014
   16.113339058953166        2.5045406819754145E-014
   16.168440672768398       -1.1910434741653816E-014
   16.223542286583626        6.0448434706268170E-015
   16.278643900398862       -1.5880383137669141E-015
   16.333745514214094       -1.3338367813743488E-013
   16.388847128029326        1.6873959604196190E-014
   16.443948741844558        1.8001241699382599E-014
   16.499050355659790        2.5387732425403051E-015
   16.554151969475022        4.8897082219790078E-014
   16.609253583290254       -4.2321934347788492E-014
   16.664355197105486       -1.0663034824404830E-013
   16.719456810920718       -9.1519785001567326E-014
   16.774558424735950       -4.6595803640485361E-014
   16.829660038551182       -5.0174733412653792E-014
   16.884761652366414        1.7579357675549684E-014
   16.939863266181646        4.2879522114327768E-014
   16.994964879996878       -1.1154278014682975E-013
   17.050066493812114       -1.0022896644607420E-015
   17.105168107627346       -3.2215860657533249E-014
   17.160269721442578        2.0260260539057754E-014
   17.215371335257810       -6.8352975397027352E-014
   17.270472949073042       -1.6980990469219571E-013
   17.325574562888274       -2.4021636236789008E-014
   17.380676176703506        2.1266511895488644E-014
   17.435777790518738       -2.1653522829205686E-014
   17.490879404333970        3.5967800006718595E-015
   17.545981018149202       -6.6083217176837778E-014
   17.601082631964434        3.5772088379371614E-014
   17.656184245779666       -8.0609767585970886E-014
   17.711285859594899       -9.5327692658786509E-014
   17.766387473410131       -9.4689938104187684E-014
   17.821489087225363        6.9480037380128755E-014
   17.876590701040598        1.9229164526343337E-014
   17.931692314855830        1.4859895272833220E-014
   17.986793928671062       -2.8719429830789233E-014
   18.041895542486294        2.4299901015102158E-014
   18.096997156301526       -8.5846126605372009E-014
   18.152098770116758       -3.8451178581290560E-014
   18.207200383931990       -6.5914246610284316E-014
   18.262301997747223        1.0901812194345503E-013
   18.317403611562455       -4.2589112175690164E-015
   18.372505225377687        8.0763330486676106E-014
   18.427606839192919        6.7732419619262518E-014
   18.482708453008151       -2.1432851896155736E-014
   18.537810066823383        4.3569270640113952E-014
   18.592911680638615        2.2597418324018597E-014
   18.648013294453850        3.2278597175244537E-014
   18.703114908269082       -1.0403850738287994E-013
   18.758216522084314        6.0954529125141606E-014
   18.813318135899546       -4.2388157726925631E-014
   18.868419749714779       -2.1051099806396487E-013
   18.923521363530011        4.4229559964075257E-014
   18.978622977345243        5.6993827797886942E-014
   19.033724591160475        8.1996237678572704E-014
   19.088826204975707       -1.5527288471908457E-013
   19.143927818790939        1.6592132217400911E-014
   19.199029432606171        7.6976669562956553E-014
   19.254131046421403        1.4358835529516860E-013
   19.309232660236635        1.2764844049057992E-013
   19.364334274051867        1.4009639929331861E-013
   19.419435887867103        7.7626035861798385E-014
   19.474537501682335        1.1398059566039087E-013
   19.529639115497567       -4.8816558176824518E-014
   19.584740729312799       -4.1182498493207676E-014
   19.639842343128031       -4.2006019986541042E-014
   19.694943956943263        5.4388605731461064E-014
   19.750045570758495        6.4813421681213135E-014
   19.805147184573727        1.1062038622152294E-013
   19.860248798388959       -1.7185291272373374E-014
   19.915350412204191        1.0151062439878671E-013
   19.970452026019423        1.3262070344698782E-013
   20.025553639834655        1.5340450052643276E-013
   20.080655253649887        1.9892556838700934E-013
   20.135756867465119        6.6380825003060339E-014
   20.190858481280355        1.3029649230909702E-013
   20.245960095095587        2.1129331698934410E-013
   20.301061708910819        1.5065691527643783E-013
   20.356163322726051        7.3497043883185040E-014
   20.411264936541283        6.4930305616031385E-014
   20.466366550356515        5.0104226087419198E-014
   20.521468164171747        1.4336975850885141E-013
   20.576569777986979        1.1487551314450127E-013
   20.631671391802211        4.2876664952908327E-014
   20.686773005617443        6.3128261411503355E-014
   20.741874619432675        1.3958931903111190E-014
   20.796976233247907        1.6916392011592917E-013
   20.852077847063139        7.6686594427955129E-014
   20.907179460878371        1.3506795732343689E-013
   20.962281074693607        1.9145072108218365E-013
   21.017382688508839        6.0499099278570591E-016
   21.072484302324071        1.2897380297311419E-013
   21.127585916139303        2.2261526163776683E-013
   21.182687529954535        1.1560420766624104E-013
   21.237789143769767        1.0423848364790906E-013
   21.292890757584999        9.7658204967366098E-014
   21.347992371400231       -4.4824507715266249E-014
   21.403093985215463       -6.9108794118297511E-015
   21.458195599030695        1.6937675851315344E-013
   21.513297212845927       -1.1929296922756987E-013
   21.568398826661159        9.3689023730925984E-014
   21.623500440476391        1.4259376142053264E-013
   21.678602054291623        1.3002712739741522E-013
   21.733703668106855        2.0821215656230139E-013
   21.788805281922091        3.4697467298797175E-014
   21.843906895737323        1.9040747594186188E-013
   21.899008509552555        1.6523007184725170E-013
   21.954110123367787       -1.7027786823734526E-014
   22.009211737183019        2.8465568004135009E-013
   22.064313350998251        1.7889608333554443E-013
   22.119414964813483        7.9309075052150560E-014
   22.174516578628715        2.7831341751257648E-013
   22.229618192443947        2.0202660974936472E-013
   22.284719806259179        1.2818468787275422E-013
   22.339821420074411        1.8595635494300343E-013
   22.394923033889643        2.4619724987741084E-013
   22.450024647704875        1.9150013445871411E-013
   22.505126261520108        2.5041859160297043E-013
   22.560227875335343        1.0259436981868739E-013
   22.615329489150575        1.7127095104670998E-013
   22.670431102965807        8.4096989566827088E-014
   22.725532716781039        2.0713882628024781E-013
   22.780634330596271        9.7758876878782773E-014
   22.835735944411503       -4.1072535722564467E-014
   22.890837558226735       -9.8640312675238837E-014
   22.945939172041967       -3.9631957590124590E-014
   23.001040785857199        8.5261997875912446E-014
   23.056142399672432        2.5068421000259043E-013
   23.111244013487664        1.8916570345543009E-013
   23.166345627302896        1.9572510574058236E-015
   23.221447241118128        1.0326724381223994E-013
   23.276548854933360        1.0661485478814934E-013
   23.331650468748595        2.0801987204070444E-013
   23.386752082563827        1.3502299703427577E-013
   23.441853696379059       -5.1486255013111773E-014
   23.496955310194291        4.4085827588885661E-014
   23.552056924009523        2.3909636774523328E-014
   23.607158537824755        9.1419604226731674E-014
   23.662260151639988        2.1416396588995328E-014
   23.717361765455220        2.7635045134405372E-014
   23.772463379270452       -9.0146572311007830E-014
   23.827564993085684       -8.8603628463619776E-014
   23.882666606900916        3.4825672033913053E-014
   23.937768220716148        1.2883718995138264E-013
   23.992869834531380        6.9079995800238465E-014
   24.047971448346612        2.7013526794768252E-014
   24.103073062161847        2.8266242506168551E-013
   24.158174675977079        2.4934635097756830E-013
   24.213276289792312        7.3219736542981165E-014
   24.268377903607544       -9.6917441438955408E-014
   24.323479517422776        2.5677332192018315E-013
   24.378581131238008        5.9403985577101520E-014
   24.433682745053240       -9.2188735257775494E-015
   24.488784358868472        2.2107164993608134E-013
   24.543885972683704       -1.8805811586898279E-013
   24.598987586498936        1.7550102400416226E-013
   24.654089200314168       -1.4271287638905183E-013
   24.709190814129400       -5.9844855361500234E-014
   24.764292427944632        3.5209420088918943E-014
   24.819394041759864       -2.9146036202457174E-013
   24.874495655575100        1.6682886811815196E-013
   24.929597269390332       -5.9345157184498424E-014
   24.984698883205564        2.0509164615128230E-013
   25.039800497020796        2.1029763581038828E-013
   25.094902110836028        2.0024915799787279E-013
   25.150003724651260        1.2323053312810593E-013
   25.205105338466492        1.9577649760908591E-013
   25.260206952281724       -6.7002962333927549E-014
   25.315308566096956       -4.4859279405844457E-013
   25.370410179912188       -2.0893358198681471E-014
   25.425511793727420        1.4947004679541282E-013
   25.480613407542652       -5.5570552932232328E-014
   25.535715021357884       -9.8852128147550814E-014
   25.590816635173116       -1.7396434099172543E-013
   25.645918248988348        4.4041036453731661E-014
   25.701019862803584       -7.8428944479512308E-014
   25.756121476618816        7.4755655951818043E-014
   25.811223090434048        1.0318368652783853E-013
   25.866324704249280        1.0401277984437940E-013
   25.921426318064512       -1.6185536091541553E-013
   25.976527931879744        2.1074610138063181E-014
   26.031629545694976        2.3252664467727174E-013
   26.086731159510208        1.1621899850313056E-013
   26.141832773325440        3.6864269265973644E-014
   26.196934387140672        1.2975429763067383E-013
   26.252036000955904        2.2461712355834290E-013
   26.307137614771136        8.5095878889315572E-014
   26.362239228586368        1.8103106289348664E-013
   26.417340842401600       -4.9258182878476655E-014
   26.472442456216836       -2.7426389343658339E-014
   26.527544070032068       -6.6512828805274104E-014
   26.582645683847300       -5.3695625631528094E-014
   26.637747297662532       -4.1593710868993203E-016
   26.692848911477764       -7.7176706104263672E-015
   26.747950525292996        1.3922932463700955E-013
   26.803052139108228        2.2197271382732288E-013
   26.858153752923460        1.1149707504085641E-013
   26.913255366738692        2.3878686812017219E-013
   26.968356980553924        9.2381521785832276E-014
   27.023458594369156       -5.9603256340244986E-014
   27.078560208184388        3.1698685348597839E-014
   27.133661821999620        1.2766045998356658E-013
   27.188763435814852        2.8264019827280943E-014
   27.243865049630088        5.7358713033938203E-014
   27.298966663445320        1.4686281643421188E-013
   27.354068277260552        2.3676346187775674E-014
   27.409169891075784       -3.1019104548482795E-014
   27.464271504891016       -1.3889018064209915E-013
   27.519373118706248       -1.9051823367673710E-013
   27.574474732521480       -2.1031531189582284E-013
   27.629576346336712       -1.3591469538144607E-013
   27.684677960151944        1.8272219588886329E-013
   27.739779573967176       -3.1977692325153192E-014
   27.794881187782408        1.5750278288985653E-013
   27.849982801597641        1.0358359947416682E-013
   27.905084415412873       -1.4072384650449532E-014
   27.960186029228105        3.4640180859491567E-013
   28.015287643043340        1.7930456161247290E-013
   28.070389256858572        3.9227321815851406E-014
   28.125490870673804        2.3617887914728025E-013
   28.180592484489036        2.4014929351053327E-013
   28.235694098304268        2.0624821941066860E-013
   28.290795712119500        4.0376055160453044E-015
   28.345897325934732        1.8715359236467151E-013
   28.400998939749964        8.9472454965506813E-014
   28.456100553565197       -7.8161021688624910E-014
   28.511202167380429        2.1190126906148975E-013
   28.566303781195661        5.3165335396695338E-014
   28.621405395010893       -7.8057902214827294E-014
   28.676507008826125       -8.0021980197964334E-014
   28.731608622641357        2.8038057987748133E-013
   28.786710236456589        4.5200021862842473E-014
   28.841811850271824        5.3203532019430261E-014
   28.896913464087056        5.1273325237198666E-014
   28.952015077902288        1.4845684698150847E-013
   29.007116691717520        2.4263096548840640E-013
   29.062218305532753        1.8160431591000450E-014
   29.117319919347985       -1.1420647082083455E-013
   29.172421533163217        5.4957620252228236E-015
   29.227523146978449       -1.9527844121296344E-013
   29.282624760793681       -8.8910201571319149E-014
   29.337726374608913        2.4518983526647702E-014
   29.392827988424145        1.7644119007226383E-014
   29.447929602239377       -1.3911543219870299E-013
   29.503031216054609       -2.9731151708129543E-013
   29.558132829869841        3.5815349006979586E-014
   29.613234443685077       -2.0133272651330799E-013
   29.668336057500309        1.6784377883952396E-013
   29.723437671315541        4.4780632133958912E-014
   29.778539285130773        3.6784685059162067E-014
   29.833640898946005       -1.1653583226569852E-013
   29.888742512761237        2.0389455980741362E-013
   29.943844126576469        2.7377471272309304E-013
   29.998945740391701        3.4411217567433565E-013
   30.054047354206933        3.7807127233171881E-013
   30.109148968022165        3.1083206988084393E-013
   30.164250581837397        3.8081586536300283E-013
   30.219352195652629        1.2117427960491012E-013
   30.274453809467861        5.0256141615029513E-015
   30.329555423283090        2.2143975287478753E-013
   30.384657037098325        4.4868205660755363E-014
   30.439758650913561       -4.2637743789805233E-014
   30.494860264728793        1.6269708749493452E-013
   30.549961878544028       -1.4347809029259562E-013
   30.605063492359257        5.6783987666841914E-014
   30.660165106174485        1.0044701077101763E-013
   30.715266719989724        4.9443549332073680E-014
   30.770368333804953        2.9936964771773979E-013
   30.825469947620189        1.5600719218376406E-013
   30.880571561435417       -1.8137193787310001E-014
   30.935673175250646        1.3300127137369938E-013
   30.990774789065885        2.4402497648672790E-013
   31.045876402881113        2.3187812425815990E-013
   31.100978016696342       -1.4998343796277658E-013
   31.156079630511577        1.7399789089874575E-013
   31.211181244326813        1.2084499997574166E-013
   31.266282858142045        6.3931282145285404E-014
   31.321384471957280        8.8394949920789613E-014
   31.376486085772509       -2.4357897411954426E-013
   31.431587699587737        1.4535595071285072E-013
   31.486689313402973        1.7109515794915654E-013
   31.541790927218205        1.1382417931280009E-013
   31.596892541033441       -1.5974655655666091E-013
   31.651994154848669        5.5103077492951722E-014
   31.707095768663898        2.6480401661428023E-013
   31.762197382479133        2.7326635137173876E-013
   31.817298996294365        3.1784234763681575E-013
   31.872400610109601       -5.4538628754653512E-014
   31.927502223924829        1.1891722145624514E-013
   31.982603837740065        1.6315689568393841E-013
   32.037705451555297        3.9830860594609216E-013
   32.092807065370529        2.5858735593471272E-013
   32.147908679185761        2.8063985073256720E-013
   32.203010293000993        3.4332275282870472E-013
   32.258111906816225        1.1129616515792663E-013
   32.313213520631457       -8.0164806361761011E-014
   32.368315134446696       -4.1748772397068350E-015
   32.423416748261928       -2.1743336656603928E-013
   32.478518362077160        2.5388282411723727E-013
   32.533619975892393        1.2845842578568329E-013
   32.588721589707625        8.6684678936324372E-014
   32.643823203522857        7.9752794024245864E-014
   32.698924817338089       -2.6720188580387266E-013
   32.754026431153321        1.9809851917551315E-013
   32.809128044968553        3.0694041898771329E-013
   32.864229658783785        1.3927618020731168E-013
   32.919331272599017       -1.1250629536407230E-013
   32.974432886414249        2.3659815651871235E-013
   33.029534500229481        6.9387337832165356E-014
   33.084636114044713        1.1658984955199827E-013
   33.139737727859945        3.3282014145448724E-013
   33.194839341675177        3.2465160496565418E-013
   33.249940955490409       -5.8420841238736872E-013
   33.305042569305641        2.9180224451909411E-013
   33.360144183120873       -2.4687666545311385E-013
   33.415245796936105        1.1255713937572267E-013
   33.470347410751337        8.6155794849926561E-014
   33.525449024566569       -2.5874654418573441E-013
   33.580550638381801       -3.1282663556171191E-014
   33.635652252197033       -5.7201245718036501E-014
   33.690753866012265       -2.2450066379086639E-013
   33.745855479827497        4.3899216658756698E-014
   33.800957093642729       -1.2652301380308414E-013
   33.856058707457962        2.5379232182238967E-013
   33.911160321273201        3.0085746427692770E-014
   33.966261935088433        3.6656211830853477E-013
   34.021363548903665       -5.6108878053103043E-014
   34.076465162718897       -2.8777034173302528E-013
   34.131566776534129        4.1148922022102298E-013
   34.186668390349361        1.9979599485982243E-013
   34.241770004164593        2.9319577141172265E-013
   34.296871617979825       -7.9627940812287729E-014
   34.351973231795057       -1.2178007742299688E-013
   34.407074845610289        1.8826975054001136E-013
   34.462176459425521        2.9879959493140846E-013
   34.517278073240753        5.8742448604964780E-014
   34.572379687055985       -2.6346869447466579E-013
   34.627481300871217        9.8214899984741947E-014
   34.682582914686449       -3.4114646831541652E-014
   34.737684528501681       -8.6978776644298956E-014
   34.792786142316913        6.3494587460367426E-014
   34.847887756132145       -7.5397768356589545E-013
   34.902989369947377       -9.4015615312811442E-015
   34.958090983762609       -2.8291650713185008E-013
   35.013192597577842        3.7107719288157124E-014
   35.068294211393074       -3.0259916362468950E-014
   35.123395825208306        1.7076262588885457E-014
   35.178497439023538       -5.2028515601354784E-015
   35.233599052838770       -1.6753022280658505E-013
   35.288700666654002       -2.8256096047380510E-013
   35.343802280469234       -7.0457591315959185E-014
   35.398903894284466       -9.8717481627065458E-014
   35.454005508099698        9.2853759843614341E-014
   35.509107121914937       -1.6877420058605102E-013
   35.564208735730169       -1.8289428719789898E-013
   35.619310349545401        3.0848403557730967E-013
   35.674411963360633        8.2809094062389736E-014
   35.729513577175865        3.5261441053972662E-013
   35.784615190991097       -9.2944043579743652E-014
   35.839716804806329        1.9465713087251005E-013
   35.894818418621561        3.3841010599634669E-013
   35.949920032436793       -1.7266577949286446E-013
   36.005021646252025        2.2352007035324342E-013
   36.060123260067257        1.2708175816853922E-014
   36.115224873882489        4.2067343209521428E-013
   36.170326487697722        3.1058756896034152E-013
   36.225428101512954        1.0758229352812395E-013
   36.280529715328186        1.0631909635106227E-013
   36.335631329143418       -1.8181282502211597E-013
   36.390732942958650        3.8931607245723196E-013
   36.445834556773882        2.8429870996904823E-013
   36.500936170589114       -4.4445397961478708E-013
   36.556037784404346        7.4928595975101293E-014
   36.611139398219578        2.7064821096621362E-013
   36.666241012034810       -1.1499574721638039E-013
   36.721342625850042       -2.5907271147312209E-013
   36.776444239665274        2.7282490070824431E-013
   36.831545853480506        1.4670187137003925E-013
   36.886647467295738        2.3745704738999358E-013
   36.941749081110970        3.9821381700975190E-013
   36.996850694926202        1.8509621560430938E-013
   37.051952308741441       -1.8314982477660714E-013
   37.107053922556673       -6.0579965978434859E-013
   37.162155536371905       -4.5965907942194371E-014
   37.217257150187137       -2.1910966788653456E-013
   37.272358764002369        3.1038194367112183E-013
   37.327460377817602       -8.3077548088548839E-014
   37.382561991632834       -9.1734390403952063E-014
   37.437663605448066       -4.0536300699417875E-014
   37.492765219263298       -8.8468651732009048E-014
   37.547866833078530       -1.0904140440099756E-013
   37.602968446893762       -2.0978323152741584E-013
   37.658070060708994       -2.1980522261694570E-014
   37.713171674524226       -7.8373520847995631E-014
   37.768273288339458       -2.2645308592318466E-014
   37.823374902154690        2.9019421939807638E-013
   37.878476515969922        1.6554406013499641E-013
   37.933578129785154        5.1385869192628036E-013
   37.988679743600386        2.2378423442396373E-013
   38.043781357415618        1.2095114722601388E-013
   38.098882971230850        4.3673836078111675E-013
   38.153984585046082        5.6064462854896030E-014
   38.209086198861314        1.3698193485790982E-015
   38.264187812676546       -4.2544440777100559E-013
   38.319289426491778        5.1930670896188887E-013
   38.374391040307010        2.5306479197036663E-013
   38.429492654122242        3.3415899192426733E-013
   38.484594267937474        1.5877702083704146E-013
   38.539695881752706        8.5384886867617044E-014
   38.594797495567946       -5.3549268616102563E-013
   38.649899109383178       -3.2478272230784670E-013
   38.705000723198410        3.6908216570845768E-014
   38.760102337013642        2.1884716424710234E-013
   38.815203950828874        3.3372381844808539E-013
   38.870305564644106        1.3660554581438433E-013
   38.925407178459338       -5.3794765782099355E-014
   38.980508792274570       -1.4378031666554027E-013
   39.035610406089802       -7.7974097623158156E-014
   39.090712019905034       -4.3734386368628973E-013
   39.145813633720266       -4.0035696080417217E-014
   39.200915247535498        9.7634911546300858E-014
   39.256016861350730       -7.1831420977099586E-013
   39.311118475165962        7.7443702482532091E-014
   39.366220088981194        3.0286516598225608E-013
   39.421321702796426       -2.2693654076897392E-013
   39.476423316611658        7.4619793712278700E-014
   39.531524930426890        1.2495793195613734E-013
   39.586626544242122       -1.3333103150052896E-013
   39.641728158057354        8.6993026871985982E-015
   39.696829771872586        2.7641286466734944E-013
   39.751931385687818        1.7724811712641973E-013
   39.807032999503051        3.3619373292491087E-013
   39.862134613318283        4.7987777770574171E-013
   39.917236227133515        2.7055948614747666E-013
   39.972337840948747       -1.2073248979489253E-013
   40.027439454763979        3.9756879230332397E-013
   40.082541068579211       -4.3033300216152350E-014
   40.137642682394443        1.2353878761915889E-013
   40.192744296209682       -1.2409167812623006E-013
   40.247845910024914       -1.2232091277106937E-013
   40.302947523840146        4.1154674202197607E-013
   40.358049137655378       -3.2837587830996979E-013
   40.413150751470610       -1.5117531094508507E-013
   40.468252365285842        2.6955329307851532E-013
   40.523353979101074       -1.8538685084234704E-013
   40.578455592916306        3.5104194417141560E-013
   40.633557206731538       -1.3928578474036535E-013
   40.688658820546770        9.5050961674705519E-014
   40.743760434362002       -4.3283694025824774E-013
   40.798862048177234        3.1125076853441021E-014
   40.853963661992466        2.0578007908889887E-013
   40.909065275807698       -2.3400722520065031E-013
   40.964166889622931        4.4393674628819398E-013
   41.019268503438163        4.5611201222691752E-013
   41.074370117253395        1.9244278459876304E-013
   41.129471731068627       -9.8680423883693354E-014
   41.184573344883859       -2.6207549284696808E-013
   41.239674958699091        3.5468649505174613E-013
   41.294776572514323       -2.5483378266470341E-013
   41.349878186329555       -5.7501943738761695E-015
   41.404979800144787       -1.6848113228763957E-013
   41.460081413960019       -3.4517601444244153E-013
   41.515183027775251       -2.5097309637434576E-013
   41.570284641590483       -9.4510341867819231E-014
   41.625386255405715       -5.2654079513230842E-013
   41.680487869220947        6.2491271550227514E-014
   41.735589483036186        1.6481723536039291E-013
   41.790691096851418       -1.4561795800318318E-013
   41.845792710666650       -2.5843082556955234E-013
   41.900894324481882        3.0891749513023954E-013
   41.955995938297114        3.3682262513316257E-013
   42.011097552112346        2.1597768892072732E-014
   42.066199165927578        3.6483149662003024E-013
   42.121300779742811        4.6423918216915506E-013
   42.176402393558043        1.8372177538001085E-013
   42.231504007373275        5.5319887054090091E-013
   42.286605621188507       -4.8367955647411716E-014
   42.341707235003739       -1.4314542243204754E-013
   42.396808848818971        7.2986556419828519E-014
   42.451910462634203       -1.6813284802003298E-013
   42.507012076449435       -5.9111073543528471E-013
   42.562113690264667       -2.2899026821399986E-013
   42.617215304079899       -3.0985594846210305E-014
   42.672316917895131       -8.0225436219906310E-013
   42.727418531710363        7.4680803524159062E-014
   42.782520145525595       -8.2326714725119606E-014
   42.837621759340827       -5.6497685321037957E-014
   42.892723373156059       -4.6877202631922099E-013
   42.947824986971291       -1.4741643072572708E-013
   43.002926600786523        1.0127541253403517E-013
   43.058028214601755        1.6272569874865784E-013
   43.113129828416987        3.2266888982941022E-013
   43.168231442232219       -3.9644193920531390E-013
   43.223333056047451       -6.0027911073685593E-014
   43.278434669862683        1.6343641170593490E-014
   43.333536283677923       -1.8894472916955799E-013
   43.388637897493155        3.3267176933276732E-013
   43.443739511308387       -4.8213160811197084E-013
   43.498841125123619       -3.3982976409384566E-013
   43.553942738938851        1.6483427805072493E-014
   43.609044352754083       -1.1412357044063319E-014
   43.664145966569315       -1.7002718567186557E-013
   43.719247580384547       -1.5193503469433619E-013
   43.774349194199779       -7.4547780345361200E-014
   43.829450808015011        1.9466507092392991E-013
   43.884552421830243        4.2730026454022059E-013
   43.939654035645475        1.4600494425064878E-013
   43.994755649460707       -4.8515075354449917E-014
   44.049857263275939        1.2942926161180350E-013
   44.104958877091171       -4.5158403277199737E-013
   44.160060490906403        2.8153493025897143E-014
   44.215162104721635        8.6950819694855666E-014
   44.270263718536867        4.5095416036511327E-013
   44.325365332352099        1.2135186602307956E-013
   44.380466946167331        3.5191161862640964E-013
   44.435568559982563       -7.3201486170951211E-014
   44.490670173797795       -6.4840316716359860E-013
   44.545771787613027       -3.8830299764529143E-013
   44.600873401428260        3.1942609036137839E-013
   44.655975015243492        1.1611760990963113E-013
   44.711076629058724        2.7559865372725280E-013
   44.766178242873956        1.3198144600391865E-013
   44.821279856689188       -1.2105127732256648E-013
   44.876381470504427        1.3775579296244616E-013
   44.931483084319659       -1.9011392010062541E-015
   44.986584698134891        4.8102674917753813E-014
   45.041686311950123        4.8173232404838743E-014
   45.096787925765355        2.1752305855247961E-013
   45.151889539580587       -4.8055219415819522E-013
   45.206991153395819       -1.8754206169384260E-013
   45.262092767211051       -7.3444406098811584E-014
   45.317194381026283        7.6203570859735833E-015
   45.372295994841515       -2.1827623282265975E-013
   45.427397608656747       -7.1631481973466508E-013
   45.482499222471979        1.1238200225681809E-013
   45.537600836287211       -1.5605128912498577E-013
   45.592702450102443       -4.2875595696058209E-013
   45.647804063917675       -3.1188160798173144E-013
   45.702905677732907        5.1918410616367783E-013
   45.758007291548140        1.0217474410494656E-013
   45.813108905363372       -6.3956855457039184E-013
   45.868210519178604        2.7766226711731516E-013
   45.923312132993836       -2.2717209000464880E-013
   45.978413746809068        3.2066251832148047E-013
   46.033515360624300        1.0922077193985380E-013
   46.088616974439532        5.3563749612277495E-013
   46.143718588254764        1.1637981348302209E-014
   46.198820202069996        2.1615959555850354E-013
   46.253921815885228        4.0525958142817568E-013
   46.309023429700460        1.4952705611651758E-013
   46.364125043515692        2.1413016383646627E-013
   46.419226657330924       -1.2775734628407438E-013
   46.474328271146163       -4.8000127505069551E-013
   46.529429884961395       -3.7580428510284403E-014
   46.584531498776627        2.4342828933593618E-013
   46.639633112591859        2.2449528131349142E-013
   46.694734726407091        4.3497316620389640E-013
   46.749836340222323        9.9285014618713037E-014
   46.804937954037555       -1.8654670913521180E-013
   46.860039567852787       -2.0158181023689791E-013
   46.915141181668019        8.2284651647678677E-014
   46.970242795483252        1.0792843888320075E-013
   47.025344409298484       -4.4982387872222761E-015
   47.080446023113716        2.6390549383391845E-013
   47.135547636928948       -9.3352960265092124E-014
   47.190649250744180        3.2762702813446773E-013
   47.245750864559412       -7.5145674608803342E-013
   47.300852478374644        2.9831975027560931E-013
   47.355954092189876        8.7785696814084855E-014
   47.411055706005108       -1.6818173315031898E-013
   47.466157319820340       -5.0071977044967650E-013
   47.521258933635572        6.4159629656723837E-015
   47.576360547450804       -5.8444100962478583E-014
   47.631462161266036       -5.4139884064787230E-013
   47.686563775081268        1.5291825234797228E-013
   47.741665388896500        1.9749239581567577E-013
   47.796767002711732       -3.4673989735670910E-013
   47.851868616526964        7.0673002001657343E-013
   47.906970230342196        3.7601090276385513E-013
   47.962071844157428        2.2898778130250547E-013
   48.017173457972667        1.3162163697110505E-013
   48.072275071787899        6.6666537119942364E-013
   48.127376685603132        8.7097935262758881E-013
   48.182478299418364        1.1654007127330294E-013
   48.237579913233596        3.6094149528336655E-013
   48.292681527048828        5.2572447160310210E-014
   48.347783140864060        6.3398834787111707E-013
   48.402884754679292        6.8260895595345813E-013
   48.457986368494524        1.6550433897542766E-013
   48.513087982309756       -8.2249861363479344E-013
   48.568189596124988       -8.1407480121323087E-014
   48.623291209940220       -4.0272990865371950E-014
   48.678392823755452        1.0965349894011923E-014
   48.733494437570684        7.0564157678168190E-014
   48.788596051385916       -3.7786051659094664E-013
   48.843697665201148       -7.1655883503197685E-013
   48.898799279016380        2.8899928883855011E-013
   48.953900892831612       -1.4837075577269476E-013
   49.009002506646844        1.4408963343149801E-013
   49.064104120462076        7.4581427924345722E-013
   49.119205734277308        3.5678516873663771E-013
   49.174307348092540        7.3981728199477428E-013
   49.229408961907772        1.0033442613701161E-013
   49.284510575723004       -3.1854406882656227E-013
   49.339612189538236       -7.2417489008566562E-014
   49.394713803353469       -3.0309265030358991E-013
   49.449815417168701        2.0866133199814889E-013
   49.504917030983933       -6.5779688447365775E-013
   49.560018644799172        1.9867235565635478E-013
   49.615120258614404       -1.6113555419374264E-013
   49.670221872429636        4.9607589835972377E-013
   49.725323486244868       -2.9704016597267517E-013
   49.780425100060100        8.2615103242327649E-013
   49.835526713875332        3.8065723451441677E-013
   49.890628327690564        1.1452118402430525E-012
   49.945729941505796        1.1378158701924171E-012
   50.000831555321028        4.1388676953328240E-013
   50.055933169136260        8.0935243638790754E-013
   50.111034782951492        5.8420619587620831E-013
   50.166136396766724        3.6655097120549508E-013
   50.221238010581956        4.0897797197736383E-013
   50.276339624397188        2.2978660595487850E-014
   50.331441238212420        4.1933952738882126E-013
   50.386542852027652        1.8932002318788415E-013
   50.441644465842884        1.5267035191800272E-014
   50.496746079658116        2.7180573035436725E-013
   50.551847693473348        1.3468640306933464E-013
   50.606949307288581        2.4341219606038843E-013
   50.662050921103813        2.7980191307131359E-013
   50.717152534919045        5.4209085261689154E-013
   50.772254148734277        9.4243834309249908E-013
   50.827355762549509        7.6278162201245146E-013
   50.882457376364741        1.2013810931159381E-013
   50.937558990179973        5.4271179640942216E-013
   50.992660603995205       -5.8708863820397220E-013
   51.047762217810437        3.9837805687855549E-013
   51.102863831625669        1.1659957387304167E-012
   51.157965445440908        6.6821779123349634E-013
   51.213067059256140        1.0957210814956318E-012
   51.268168673071372       -4.4781306252872836E-013
   51.323270286886604        2.0467368615203127E-013
   51.378371900701836       -2.8141371546722679E-015
   51.433473514517068        2.1563028757240850E-013
   51.488575128332300        7.4281694685136044E-013
   51.543676742147532        4.8638702212850350E-013
   51.598778355962764        4.4667685295138857E-013
   51.653879969777996        6.7443917458233622E-013
   51.708981583593228       -1.4418944715670405E-013
   51.764083197408461        8.7533688566097899E-013
   51.819184811223693        9.3185966640595113E-013
   51.874286425038925        1.0245695035623798E-012
   51.929388038854157        1.0671638305436599E-012
   51.984489652669389        9.2446627917060897E-013
   52.039591266484621        8.2745082810054309E-013
   52.094692880299853        1.1205103942725635E-012
   52.149794494115085        9.9140935119928157E-013
   52.204896107930317        8.2578070630553432E-015
   52.259997721745549        5.8007603654863034E-013
   52.315099335560781        1.2243699184535566E-012
   52.370200949376013        9.9447150152116632E-013
   52.425302563191245        8.0449047534856586E-013
   52.480404177006477        7.9486776654902441E-013
   52.535505790821709        3.7360907488174819E-013
   52.590607404636941       -4.4762720071122445E-013
   52.645709018452173       -1.2672175028132969E-012
   52.700810632267412        4.8508700394221496E-013
   52.755912246082644       -4.0848586341654590E-013
   52.811013859897876       -2.5721077999108772E-013
   52.866115473713108        5.3582283501316182E-013
   52.921217087528341        3.6073227056141226E-013
   52.976318701343573        1.4426332474863871E-013
   53.031420315158805        1.2747941156701107E-013
   53.086521928974037        8.6021166804906428E-013
   53.141623542789269        8.4359251922818863E-013
   53.196725156604501        4.1541838084615495E-013
   53.251826770419733       -3.9985366026626681E-013
   53.306928384234965        1.0592908501464724E-014
   53.362029998050197        3.2057401235205045E-013
   53.417131611865429       -8.8759755858572124E-013
   53.472233225680661        2.5340034489274376E-013
   53.527334839495893       -1.0641984647994809E-013
   53.582436453311125        4.2667648459655535E-013
   53.637538067126357       -4.3318880042184728E-013
   53.692639680941589        1.2814506898982583E-013
   53.747741294756821        6.9043916720376130E-013
   53.802842908572053        4.2482794518406743E-013
   53.857944522387285        3.9538144966559856E-013
   53.913046136202517        8.0286606539247151E-013
   53.968147750017749        4.1548662140047010E-013
   54.023249363832981       -3.5169205026306587E-014
   54.078350977648213        1.6898123809278836E-013
   54.133452591463445        1.0795335814666395E-012
   54.188554205278678        4.7004391522906728E-013
   54.243655819093910        5.1264054769326614E-013
   54.298757432909149        2.6780383926294577E-013
   54.353859046724381        1.3623515902181300E-013
   54.408960660539613       -6.0397214230889378E-013
   54.464062274354845       -4.2456337593039279E-013
   54.519163888170077       -8.9150461113362993E-013
   54.574265501985309       -8.3006955494603293E-013
   54.629367115800541       -4.6297267926712168E-013
   54.684468729615773       -6.1761158374372067E-013
   54.739570343431005        2.9189917328431329E-013
   54.794671957246237        1.5226485591883432E-013
   54.849773571061469        2.9766338626166463E-013
   54.904875184876701       -6.3412073653277138E-014
   54.959976798691933        2.2470383094096038E-013
   55.015078412507165        5.7231643245802588E-013
   55.070180026322397        9.9312573851748889E-015
   55.125281640137629        8.1879938952797727E-015
   55.180383253952861        6.7790483985798197E-013
   55.235484867768093        5.8054409297213085E-013
   55.290586481583325        1.1997522575847480E-013
   55.345688095398557        6.0558008042475252E-014
   55.400789709213790        1.1615349596870513E-013
   55.455891323029022       -1.4887010184228254E-013
   55.510992936844254        3.3880197513255616E-013
   55.566094550659486        1.7809059592005910E-013
   55.621196164474718       -9.3914033998731692E-013
   55.676297778289950        4.5764128808215431E-014
   55.731399392105182       -8.4840805170316509E-013
   55.786501005920414       -8.0070446625454166E-013
   55.841602619735653       -3.6140082499866525E-013
   55.896704233550885        2.9364255067868049E-013
   55.951805847366117        4.0445033030028589E-013
   56.006907461181349        7.1160387225843046E-013
   56.062009074996581       -8.5941552219345926E-014
   56.117110688811813        2.9514154718235750E-013
   56.172212302627045        2.9785420971161545E-013
   56.227313916442277        2.8866258287346835E-013
   56.282415530257509       -7.2325417088351161E-013
   56.337517144072741        4.9513228970055109E-013
   56.392618757887973       -1.9908110994114359E-014
   56.447720371703205        1.4812113358968940E-013
   56.502821985518437        2.0821003574766003E-013
   56.557923599333670       -6.4768790566634001E-013
