  0.18897266635103194       -2.3702726560824553E-015
  0.24407428016626423       -1.6653180737360756E-015
  0.29917589398149652       -3.1217759355552638E-015
  0.35427750779672884       -3.6452084960753493E-015
  0.40937912161196111       -1.5991791909125117E-015
  0.46448073542719337        4.9103699198275134E-016
  0.51958234924242563       -9.4708788960724682E-016
  0.57468396305765801       -3.8416051740424059E-016
  0.62978557687289027        9.1594243024227142E-016
  0.68488719068812254       -5.1768636473298987E-015
  0.73998880450335480       -4.0792016291192772E-015
  0.79509041831858718        6.7794455234660836E-016
  0.85019203213381944       -1.6928643202297426E-015
  0.90529364594905171       -3.5966274135606364E-015
  0.96039525976428408       -4.3213468254617799E-015
   1.0154968735795165       -2.0619814076666924E-015
   1.0705984873947485        1.9656147377037004E-015
   1.1257001012099810        1.7185959682427781E-015
   1.1808017150252130       -2.8440434468870450E-015
   1.2359033288404455        1.8483769895008593E-015
   1.2910049426556776        5.4276811020768219E-015
   1.3461065564709100       -4.1696952815608076E-016
   1.4012081702861425        2.0170059903683211E-015
   1.4563097841013746       -3.9029051439193914E-016
   1.5114113979166071       -1.6921148668977644E-015
   1.5665130117318391        1.6139677000476317E-015
   1.6216146255470716       -1.0620845251504893E-015
   1.6767162393623036       -2.2027783071825610E-015
   1.7318178531775361       -2.7688035970479082E-015
   1.7869194669927686        2.8157584800135239E-015
   1.8420210808080006       -1.5783076818438338E-015
   1.8971226946232331       -2.6675621513114508E-015
   1.9522243084384650        5.7311257070759057E-016
   2.0073259222536977        2.6047174955394920E-016
   2.0624275360689297        3.7852021538229892E-015
   2.1175291498841622       -8.6967032821759928E-016
   2.1726307636993942       -5.8090275713726417E-015
   2.2277323775146267        4.2251688448349429E-015
   2.2828339913298588       -5.7145215920740833E-016
   2.3379356051450912       -5.0734350426009738E-015
   2.3930372189603233       -3.9643968402158395E-015
   2.4481388327755558       -3.9417846932986109E-016
   2.5032404465907883        2.9508813178709994E-015
   2.5583420604060203       -2.9438178994109794E-015
   2.6134436742212528       -2.5710253598358510E-015
   2.6685452880364848        1.1254284201010453E-015
   2.7236469018517173       -4.2531593867260119E-015
   2.7787485156669494       -2.3870746078276257E-016
   2.8338501294821818        6.0572078918901139E-015
   2.8889517432974143       -2.6682086676241585E-016
   2.9440533571126464        4.5219256185766734E-016
   2.9991549709278789        4.8215306867096864E-015
   3.0542565847431109        3.4270998489688930E-015
   3.1093581985583434        2.4757415259757306E-015
   3.1644598123735754       -4.1430972314791256E-015
   3.2195614261888079        2.5766519560391016E-015
   3.2746630400040404       -3.4978553011424040E-015
   3.3297646538192724       -3.2315151376623462E-015
   3.3848662676345049       -6.3011228563487494E-016
   3.4399678814497370        5.1453623283503033E-015
   3.4950694952649695       -3.4508473829301691E-015
   3.5501711090802015        2.4198061456299899E-015
   3.6052727228954340        7.5745236031981502E-015
   3.6603743367106660        2.0712598833740264E-015
   3.7154759505258985       -1.9525038713313686E-015
   3.7705775643411310        2.8079998834377236E-015
   3.8256791781563635       -6.2598317135380136E-016
   3.8807807919715951       -2.2342144658242895E-015
   3.9358824057868271       -1.0536200364697925E-016
   3.9909840196020601        2.6723408508423167E-015
   4.0460856334172925        7.9138814615766297E-015
   4.1011872472325246        4.3014976125828211E-015
   4.1562888610477566        1.4544019164708467E-015
   4.2113904748629896       -1.9019590182650030E-015
   4.2664920886782216       -3.5582111553134536E-015
   4.3215937024934536        2.9082634307275544E-015
   4.3766953163086857        7.6977048028454208E-015
   4.4317969301239186        5.9048762654618131E-015
   4.4868985439391507       -1.9539640838760570E-015
   4.5420001577543827        1.9868852754158941E-015
   4.5971017715696147       -1.2975700819006153E-015
   4.6522033853848477       -1.2727512208642237E-014
   4.7073049992000797       -2.0157157142171371E-015
   4.7624066130153118        6.0916531551631511E-015
   4.8175082268305447       -6.6517610692935794E-015
   4.8726098406457767        3.5312576222927072E-015
   4.9277114544610088        2.1467252908720007E-015
   4.9828130682762408        4.4931208810780460E-015
   5.0379146820914738       -8.4851465253016550E-015
   5.0930162959067058       -6.3951374213227506E-015
   5.1481179097219378       -5.9616762296308464E-015
   5.2032195235371708       -6.6015801960574691E-015
   5.2583211373524028       -4.0957764994361959E-015
   5.3134227511676348       -8.1828270929626951E-015
   5.3685243649828669        5.5759614396772704E-015
   5.4236259787980998       -2.2360055134371532E-015
   5.4787275926133319        2.4170864181573858E-016
   5.5338292064285639       -4.1383239867394902E-015
   5.5889308202437968       -4.7631590773347230E-015
   5.6440324340590289       -3.9189565478191592E-015
   5.6991340478742609       -1.5980083771746619E-015
   5.7542356616894930       -3.3788691587373230E-015
   5.8093372755047259       -6.0550100709403890E-015
   5.8644388893199579       -1.4526096170650838E-014
   5.9195405031351900       -2.7217569427442361E-015
   5.9746421169504229       -2.1371771971613195E-014
   6.0297437307656550        3.9497762556273021E-015
   6.0848453445808870       -6.6030325751576884E-015
   6.1399469583961190       -9.3660931155600721E-016
   6.1950485722113520       -1.5608934178511522E-014
   6.2501501860265840       -1.4918700802643790E-014
   6.3052517998418161       -8.5982241548634493E-015
   6.3603534136570490       -1.4840399969442864E-014
   6.4154550274722810       -2.6757341258917542E-015
   6.4705566412875131       -1.3042823812741615E-014
   6.5256582551027451       -6.3347481180541667E-015
   6.5807598689179780       -1.9334413149689975E-014
   6.6358614827332101       -2.3415418103348084E-014
   6.6909630965484421       -2.3597615458354261E-014
   6.7460647103636742       -1.4901198734563237E-014
   6.8011663241789071       -2.3935709617399598E-014
   6.8562679379941391       -4.8671724016532940E-015
   6.9113695518093712       -2.6826321294616101E-014
   6.9664711656246041       -2.5118626786724761E-014
   7.0215727794398362       -1.8758374896027413E-014
   7.0766743932550682       -1.1001049642652116E-014
   7.1317760070703002       -1.6444549614990956E-014
   7.1868776208855332       -1.9173433592158248E-014
   7.2419792347007652        1.2994223310719364E-014
   7.2970808485159973       -1.7304312044154365E-014
   7.3521824623312302       -1.7579258422036038E-014
   7.4072840761464622       -2.2459551084061878E-014
   7.4623856899616943       -6.7295003529362729E-015
   7.5174873037769263       -7.2090659446420640E-015
   7.5725889175921592        1.9265119186598001E-015
   7.6276905314073922       -2.3138204202938970E-015
   7.6827921452226233       -1.3992557253487769E-014
   7.7378937590378563       -3.3157938240667117E-014
   7.7929953728530883       -2.8701583966805256E-014
   7.8480969866683195       -2.3571124562259897E-014
   7.9031986004835524       -6.4979031736776707E-014
   7.9583002142987853       -4.1400952833273463E-014
   8.0134018281140182       -4.1759427237428508E-014
   8.0685034419292503       -4.2925536528386471E-014
   8.1236050557444823       -6.6113951524815274E-014
   8.1787066695597144       -3.6959457858605282E-014
   8.2338082833749482       -4.1262233446054338E-014
   8.2889098971901802       -4.1770940895911106E-014
   8.3440115110054123       -2.8586005383597437E-014
   8.3991131248206443        1.2283282181930735E-014
   8.4542147386358764        2.2900361714035271E-014
   8.5093163524511084       -4.6066498591255034E-014
   8.5644179662663404       -3.1079333557119893E-014
   8.6195195800815743       -2.3861124238972567E-014
   8.6746211938968063       -5.9749935943925025E-014
   8.7297228077120383       -3.6751880082697617E-014
   8.7848244215272704       -5.6484339249813188E-014
   8.8399260353425024       -3.4214027544715373E-014
   8.8950276491577345       -5.6846219005064573E-014
   8.9501292629729665       -3.2105797062787523E-014
   9.0052308767881986       -8.7077192656354191E-014
   9.0603324906034324       -7.8923758896883300E-014
   9.1154341044186644       -2.3183237194377517E-014
   9.1705357182338965       -1.7260057020825341E-014
   9.2256373320491285       -4.7414571028110624E-014
   9.2807389458643605       -3.6263872343630422E-014
   9.3358405596795926       -2.4934632313583197E-014
   9.3909421734948246       -2.0050405506001408E-014
   9.4460437873100584       -4.6746477164183140E-014
   9.5011454011252905        2.2099230041845040E-014
   9.5562470149405225        5.1209517545453344E-014
   9.6113486287557546        7.6642216286403469E-014
   9.6664502425709866        8.2502977972262927E-014
   9.7215518563862187        8.7462055508275302E-014
   9.7766534702014507        2.1507250945167952E-014
   9.8317550840166845        1.0369011391025170E-013
   9.8868566978319166        5.6849886515686174E-014
   9.9419583116471486        6.6770916278182182E-014
   9.9970599254623806        5.7290707762398162E-014
   10.052161539277613        4.3757542899271968E-014
   10.107263153092845        1.0837312215684884E-013
   10.162364766908077        5.9756501170786488E-014
   10.217466380723311        8.3410117647729088E-014
   10.272567994538543       -2.3850465168682218E-014
   10.327669608353775        4.2370315338640903E-014
   10.382771222169007        2.9575291121200363E-014
   10.437872835984239        6.0709104241708961E-014
   10.492974449799471        3.5601700788210983E-014
   10.548076063614703        7.9953393848470634E-014
   10.603177677429937        3.4905188415952031E-014
   10.658279291245169        2.9437835189637817E-014
   10.713380905060401        7.8702684401855998E-014
   10.768482518875633        6.9861880545920821E-014
   10.823584132690865        6.0838647406861342E-014
   10.878685746506097        7.4113896710196193E-014
   10.933787360321329        6.3391958581931024E-014
   10.988888974136563        2.5017678553398344E-014
   11.043990587951795       -1.3021428614060918E-014
   11.099092201767027        1.3282706994730504E-014
   11.154193815582259        5.1830883598971676E-014
   11.209295429397491        6.6673347867610483E-014
   11.264397043212723        3.4122624170720157E-014
   11.319498657027955        2.4776025831915203E-014
   11.374600270843189        1.1734107099880795E-013
   11.429701884658421        7.2031230195462065E-014
   11.484803498473653        6.7101020736166983E-014
   11.539905112288885        2.8817987246640486E-014
   11.595006726104117        9.7478981517777266E-014
   11.650108339919349        6.1164813537782344E-014
   11.705209953734581        5.9474025480832973E-014
   11.760311567549815        6.9362471340392910E-014
   11.815413181365047        2.9246787304227742E-014
   11.870514795180279        3.9583387930775369E-014
   11.925616408995511        4.6607091211903245E-014
   11.980718022810743        3.2084434588293813E-014
   12.035819636625975        2.4772274816902716E-014
   12.090921250441207        7.9451303102169494E-014
   12.146022864256441        2.1728231170800104E-014
   12.201124478071673        3.6154298239828109E-014
   12.256226091886905        2.0987063166003587E-014
   12.311327705702137        2.2619172054956150E-014
   12.366429319517369        5.6147859801843965E-014
   12.421530933332601        2.4980886936775464E-014
   12.476632547147833       -1.4716112997841369E-014
   12.531734160963067       -1.6424615717167115E-014
   12.586835774778299        4.6263303033434634E-014
   12.641937388593531        4.2238517156782880E-014
   12.697039002408763        2.3008845334272363E-014
   12.752140616223995       -1.6257653107690086E-014
   12.807242230039227        5.3935434998026254E-014
   12.862343843854459        4.3589488152983654E-014
   12.917445457669691       -8.9547250023025591E-015
   12.972547071484925        5.1300324707637980E-014
   13.027648685300157        1.7702574111764062E-014
   13.082750299115389       -5.5551475130688138E-014
   13.137851912930621        1.2128082035939704E-013
   13.192953526745853       -4.3356438838776409E-014
   13.248055140561085       -3.7825026898336397E-014
   13.303156754376317       -2.1608456250437156E-014
   13.358258368191551        1.3227719850425913E-013
   13.413359982006783        2.9695876152934400E-014
   13.468461595822015        5.1625118843228693E-014
   13.523563209637247       -2.0266925294920405E-014
   13.578664823452479        8.9276684478900684E-014
   13.633766437267711        8.1939307741810471E-014
   13.688868051082943        1.4044912306033699E-014
   13.743969664898177       -1.2156687260943347E-014
   13.799071278713409        6.3602802671165525E-015
   13.854172892528641       -2.5127231137331460E-014
   13.909274506343873       -8.6699421318006614E-014
   13.964376120159105        4.1110721419249030E-014
   14.019477733974337        3.9432044085622344E-014
   14.074579347789570        3.5968874072108215E-014
   14.129680961604803        3.4121256611382435E-014
   14.184782575420035       -1.0845127212157002E-014
   14.239884189235267        5.6102102573942797E-014
   14.294985803050499        1.7461247207026597E-015
   14.350087416865732       -9.5276333257870675E-014
   14.405189030680964        3.5167061888970032E-014
   14.460290644496196        6.8090628431143690E-017
   14.515392258311429        6.4452947172727683E-014
   14.570493872126661        1.0400897752213122E-013
   14.625595485941894        3.5425960427654360E-014
   14.680697099757126        6.5171487184808923E-014
   14.735798713572358       -1.4346038371429938E-014
   14.790900327387590       -3.6535954429114007E-014
   14.846001941202822       -1.8203104633015644E-014
   14.901103555018056       -1.9901524761756146E-014
   14.956205168833288       -2.4831481584056381E-014
   15.011306782648520        1.8243598681860950E-014
   15.066408396463752        3.7933233797055448E-014
   15.121510010278982        6.0602594868123757E-014
   15.176611624094216       -2.6945891243440377E-015
   15.231713237909448        1.3983569737830131E-013
   15.286814851724680        6.7834757105507869E-014
   15.341916465539914        6.4969740553663896E-016
   15.397018079355146       -1.1854288282256042E-015
   15.452119693170379        6.9477946545930863E-014
   15.507221306985608       -1.0756147933343365E-013
   15.562322920800840       -4.5252174719465912E-014
   15.617424534616074        1.4974953693221138E-014
   15.672526148431306        2.8805214248750136E-014
   15.727627762246540        7.5889756573340470E-014
   15.782729376061772        1.8345945307296317E-013
   15.837830989877004        9.5316988340821438E-015
   15.892932603692238        1.1774396573587071E-013
   15.948034217507466       -2.3883528901952150E-014
   16.003135831322698        5.7760263593044141E-014
   16.058237445137930        3.1504776904600176E-014
   16.113339058953166       -2.5568175764443681E-014
   16.168440672768398        8.6342886226966338E-015
   16.223542286583626       -7.3643127789890979E-015
   16.278643900398862       -7.8091310460106237E-015
   16.333745514214094        1.3393184498043663E-013
   16.388847128029326       -2.1843543441476263E-014
   16.443948741844558       -2.2251728555254204E-014
   16.499050355659790       -9.9027386769582438E-015
   16.554151969475022       -5.4579846020031768E-014
   16.609253583290254        3.5507007695234123E-014
   16.664355197105486        9.9749443340985944E-014
   16.719456810920718        8.8317361423330073E-014
   16.774558424735950        4.4567209872734500E-014
   16.829660038551182        4.9117862478329625E-014
   16.884761652366414       -2.1386327761468461E-014
   16.939863266181646       -4.3753813397812158E-014
   16.994964879996878        1.0593238604737234E-013
   17.050066493812114       -1.2058783283099025E-014
   17.105168107627346        2.7244075098695695E-014
   17.160269721442578       -2.3063088127718790E-014
   17.215371335257810        7.0756552083570229E-014
   17.270472949073042        1.6335547357368661E-013
   17.325574562888274        2.5177012090801227E-014
   17.380676176703506       -2.1905073214847320E-014
   17.435777790518738        1.4721085767402317E-014
   17.490879404333970       -4.1118638393836581E-015
   17.545981018149202        6.0442667015252883E-014
   17.601082631964434       -3.8555484243877656E-014
   17.656184245779666        8.1891309347814393E-014
   17.711285859594899        8.9552867018329861E-014
   17.766387473410131        9.4841158357742636E-014
   17.821489087225363       -6.8025267255983434E-014
   17.876590701040598       -1.5634653507639727E-014
   17.931692314855830       -2.0999697303093950E-014
   17.986793928671062        3.0270250624391420E-014
   18.041895542486294       -2.6907051698828466E-014
   18.096997156301526        7.9789946023051567E-014
   18.152098770116758        3.2707218121908396E-014
   18.207200383931990        6.1133853941134973E-014
   18.262301997747223       -1.0547314458903844E-013
   18.317403611562455        8.3306381418143512E-015
   18.372505225377687       -8.1473578313681292E-014
   18.427606839192919       -6.7959703580411357E-014
   18.482708453008151        1.6384876856517666E-014
   18.537810066823383       -5.1866992483184054E-014
   18.592911680638615       -2.6048579914981343E-014
   18.648013294453850       -3.1936786064430137E-014
   18.703114908269082        8.7540293913124133E-014
   18.758216522084314       -6.1029637270908165E-014
   18.813318135899546        4.1940114787425425E-014
   18.868419749714779        2.0599073280407008E-013
   18.923521363530011       -4.5923658731376648E-014
   18.978622977345243       -6.0521910330698923E-014
   19.033724591160475       -7.5457593160433746E-014
   19.088826204975707        1.4799917838027517E-013
   19.143927818790939       -1.4549536647619958E-014
   19.199029432606171       -7.2545270390892213E-014
   19.254131046421403       -1.4417175516386756E-013
   19.309232660236635       -1.2807748203405769E-013
   19.364334274051867       -1.3800183901816677E-013
   19.419435887867103       -7.7130976346467757E-014
   19.474537501682335       -1.1500655574967527E-013
   19.529639115497567        4.4857543073240161E-014
   19.584740729312799        4.2023913941973881E-014
   19.639842343128031        5.0806677246978584E-014
   19.694943956943263       -5.7121644193211304E-014
   19.750045570758495       -6.3863618626014680E-014
   19.805147184573727       -1.1307908125949975E-013
   19.860248798388959        1.4200284067466385E-014
   19.915350412204191       -1.0098519978681677E-013
   19.970452026019423       -1.3466988559161979E-013
   20.025553639834655       -1.4817554676661037E-013
   20.080655253649887       -1.9440649482179956E-013
   20.135756867465119       -6.0885265637154011E-014
   20.190858481280355       -1.3039511757980208E-013
   20.245960095095587       -2.0502763846826864E-013
   20.301061708910819       -1.4662636478521286E-013
   20.356163322726051       -7.3925282795485366E-014
   20.411264936541283       -6.7649310820958361E-014
   20.466366550356515       -5.0929806050071590E-014
   20.521468164171747       -1.3871842007909202E-013
   20.576569777986979       -1.1830067705094821E-013
   20.631671391802211       -3.9835678394430931E-014
   20.686773005617443       -6.1943632667587591E-014
   20.741874619432675       -1.3549506511108668E-014
   20.796976233247907       -1.6831417272781203E-013
   20.852077847063139       -8.1575689155191285E-014
   20.907179460878371       -1.3243239823691117E-013
   20.962281074693607       -1.8558109845122861E-013
   21.017382688508839       -3.4606913938407409E-015
   21.072484302324071       -1.2634726085259521E-013
   21.127585916139303       -2.1932876240911835E-013
   21.182687529954535       -1.1682496189008896E-013
   21.237789143769767       -1.0741924323902026E-013
   21.292890757584999       -1.0200886201441359E-013
   21.347992371400231        4.4998449049389337E-014
   21.403093985215463        7.3546958091754464E-015
   21.458195599030695       -1.6635910300670393E-013
   21.513297212845927        1.1922181751415906E-013
   21.568398826661159       -9.1424707017357497E-014
   21.623500440476391       -1.3865571674985624E-013
   21.678602054291623       -1.3026999475756448E-013
   21.733703668106855       -2.0808521639070231E-013
   21.788805281922091       -3.5449251735282759E-014
   21.843906895737323       -1.8647938904537907E-013
   21.899008509552555       -1.6539221902953980E-013
   21.954110123367787        2.0202285944083987E-014
   22.009211737183019       -2.8123352433440750E-013
   22.064313350998251       -1.7864174101540340E-013
   22.119414964813483       -7.9035414849795073E-014
   22.174516578628715       -2.7506002835587599E-013
   22.229618192443947       -2.0484265331182314E-013
   22.284719806259179       -1.2260520687427466E-013
   22.339821420074411       -1.8432921656379975E-013
   22.394923033889643       -2.4359200173098233E-013
   22.450024647704875       -1.8521632939961976E-013
   22.505126261520108       -2.4569782896448731E-013
   22.560227875335343       -9.9695561866658738E-014
   22.615329489150575       -1.6923086697612359E-013
   22.670431102965807       -8.3699541202569610E-014
   22.725532716781039       -2.0715310438858804E-013
   22.780634330596271       -9.9674990116270541E-014
   22.835735944411503        3.8682669330148100E-014
   22.890837558226735        9.6238302091133495E-014
   22.945939172041967        4.0048081083490711E-014
   23.001040785857199       -8.3244165383136623E-014
   23.056142399672432       -2.5201906291959331E-013
   23.111244013487664       -1.9079561488324075E-013
   23.166345627302896        4.5602743305069522E-017
   23.221447241118128       -1.0588397841015108E-013
   23.276548854933360       -1.1602466290447449E-013
   23.331650468748595       -2.0622340992577953E-013
   23.386752082563827       -1.3465148042721240E-013
   23.441853696379059        5.5667353767077977E-014
   23.496955310194291       -3.5078963024196975E-014
   23.552056924009523       -2.5436510919839145E-014
   23.607158537824755       -9.4416569244017027E-014
   23.662260151639988       -2.7579963873804862E-014
   23.717361765455220       -3.1883801160260257E-014
   23.772463379270452        9.2123153722759255E-014
   23.827564993085684        9.0814695829092799E-014
   23.882666606900916       -3.3883917895723460E-014
   23.937768220716148       -1.2485336373962409E-013
   23.992869834531380       -6.7881203527480782E-014
   24.047971448346612       -2.6402116726300787E-014
   24.103073062161847       -2.8064326614629794E-013
   24.158174675977079       -2.4452291627782768E-013
   24.213276289792312       -6.9737830288349614E-014
   24.268377903607544        9.8162358050409474E-014
   24.323479517422776       -2.5432063512790691E-013
   24.378581131238008       -5.9229562301133849E-014
   24.433682745053240        7.1717049794287180E-015
   24.488784358868472       -2.1997314917621118E-013
   24.543885972683704        1.8695948414017633E-013
   24.598987586498936       -1.7300177801862079E-013
   24.654089200314168        1.4634679161659868E-013
   24.709190814129400        5.7837943974266159E-014
   24.764292427944632       -3.2041036759165869E-014
   24.819394041759864        2.8446679810336504E-013
   24.874495655575100       -1.6198475052089702E-013
   24.929597269390332        6.0391878667492205E-014
   24.984698883205564       -2.0423265222508605E-013
   25.039800497020796       -2.1328319498140738E-013
   25.094902110836028       -1.9693661151474722E-013
   25.150003724651260       -1.1590941298922111E-013
   25.205105338466492       -1.9613117472452706E-013
   25.260206952281724        6.8215410297375638E-014
   25.315308566096956        4.4124264730832562E-013
   25.370410179912188        2.1486881384892356E-014
   25.425511793727420       -1.4985377594607568E-013
   25.480613407542652        6.0801895657860401E-014
   25.535715021357884        9.5604235953213466E-014
   25.590816635173116        1.7145444951270657E-013
   25.645918248988348       -4.2704050944674244E-014
   25.701019862803584        8.0336839783085278E-014
   25.756121476618816       -7.6774271655618681E-014
   25.811223090434048       -1.0731347193306420E-013
   25.866324704249280       -9.7193304158524917E-014
   25.921426318064512        1.6557943054523706E-013
   25.976527931879744       -2.1818478869850880E-014
   26.031629545694976       -2.2825700028400387E-013
   26.086731159510208       -1.1245357554474180E-013
   26.141832773325440       -4.1320741891136898E-014
   26.196934387140672       -1.3492195071827611E-013
   26.252036000955904       -2.2407105594521532E-013
   26.307137614771136       -8.4740115830666379E-014
   26.362239228586368       -1.8041242385611412E-013
   26.417340842401600        5.2797531134581888E-014
   26.472442456216836        2.6783541433082722E-014
   26.527544070032068        6.4992282943094548E-014
   26.582645683847300        5.2283430721969786E-014
   26.637747297662532        1.1605425971101059E-015
   26.692848911477764        9.7067478904030391E-015
   26.747950525292996       -1.3486430689162665E-013
   26.803052139108228       -2.2341121687892760E-013
   26.858153752923460       -1.0523829263247156E-013
   26.913255366738692       -2.3955056314815725E-013
   26.968356980553924       -9.8085231486497597E-014
   27.023458594369156        6.1289588386078557E-014
   27.078560208184388       -3.0009493530913530E-014
   27.133661821999620       -1.2656384690571425E-013
   27.188763435814852       -2.0155890321833374E-014
   27.243865049630088       -5.8027799886893690E-014
   27.298966663445320       -1.4725038175395678E-013
   27.354068277260552       -2.2094436978489499E-014
   27.409169891075784        3.5438533441172522E-014
   27.464271504891016        1.3108994200101782E-013
   27.519373118706248        1.9064468388810961E-013
   27.574474732521480        2.1747065368188481E-013
   27.629576346336712        1.3419531537861448E-013
   27.684677960151944       -1.7931147766889882E-013
   27.739779573967176        2.8409186499085256E-014
   27.794881187782408       -1.5441411394528461E-013
   27.849982801597641       -1.0680936290547633E-013
   27.905084415412873        1.6403276591548632E-014
   27.960186029228105       -3.4596022485603150E-013
   28.015287643043340       -1.7152048003231116E-013
   28.070389256858572       -4.1100210116282878E-014
   28.125490870673804       -2.3477245784790031E-013
   28.180592484489036       -2.4054670312034679E-013
   28.235694098304268       -2.1010725467381785E-013
   28.290795712119500        3.3246352554400530E-015
   28.345897325934732       -1.9014794037715104E-013
   28.400998939749964       -9.1896682590437494E-014
   28.456100553565197        8.1012577209256800E-014
   28.511202167380429       -2.1144116224716856E-013
   28.566303781195661       -4.5542349257245169E-014
   28.621405395010893        7.9572177104034813E-014
   28.676507008826125        8.1338389453488433E-014
   28.731608622641357       -2.8578231678453854E-013
   28.786710236456589       -4.2560959302736998E-014
   28.841811850271824       -4.2037435754518121E-014
   28.896913464087056       -5.3686553203841372E-014
   28.952015077902288       -1.4548668106049327E-013
   29.007116691717520       -2.4309522023756646E-013
   29.062218305532753       -1.8183767842252149E-014
   29.117319919347985        1.1543259962012261E-013
   29.172421533163217       -6.3171945329524306E-015
   29.227523146978449        1.8731570637878898E-013
   29.282624760793681        8.7270371057770070E-014
   29.337726374608913       -2.7175519508604651E-014
   29.392827988424145       -2.1851999123773983E-014
   29.447929602239377        1.3809724481321089E-013
   29.503031216054609        2.9158286749160494E-013
   29.558132829869841       -3.4816932810240664E-014
   29.613234443685077        2.0895507960421748E-013
   29.668336057500309       -1.6136773555840587E-013
   29.723437671315541       -4.3355648970285981E-014
   29.778539285130773       -2.9090210511178944E-014
   29.833640898946005        1.1380075977173914E-013
   29.888742512761237       -2.0348495074502252E-013
   29.943844126576469       -2.7647705881031011E-013
   29.998945740391701       -3.4113852744169970E-013
   30.054047354206933       -3.8134125587309512E-013
   30.109148968022165       -3.1016627562109107E-013
   30.164250581837397       -3.7910917337922791E-013
   30.219352195652629       -1.2181941120508214E-013
   30.274453809467861       -1.0042448996040861E-015
   30.329555423283090       -2.2194430804078175E-013
   30.384657037098325       -5.0812834936921509E-014
   30.439758650913561        3.5885926439262100E-014
   30.494860264728793       -1.6062887609188765E-013
   30.549961878544028        1.4330089781689709E-013
   30.605063492359257       -5.5722256130657056E-014
   30.660165106174485       -1.0259805258465224E-013
   30.715266719989724       -4.9801077969623738E-014
   30.770368333804953       -2.9986889508170397E-013
   30.825469947620189       -1.5516031507842039E-013
   30.880571561435417        2.5252302387571347E-014
   30.935673175250646       -1.2609685840768986E-013
   30.990774789065885       -2.4538290241722473E-013
   31.045876402881113       -2.3271075356374415E-013
   31.100978016696342        1.4901097445268340E-013
   31.156079630511577       -1.7764988789902575E-013
   31.211181244326813       -1.2480043922253994E-013
   31.266282858142045       -6.9175552419428566E-014
   31.321384471957280       -9.1439948572147861E-014
   31.376486085772509        2.4312413985595149E-013
   31.431587699587737       -1.4508063759318175E-013
   31.486689313402973       -1.6994759089787647E-013
   31.541790927218205       -1.1277787037490455E-013
   31.596892541033441        1.5732799849907965E-013
   31.651994154848669       -5.4613732594781588E-014
   31.707095768663898       -2.6639835996775116E-013
   31.762197382479133       -2.7552599724029657E-013
   31.817298996294365       -3.1765840803348705E-013
   31.872400610109601        5.2211310654384882E-014
   31.927502223924829       -1.1631133810836935E-013
   31.982603837740065       -1.6921959377816701E-013
   32.037705451555297       -3.9600279234518355E-013
   32.092807065370529       -2.4925951540845535E-013
   32.147908679185761       -2.8363288575056660E-013
   32.203010293000993       -3.4288536884935575E-013
   32.258111906816225       -1.1026038266128132E-013
   32.313213520631457        7.8131512184414232E-014
   32.368315134446696        2.3252336352366704E-015
   32.423416748261928        2.1660959562403825E-013
   32.478518362077160       -2.5102097155184923E-013
   32.533619975892393       -1.2299284641954288E-013
   32.588721589707625       -8.8595123072868606E-014
   32.643823203522857       -7.9754431638311464E-014
   32.698924817338089        2.6431220540133983E-013
   32.754026431153321       -1.9625885777019624E-013
   32.809128044968553       -3.0593575229889282E-013
   32.864229658783785       -1.3630647048265945E-013
   32.919331272599017        1.1407910509744081E-013
   32.974432886414249       -2.3925910993442903E-013
   33.029534500229481       -7.5198741432158303E-014
   33.084636114044713       -1.1290916667882395E-013
   33.139737727859945       -3.3215121446106277E-013
   33.194839341675177       -3.2439781488699557E-013
   33.249940955490409        5.8404879475447619E-013
   33.305042569305641       -2.9107796759238956E-013
   33.360144183120873        2.4890471430476423E-013
   33.415245796936105       -1.1760182275597140E-013
   33.470347410751337       -8.0632848505254502E-014
   33.525449024566569        2.5340794951306563E-013
   33.580550638381801        2.6451307655377305E-014
   33.635652252197033        5.3338061607643922E-014
   33.690753866012265        2.1835236235950243E-013
   33.745855479827497       -3.8783415086769288E-014
   33.800957093642729        1.2885334004305285E-013
   33.856058707457962       -2.5170526734234038E-013
   33.911160321273201       -2.8743417376720597E-014
   33.966261935088433       -3.6666020174083254E-013
   34.021363548903665        6.6497960956302585E-014
   34.076465162718897        2.8330053579859936E-013
   34.131566776534129       -4.1343511887210245E-013
   34.186668390349361       -2.0098922076766258E-013
   34.241770004164593       -2.9293799864908125E-013
   34.296871617979825        7.9171243595662346E-014
   34.351973231795057        1.2326013949195101E-013
   34.407074845610289       -1.8695622476558781E-013
   34.462176459425521       -2.9964602680097416E-013
   34.517278073240753       -6.2134336024416682E-014
   34.572379687055985        2.6325547266169702E-013
   34.627481300871217       -9.6184317600881232E-014
   34.682582914686449        3.7753769932480663E-014
   34.737684528501681        8.4162200815915943E-014
   34.792786142316913       -6.3300492847109592E-014
   34.847887756132145        7.6028593810351829E-013
   34.902989369947377        9.5920198846623660E-015
   34.958090983762609        2.8885066539723569E-013
   35.013192597577842       -3.5410551354297179E-014
   35.068294211393074        3.1431293621576891E-014
   35.123395825208306       -1.4185328651640142E-014
   35.178497439023538        3.7230495684254452E-015
   35.233599052838770        1.6554209695963765E-013
   35.288700666654002        2.7873570562862406E-013
   35.343802280469234        6.9519590456040629E-014
   35.398903894284466        1.0639361758920776E-013
   35.454005508099698       -9.2400870931822807E-014
   35.509107121914937        1.6164654957182622E-013
   35.564208735730169        1.7962249639945950E-013
   35.619310349545401       -3.0878297604024008E-013
   35.674411963360633       -8.4741092413527519E-014
   35.729513577175865       -3.5359613653167187E-013
   35.784615190991097        9.7201940652833526E-014
   35.839716804806329       -1.9066349796142102E-013
   35.894818418621561       -3.3498078334413631E-013
   35.949920032436793        1.6958158382142631E-013
   36.005021646252025       -2.1717521444985517E-013
   36.060123260067257       -1.3094945710448843E-014
   36.115224873882489       -4.2577990842446065E-013
   36.170326487697722       -3.0972609479636459E-013
   36.225428101512954       -1.0640851686025851E-013
   36.280529715328186       -1.0804533510936965E-013
   36.335631329143418        1.8266248239715882E-013
   36.390732942958650       -3.9173745459095463E-013
   36.445834556773882       -2.8524387232900434E-013
   36.500936170589114        4.4179366072723030E-013
   36.556037784404346       -7.4938999559616251E-014
   36.611139398219578       -2.7262996441899202E-013
   36.666241012034810        1.0804800357724291E-013
   36.721342625850042        2.6585406007573219E-013
   36.776444239665274       -2.6868115109487475E-013
   36.831545853480506       -1.4988552488952350E-013
   36.886647467295738       -2.3586330558228663E-013
   36.941749081110970       -3.9650484407527842E-013
   36.996850694926202       -1.8640319923898644E-013
   37.051952308741441        1.7946864109360132E-013
   37.107053922556673        6.0460745948314956E-013
   37.162155536371905        4.5700063710022959E-014
   37.217257150187137        2.2218337778024269E-013
   37.272358764002369       -3.1339792754056506E-013
   37.327460377817602        8.5250315573573068E-014
   37.382561991632834        8.9423619553512027E-014
   37.437663605448066        4.0083125382910001E-014
   37.492765219263298        8.3623494016133206E-014
   37.547866833078530        1.1321386064009497E-013
   37.602968446893762        2.0903425613459117E-013
   37.658070060708994        2.4802744029287840E-014
   37.713171674524226        8.3642963800106162E-014
   37.768273288339458        2.2662748160385140E-014
   37.823374902154690       -2.8833914483616743E-013
   37.878476515969922       -1.6012007459403349E-013
   37.933578129785154       -5.1395640129981458E-013
   37.988679743600386       -2.2418105072361616E-013
   38.043781357415618       -1.2133917818441561E-013
   38.098882971230850       -4.3483739060138592E-013
   38.153984585046082       -6.4681165458491872E-014
   38.209086198861314        2.0536589040809882E-015
   38.264187812676546        4.2150291935439083E-013
   38.319289426491778       -5.1720027721358219E-013
   38.374391040307010       -2.4828594494246676E-013
   38.429492654122242       -3.3783819736742078E-013
   38.484594267937474       -1.5556072854918617E-013
   38.539695881752706       -8.3479441255697279E-014
   38.594797495567946        5.4311427316992110E-013
   38.649899109383178        3.2002416239041418E-013
   38.705000723198410       -3.8441486115549198E-014
   38.760102337013642       -2.2050550301296208E-013
   38.815203950828874       -3.3199208729853379E-013
   38.870305564644106       -1.3606857602721411E-013
   38.925407178459338        5.2539206526796176E-014
   38.980508792274570        1.4620178830578784E-013
   39.035610406089802        7.6736832815679840E-014
   39.090712019905034        4.3901809701749180E-013
   39.145813633720266        3.9833750594817032E-014
   39.200915247535498       -1.0046406046750669E-013
   39.256016861350730        7.1020909393804994E-013
   39.311118475165962       -7.9049945650665493E-014
   39.366220088981194       -3.0325149545220699E-013
   39.421321702796426        2.2330188673514654E-013
   39.476423316611658       -7.2458066341226173E-014
   39.531524930426890       -1.2891948560798243E-013
   39.586626544242122        1.3159585584860470E-013
   39.641728158057354       -1.5570572781326237E-014
   39.696829771872586       -2.7975000845471406E-013
   39.751931385687818       -1.7310114841031181E-013
   39.807032999503051       -3.3017951139188891E-013
   39.862134613318283       -4.8155941412970392E-013
   39.917236227133515       -2.7324008828623154E-013
   39.972337840948747        1.1679645617166792E-013
   40.027439454763979       -3.9488107921233139E-013
   40.082541068579211        4.0879604213692158E-014
   40.137642682394443       -1.2217447238964768E-013
   40.192744296209682        1.2241547005487195E-013
   40.247845910024914        1.1907738588576727E-013
   40.302947523840146       -4.1562488539991605E-013
   40.358049137655378        3.2327250663972645E-013
   40.413150751470610        1.5390583054391382E-013
   40.468252365285842       -2.6919167184536159E-013
   40.523353979101074        1.8578959432863859E-013
   40.578455592916306       -3.4991104729379459E-013
   40.633557206731538        1.4276513874109245E-013
   40.688658820546770       -9.1625805792577287E-014
   40.743760434362002        4.3164776955320687E-013
   40.798862048177234       -3.0982203176963304E-014
   40.853963661992466       -2.0958520658354481E-013
   40.909065275807698        2.3119087756969443E-013
   40.964166889622931       -4.4335506399646996E-013
   41.019268503438163       -4.5554733517315143E-013
   41.074370117253395       -1.9217679939222368E-013
   41.129471731068627        1.0372942167039956E-013
   41.184573344883859        2.6320647528964143E-013
   41.239674958699091       -3.5546797662852056E-013
   41.294776572514323        2.5468731830075299E-013
   41.349878186329555        1.4065278682176563E-015
   41.404979800144787        1.7066529209923379E-013
   41.460081413960019        3.3511152965011814E-013
   41.515183027775251        2.5292261734598742E-013
   41.570284641590483        9.5140097164535862E-014
   41.625386255405715        5.1817959611914391E-013
   41.680487869220947       -6.2012858899816914E-014
   41.735589483036186       -1.6582818716776826E-013
   41.790691096851418        1.4119266716160224E-013
   41.845792710666650        2.5568446858304899E-013
   41.900894324481882       -3.0719814496919918E-013
   41.955995938297114       -3.3836764631537269E-013
   42.011097552112346       -1.5800674314368131E-014
   42.066199165927578       -3.7192772498495642E-013
   42.121300779742811       -4.6519088629794266E-013
   42.176402393558043       -1.9187447976987533E-013
   42.231504007373275       -5.5783905867553038E-013
   42.286605621188507        4.8043002288205036E-014
   42.341707235003739        1.4174764723439360E-013
   42.396808848818971       -7.1578014946384917E-014
   42.451910462634203        1.6731131953877162E-013
   42.507012076449435        5.8257698912285668E-013
   42.562113690264667        2.2853656280894846E-013
   42.617215304079899        3.5789182696268540E-014
   42.672316917895131        7.9624181726175767E-013
   42.727418531710363       -7.4814330972250810E-014
   42.782520145525595        8.4637839644687712E-014
   42.837621759340827        5.6108618430465319E-014
   42.892723373156059        4.7128775355140314E-013
   42.947824986971291        1.4086241294829155E-013
   43.002926600786523       -9.5464389215993640E-014
   43.058028214601755       -1.6524581713484709E-013
   43.113129828416987       -3.2082512529135394E-013
   43.168231442232219        3.9705731824584558E-013
   43.223333056047451        5.9407410289417436E-014
   43.278434669862683       -2.0405465238530725E-014
   43.333536283677923        1.8782393906198367E-013
   43.388637897493155       -3.3091846389236690E-013
   43.443739511308387        4.8083179400630079E-013
   43.498841125123619        3.4133878178514793E-013
   43.553942738938851       -1.4540833119187541E-014
   43.609044352754083        9.5567963987163830E-015
   43.664145966569315        1.7143593144350904E-013
   43.719247580384547        1.4504890063230480E-013
   43.774349194199779        7.8736840448582095E-014
   43.829450808015011       -1.8971952255026612E-013
   43.884552421830243       -4.2780412512437892E-013
   43.939654035645475       -1.4286619783339858E-013
   43.994755649460707        4.5130857513849677E-014
   44.049857263275939       -1.2831564024598736E-013
   44.104958877091171        4.4295985277237456E-013
   44.160060490906403       -3.1199026099110718E-014
   44.215162104721635       -8.3456339557510697E-014
   44.270263718536867       -4.4804042201472008E-013
   44.325365332352099       -1.2146991044505908E-013
   44.380466946167331       -3.5067888155224484E-013
   44.435568559982563        7.2953199696027040E-014
   44.490670173797795        6.5048403733260940E-013
   44.545771787613027        3.9536418227747846E-013
   44.600873401428260       -3.2090636548687812E-013
   44.655975015243492       -1.1283621431813909E-013
   44.711076629058724       -2.7405061207232418E-013
   44.766178242873956       -1.3520012940163013E-013
   44.821279856689188        1.1620037341360780E-013
   44.876381470504427       -1.4312670618121146E-013
   44.931483084319659        6.3652587958654110E-015
   44.986584698134891       -4.3061313827672053E-014
   45.041686311950123       -4.4906137097179531E-014
   45.096787925765355       -2.1749537429406295E-013
   45.151889539580587        4.7966623699472044E-013
   45.206991153395819        1.7844486116976965E-013
   45.262092767211051        7.6112940116793045E-014
   45.317194381026283       -8.3501853636232036E-015
   45.372295994841515        2.1705166917389210E-013
   45.427397608656747        7.1743125108487738E-013
   45.482499222471979       -1.1151032822635584E-013
   45.537600836287211        1.5291537950092789E-013
   45.592702450102443        4.3523670722409356E-013
   45.647804063917675        3.1810718318071052E-013
   45.702905677732907       -5.2358254546425885E-013
   45.758007291548140       -9.4909270211058828E-014
   45.813108905363372        6.3628307635117575E-013
   45.868210519178604       -2.8263675175133718E-013
   45.923312132993836        2.3273321941174848E-013
   45.978413746809068       -3.1475842704127209E-013
   46.033515360624300       -1.0908008265697525E-013
   46.088616974439532       -5.3467420868787553E-013
   46.143718588254764       -1.0082543064281160E-014
   46.198820202069996       -2.1340684509947418E-013
   46.253921815885228       -4.0716472110404854E-013
   46.309023429700460       -1.3981194553693923E-013
   46.364125043515692       -2.1482534611657857E-013
   46.419226657330924        1.2872125568730148E-013
   46.474328271146163        4.8103014075155601E-013
   46.529429884961395        3.9363508165703068E-014
   46.584531498776627       -2.4598332514175336E-013
   46.639633112591859       -2.2307919511909520E-013
   46.694734726407091       -4.3721020271117733E-013
   46.749836340222323       -1.0511548159724880E-013
   46.804937954037555        1.8571842976885402E-013
   46.860039567852787        2.0547411683834846E-013
   46.915141181668019       -7.4899782832050790E-014
   46.970242795483252       -1.0286471179624748E-013
   47.025344409298484        3.6468999016859064E-015
   47.080446023113716       -2.6289672022303454E-013
   47.135547636928948        9.0517549319285994E-014
   47.190649250744180       -3.2213352369088306E-013
   47.245750864559412        7.5398447361944519E-013
   47.300852478374644       -2.9300233829416553E-013
   47.355954092189876       -8.9710264365717348E-014
   47.411055706005108        1.6649298323844575E-013
   47.466157319820340        5.0558401409077338E-013
   47.521258933635572       -4.4420609271777950E-015
   47.576360547450804        6.1001911627357092E-014
   47.631462161266036        5.3896293871757526E-013
   47.686563775081268       -1.5098671625981570E-013
   47.741665388896500       -1.9428408250859593E-013
   47.796767002711732        3.5418398654540953E-013
   47.851868616526964       -7.0020515340224296E-013
   47.906970230342196       -3.7478364084288144E-013
   47.962071844157428       -2.2403502722101789E-013
   48.017173457972667       -1.3031839043064201E-013
   48.072275071787899       -6.6634067044849114E-013
   48.127376685603132       -8.7066314190793496E-013
   48.182478299418364       -1.1629831497967763E-013
   48.237579913233596       -3.5767792854636705E-013
   48.292681527048828       -4.8888535561588803E-014
   48.347783140864060       -6.2651672862540819E-013
   48.402884754679292       -6.8484324101656500E-013
   48.457986368494524       -1.5905993256710710E-013
   48.513087982309756        8.2088559708654865E-013
   48.568189596124988        8.6817906421736236E-014
   48.623291209940220        3.8237429507182145E-014
   48.678392823755452       -1.6428606985680964E-014
   48.733494437570684       -6.8065329576674067E-014
   48.788596051385916        3.8103339152016718E-013
   48.843697665201148        7.1704841990293039E-013
   48.898799279016380       -2.8708417636084076E-013
   48.953900892831612        1.4803465254858510E-013
   49.009002506646844       -1.4237189388985563E-013
   49.064104120462076       -7.4605235527571572E-013
   49.119205734277308       -3.5334389469243262E-013
   49.174307348092540       -7.3582333710283203E-013
   49.229408961907772       -9.8598308241125502E-014
   49.284510575723004        3.1872156509212077E-013
   49.339612189538236        7.1001541241711936E-014
   49.394713803353469        3.1412073371112647E-013
   49.449815417168701       -2.0413526552927042E-013
   49.504917030983933        6.5900090202808685E-013
   49.560018644799172       -2.0028556039072464E-013
   49.615120258614404        1.5949302030015476E-013
   49.670221872429636       -4.8702087166172208E-013
   49.725323486244868        2.9650078725017388E-013
   49.780425100060100       -8.3104051287672559E-013
   49.835526713875332       -3.8316007109889859E-013
   49.890628327690564       -1.1461866201855902E-012
   49.945729941505796       -1.1393676094521630E-012
   50.000831555321028       -4.1514726799983129E-013
   50.055933169136260       -8.0724816613976713E-013
   50.111034782951492       -5.8166817900397446E-013
   50.166136396766724       -3.6596619624530313E-013
   50.221238010581956       -4.1389785604417284E-013
   50.276339624397188       -2.9847132581023628E-014
   50.331441238212420       -4.1908467015904743E-013
   50.386542852027652       -1.7933578759664613E-013
   50.441644465842884       -1.3956781344338491E-014
   50.496746079658116       -2.7227046359816418E-013
   50.551847693473348       -1.3724201718357913E-013
   50.606949307288581       -2.3857187718649108E-013
   50.662050921103813       -2.8066573995763662E-013
   50.717152534919045       -5.4685849394818700E-013
   50.772254148734277       -9.3841968912779327E-013
   50.827355762549509       -7.6159605879045458E-013
   50.882457376364741       -1.1476153883700830E-013
   50.937558990179973       -5.4312613221387788E-013
   50.992660603995205        5.8815526614958456E-013
   51.047762217810437       -4.0044028767985839E-013
   51.102863831625669       -1.1646720214521421E-012
   51.157965445440908       -6.6802329111214687E-013
   51.213067059256140       -1.0976268023379258E-012
   51.268168673071372        4.5372233872042759E-013
   51.323270286886604       -2.0801292280595958E-013
   51.378371900701836        1.1829520285764761E-015
   51.433473514517068       -2.2023252355517319E-013
   51.488575128332300       -7.4482696095074032E-013
   51.543676742147532       -4.8631863468065627E-013
   51.598778355962764       -4.4992883847944770E-013
   51.653879969777996       -6.8204591259537595E-013
   51.708981583593228        1.4568313244992646E-013
   51.764083197408461       -8.7875082315355328E-013
   51.819184811223693       -9.2817718531727977E-013
   51.874286425038925       -1.0280106318240185E-012
   51.929388038854157       -1.0656677497601028E-012
   51.984489652669389       -9.2458176976515791E-013
   52.039591266484621       -8.2495137603798749E-013
   52.094692880299853       -1.1184541123106488E-012
   52.149794494115085       -9.9364176776005343E-013
   52.204896107930317       -6.4543398229770695E-015
   52.259997721745549       -5.7819016426272479E-013
   52.315099335560781       -1.2244109168584776E-012
   52.370200949376013       -9.9661798741186336E-013
   52.425302563191245       -8.0859345443909118E-013
   52.480404177006477       -7.9453818498231781E-013
   52.535505790821709       -3.7535238345413131E-013
   52.590607404636941        4.5333653806099257E-013
   52.645709018452173        1.2570456323017564E-012
   52.700810632267412       -4.8786883874619804E-013
   52.755912246082644        4.0565549302516051E-013
   52.811013859897876        2.5668218453446832E-013
   52.866115473713108       -5.3730565331379375E-013
   52.921217087528341       -3.6470136990289054E-013
   52.976318701343573       -1.4380766895578174E-013
   53.031420315158805       -1.2281304465207966E-013
   53.086521928974037       -8.5719454116189313E-013
   53.141623542789269       -8.4532744134788904E-013
   53.196725156604501       -4.1831762765793353E-013
   53.251826770419733        3.9729778783863158E-013
   53.306928384234965       -9.8839254153995412E-015
   53.362029998050197       -3.2467853211878072E-013
   53.417131611865429        8.9368810255896553E-013
   53.472233225680661       -2.5793322742553265E-013
   53.527334839495893        1.1025735766062417E-013
   53.582436453311125       -4.2311194410887220E-013
   53.637538067126357        4.3492006356011694E-013
   53.692639680941589       -1.3514069351512762E-013
   53.747741294756821       -6.9353112494697625E-013
   53.802842908572053       -4.3129133843130464E-013
   53.857944522387285       -4.0373543225316242E-013
   53.913046136202517       -8.0696168508928368E-013
   53.968147750017749       -4.1352299796049805E-013
   54.023249363832981        3.5588737041458077E-014
   54.078350977648213       -1.7355268523995659E-013
   54.133452591463445       -1.0785567735773850E-012
   54.188554205278678       -4.6933626142275988E-013
   54.243655819093910       -5.1646290906793905E-013
   54.298757432909149       -2.6598623915936425E-013
   54.353859046724381       -1.4197533153521371E-013
   54.408960660539613        6.0667998316728620E-013
   54.464062274354845        4.2854364662171905E-013
   54.519163888170077        8.8737722808004782E-013
   54.574265501985309        8.2803527184640832E-013
   54.629367115800541        4.6379463766607745E-013
   54.684468729615773        6.2200159858903757E-013
   54.739570343431005       -2.9307686557152140E-013
   54.794671957246237       -1.5206370327907734E-013
   54.849773571061469       -2.9934085199740470E-013
   54.904875184876701        5.9060291037488533E-014
   54.959976798691933       -2.3168826980162556E-013
   55.015078412507165       -5.7120600738843384E-013
   55.070180026322397       -5.2127371091054957E-015
   55.125281640137629       -3.2962165150508582E-015
   55.180383253952861       -6.7800373462120515E-013
   55.235484867768093       -5.8301103927273050E-013
   55.290586481583325       -1.2069555913779265E-013
   55.345688095398557       -6.5312253332267260E-014
   55.400789709213790       -1.1227904624971846E-013
   55.455891323029022        1.5093101355134131E-013
   55.510992936844254       -3.4404952140629642E-013
   55.566094550659486       -1.7930102736200300E-013
   55.621196164474718        9.3932676449573594E-013
   55.676297778289950       -4.4711338669131414E-014
   55.731399392105182        8.4059436246554402E-013
   55.786501005920414        8.0154092600299523E-013
   55.841602619735653        3.5562477819520043E-013
   55.896704233550885       -2.9250048283693484E-013
   55.951805847366117       -4.0684511034428739E-013
   56.006907461181349       -7.1706348070838256E-013
   56.062009074996581        8.0826953648129364E-014
   56.117110688811813       -2.9489409280529240E-013
   56.172212302627045       -2.9346087363812381E-013
   56.227313916442277       -2.9202250250652349E-013
   56.282415530257509        7.1974059403172140E-013
   56.337517144072741       -4.9135953670844922E-013
   56.392618757887973        1.9266894811731356E-014
   56.447720371703205       -1.5451295671583701E-013
   56.502821985518437       -2.0697713188536907E-013
   56.557923599333670        6.4282796330138517E-013
