  0.18897266635103194        2.5153096785896998     
  0.24407428016626423        2.5321783335544952     
  0.29917589398149652        2.5507478035436804     
  0.35427750779672884        2.5692444389262290     
  0.40937912161196111        2.5891682901442756     
  0.46448073542719337        2.6100052836559993     
  0.51958234924242563        2.6302808251380099     
  0.57468396305765801        2.6499919526656925     
  0.62978557687289027        2.6700563640011650     
  0.68488719068812254        2.6902632897012606     
  0.73998880450335480        2.7097259812613301     
  0.79509041831858718        2.7299133399109898     
  0.85019203213381944        2.7485203124804736     
  0.90529364594905171        2.7676421457052145     
  0.96039525976428408        2.7852846808392404     
   1.0154968735795165        2.8036168039995446     
   1.0705984873947485        2.8209070719450469     
   1.1257001012099810        2.8375104777512385     
   1.1808017150252130        2.8544268342341206     
   1.2359033288404455        2.8707912128890101     
   1.2910049426556776        2.8868724778597068     
   1.3461065564709100        2.9016117855958803     
   1.4012081702861425        2.9168323071037237     
   1.4563097841013746        2.9317441908966364     
   1.5114113979166071        2.9461620004401685     
   1.5665130117318391        2.9597246013980145     
   1.6216146255470716        2.9734109581625732     
   1.6767162393623036        2.9866109766711837     
   1.7318178531775361        2.9995865869210045     
   1.7869194669927686        3.0117839088054694     
   1.8420210808080006        3.0245989457230449     
   1.8971226946232331        3.0365615495763998     
   1.9522243084384650        3.0481882058047520     
   2.0073259222536977        3.0588958241765161     
   2.0624275360689297        3.0702591219629385     
   2.1175291498841622        3.0811491586795654     
   2.1726307636993942        3.0911936547101524     
   2.2277323775146267        3.1016641300291954     
   2.2828339913298588        3.1119871549315326     
   2.3379356051450912        3.1210869826062746     
   2.3930372189603233        3.1305776902711639     
   2.4481388327755558        3.1401297558094812     
   2.5032404465907883        3.1488281565655498     
   2.5583420604060203        3.1574252847355515     
   2.6134436742212528        3.1659662310953074     
   2.6685452880364848        3.1741524084436588     
   2.7236469018517173        3.1820879316625925     
   2.7787485156669494        3.1900643916026681     
   2.8338501294821818        3.1976312677816390     
   2.8889517432974143       -3.2044754518330447     
   2.9440533571126464       -3.2118442606379225     
   2.9991549709278789       -3.2186257240347458     
   3.0542565847431109       -3.2253146337810756     
   3.1093581985583434       -3.2319884951339000     
   3.1644598123735754       -3.2384965984793137     
   3.2195614261888079       -3.2443724309621675     
   3.2746630400040404       -3.2503901775582196     
   3.3297646538192724       -3.2558683532360808     
   3.3848662676345049       -3.2616243603576107     
   3.4399678814497370       -3.2670772607134975     
   3.4950694952649695       -3.2721945740783607     
   3.5501711090802015       -3.2773133421303151     
   3.6052727228954340       -3.2821264709846050     
   3.6603743367106660       -3.2869149683903256     
   3.7154759505258985       -3.2914177817210151     
   3.7705775643411310       -3.2958677009082193     
   3.8256791781563635       -3.3001095219793068     
   3.8807807919715951       -3.3042003109508244     
   3.9358824057868271       -3.3082025056969595     
   3.9909840196020601       -3.3119591288968744     
   4.0460856334172925       -3.3157130899730727     
   4.1011872472325246       -3.3191808292030487     
   4.1562888610477566       -3.3226791414914851     
   4.2113904748629896       -3.3260034666520260     
   4.2664920886782216       -3.3290890943424047     
   4.3215937024934536       -3.3322205026259391     
   4.3766953163086857       -3.3350985473581414     
   4.4317969301239186       -3.3378735472770540     
   4.4868985439391507       -3.3405970991397900     
   4.5420001577543827       -3.3433436235876948     
   4.5971017715696147       -3.3458438338551986     
   4.6522033853848477       -3.3483576916672075     
   4.7073049992000797       -3.3506104335924167     
   4.7624066130153118       -3.3529176012947164     
   4.8175082268305447       -3.3551349024794894     
   4.8726098406457767       -3.3573804474334468     
   4.9277114544610088       -3.3594939620518658     
   4.9828130682762408       -3.3614748946314230     
   5.0379146820914738       -3.3634878248760907     
   5.0930162959067058       -3.3654314920784976     
   5.1481179097219378       -3.3672516360992226     
   5.2032195235371708       -3.3691311585941155     
   5.2583211373524028       -3.3710795391016291     
   5.3134227511676348       -3.3728952579220772     
   5.3685243649828669       -3.3746472538301133     
   5.4236259787980998       -3.3764975235406549     
   5.4787275926133319       -3.3783479559644594     
   5.5338292064285639       -3.3800408191079918     
   5.5889308202437968       -3.3819025371184042     
   5.6440324340590289       -3.3837383979474733     
   5.6991340478742609       -3.3856265656237778     
   5.7542356616894930       -3.3874225199024837     
   5.8093372755047259       -3.3893007563218251     
   5.8644388893199579       -3.3913498495166268     
   5.9195405031351900       -3.3935425340603791     
   5.9746421169504229       -3.3953213762263816     
   6.0297437307656550       -3.3974903237464180     
   6.0848453445808870       -3.3996776997566971     
   6.1399469583961190       -3.4018814634784813     
   6.1950485722113520       -3.4041858656108821     
   6.2501501860265840       -3.4065787277239430     
   6.3052517998418161       -3.4090640939420886     
   6.3603534136570490       -3.4116491292194815     
   6.4154550274722810       -3.4143390441197945     
   6.4705566412875131       -3.4170508937421258     
   6.5256582551027451       -3.4198285006538853     
   6.5807598689179780       -3.4228417559539288     
   6.6358614827332101       -3.4259351577704362     
   6.6909630965484421       -3.4291483598447945     
   6.7460647103636742       -3.4324696451100518     
   6.8011663241789071       -3.4360733154908165     
   6.8562679379941391       -3.4396389463240040     
   6.9113695518093712       -3.4433558004273839     
   6.9664711656246041       -3.4473101552369050     
   7.0215727794398362       -3.4513042119214021     
   7.0766743932550682       -3.4555789241308621     
   7.1317760070703002       -3.4599693414264125     
   7.1868776208855332       -3.4645084835528772     
   7.2419792347007652       -3.4692117877243929     
   7.2970808485159973       -3.4740536446122943     
   7.3521824623312302       -3.4791958013981077     
   7.4072840761464622       -3.4843662340872452     
   7.4623856899616943       -3.4898558327101252     
   7.5174873037769263       -3.4955163856303511     
   7.5725889175921592       -3.5013410742650142     
   7.6276905314073922       -3.5073414040384652     
   7.6827921452226233       -3.5135245398082833     
   7.7378937590378563       -3.5199990170822901     
   7.7929953728530883       -3.5267292618066790     
   7.8480969866683195       -3.5334988084764918     
   7.9031986004835524       -3.5405944671689307     
   7.9583002142987853       -3.5479084434436992     
   8.0134018281140182       -3.5554471932762319     
   8.0685034419292503       -3.5632692988141264     
   8.1236050557444823       -3.5712500121733206     
   8.1787066695597144       -3.5794757273654842     
   8.2338082833749482       -3.5879376390618756     
   8.2889098971901802       -3.5966668739170777     
   8.3440115110054123       -3.6056291872772563     
   8.3991131248206443       -3.6148187934794755     
   8.4542147386358764       -3.6243571615871608     
   8.5093163524511084       -3.6340220037191422     
   8.5644179662663404       -3.6439432528622988     
   8.6195195800815743       -3.6542237024988959     
   8.6746211938968063       -3.6646728201004248     
   8.7297228077120383       -3.6753610122083624     
   8.7848244215272704       -3.6863805494960862     
   8.8399260353425024       -3.6976414247789249     
   8.8950276491577345       -3.7091498881760505     
   8.9501292629729665       -3.7210185624935650     
   9.0052308767881986       -3.7330513965569336     
   9.0603324906034324       -3.7453455131516935     
   9.1154341044186644       -3.7579872298751353     
   9.1705357182338965       -3.7708305194583107     
   9.2256373320491285       -3.7840173020733023     
   9.2807389458643605       -3.7974712517568543     
   9.3358405596795926       -3.8111263590797941     
   9.3909421734948246       -3.8250933785382975     
   9.4460437873100584       -3.8393598111624758     
   9.5011454011252905       -3.8538952988591189     
   9.5562470149405225        3.8687589699862910     
   9.6113486287557546        3.8838446889484532     
   9.6664502425709866        3.8992019415508450     
   9.7215518563862187        3.9148684161751324     
   9.7766534702014507        3.9308255307390865     
   9.8317550840166845        3.9470189621183791     
   9.8868566978319166        3.9635380473065904     
   9.9419583116471486        3.9803083732867628     
   9.9970599254623806        3.9974048759640652     
   10.052161539277613        4.0147581463974680     
   10.107263153092845        4.0323995445340790     
   10.162364766908077        4.0503282259468723     
   10.217466380723311        4.0685337626324678     
   10.272567994538543        4.0870276802985641     
   10.327669608353775        4.1057963085408149     
   10.382771222169007        4.1248535249193186     
   10.437872835984239        4.1441967210191040     
   10.492974449799471        4.1638267750337770     
   10.548076063614703        4.1837248127257718     
   10.603177677429937        4.2038983013450295     
   10.658279291245169        4.2243674310608785     
   10.713380905060401        4.2451046442953553     
   10.768482518875633        4.2661302514139194     
   10.823584132690865        4.2874307905042963     
   10.878685746506097        4.3090071550114839     
   10.933787360321329        4.3308618988321737     
   10.988888974136563        4.3529869073752909     
   11.043990587951795        4.3753855428070931     
   11.099092201767027        4.3980606568897409     
   11.154193815582259        4.4210064899885868     
   11.209295429397491        4.4442121543777509     
   11.264397043212723        4.4677067407487661     
   11.319498657027955        4.4914455097217596     
   11.374600270843189        4.5154699345743987     
   11.429701884658421        4.5397308327996893     
   11.484803498473653        4.5642717155781165     
   11.539905112288885        4.5890561765035143     
   11.595006726104117        4.6141200535544638     
   11.650108339919349        4.6394266548717491     
   11.705209953734581        4.6649867984363143     
   11.760311567549815        4.6907985564425436     
   11.815413181365047        4.7168680669392078     
   11.870514795180279        4.7431704312769138     
   11.925616408995511        4.7697254587344995     
   11.980718022810743        4.7965153645453258     
   12.035819636625975        4.8235467789814841     
   12.090921250441207        4.8508146836771839     
   12.146022864256441        4.8783299810106566     
   12.201124478071673        4.9060513928422660     
   12.256226091886905        4.9340077655334351     
   12.311327705702137        4.9621761409836234     
   12.366429319517369        4.9905823298990768     
   12.421530933332601        5.0191918690153674     
   12.476632547147833        5.0480215667674537     
   12.531734160963067        5.0770640603161592     
   12.586835774778299        5.1063228256101034     
   12.641937388593531        5.1357849761422525     
   12.697039002408763        5.1654286904755944     
   12.752140616223995        5.1952761067765696     
   12.807242230039227        5.2253226503149532     
   12.862343843854459        5.2555499254389701     
   12.917445457669691        5.2859619314799673     
   12.972547071484925        5.3165497987807173     
   13.027648685300157        5.3473176604374970     
   13.082750299115389        5.3782709438301524     
   13.137851912930621        5.4093676737198235     
   13.192953526745853        5.4406487316599632     
   13.248055140561085        5.4720812510155321     
   13.303156754376317        5.5036786543075946     
   13.358258368191551        5.5354231159790839     
   13.413359982006783        5.5673068418501677     
   13.468461595822015        5.5993405407313501     
   13.523563209637247        5.6315174255784770     
   13.578664823452479        5.6638153481170495     
   13.633766437267711        5.6962389582482480     
   13.688868051082943        5.7287854195627066     
   13.743969664898177        5.7614798534372040     
   13.799071278713409        5.7942590136905148     
   13.854172892528641        5.8271664602143991     
   13.909274506343873        5.8601759333703809     
   13.964376120159105        5.8932932248434264     
   14.019477733974337        5.9265104637710113     
   14.074579347789570        5.9598146111050232     
   14.129680961604803        5.9932105963136912     
   14.184782575420035        6.0266773393190967     
   14.239884189235267        6.0602436215910682     
   14.294985803050499        6.0938766502568065     
   14.350087416865732        6.1275718985387400     
   14.405189030680964        6.1613606786962531     
   14.460290644496196        6.1951959572977255     
   14.515392258311429        6.2290867829131003     
   14.570493872126661        6.2630301778897124     
   14.625595485941894        6.2970396586085231     
   14.680697099757126        6.3310768769759456     
   14.735798713572358        6.3651771841956162     
   14.790900327387590        6.3993096555382811     
   14.846001941202822        6.4334747376288099     
   14.901103555018056        6.4676723283094013     
   14.956205168833288        6.5018963950959412     
   15.011306782648520        6.5361436419314289     
   15.066408396463752        6.5704127380854036     
   15.121510010278982        6.6046948964651868     
   15.176611624094216        6.6389969755979807     
   15.231713237909448        6.6733115710770390     
   15.286814851724680        6.7076376348956810     
   15.341916465539914        6.7419658840911536     
   15.397018079355146        6.7762866715588661     
   15.452119693170379        6.8106093436711932     
   15.507221306985608        6.8449382849895013     
   15.562322920800840        6.8792508116068616     
   15.617424534616074        6.9135535393981540     
   15.672526148431306        6.9478449730138694     
   15.727627762246540        6.9821259042899282     
   15.782729376061772        7.0163667010030046     
   15.837830989877004        7.0506172401621372     
   15.892932603692238        7.0848386272794563     
   15.948034217507466        7.1190391301466276     
   16.003135831322698        7.1532038297341050     
   16.058237445137930        7.1873553062281124     
   16.113339058953166        7.2214516391970758     
   16.168440672768398        7.2555509817699031     
   16.223542286583626        7.2895909568039148     
   16.278643900398862        7.3236105888394256     
   16.333745514214094        7.3575886547928260     
   16.388847128029326        7.3915234250464588     
   16.443948741844558        7.4254131360650382     
   16.499050355659790        7.4592903243150026     
   16.554151969475022        7.4931109802016413     
   16.609253583290254        7.5268937238423783     
   16.664355197105486        7.5606225825366078     
   16.719456810920718        7.5943116416290204     
   16.774558424735950        7.6279783404023052     
   16.829660038551182        7.6615659790707120     
   16.884761652366414        7.6951188766473706     
   16.939863266181646        7.7286309299173821     
   16.994964879996878        7.7620709327109383     
   17.050066493812114        7.7954974003564317     
   17.105168107627346        7.8288468028143221     
   17.160269721442578        7.8621559109186938     
   17.215371335257810        7.8954114613449979     
   17.270472949073042        7.9286243472458091     
   17.325574562888274        7.9617785125621365     
   17.380676176703506        7.9948745876368195     
   17.435777790518738        8.0279294506559662     
   17.490879404333970        8.0609352740904754     
   17.545981018149202        8.0938818372818950     
   17.601082631964434        8.1267844205859756     
   17.656184245779666        8.1596354461213227     
   17.711285859594899        8.1924190062029982     
   17.766387473410131        8.2251662125837530     
   17.821489087225363        8.2578525106874938     
   17.876590701040598        8.2904961282001768     
   17.931692314855830        8.3230910501415760     
   17.986793928671062        8.3556158429286214     
   18.041895542486294        8.3881049196214335     
   18.096997156301526        8.4205443505665301     
   18.152098770116758        8.4529271241850896     
   18.207200383931990        8.4852579517301656     
   18.262301997747223        8.5175453879528433     
   18.317403611562455        8.5497578783579211     
   18.372505225377687        8.5819448103278013     
   18.427606839192919        8.6140653815357009     
   18.482708453008151        8.6461549553617889     
   18.537810066823383        8.6781895992911817     
   18.592911680638615        8.7101715591958726     
   18.648013294453850        8.7421070174033506     
   18.703114908269082        8.7740069474082265     
   18.758216522084314        8.8058495418445997     
   18.813318135899546        8.8376424221240928     
   18.868419749714779        8.8693937722007856     
   18.923521363530011        8.9010924803348992     
   18.978622977345243        8.9327482255964821     
   19.033724591160475        8.9643597854708492     
   19.088826204975707        8.9959178290524608     
   19.143927818790939        9.0274553560754089     
   19.199029432606171        9.0589306553270319     
   19.254131046421403        9.0903663262487768     
   19.309232660236635        9.1217618166361412     
   19.364334274051867        9.1531109751469035     
   19.419435887867103        9.1843979140529193     
   19.474537501682335        9.2156871893799135     
   19.529639115497567        9.2469042730244482     
   19.584740729312799        9.2781045841601646     
   19.639842343128031        9.3092384663269350     
   19.694943956943263        9.3403604991868576     
   19.750045570758495        9.3714267263917073     
   19.805147184573727        9.4024401972868041     
   19.860248798388959        9.4334350803209333     
   19.915350412204191        9.4643909386492826     
   19.970452026019423        9.4953203698927044     
   20.025553639834655        9.5261829762512864     
   20.080655253649887        9.5570386127211986     
   20.135756867465119        9.5878260918898999     
   20.190858481280355        9.6186089678044802     
   20.245960095095587        9.6493448261487220     
   20.301061708910819        9.6800625651072796     
   20.356163322726051        9.7107403118175029     
   20.411264936541283        9.7413648928621690     
   20.466366550356515        9.7719668429288582     
   20.521468164171747        9.8025305347521776     
   20.576569777986979        9.8330941246401835     
   20.631671391802211        9.8635993744388024     
   20.686773005617443        9.8940660029627736     
   20.741874619432675        9.9245178688595050     
   20.796976233247907        9.9549282595217328     
   20.852077847063139        9.9853171968394641     
   20.907179460878371        10.015679862396324     
   20.962281074693607        10.046009879228011     
   21.017382688508839        10.076309875849088     
   21.072484302324071        10.106570931527363     
   21.127585916139303        10.136813209179653     
   21.182687529954535        10.167032672524410     
   21.237789143769767        10.197209903968336     
   21.292890757584999        10.227383832307943     
   21.347992371400231        10.257528249643366     
   21.403093985215463        10.287627028174569     
   21.458195599030695        10.317713480953584     
   21.513297212845927        10.347753425031980     
   21.568398826661159        10.377802351627631     
   21.623500440476391        10.407801013823496     
   21.678602054291623        10.437800213272062     
   21.733703668106855        10.467742664317363     
   21.788805281922091        10.497674255904503     
   21.843906895737323        10.527590636387357     
   21.899008509552555        10.557482292644705     
   21.954110123367787        10.587351329010517     
   22.009211737183019        10.617201176409710     
   22.064313350998251        10.647016147109738     
   22.119414964813483        10.676819125446690     
   22.174516578628715        10.706601959939999     
   22.229618192443947        10.736354846802392     
   22.284719806259179        10.766090435940342     
   22.339821420074411        10.795796236442710     
   22.394923033889643        10.825499942450850     
   22.450024647704875        10.855180106062098     
   22.505126261520108        10.884825030202883     
   22.560227875335343        10.914473133393729     
   22.615329489150575        10.944080529385674     
   22.670431102965807        10.973690337933489     
   22.725532716781039        11.003259617184783     
   22.780634330596271        11.032809971901356     
   22.835735944411503        11.062360419916931     
   22.890837558226735        11.091894330286561     
   22.945939172041967        11.121390161938500     
   23.001040785857199        11.150880759585455     
   23.056142399672432        11.180347515207481     
   23.111244013487664        11.209805085632459     
   23.166345627302896        11.239246578317800     
   23.221447241118128        11.268654963726126     
   23.276548854933360        11.298067712565560     
   23.331650468748595        11.327467224727341     
   23.386752082563827        11.356826698150652     
   23.441853696379059        11.386174322571001     
   23.496955310194291        11.415523969124973     
   23.552056924009523        11.444844422868350     
   23.607158537824755        11.474151265980778     
   23.662260151639988        11.503454657620237     
   23.717361765455220        11.532726993207408     
   23.772463379270452        11.561992213423961     
   23.827564993085684        11.591239273514054     
   23.882666606900916        11.620479961074963     
   23.937768220716148        11.649698724846388     
   23.992869834531380        11.678900633845316     
   24.047971448346612        11.708090557493025     
   24.103073062161847        11.737281086256056     
   24.158174675977079        11.766440233559916     
   24.213276289792312        11.795597582275903     
   24.268377903607544        11.824723699345933     
   24.323479517422776        11.853847851589849     
   24.378581131238008        11.882962434244126     
   24.433682745053240        11.912066303822373     
   24.488784358868472        11.941152627322094     
   24.543885972683704        11.970234108899440     
   24.598987586498936        11.999284356380709     
   24.654089200314168        12.028337486377817     
   24.709190814129400        12.057382133398802     
   24.764292427944632        12.086410155466611     
   24.819394041759864        12.115418283987223     
   24.874495655575100        12.144420838290939     
   24.929597269390332        12.173427763787242     
   24.984698883205564        12.202400888594321     
   25.039800497020796        12.231366095334922     
   25.094902110836028        12.260324982294261     
   25.150003724651260        12.289276425617439     
   25.205105338466492        12.318211726689622     
   25.260206952281724        12.347128859209491     
   25.315308566096956        12.376044236688152     
   25.370410179912188        12.404957048591744     
   25.425511793727420        12.433838631562487     
   25.480613407542652        12.462736010318819     
   25.535715021357884        12.491608000968865     
   25.590816635173116        12.520476397870288     
   25.645918248988348        12.549318800404642     
   25.701019862803584        12.578156624287406     
   25.756121476618816        12.607004778453049     
   25.811223090434048        12.635820304700083     
   25.866324704249280        12.664646553608652     
   25.921426318064512        12.693441992978107     
   25.976527931879744        12.722237617864160     
   26.031629545694976        12.751035260158847     
   26.086731159510208        12.779812565384733     
   26.141832773325440        12.808577415965924     
   26.196934387140672        12.837330591762928     
   26.252036000955904        12.866085423112857     
   26.307137614771136        12.894834196722112     
   26.362239228586368        12.923565242478281     
   26.417340842401600        12.952282826339808     
   26.472442456216836        12.981009570776042     
   26.527544070032068        13.009715687198913     
   26.582645683847300        13.038412693041499     
   26.637747297662532        13.067107750905810     
   26.692848911477764        13.095783459025366     
   26.747950525292996        13.124471415766713     
   26.803052139108228        13.153139509352707     
   26.858153752923460        13.181793527751047     
   26.913255366738692        13.210439421605853     
   26.968356980553924        13.239082878154205     
   27.023458594369156        13.267738807529211     
   27.078560208184388        13.296351413877865     
   27.133661821999620        13.324976961008245     
   27.188763435814852        13.353581545115594     
   27.243865049630088        13.382198746799210     
   27.298966663445320        13.410806637119032     
   27.354068277260552        13.439391951025540     
   27.409169891075784        13.467978499790053     
   27.464271504891016        13.496556872484808     
   27.519373118706248        13.525128176092295     
   27.574474732521480        13.553692560899552     
   27.629576346336712        13.582236941537506     
   27.684677960151944        13.610807548452684     
   27.739779573967176        13.639339004146672     
   27.794881187782408        13.667880965130623     
   27.849982801597641        13.696410849461687     
   27.905084415412873        13.724944090781683     
   27.960186029228105        13.753459718409058     
   28.015287643043340        13.781959504280239     
   28.070389256858572        13.810471850250915     
   28.125490870673804        13.838977144954011     
   28.180592484489036        13.867453864170594     
   28.235694098304268        13.895933410479117     
   28.290795712119500        13.924429973107214     
   28.345897325934732        13.952899725080803     
   28.400998939749964        13.981365797549596     
   28.456100553565197        14.009836662010644     
   28.511202167380429        14.038294293446578     
   28.566303781195661        14.066740681882996     
   28.621405395010893        14.095177136321144     
   28.676507008826125        14.123623510871054     
   28.731608622641357        14.152051707694223     
   28.786710236456589        14.180476328116766     
   28.841811850271824        14.208903407037052     
   28.896913464087056        14.237320144764112     
   28.952015077902288        14.265727525156100     
   29.007116691717520        14.294138163894569     
   29.062218305532753        14.322534449826525     
   29.117319919347985        14.350933304339719     
   29.172421533163217        14.379317615421559     
   29.227523146978449        14.407690601686458     
   29.282624760793681        14.436073662141998     
   29.337726374608913        14.464442752092333     
   29.392827988424145        14.492814910401192     
   29.447929602239377        14.521184401308648     
   29.503031216054609        14.549551170533935     
   29.558132829869841        14.577902344206290     
   29.613234443685077        14.606233389729523     
   29.668336057500309        14.634588469804681     
   29.723437671315541        14.662933570357943     
   29.778539285130773        14.691262724405515     
   29.833640898946005        14.719591693515216     
   29.888742512761237        14.747910839483598     
   29.943844126576469        14.776231352982782     
   29.998945740391701        14.804550399252104     
   30.054047354206933        14.832868500677293     
   30.109148968022165        14.861156282096767     
   30.164250581837397        14.889462737019285     
   30.219352195652629        14.917775279677246     
   30.274453809467861        14.946055453275829     
   30.329555423283090        14.974353842812626     
   30.384657037098325        15.002629408731435     
   30.439758650913561        15.030908734907145     
   30.494860264728793        15.059172346227575     
   30.549961878544028        15.087447479022833     
   30.605063492359257        15.115716409915052     
   30.660165106174485        15.143983013075179     
   30.715266719989724        15.172238327873412     
   30.770368333804953        15.200479953307898     
   30.825469947620189        15.228743093466576     
   30.880571561435417        15.256986632754781     
   30.935673175250646        15.285221908797459     
   30.990774789065885        15.313452069378249     
   31.045876402881113        15.341708648608623     
   31.100978016696342        15.369932630649116     
   31.156079630511577        15.398149667021002     
   31.211181244326813        15.426388180167280     
   31.266282858142045        15.454594393898264     
   31.321384471957280        15.482803579576668     
   31.376486085772509        15.511013930433796     
   31.431587699587737        15.539220345644502     
   31.486689313402973        15.567419522780845     
   31.541790927218205        15.595620992549520     
   31.596892541033441        15.623822874840611     
   31.651994154848669        15.652000174962319     
   31.707095768663898        15.680197104789176     
   31.762197382479133        15.708376540014486     
   31.817298996294365        15.736545426391190     
   31.872400610109601        15.764741845135335     
   31.927502223924829        15.792903884824488     
   31.982603837740065        15.821076759981757     
   32.037705451555297        15.849252464671842     
   32.092807065370529        15.877409986144050     
   32.147908679185761        15.905575064968627     
   32.203010293000993        15.933730790766141     
   32.258111906816225        15.961878907093809     
   32.313213520631457        15.990034222337510     
   32.368315134446696        16.018186990438409     
   32.423416748261928        16.046323238816445     
   32.478518362077160        16.074464691153040     
   32.533619975892393        16.102593061506216     
   32.588721589707625        16.130720783734457     
   32.643823203522857        16.158865135888053     
   32.698924817338089        16.186996460377436     
   32.754026431153321        16.215111014534198     
   32.809128044968553        16.243227559381591     
   32.864229658783785        16.271359892377056     
   32.919331272599017        16.299477349681304     
   32.974432886414249        16.327583099980998     
   33.029534500229481        16.355696681433944     
   33.084636114044713        16.383794492764459     
   33.139737727859945        16.411898232033504     
   33.194839341675177        16.439994991447008     
   33.249940955490409        16.468092068256812     
   33.305042569305641        16.496197325698379     
   33.360144183120873        16.524279931889311     
   33.415245796936105        16.552355293900721     
   33.470347410751337        16.580465551837136     
   33.525449024566569        16.608531429666897     
   33.580550638381801        16.636609840693598     
   33.635652252197033        16.664696334577290     
   33.690753866012265        16.692767537295730     
   33.745855479827497        16.720831258983171     
   33.800957093642729        16.748919769472259     
   33.856058707457962        16.776982786513294     
   33.911160321273201        16.805040489621781     
   33.966261935088433        16.833096486119487     
   34.021363548903665        16.861162376266023     
   34.076465162718897        16.889222211095753     
   34.131566776534129        16.917270191975977     
   34.186668390349361        16.945311415016349     
   34.241770004164593        16.973362355124028     
   34.296871617979825        17.001412097038070     
   34.351973231795057        17.029454863418138     
   34.407074845610289        17.057487965179920     
   34.462176459425521        17.085540585569937     
   34.517278073240753        17.113561796922244     
   34.572379687055985        17.141587680680562     
   34.627481300871217        17.169628219012850     
   34.682582914686449        17.197671998469534     
   34.737684528501681        17.225680438438392     
   34.792786142316913        17.253704073350242     
   34.847887756132145        17.281731409354435     
   34.902989369947377        17.309748883456582     
   34.958090983762609        17.337751365686035     
   35.013192597577842        17.365777100500154     
   35.068294211393074        17.393779185309999     
   35.123395825208306        17.421790217931317     
   35.178497439023538        17.449802224825408     
   35.233599052838770        17.477801706303232     
   35.288700666654002        17.505803759181397     
   35.343802280469234        17.533798539809606     
   35.398903894284466        17.561792060384711     
   35.454005508099698        17.589792565899959     
   35.509107121914937        17.617791020712083     
   35.564208735730169        17.645777436629569     
   35.619310349545401        17.673777328603649     
   35.674411963360633        17.701755596884691     
   35.729513577175865        17.729754012984518     
   35.784615190991097        17.757724480512209     
   35.839716804806329        17.785701661623385     
   35.894818418621561        17.813693197994230     
   35.949920032436793        17.841660854670298     
   36.005021646252025        17.869646146227399     
   36.060123260067257        17.897621430279770     
   36.115224873882489        17.925579966655210     
   36.170326487697722        17.953548884209521     
   36.225428101512954        17.981507108204234     
   36.280529715328186        18.009488507634376     
   36.335631329143418        18.037443050386372     
   36.390732942958650        18.065402158646187     
   36.445834556773882        18.093357889048136     
   36.500936170589114        18.121319315747048     
   36.556037784404346        18.149259533294302     
   36.611139398219578        18.177225789993724     
   36.666241012034810        18.205171107501229     
   36.721342625850042        18.233120961516672     
   36.776444239665274        18.261067407269525     
   36.831545853480506        18.289005374070815     
   36.886647467295738        18.316964738261014     
   36.941749081110970        18.344887949777977     
   36.996850694926202        18.372831924066851     
   37.051952308741441        18.400766019812171     
   37.107053922556673        18.428710149878786     
   37.162155536371905        18.456632885635852     
   37.217257150187137        18.484574135421600     
   37.272358764002369        18.512500614181668     
   37.327460377817602        18.540421144467157     
   37.382561991632834        18.568358198677714     
   37.437663605448066        18.596289494651305     
   37.492765219263298        18.624210347142299     
   37.547866833078530        18.652114609011910     
   37.602968446893762        18.680037742205151     
   37.658070060708994        18.707968202859313     
   37.713171674524226        18.735879169741686     
   37.768273288339458        18.763798431935825     
   37.823374902154690        18.791704473669267     
   37.878476515969922        18.819615712739260     
   37.933578129785154        18.847528723845933     
   37.988679743600386        18.875443155977006     
   38.043781357415618        18.903347498647342     
   38.098882971230850        18.931264861992439     
   38.153984585046082        18.959152080940861     
   38.209086198861314        18.987060287831792     
   38.264187812676546        19.014960816844926     
   38.319289426491778        19.042861970051153     
   38.374391040307010        19.070752502160062     
   38.429492654122242        19.098633605629132     
   38.484594267937474        19.126536905036815     
   38.539695881752706        19.154441006628225     
   38.594797495567946        19.182333533025137     
   38.649899109383178        19.210216372325565     
   38.705000723198410        19.238089585259388     
   38.760102337013642        19.265986364859639     
   38.815203950828874        19.293863997736409     
   38.870305564644106        19.321754666279055     
   38.925407178459338        19.349635122745696     
   38.980508792274570        19.377516203351878     
   39.035610406089802        19.405385800609039     
   39.090712019905034        19.433273360377491     
   39.145813633720266        19.461146437717112     
   39.200915247535498        19.489028849967912     
   39.256016861350730        19.516899069298812     
   39.311118475165962        19.544771473864163     
   39.366220088981194        19.572634676153019     
   39.421321702796426        19.600491112940290     
   39.476423316611658        19.628364844551818     
   39.531524930426890        19.656238044839750     
   39.586626544242122        19.684103139344689     
   39.641728158057354        19.711958747374876     
   39.696829771872586        19.739835068171068     
   39.751931385687818        19.767688058627698     
   39.807032999503051        19.795552886194283     
   39.862134613318283        19.823402314783358     
   39.917236227133515        19.851255535922107     
   39.972337840948747        19.879121997702086     
   40.027439454763979        19.906959657304004     
   40.082541068579211        19.934828476324483     
   40.137642682394443        19.962677267900947     
   40.192744296209682        19.990515747964523     
   40.247845910024914        20.018373684730559     
   40.302947523840146        20.046219734935715     
   40.358049137655378        20.074065620841857     
   40.413150751470610        20.101909959434280     
   40.468252365285842        20.129768997152322     
   40.523353979101074        20.157599075247951     
   40.578455592916306        20.185439312265441     
   40.633557206731538        20.213276903939033     
   40.688658820546770        20.241127859117405     
   40.743760434362002        20.268958999683864     
   40.798862048177234        20.296794875235914     
   40.853963661992466        20.324618418863771     
   40.909065275807698        20.352464331578844     
   40.964166889622931        20.380295765239108     
   41.019268503438163        20.408130996756963     
   41.074370117253395        20.435954913028535     
   41.129471731068627        20.463789016880373     
   41.184573344883859        20.491607555830573     
   41.239674958699091        20.519447818662247     
   41.294776572514323        20.547270821882954     
   41.349878186329555        20.575092685339907     
   41.404979800144787        20.602919851763872     
   41.460081413960019        20.630743635059350     
   41.515183027775251        20.658563610439952     
   41.570284641590483        20.686384470031328     
   41.625386255405715        20.714187442019814     
   41.680487869220947        20.742012348109981     
   41.735589483036186        20.769820863661987     
   41.790691096851418        20.797661265322688     
   41.845792710666650        20.825465411648189     
   41.900894324481882        20.853273572132110     
   41.955995938297114        20.881078260886220     
   42.011097552112346        20.908905681328889     
   42.066199165927578        20.936715435988916     
   42.121300779742811        20.964523356541175     
   42.176402393558043        20.992332270021162     
   42.231504007373275        21.020127803099250     
   42.286605621188507        21.047937282437356     
   42.341707235003739        21.075745217237998     
   42.396808848818971        21.103544557870499     
   42.451910462634203        21.131349668146154     
   42.507012076449435        21.159161125001525     
   42.562113690264667        21.186959625182809     
   42.617215304079899        21.214765621953585     
   42.672316917895131        21.242559352039862     
   42.727418531710363        21.270347260387361     
   42.782520145525595        21.298147782690386     
   42.837621759340827        21.325950669112746     
   42.892723373156059        21.353755024609761     
   42.947824986971291        21.381529055209818     
   43.002926600786523        21.409336475833886     
   43.058028214601755        21.437121752360099     
   43.113129828416987        21.464913310711310     
   43.168231442232219        21.492719092030896     
   43.223333056047451        21.520499612827319     
   43.278434669862683        21.548288102626405     
   43.333536283677923        21.576072056532205     
   43.388637897493155        21.603859528045028     
   43.443739511308387        21.631643050732741     
   43.498841125123619        21.659422494796342     
   43.553942738938851        21.687210372079971     
   43.609044352754083        21.715002767658461     
   43.664145966569315        21.742783084842813     
   43.719247580384547        21.770562833153249     
   43.774349194199779        21.798327808774609     
   43.829450808015011        21.826118182320915     
   43.884552421830243        21.853892232404849     
   43.939654035645475        21.881675625403805     
   43.994755649460707        21.909445296386640     
   44.049857263275939        21.937219243998708     
   44.104958877091171        21.964997775689884     
   44.160060490906403        21.992769460941947     
   44.215162104721635        22.020550625968156     
   44.270263718536867        22.048309606051536     
   44.325365332352099        22.076096011821566     
   44.380466946167331        22.103859941330661     
   44.435568559982563        22.131629228242183     
   44.490670173797795        22.159397639692184     
   44.545771787613027        22.187169988364818     
   44.600873401428260        22.214942097010471     
   44.655975015243492        22.242693454434622     
   44.711076629058724        22.270460515059955     
   44.766178242873956        22.298238543860908     
   44.821279856689188        22.325984598489669     
   44.876381470504427        22.353767020294850     
   44.931483084319659        22.381524236706849     
   44.986584698134891        22.409283467322759     
   45.041686311950123        22.437041387409725     
   45.096787925765355        22.464812937684982     
   45.151889539580587        22.492574928634305     
   45.206991153395819        22.520320437555668     
   45.262092767211051        22.548078355150846     
   45.317194381026283        22.575833079070307     
   45.372295994841515        22.603586719873469     
   45.427397608656747        22.631346314866359     
   45.482499222471979        22.659098514087837     
   45.537600836287211        22.686858072511768     
   45.592702450102443        22.714605684347575     
   45.647804063917675        22.742367413136911     
   45.702905677732907        22.770109419080811     
   45.758007291548140        22.797860329737670     
   45.813108905363372        22.825620471349879     
   45.868210519178604        22.853367729791486     
   45.923312132993836        22.881111475454599     
   45.978413746809068        22.908864759085947     
   46.033515360624300        22.936604883908593     
   46.088616974439532        22.964350566540475     
   46.143718588254764        22.992094640558800     
   46.198820202069996        23.019829060955704     
   46.253921815885228        23.047586615552387     
   46.309023429700460        23.075333163078142     
   46.364125043515692        23.103074395292673     
   46.419226657330924        23.130812067416901     
   46.474328271146163        23.158547392720816     
   46.529429884961395        23.186283559959705     
   46.584531498776627        23.214036514723528     
   46.639633112591859        23.241766795046100     
   46.694734726407091        23.269505337759238     
   46.749836340222323        23.297253171147855     
   46.804937954037555        23.324985531740516     
   46.860039567852787        23.352718300344858     
   46.915141181668019        23.380459807498735     
   46.970242795483252        23.408184990310868     
   47.025344409298484        23.435927110069088     
   47.080446023113716        23.463656272589027     
   47.135547636928948        23.491399240971358     
   47.190649250744180        23.519128298678677     
   47.245750864559412        23.546868726493848     
   47.300852478374644        23.574589572254038     
   47.355954092189876        23.602317824249390     
   47.411055706005108        23.630042146448325     
   47.466157319820340        23.657772396767012     
   47.521258933635572        23.685514684584522     
   47.576360547450804        23.713243930898813     
   47.631462161266036        23.740966115547604     
   47.686563775081268        23.768685900226000     
   47.741665388896500        23.796424250576585     
   47.796767002711732        23.824146655745796     
   47.851868616526964        23.851866599791610     
   47.906970230342196        23.879598522850962     
   47.962071844157428        23.907319194845257     
   48.017173457972667        23.935048399644739     
   48.072275071787899        23.962763707424568     
   48.127376685603132        23.990473842827157     
   48.182478299418364        24.018204619196027     
   48.237579913233596        24.045927493628120     
   48.292681527048828        24.073648340285793     
   48.347783140864060        24.101374184580035     
   48.402884754679292        24.129087413075226     
   48.457986368494524        24.156809004484415     
   48.513087982309756        24.184523069848947     
   48.568189596124988        24.212246240094267     
   48.623291209940220        24.239942751290894     
   48.678392823755452        24.267669822793334     
   48.733494437570684        24.295382785560548     
   48.788596051385916        24.323114090501910     
   48.843697665201148        24.350819684889789     
   48.898799279016380        24.378529725707619     
   48.953900892831612        24.406244022707579     
   49.009002506646844        24.433940405845078     
   49.064104120462076        24.461660275885297     
   49.119205734277308        24.489385267885563     
   49.174307348092540        24.517082255320023     
   49.229408961907772        24.544797030130614     
   49.284510575723004        24.572508683406866     
   49.339612189538236        24.600203035686921     
   49.394713803353469        24.627936460294507     
   49.449815417168701        24.655626301735420     
   49.504917030983933        24.683336693550132     
   49.560018644799172        24.711055381175420     
   49.615120258614404        24.738766793628884     
   49.670221872429636        24.766457432561506     
   49.725323486244868        24.794165822604704     
   49.780425100060100        24.821874217245888     
   49.835526713875332        24.849576335304253     
   49.890628327690564        24.877289710303160     
   49.945729941505796        24.904989300239695     
   50.000831555321028        24.932679026790144     
   50.055933169136260        24.960382008522537     
   50.111034782951492        24.988094394729437     
   50.166136396766724        25.015793895185769     
   50.221238010581956        25.043477704100408     
   50.276339624397188        25.071195433443155     
   50.331441238212420        25.098892051016147     
   50.386542852027652        25.126589261202373     
   50.441644465842884        25.154297964515010     
   50.496746079658116        25.181992586311203     
   50.551847693473348        25.209684905295795     
   50.606949307288581        25.237390417318071     
   50.662050921103813        25.265077687040392     
   50.717152534919045        25.292787998094735     
   50.772254148734277        25.320468769093036     
   50.827355762549509        25.348165810369693     
   50.882457376364741        25.375862721733526     
   50.937558990179973        25.403556725180081     
   50.992660603995205        25.431262331332828     
   51.047762217810437        25.458940651308151     
   51.102863831625669        25.486637195891774     
   51.157965445440908        25.514320031732058     
   51.213067059256140        25.542023515711399     
   51.268168673071372        25.569712557805811     
   51.323270286886604        25.597399897011528     
   51.378371900701836        25.625091703525651     
   51.433473514517068        25.652787744635731     
   51.488575128332300        25.680477134746930     
   51.543676742147532        25.708174759917000     
   51.598778355962764        25.735854005830110     
   51.653879969777996        25.763541469595687     
   51.708981583593228        25.791245269274139     
   51.764083197408461        25.818910886507080     
   51.819184811223693        25.846599640621019     
   51.874286425038925        25.874290534189061     
   51.929388038854157        25.901985378462111     
   51.984489652669389        25.929656791787970     
   52.039591266484621        25.957352478182006     
   52.094692880299853        25.985026978220422     
   52.149794494115085        26.012721980087125     
   52.204896107930317        26.040398899068585     
   52.259997721745549        26.068081544869752     
   52.315099335560781        26.095774370522530     
   52.370200949376013        26.123458876002381     
   52.425302563191245        26.151129841716998     
   52.480404177006477        26.178821773886586     
   52.535505790821709        26.206504374675617     
   52.590607404636941        26.234172027697742     
   52.645709018452173        26.261863627178201     
   52.700810632267412        26.289546473289057     
   52.755912246082644        26.317227562373152     
   52.811013859897876        26.344900912606501     
   52.866115473713108        26.372588535323306     
   52.921217087528341        26.400263854675423     
   52.976318701343573        26.427933736279041     
   53.031420315158805        26.455612094742364     
   53.086521928974037        26.483285121371289     
   53.141623542789269        26.510959810932572     
   53.196725156604501        26.538652496560804     
   53.251826770419733        26.566318344961587     
   53.306928384234965        26.594002001659891     
   53.362029998050197        26.621674627942916     
   53.417131611865429        26.649339481002528     
   53.472233225680661        26.677019240889877     
   53.527334839495893        26.704696264512542     
   53.582436453311125        26.732367294505242     
   53.637538067126357        26.760053967566641     
   53.692639680941589        26.787703470016126     
   53.747741294756821        26.815391620831846     
   53.802842908572053        26.843068521050220     
   53.857944522387285        26.870728332761772     
   53.913046136202517        26.898409556679429     
   53.968147750017749        26.926069800069346     
   54.023249363832981        26.953747292974235     
   54.078350977648213        26.981407862043859     
   54.133452591463445        27.009093956673798     
   54.188554205278678        27.036758416335239     
   54.243655819093910        27.064420323824599     
   54.298757432909149        27.092092184931442     
   54.353859046724381        27.119757211199119     
   54.408960660539613        27.147439766586334     
   54.464062274354845        27.175101285856034     
   54.519163888170077        27.202768598856117     
   54.574265501985309        27.230435959959816     
   54.629367115800541        27.258104268177004     
   54.684468729615773        27.285763908723879     
   54.739570343431005        27.313427150547742     
   54.794671957246237        27.341095058207486     
   54.849773571061469        27.368765381702850     
   54.904875184876701        27.396430370970492     
   54.959976798691933        27.424092105183519     
   55.015078412507165        27.451764364580626     
   55.070180026322397        27.479413409046529     
   55.125281640137629        27.507087426037391     
   55.180383253952861        27.534765552399215     
   55.235484867768093        27.562412626901846     
   55.290586481583325        27.590063048520019     
   55.345688095398557        27.617735408338110     
   55.400789709213790        27.645407917809948     
   55.455891323029022        27.673052510099424     
   55.510992936844254        27.700721370098755     
   55.566094550659486        27.728373952537055     
   55.621196164474718        27.756052623848312     
   55.676297778289950        27.783698484539368     
   55.731399392105182        27.811358884663566     
   55.786501005920414        27.839018457655651     
   55.841602619735653        27.866679263998812     
   55.896704233550885        27.894332530853610     
   55.951805847366117        27.921998250085768     
   56.006907461181349        27.949655815510837     
   56.062009074996581        27.977316445830571     
   56.117110688811813        28.004979579977192     
   56.172212302627045        28.032635293630591     
   56.227313916442277        28.060291824707161     
   56.282415530257509        28.087930837485075     
   56.337517144072741        28.115594163058823     
   56.392618757887973        28.143263988332393     
   56.447720371703205        28.170899422643625     
   56.502821985518437        28.198568814884883     
   56.557923599333670        28.226230995358176     
