  0.100000001       1.00000000    
  0.129158512       1.00000000    
  0.158317015       1.00000000    
  0.187475532       1.00000000    
  0.216634035       1.00000000    
  0.245792553       1.00000000    
  0.274951071       1.00000000    
  0.304109573       1.00000000    
  0.333268076       1.00000000    
  0.362426579       1.00000000    
  0.391585112       1.00000000    
  0.420743614       1.00000000    
  0.449902117       1.00000000    
  0.479060620       1.00000000    
  0.508219123       1.00000000    
  0.537377656       1.00000000    
  0.566536188       1.00000000    
  0.595694661       1.00000000    
  0.624853194       1.00000000    
  0.654011667       1.00000000    
  0.683170199       1.00000000    
  0.712328732       1.00000000    
  0.741487205       1.00000000    
  0.770645738       1.00000000    
  0.799804211       1.00000000    
  0.828962743       1.00000000    
  0.858121276       1.00000000    
  0.887279749       1.00000000    
  0.916438282       1.00000000    
  0.945596814       1.00000000    
  0.974755287       1.00000000    
   1.00391376       1.00000000    
   1.03307235       1.00000000    
   1.06223083       1.00000000    
   1.09138930       1.00000000    
   1.12054789       1.00000000    
   1.14970636       1.00000000    
   1.17886484       1.00000000    
   1.20802343       1.00000000    
   1.23718190       1.00000000    
   1.26634037       1.00000000    
   1.29549897       1.00000000    
   1.32465744       1.00000000    
   1.35381591       1.00000000    
   1.38297439       1.00000000    
   1.41213298       1.00000000    
   1.44129145       1.00000000    
   1.47044992       1.00000000    
   1.49960852       1.00000000    
   1.52876699       1.00000000    
   1.55792546       1.00000000    
   1.58708405       1.00000000    
   1.61624253       1.00000000    
   1.64540100       1.00000000    
   1.67455959       1.00000000    
   1.70371807       1.00000000    
   1.73287654       1.00000000    
   1.76203501       1.00000000    
   1.79119360       1.00000000    
   1.82035208       1.00000000    
   1.84951055       1.00000000    
   1.87866914       1.00000000    
   1.90782762       1.00000000    
   1.93698609       1.00000000    
   1.96614468       1.00000000    
   1.99530315       1.00000000    
   2.02446175       1.00000000    
   2.05362010       1.00000000    
   2.08277869       1.00000000    
   2.11193728       1.00000000    
   2.14109564       1.00000000    
   2.17025423       1.00000000    
   2.19941282       1.00000000    
   2.22857118       1.00000000    
   2.25772977       1.00000000    
   2.28688836       1.00000000    
   2.31604671       1.00000000    
   2.34520531       1.00000000    
   2.37436366       1.00000000    
   2.40352225       1.00000000    
   2.43268085       1.00000000    
   2.46183920       1.00000000    
   2.49099779       1.00000000    
   2.52015638       1.00000000    
   2.54931474       1.00000000    
   2.57847333       1.00000000    
   2.60763192       1.00000000    
   2.63679028       1.00000000    
   2.66594887       1.00000000    
   2.69510746       1.00000000    
   2.72426581       1.00000000    
   2.75342441       1.00000000    
   2.78258300       1.00000000    
   2.81174135       1.00000000    
   2.84089994       1.00000000    
   2.87005854       1.00000000    
   2.89921689       1.00000000    
   2.92837548       1.00000000    
   2.95753407       1.00000000    
   2.98669243       1.00000000    
   3.01585102       1.00000000    
   3.04500961       1.00000000    
   3.07416797       1.00000000    
   3.10332656       1.00000000    
   3.13248515       1.00000000    
   3.16164351       1.00000000    
   3.19080210       1.00000000    
   3.21996045       1.00000000    
   3.24911904       1.00000000    
   3.27827764       1.00000000    
   3.30743599       1.00000000    
   3.33659458       1.00000000    
   3.36575317       1.00000000    
   3.39491153       1.00000000    
   3.42407012       1.00000000    
   3.45322871       1.00000000    
   3.48238707       1.00000000    
   3.51154566       1.00000000    
   3.54070425       1.00000000    
   3.56986260       1.00000000    
   3.59902120       1.00000000    
   3.62817979       1.00000000    
   3.65733814       1.00000000    
   3.68649673       1.00000000    
   3.71565533       1.00000000    
   3.74481368       1.00000000    
   3.77397227       1.00000000    
   3.80313087       1.00000000    
   3.83228922       1.00000000    
   3.86144781       1.00000000    
   3.89060640       1.00000000    
   3.91976476       1.00000000    
   3.94892335       1.00000000    
   3.97808194       1.00000000    
   4.00724030       1.00000000    
   4.03639889       1.00000000    
   4.06555748       1.00000000    
   4.09471607       1.00000000    
   4.12387419       1.00000000    
   4.15303278       1.00000000    
   4.18219137       1.00000000    
   4.21134996       1.00000000    
   4.24050856       1.00000000    
   4.26966715       1.00000000    
   4.29882526       1.00000000    
   4.32798386       1.00000000    
   4.35714245       1.00000000    
   4.38630104       1.00000000    
   4.41545963       1.00000000    
   4.44461823       1.00000000    
   4.47377634       1.00000000    
   4.50293493       1.00000000    
   4.53209352       1.00000000    
   4.56125212       1.00000000    
   4.59041071       1.00000000    
   4.61956882       1.00000000    
   4.64872742       1.00000000    
   4.67788601       1.00000000    
   4.70704460       1.00000000    
   4.73620319       1.00000000    
   4.76536179       1.00000000    
   4.79451990       1.00000000    
   4.82367849       1.00000000    
   4.85283709       1.00000000    
   4.88199568       1.00000000    
   4.91115427       1.00000000    
   4.94031286       1.00000000    
   4.96947098       1.00000000    
   4.99862957       1.00000000    
   5.02778816       1.00000000    
   5.05694675       1.00000000    
   5.08610535       1.00000000    
   5.11526394       1.00000000    
   5.14442205       1.00000000    
   5.17358065       1.00000000    
   5.20273924       1.00000000    
   5.23189783       1.00000000    
   5.26105642       1.00000000    
   5.29021502       1.00000000    
   5.31937313       1.00000000    
   5.34853172       1.00000000    
   5.37769032       1.00000000    
   5.40684891       1.00000000    
   5.43600750       1.00000000    
   5.46516562       1.00000000    
   5.49432421       1.00000000    
   5.52348280       1.00000000    
   5.55264139       1.00000000    
   5.58179998       1.00000000    
   5.61095858       1.00000000    
   5.64011669       1.00000000    
   5.66927528       1.00000000    
   5.69843388       1.00000000    
   5.72759247       1.00000000    
   5.75675106       1.00000000    
   5.78590965       1.00000000    
   5.81506777       1.00000000    
   5.84422636       1.00000000    
   5.87338495       1.00000000    
   5.90254354       1.00000000    
   5.93170214       1.00000000    
   5.96086073       1.00000000    
   5.99001884       1.00000000    
   6.01917744       1.00000000    
   6.04833603       1.00000000    
   6.07749462       1.00000000    
   6.10665321       1.00000000    
   6.13581181       1.00000000    
   6.16496992       1.00000000    
   6.19412851       1.00000000    
   6.22328711       1.00000000    
   6.25244570       1.00000000    
   6.28160429       1.00000000    
   6.31076241       1.00000000    
   6.33992100       1.00000000    
   6.36907959       1.00000000    
   6.39823818       1.00000000    
   6.42739677       1.00000000    
   6.45655537       1.00000000    
   6.48571348       1.00000000    
   6.51487207       1.00000000    
   6.54403067       1.00000000    
   6.57318926       1.00000000    
   6.60234785       1.00000000    
   6.63150644       1.00000000    
   6.66066456       1.00000000    
   6.68982315       1.00000000    
   6.71898174       1.00000000    
   6.74814034       1.00000000    
   6.77729893       1.00000000    
   6.80645752       1.00000000    
   6.83561563       1.00000000    
   6.86477423       1.00000000    
   6.89393282       1.00000000    
   6.92309141       1.00000000    
   6.95225000       1.00000000    
   6.98140860       1.00000000    
   7.01056671       1.00000000    
   7.03972530       1.00000000    
   7.06888390       1.00000000    
   7.09804249       1.00000000    
   7.12720108       1.00000000    
   7.15635920       1.00000000    
   7.18551779       1.00000000    
   7.21467638       1.00000000    
   7.24383497       1.00000000    
   7.27299356       1.00000000    
   7.30215216       1.00000000    
   7.33131027       1.00000000    
   7.36046886       1.00000000    
   7.38962746       1.00000000    
   7.41878605       1.00000000    
   7.44794464       1.00000000    
   7.47710323       1.00000000    
   7.50626135       1.00000000    
   7.53541994       1.00000000    
   7.56457853       1.00000000    
   7.59373713       1.00000000    
   7.62289572       1.00000000    
   7.65205431       1.00000000    
   7.68121243       1.00000000    
   7.71037102       1.00000000    
   7.73952961       1.00000000    
   7.76868820       1.00000000    
   7.79784679       1.00000000    
   7.82700539       1.00000000    
   7.85616350       1.00000000    
   7.88532209       1.00000000    
   7.91448069       1.00000000    
   7.94363928       1.00000000    
   7.97279787       1.00000000    
   8.00195599       1.00000000    
   8.03111458       1.00000000    
   8.06027317       1.00000000    
   8.08943176       1.00000000    
   8.11859035       1.00000000    
   8.14774895       1.00000000    
   8.17690754       1.00000000    
   8.20606613       1.00000000    
   8.23522472       1.00000000    
   8.26438236       1.00000000    
   8.29354095       1.00000000    
   8.32269955       1.00000000    
   8.35185814       1.00000000    
   8.38101673       1.00000000    
   8.41017532       1.00000000    
   8.43933392       1.00000000    
   8.46849251       1.00000000    
   8.49765110       1.00000000    
   8.52680969       1.00000000    
   8.55596828       1.00000000    
   8.58512688       1.00000000    
   8.61428452       1.00000000    
   8.64344311       1.00000000    
   8.67260170       1.00000000    
   8.70176029       1.00000000    
   8.73091888       1.00000000    
   8.76007748       1.00000000    
   8.78923607       1.00000000    
   8.81839466       1.00000000    
   8.84755325       1.00000000    
   8.87671185       1.00000000    
   8.90587044       1.00000000    
   8.93502808       1.00000000    
   8.96418667       1.00000000    
   8.99334526       1.00000000    
   9.02250385       1.00000000    
   9.05166245       1.00000000    
   9.08082104       1.00000000    
   9.10997963       1.00000000    
   9.13913822       1.00000000    
   9.16829681       1.00000000    
   9.19745541       1.00000000    
   9.22661400       1.00000000    
   9.25577259       1.00000000    
   9.28493023       1.00000000    
   9.31408882       1.00000000    
   9.34324741       1.00000000    
   9.37240601       1.00000000    
   9.40156460       1.00000000    
   9.43072319       1.00000000    
   9.45988178       1.00000000    
   9.48904037       1.00000000    
   9.51819897       1.00000000    
   9.54735756       1.00000000    
   9.57651615       1.00000000    
   9.60567379       1.00000000    
   9.63483238       1.00000000    
   9.66399097       1.00000000    
   9.69314957       1.00000000    
   9.72230816       1.00000000    
   9.75146675       1.00000000    
   9.78062534       1.00000000    
   9.80978394       1.00000000    
   9.83894253       1.00000000    
   9.86810112       1.00000000    
   9.89725971       1.00000000    
   9.92641830       1.00000000    
   9.95557594       1.00000000    
   9.98473454       1.00000000    
   10.0138931       1.00000000    
   10.0430517       1.00000000    
   10.0722103       1.00000000    
   10.1013689       1.00000000    
   10.1305275       1.00000000    
   10.1596861       1.00000000    
   10.1888447       1.00000000    
   10.2180033       1.00000000    
   10.2471619       1.00000000    
   10.2763205       1.00000000    
   10.3054781       1.00000000    
   10.3346367       1.00000000    
   10.3637953       1.00000000    
   10.3929539       1.00000000    
   10.4221125       1.00000000    
   10.4512711       1.00000000    
   10.4804296       1.00000000    
   10.5095882       1.00000000    
   10.5387468       1.00000000    
   10.5679054       1.00000000    
   10.5970640       1.00000000    
   10.6262217       1.00000000    
   10.6553802       1.00000000    
   10.6845388       1.00000000    
   10.7136974       1.00000000    
   10.7428560       1.00000000    
   10.7720146       1.00000000    
   10.8011732       1.00000000    
   10.8303318       1.00000000    
   10.8594904       1.00000000    
   10.8886490       1.00000000    
   10.9178076       1.00000000    
   10.9469662       1.00000000    
   10.9761238       1.00000000    
   11.0052824       1.00000000    
   11.0344410       1.00000000    
   11.0635996       1.00000000    
   11.0927582       1.00000000    
   11.1219168       1.00000000    
   11.1510754       1.00000000    
   11.1802340       1.00000000    
   11.2093925       1.00000000    
   11.2385511       1.00000000    
   11.2677097       1.00000000    
   11.2968674       1.00000000    
   11.3260260       1.00000000    
   11.3551846       1.00000000    
   11.3843431       1.00000000    
   11.4135017       1.00000000    
   11.4426603       1.00000000    
   11.4718189       1.00000000    
   11.5009775       1.00000000    
   11.5301361       1.00000000    
   11.5592947       1.00000000    
   11.5884533       1.00000000    
   11.6176119       1.00000000    
   11.6467695       1.00000000    
   11.6759281       1.00000000    
   11.7050867       1.00000000    
   11.7342453       1.00000000    
   11.7634039       1.00000000    
   11.7925625       1.00000000    
   11.8217211       1.00000000    
   11.8508797       1.00000000    
   11.8800383       1.00000000    
   11.9091969       1.00000000    
   11.9383554       1.00000000    
   11.9675140       1.00000000    
   11.9966717       1.00000000    
   12.0258303       1.00000000    
   12.0549889       1.00000000    
   12.0841475       1.00000000    
   12.1133060       1.00000000    
   12.1424646       1.00000000    
   12.1716232       1.00000000    
   12.2007818       1.00000000    
   12.2299404       1.00000000    
   12.2590990       1.00000000    
   12.2882576       1.00000000    
   12.3174152       1.00000000    
   12.3465738       1.00000000    
   12.3757324       1.00000000    
   12.4048910       1.00000000    
   12.4340496       1.00000000    
   12.4632082       1.00000000    
   12.4923668       1.00000000    
   12.5215254       1.00000000    
   12.5506840       1.00000000    
   12.5798426       1.00000000    
   12.6090012       1.00000000    
   12.6381598       1.00000000    
   12.6673174       1.00000000    
   12.6964760       1.00000000    
   12.7256346       1.00000000    
   12.7547932       1.00000000    
   12.7839518       1.00000000    
   12.8131104       1.00000000    
   12.8422689       1.00000000    
   12.8714275       1.00000000    
   12.9005861       1.00000000    
   12.9297447       1.00000000    
   12.9589033       1.00000000    
   12.9880610       1.00000000    
   13.0172195       1.00000000    
   13.0463781       1.00000000    
   13.0755367       1.00000000    
   13.1046953       1.00000000    
   13.1338539       1.00000000    
   13.1630125       1.00000000    
   13.1921711       1.00000000    
   13.2213297       1.00000000    
   13.2504883       1.00000000    
   13.2796469       1.00000000    
   13.3088055       1.00000000    
   13.3379631       1.00000000    
   13.3671217       1.00000000    
   13.3962803       1.00000000    
   13.4254389       1.00000000    
   13.4545975       1.00000000    
   13.4837561       1.00000000    
   13.5129147       1.00000000    
   13.5420732       1.00000000    
   13.5712318       1.00000000    
   13.6003904       1.00000000    
   13.6295490       1.00000000    
   13.6587076       1.00000000    
   13.6878653       1.00000000    
   13.7170238       1.00000000    
   13.7461824       1.00000000    
   13.7753410       1.00000000    
   13.8044996       1.00000000    
   13.8336582       1.00000000    
   13.8628168       1.00000000    
   13.8919754       1.00000000    
   13.9211340       1.00000000    
   13.9502926       1.00000000    
   13.9794512       1.00000000    
   14.0086088       1.00000000    
   14.0377674       1.00000000    
   14.0669260       1.00000000    
   14.0960846       1.00000000    
   14.1252432       1.00000000    
   14.1544018       1.00000000    
   14.1835604       1.00000000    
   14.2127190       1.00000000    
   14.2418776       1.00000000    
   14.2710361       1.00000000    
   14.3001947       1.00000000    
   14.3293533       1.00000000    
   14.3585110       1.00000000    
   14.3876696       1.00000000    
   14.4168282       1.00000000    
   14.4459867       1.00000000    
   14.4751453       1.00000000    
   14.5043039       1.00000000    
   14.5334625       1.00000000    
   14.5626211       1.00000000    
   14.5917797       1.00000000    
   14.6209383       1.00000000    
   14.6500969       1.00000000    
   14.6792545       1.00000000    
   14.7084131       1.00000000    
   14.7375717       1.00000000    
   14.7667303       1.00000000    
   14.7958889       1.00000000    
   14.8250475       1.00000000    
   14.8542061       1.00000000    
   14.8833647       1.00000000    
   14.9125233       1.00000000    
   14.9416819       1.00000000    
   14.9708405       1.00000000    
   14.9999990       1.00000000    
   15.0291567       1.00000000    
   15.0583153       1.00000000    
   15.0874739       1.00000000    
   15.1166325       1.00000000    
   15.1457911       1.00000000    
   15.1749496       1.00000000    
   15.2041082       1.00000000    
   15.2332668       1.00000000    
   15.2624254       1.00000000    
   15.2915840       1.00000000    
   15.3207426       1.00000000    
   15.3499012       1.00000000    
   15.3790588       1.00000000    
   15.4082174       1.00000000    
   15.4373760       1.00000000    
   15.4665346       1.00000000    
   15.4956932       1.00000000    
   15.5248518       1.00000000    
   15.5540104       1.00000000    
   15.5831690       1.00000000    
   15.6123276       1.00000000    
   15.6414862       1.00000000    
   15.6706448       1.00000000    
   15.6998024       1.00000000    
   15.7289610       1.00000000    
   15.7581196       1.00000000    
   15.7872782       1.00000000    
   15.8164368       1.00000000    
   15.8455954       1.00000000    
   15.8747540       1.00000000    
   15.9039125       1.00000000    
   15.9330711       1.00000000    
   15.9622297       1.00000000    
   15.9913883       1.00000000    
   16.0205460       1.00000000    
   16.0497055       1.00000000    
   16.0788631       1.00000000    
   16.1080227       1.00000000    
   16.1371803       1.00000000    
   16.1663399       1.00000000    
   16.1954975       1.00000000    
   16.2246552       1.00000000    
   16.2538147       1.00000000    
   16.2829723       1.00000000    
   16.3121319       1.00000000    
   16.3412895       1.00000000    
   16.3704491       1.00000000    
   16.3996067       1.00000000    
   16.4287663       1.00000000    
   16.4579239       1.00000000    
   16.4870834       1.00000000    
   16.5162411       1.00000000    
   16.5453987       1.00000000    
   16.5745583       1.00000000    
   16.6037159       1.00000000    
   16.6328754       1.00000000    
   16.6620331       1.00000000    
   16.6911926       1.00000000    
   16.7203503       1.00000000    
   16.7495098       1.00000000    
   16.7786674       1.00000000    
   16.8078270       1.00000000    
   16.8369846       1.00000000    
   16.8661442       1.00000000    
   16.8953018       1.00000000    
   16.9244595       1.00000000    
   16.9536190       1.00000000    
   16.9827766       1.00000000    
   17.0119362       1.00000000    
   17.0410938       1.00000000    
   17.0702534       1.00000000    
   17.0994110       1.00000000    
   17.1285706       1.00000000    
   17.1577282       1.00000000    
   17.1868877       1.00000000    
   17.2160454       1.00000000    
   17.2452030       1.00000000    
   17.2743626       1.00000000    
   17.3035202       1.00000000    
   17.3326797       1.00000000    
   17.3618374       1.00000000    
   17.3909969       1.00000000    
   17.4201546       1.00000000    
   17.4493141       1.00000000    
   17.4784718       1.00000000    
   17.5076313       1.00000000    
   17.5367889       1.00000000    
   17.5659466       1.00000000    
   17.5951061       1.00000000    
   17.6242638       1.00000000    
   17.6534233       1.00000000    
   17.6825809       1.00000000    
   17.7117405       1.00000000    
   17.7408981       1.00000000    
   17.7700577       1.00000000    
   17.7992153       1.00000000    
   17.8283749       1.00000000    
   17.8575325       1.00000000    
   17.8866920       1.00000000    
   17.9158497       1.00000000    
   17.9450073       1.00000000    
   17.9741669       1.00000000    
   18.0033245       1.00000000    
   18.0324841       1.00000000    
   18.0616417       1.00000000    
   18.0908012       1.00000000    
   18.1199589       1.00000000    
   18.1491184       1.00000000    
   18.1782761       1.00000000    
   18.2074356       1.00000000    
   18.2365932       1.00000000    
   18.2657509       1.00000000    
   18.2949104       1.00000000    
   18.3240681       1.00000000    
   18.3532276       1.00000000    
   18.3823853       1.00000000    
   18.4115448       1.00000000    
   18.4407024       1.00000000    
   18.4698620       1.00000000    
   18.4990196       1.00000000    
   18.5281792       1.00000000    
   18.5573368       1.00000000    
   18.5864944       1.00000000    
   18.6156540       1.00000000    
   18.6448116       1.00000000    
   18.6739712       1.00000000    
   18.7031288       1.00000000    
   18.7322884       1.00000000    
   18.7614460       1.00000000    
   18.7906055       1.00000000    
   18.8197632       1.00000000    
   18.8489227       1.00000000    
   18.8780804       1.00000000    
   18.9072380       1.00000000    
   18.9363976       1.00000000    
   18.9655552       1.00000000    
   18.9947147       1.00000000    
   19.0238724       1.00000000    
   19.0530319       1.00000000    
   19.0821896       1.00000000    
   19.1113491       1.00000000    
   19.1405067       1.00000000    
   19.1696663       1.00000000    
   19.1988239       1.00000000    
   19.2279835       1.00000000    
   19.2571411       1.00000000    
   19.2862988       1.00000000    
   19.3154583       1.00000000    
   19.3446159       1.00000000    
   19.3737755       1.00000000    
   19.4029331       1.00000000    
   19.4320927       1.00000000    
   19.4612503       1.00000000    
   19.4904099       1.00000000    
   19.5195675       1.00000000    
   19.5487270       1.00000000    
   19.5778847       1.00000000    
   19.6070423       1.00000000    
   19.6362019       1.00000000    
   19.6653595       1.00000000    
   19.6945190       1.00000000    
   19.7236767       1.00000000    
   19.7528362       1.00000000    
   19.7819939       1.00000000    
   19.8111534       1.00000000    
   19.8403111       1.00000000    
   19.8694706       1.00000000    
   19.8986282       1.00000000    
   19.9277859       1.00000000    
   19.9569454       1.00000000    
   19.9861031       1.00000000    
   20.0152626       1.00000000    
   20.0444202       1.00000000    
   20.0735798       1.00000000    
   20.1027374       1.00000000    
   20.1318970       1.00000000    
   20.1610546       1.00000000    
   20.1902142       1.00000000    
   20.2193718       1.00000000    
   20.2485313       1.00000000    
   20.2776890       1.00000000    
   20.3068466       1.00000000    
   20.3360062       1.00000000    
   20.3651638       1.00000000    
   20.3943233       1.00000000    
   20.4234810       1.00000000    
   20.4526405       1.00000000    
   20.4817982       1.00000000    
   20.5109577       1.00000000    
   20.5401154       1.00000000    
   20.5692749       1.00000000    
   20.5984325       1.00000000    
   20.6275902       1.00000000    
   20.6567497       1.00000000    
   20.6859074       1.00000000    
   20.7150669       1.00000000    
   20.7442245       1.00000000    
   20.7733841       1.00000000    
   20.8025417       1.00000000    
   20.8317013       1.00000000    
   20.8608589       1.00000000    
   20.8900185       1.00000000    
   20.9191761       1.00000000    
   20.9483337       1.00000000    
   20.9774933       1.00000000    
   21.0066509       1.00000000    
   21.0358105       1.00000000    
   21.0649681       1.00000000    
   21.0941277       1.00000000    
   21.1232853       1.00000000    
   21.1524448       1.00000000    
   21.1816025       1.00000000    
   21.2107620       1.00000000    
   21.2399197       1.00000000    
   21.2690792       1.00000000    
   21.2982368       1.00000000    
   21.3273945       1.00000000    
   21.3565540       1.00000000    
   21.3857117       1.00000000    
   21.4148712       1.00000000    
   21.4440289       1.00000000    
   21.4731884       1.00000000    
   21.5023460       1.00000000    
   21.5315056       1.00000000    
   21.5606632       1.00000000    
   21.5898228       1.00000000    
   21.6189804       1.00000000    
   21.6481380       1.00000000    
   21.6772976       1.00000000    
   21.7064552       1.00000000    
   21.7356148       1.00000000    
   21.7647724       1.00000000    
   21.7939320       1.00000000    
   21.8230896       1.00000000    
   21.8522491       1.00000000    
   21.8814068       1.00000000    
   21.9105663       1.00000000    
   21.9397240       1.00000000    
   21.9688816       1.00000000    
   21.9980412       1.00000000    
   22.0271988       1.00000000    
   22.0563583       1.00000000    
   22.0855160       1.00000000    
   22.1146755       1.00000000    
   22.1438332       1.00000000    
   22.1729927       1.00000000    
   22.2021503       1.00000000    
   22.2313099       1.00000000    
   22.2604675       1.00000000    
   22.2896252       1.00000000    
   22.3187847       1.00000000    
   22.3479424       1.00000000    
   22.3771019       1.00000000    
   22.4062595       1.00000000    
   22.4354191       1.00000000    
   22.4645767       1.00000000    
   22.4937363       1.00000000    
   22.5228939       1.00000000    
   22.5520535       1.00000000    
   22.5812111       1.00000000    
   22.6103706       1.00000000    
   22.6395283       1.00000000    
   22.6686859       1.00000000    
   22.6978455       1.00000000    
   22.7270031       1.00000000    
   22.7561626       1.00000000    
   22.7853203       1.00000000    
   22.8144798       1.00000000    
   22.8436375       1.00000000    
   22.8727970       1.00000000    
   22.9019547       1.00000000    
   22.9311142       1.00000000    
   22.9602718       1.00000000    
   22.9894295       1.00000000    
   23.0185890       1.00000000    
   23.0477467       1.00000000    
   23.0769062       1.00000000    
   23.1060638       1.00000000    
   23.1352234       1.00000000    
   23.1643810       1.00000000    
   23.1935406       1.00000000    
   23.2226982       1.00000000    
   23.2518578       1.00000000    
   23.2810154       1.00000000    
   23.3101730       1.00000000    
   23.3393326       1.00000000    
   23.3684902       1.00000000    
   23.3976498       1.00000000    
   23.4268074       1.00000000    
   23.4559669       1.00000000    
   23.4851246       1.00000000    
   23.5142841       1.00000000    
   23.5434418       1.00000000    
   23.5726013       1.00000000    
   23.6017590       1.00000000    
   23.6309185       1.00000000    
   23.6600761       1.00000000    
   23.6892338       1.00000000    
   23.7183933       1.00000000    
   23.7475510       1.00000000    
   23.7767105       1.00000000    
   23.8058681       1.00000000    
   23.8350277       1.00000000    
   23.8641853       1.00000000    
   23.8933449       1.00000000    
   23.9225025       1.00000000    
   23.9516621       1.00000000    
   23.9808197       1.00000000    
   24.0099773       1.00000000    
   24.0391369       1.00000000    
   24.0682945       1.00000000    
   24.0974541       1.00000000    
   24.1266117       1.00000000    
   24.1557713       1.00000000    
   24.1849289       1.00000000    
   24.2140884       1.00000000    
   24.2432461       1.00000000    
   24.2724056       1.00000000    
   24.3015633       1.00000000    
   24.3307209       1.00000000    
   24.3598804       1.00000000    
   24.3890381       1.00000000    
   24.4181976       1.00000000    
   24.4473553       1.00000000    
   24.4765148       1.00000000    
   24.5056725       1.00000000    
   24.5348320       1.00000000    
   24.5639896       1.00000000    
   24.5931492       1.00000000    
   24.6223068       1.00000000    
   24.6514664       1.00000000    
   24.6806240       1.00000000    
   24.7097816       1.00000000    
   24.7389412       1.00000000    
   24.7680988       1.00000000    
   24.7972584       1.00000000    
   24.8264160       1.00000000    
   24.8555756       1.00000000    
   24.8847332       1.00000000    
   24.9138927       1.00000000    
   24.9430504       1.00000000    
   24.9722099       1.00000000    
   25.0013676       1.00000000    
   25.0305252      0.999999940    
   25.0596848      0.999999940    
   25.0888424      0.999999940    
   25.1180019      0.999999881    
   25.1471596      0.999999881    
   25.1763191      0.999999821    
   25.2054768      0.999999762    
   25.2346363      0.999999642    
   25.2637939      0.999999523    
   25.2929535      0.999999285    
   25.3221111      0.999999046    
   25.3512688      0.999998629    
   25.3804283      0.999998093    
   25.4095860      0.999997377    
   25.4387455      0.999996305    
   25.4679031      0.999994874    
   25.4970627      0.999992907    
   25.5262203      0.999990106    
   25.5553799      0.999986231    
   25.5845375      0.999980807    
   25.6136971      0.999973297    
   25.6428547      0.999962807    
   25.6720123      0.999948263    
   25.7011719      0.999927998    
   25.7303295      0.999899745    
   25.7594891      0.999860466    
   25.7886467      0.999805808    
   25.8178062      0.999729753    
   25.8469639      0.999623954    
   25.8761234      0.999476671    
   25.9052811      0.999271750    
   25.9344406      0.998986721    
   25.9635983      0.998590231    
   25.9927578      0.998038948    
   26.0219154      0.997272670    
   26.0510731      0.996208072    
   26.0802326      0.994730175    
   26.1093903      0.992680490    
   26.1385498      0.989841759    
   26.1677074      0.985917628    
   26.1968670      0.980507493    
   26.2260246      0.973075628    
   26.2551842      0.962917387    
   26.2843418      0.949127018    
   26.3135014      0.930577934    
   26.3426590      0.905935824    
   26.3718166      0.873733580    
   26.4009762      0.832544863    
   26.4301338      0.781283557    
   26.4592934      0.719614923    
   26.4884510      0.648383796    
   26.5176105      0.569872975    
   26.5467682      0.487683296    
   26.5759277      0.406154275    
   26.6050854      0.329489231    
   26.6342449      0.260936677    
   26.6634026      0.202342823    
   26.6925602      0.154161826    
   26.7217197      0.115788110    
   26.7508774       8.59951824E-02
   26.7800369       6.33191839E-02
   26.8091946       4.63195778E-02
   26.8383541       3.37196365E-02
   26.8675117       2.44592540E-02
   26.8966713       1.76954642E-02
   26.9258289       1.27775883E-02
   26.9549885       9.21365432E-03
   26.9841461       6.63709268E-03
   27.0133057       4.77758190E-03
   27.0424633       3.43724643E-03
   27.0716209       2.47200392E-03
   27.1007805       1.77733600E-03
   27.1299381       1.27762952E-03
   27.1590977       9.18288599E-04
   27.1882553       6.59947691E-04
   27.2174149       4.74250992E-04
   27.2465725       3.40787985E-04
   27.2757320       2.44874740E-04
   27.3048897       1.75951092E-04
   27.3340492       1.26424580E-04
   27.3632069       9.08374641E-05
   27.3923645       6.52670788E-05
   27.4215240       4.68943108E-05
   27.4506817       3.36933299E-05
   27.4798412       2.42084006E-05
   27.5089989       1.73935041E-05
   27.5381584       1.24970429E-05
   27.5673161       8.97897644E-06
   27.5964756       6.45128102E-06
   27.6256332       4.63516062E-06
   27.6547928       3.33030039E-06
   27.6839504       2.39277483E-06
   27.7131081       1.71917532E-06
   27.7422676       1.23520329E-06
   27.7714252       8.87476006E-07
   27.8005848       6.37638834E-07
   27.8297424       4.58134366E-07
   27.8589020       3.29162987E-07
   27.8880596       2.36498863E-07
   27.9172192       1.69921023E-07
   27.9463768       1.22085808E-07
   27.9755363       8.77168915E-08
   28.0046940       6.30233217E-08
   28.0338535       4.52813467E-08
   28.0630112       3.25339933E-08
   28.0921688       2.33752040E-08
   28.1213284       1.67947469E-08
   28.1504860       1.20667831E-08
   28.1796455       8.66980976E-09
   28.2088032       6.22913277E-09
   28.2379627       4.47554172E-09
   28.2671204       3.21561222E-09
   28.2962799       2.31037101E-09
   28.3254375       1.65996816E-09
   28.3545971       1.19266308E-09
   28.3837547       8.56911209E-10
   28.4129124       6.15678342E-10
   28.4420719       4.42355985E-10
   28.4712296       3.17826376E-10
   28.5003891       2.28353655E-10
   28.5295467       1.64068800E-10
   28.5587063       1.17881066E-10
   28.5878639       8.46958406E-11
   28.6170235       6.08527395E-11
   28.6461811       4.37218144E-11
   28.6753407       3.14134933E-11
   28.7044983       2.25701402E-11
   28.7336559       1.62163200E-11
   28.7628155       1.16511913E-11
   28.7919731       8.37121258E-12
   28.8211327       6.01459551E-12
   28.8502903       4.32140001E-12
   28.8794498       3.10486337E-12
   28.9086075       2.23079953E-12
   28.9377670       1.60279721E-12
   28.9669247       1.15158664E-12
   28.9960842       8.27398317E-13
   29.0252419       5.94473743E-13
   29.0543995       4.27120795E-13
   29.0835590       3.06880118E-13
   29.1127167       2.20488937E-13
   29.1418762       1.58418119E-13
   29.1710339       1.13821130E-13
   29.2001934       8.17788355E-14
   29.2293510       5.87569137E-14
   29.2585106       4.22159933E-14
   29.2876682       3.03315790E-14
   29.3168278       2.17928025E-14
   29.3459854       1.56578140E-14
   29.3751450       1.12499130E-14
   29.4043026       8.08289999E-15
   29.4334602       5.80744677E-15
   29.4626198       4.17256646E-15
   29.4917774       2.99792870E-15
   29.5209370       2.15396857E-15
   29.5500946       1.54759526E-15
   29.5792542       1.11192482E-15
   29.6084118       7.98901941E-16
   29.6375713       5.73999500E-16
   29.6667290       4.12410336E-16
   29.6958885       2.96310866E-16
   29.7250462       2.12895074E-16
   29.7542038       1.52962040E-16
   29.7833633       1.09901016E-16
   29.8125210       7.89622907E-17
   29.8416805       5.67332676E-17
   29.8708382       4.07620312E-17
   29.8999977       2.92869318E-17
   29.9291553       2.10422357E-17
