  0.100000001       143.997543    
  0.129158512       111.489014    
  0.158317015       90.9551926    
  0.187475532       76.8087158    
  0.216634035       66.4704132    
  0.245792553       58.5849915    
  0.274951071       52.3720627    
  0.304109573       47.3505478    
  0.333268076       43.2077217    
  0.362426579       39.7315063    
  0.391585112       36.7729874    
  0.420743614       34.2245369    
  0.449902117       32.0064163    
  0.479060620       30.0583134    
  0.508219123       28.3337517    
  0.537377656       26.7963409    
  0.566536188       25.4171848    
  0.595694661       24.1730461    
  0.624853194       23.0450211    
  0.654011667       22.0175800    
  0.683170199       21.0778427    
  0.712328732       20.2150421    
  0.741487205       19.4200974    
  0.770645738       18.6853104    
  0.799804211       18.0040989    
  0.828962743       17.3708096    
  0.858121276       16.7805595    
  0.887279749       16.2291031    
  0.916438282       15.7127380    
  0.945596814       15.2282181    
  0.974755287       14.7726870    
   1.00391376       14.3436165    
   1.03307235       13.9387674    
   1.06223083       13.5561447    
   1.09138930       13.1939669    
   1.12054789       12.8506374    
   1.14970636       12.5247240    
   1.17886484       12.2149324    
   1.20802343       11.9200954    
   1.23718190       11.6391573    
   1.26634037       11.3711557    
   1.29549897       11.1152191    
   1.32465744       10.8705502    
   1.35381591       10.6364193    
   1.38297439       10.4121628    
   1.41213298       10.1971664    
   1.44129145       9.99086952    
   1.47044992       9.79275417    
   1.49960852       9.60234261    
   1.52876699       9.41919518    
   1.55792546       9.24290276    
   1.58708405       9.07308865    
   1.61624253       8.90940189    
   1.64540100       8.75151634    
   1.67455959       8.59912968    
   1.70371807       8.45195866    
   1.73287654       8.30974007    
   1.76203501       8.17222881    
   1.79119360       8.03919506    
   1.82035208       7.91042280    
   1.84951055       7.78571081    
   1.87866914       7.66486979    
   1.90782762       7.54772282    
   1.93698609       7.43410301    
   1.96614468       7.32385302    
   1.99530315       7.21682549    
   2.02446175       7.11288071    
   2.05362010       7.01188803    
   2.08277869       6.91372299    
   2.11193728       6.81826830    
   2.14109564       6.72541380    
   2.17025423       6.63505411    
   2.19941282       6.54709053    
   2.22857118       6.46142864    
   2.25772977       6.37797976    
   2.28688836       6.29665852    
   2.31604671       6.21738482    
   2.34520531       6.14008284    
   2.37436366       6.06467915    
   2.40352225       5.99110508    
   2.43268085       5.91929483    
   2.46183920       5.84918547    
   2.49099779       5.78071737    
   2.52015638       5.71383381    
   2.54931474       5.64848042    
   2.57847333       5.58460474    
   2.60763192       5.52215767    
   2.63679028       5.46109200    
   2.66594887       5.40136194    
   2.69510746       5.34292412    
   2.72426581       5.28573751    
   2.75342441       5.22976208    
   2.78258300       5.17495966    
   2.81174135       5.12129402    
   2.84089994       5.06872988    
   2.87005854       5.01723385    
   2.89921689       4.96677351    
   2.92837548       4.91731834    
   2.95753407       4.86883831    
   2.98669243       4.82130480    
   3.01585102       4.77469015    
   3.04500961       4.72896862    
   3.07416797       4.68411446    
   3.10332656       4.64010286    
   3.13248515       4.59691095    
   3.16164351       4.55451536    
   3.19080210       4.51289511    
   3.21996045       4.47202826    
   3.24911904       4.43189478    
   3.27827764       4.39247561    
   3.30743599       4.35375118    
   3.33659458       4.31570387    
   3.36575317       4.27831554    
   3.39491153       4.24156952    
   3.42407012       4.20544958    
   3.45322871       4.16993952    
   3.48238707       4.13502407    
   3.51154566       4.10068846    
   3.54070425       4.06691837    
   3.56986260       4.03369999    
   3.59902120       4.00101948    
   3.62817979       3.96886468    
   3.65733814       3.93722248    
   3.68649673       3.90608096    
   3.71565533       3.87542796    
   3.74481368       3.84525251    
   3.77397227       3.81554317    
   3.80313087       3.78628969    
   3.83228922       3.75748110    
   3.86144781       3.72910762    
   3.89060640       3.70115948    
   3.91976476       3.67362714    
   3.94892335       3.64650130    
   3.97808194       3.61977339    
   4.00724030       3.59343410    
   4.03639889       3.56747556    
   4.06555748       3.54188943    
   4.09471607       3.51666760    
   4.12387419       3.49180245    
   4.15303278       3.46728635    
   4.18219137       3.44311237    
   4.21134996       3.41927290    
   4.24050856       3.39576125    
   4.26966715       3.37257099    
   4.29882526       3.34969521    
   4.32798386       3.32712746    
   4.35714245       3.30486202    
   4.38630104       3.28289247    
   4.41545963       3.26121306    
   4.44461823       3.23981833    
   4.47377634       3.21870232    
   4.50293493       3.19785976    
   4.53209352       3.17728543    
   4.56125212       3.15697408    
   4.59041071       3.13692093    
   4.61956882       3.11712074    
   4.64872742       3.09756899    
   4.67788601       3.07826114    
   4.70704460       3.05919218    
   4.73620319       3.04035830    
   4.76536179       3.02175474    
   4.79451990       3.00337768    
   4.82367849       2.98522258    
   4.85283709       2.96728587    
   4.88199568       2.94956326    
   4.91115427       2.93205094    
   4.94031286       2.91474557    
   4.96947098       2.89764333    
   4.99862957       2.88074040    
   5.02778816       2.86403370    
   5.05694675       2.84751964    
   5.08610535       2.83119488    
   5.11526394       2.81505609    
   5.14442205       2.79910040    
   5.17358065       2.78332448    
   5.20273924       2.76772547    
   5.23189783       2.75230050    
   5.26105642       2.73704624    
   5.29021502       2.72196031    
   5.31937313       2.70703959    
   5.34853172       2.69228172    
   5.37769032       2.67768383    
   5.40684891       2.66324329    
   5.43600750       2.64895797    
   5.46516562       2.63482475    
   5.49432421       2.62084174    
   5.52348280       2.60700631    
   5.55264139       2.59331608    
   5.58179998       2.57976913    
   5.61095858       2.56636262    
   5.64011669       2.55309510    
   5.66927528       2.53996372    
   5.69843388       2.52696705    
   5.72759247       2.51410246    
   5.75675106       2.50136828    
   5.78590965       2.48876262    
   5.81506777       2.47628307    
   5.84422636       2.46392822    
   5.87338495       2.45169592    
   5.90254354       2.43958473    
   5.93170214       2.42759228    
   5.96086073       2.41571736    
   5.99001884       2.40395808    
   6.01917744       2.39231253    
   6.04833603       2.38077950    
   6.07749462       2.36935711    
   6.10665321       2.35804367    
   6.13581181       2.34683776    
   6.16496992       2.33573794    
   6.19412851       2.32474256    
   6.22328711       2.31385016    
   6.25244570       2.30305958    
   6.28160429       2.29236889    
   6.31076241       2.28177714    
   6.33992100       2.27128291    
   6.36907959       2.26088476    
   6.39823818       2.25058126    
   6.42739677       2.24037123    
   6.45655537       2.23025346    
   6.48571348       2.22022676    
   6.51487207       2.21028972    
   6.54403067       2.20044112    
   6.57318926       2.19068003    
   6.60234785       2.18100524    
   6.63150644       2.17141533    
   6.66066456       2.16190958    
   6.68982315       2.15248656    
   6.71898174       2.14314532    
   6.74814034       2.13388491    
   6.77729893       2.12470412    
   6.80645752       2.11560202    
   6.83561563       2.10657740    
   6.86477423       2.09762979    
   6.89393282       2.08875751    
   6.92309141       2.07996011    
   6.95225000       2.07123661    
   6.98140860       2.06258583    
   7.01056671       2.05400705    
   7.03972530       2.04549956    
   7.06888390       2.03706193    
   7.09804249       2.02869368    
   7.12720108       2.02039409    
   7.15635920       2.01216197    
   7.18551779       2.00399685    
   7.21467638       1.99589753    
   7.24383497       1.98786342    
   7.27299356       1.97989380    
   7.30215216       1.97198784    
   7.33131027       1.96414471    
   7.36046886       1.95636368    
   7.38962746       1.94864416    
   7.41878605       1.94098532    
   7.44794464       1.93338633    
   7.47710323       1.92584670    
   7.50626135       1.91836572    
   7.53541994       1.91094255    
   7.56457853       1.90357661    
   7.59373713       1.89626718    
   7.62289572       1.88901377    
   7.65205431       1.88181555    
   7.68121243       1.87467206    
   7.71037102       1.86758256    
   7.73952961       1.86054647    
   7.76868820       1.85356319    
   7.79784679       1.84663212    
   7.82700539       1.83975279    
   7.85616350       1.83292449    
   7.88532209       1.82614660    
   7.91448069       1.81941879    
   7.94363928       1.81274021    
   7.97279787       1.80611062    
   8.00195599       1.79952931    
   8.03111458       1.79299569    
   8.06027317       1.78650951    
   8.08943176       1.78006995    
   8.11859035       1.77367675    
   8.14774895       1.76732922    
   8.17690754       1.76102698    
   8.20606613       1.75476956    
   8.23522472       1.74855649    
   8.26438236       1.74238718    
   8.29354095       1.73626125    
   8.32269955       1.73017824    
   8.35185814       1.72413778    
   8.38101673       1.71813929    
   8.41017532       1.71218240    
   8.43933392       1.70626676    
   8.46849251       1.70039177    
   8.49765110       1.69455707    
   8.52680969       1.68876231    
   8.55596828       1.68300712    
   8.58512688       1.67729092    
   8.61428452       1.67161345    
   8.64344311       1.66597426    
   8.67260170       1.66037309    
   8.70176029       1.65480936    
   8.73091888       1.64928281    
   8.76007748       1.64379311    
   8.78923607       1.63833976    
   8.81839466       1.63292241    
   8.84755325       1.62754095    
   8.87671185       1.62219477    
   8.90587044       1.61688352    
   8.93502808       1.61160696    
   8.96418667       1.60636485    
   8.99334526       1.60115659    
   9.02250385       1.59598207    
   9.05166245       1.59084082    
   9.08082104       1.58573270    
   9.10997963       1.58065712    
   9.13913822       1.57561409    
   9.16829681       1.57060301    
   9.19745541       1.56562376    
   9.22661400       1.56067598    
   9.25577259       1.55575943    
   9.28493023       1.55087364    
   9.31408882       1.54601848    
   9.34324741       1.54119372    
   9.37240601       1.53639889    
   9.40156460       1.53163385    
   9.43072319       1.52689826    
   9.45988178       1.52219176    
   9.48904037       1.51751435    
   9.51819897       1.51286554    
   9.54735756       1.50824511    
   9.57651615       1.50365281    
   9.60567379       1.49908841    
   9.63483238       1.49455154    
   9.66399097       1.49004221    
   9.69314957       1.48555994    
   9.72230816       1.48110449    
   9.75146675       1.47667575    
   9.78062534       1.47227335    
   9.80978394       1.46789718    
   9.83894253       1.46354699    
   9.86810112       1.45922244    
   9.89725971       1.45492339    
   9.92641830       1.45064962    
   9.95557594       1.44640088    
   9.98473454       1.44217694    
   10.0138931       1.43797755    
   10.0430517       1.43380260    
   10.0722103       1.42965186    
   10.1013689       1.42552507    
   10.1305275       1.42142200    
   10.1596861       1.41734242    
   10.1888447       1.41328633    
   10.2180033       1.40925336    
   10.2471619       1.40524328    
   10.2763205       1.40125597    
   10.3054781       1.39729118    
   10.3346367       1.39334881    
   10.3637953       1.38942862    
   10.3929539       1.38553047    
   10.4221125       1.38165414    
   10.4512711       1.37779939    
   10.4804296       1.37396610    
   10.5095882       1.37015402    
   10.5387468       1.36636305    
   10.5679054       1.36259305    
   10.5970640       1.35884380    
   10.6262217       1.35511518    
   10.6553802       1.35140681    
   10.6845388       1.34771883    
   10.7136974       1.34405088    
   10.7428560       1.34040284    
   10.7720146       1.33677447    
   10.8011732       1.33316576    
   10.8303318       1.32957649    
   10.8594904       1.32600653    
   10.8886490       1.32245564    
   10.9178076       1.31892371    
   10.9469662       1.31541061    
   10.9761238       1.31191611    
   11.0052824       1.30844021    
   11.0344410       1.30498266    
   11.0635996       1.30154335    
   11.0927582       1.29812205    
   11.1219168       1.29471874    
   11.1510754       1.29133332    
   11.1802340       1.28796542    
   11.2093925       1.28461504    
   11.2385511       1.28128219    
   11.2677097       1.27796650    
   11.2968674       1.27466786    
   11.3260260       1.27138627    
   11.3551846       1.26812148    
   11.3843431       1.26487350    
   11.4135017       1.26164210    
   11.4426603       1.25842714    
   11.4718189       1.25522852    
   11.5009775       1.25204611    
   11.5301361       1.24887991    
   11.5592947       1.24572957    
   11.5884533       1.24259508    
   11.6176119       1.23947632    
   11.6467695       1.23637319    
   11.6759281       1.23328555    
   11.7050867       1.23021340    
   11.7342453       1.22715640    
   11.7634039       1.22411454    
   11.7925625       1.22108781    
   11.8217211       1.21807599    
   11.8508797       1.21507895    
   11.8800383       1.21209669    
   11.9091969       1.20912898    
   11.9383554       1.20617580    
   11.9675140       1.20323694    
   11.9966717       1.20031238    
   12.0258303       1.19740212    
   12.0549889       1.19450581    
   12.0841475       1.19162357    
   12.1133060       1.18875515    
   12.1424646       1.18590045    
   12.1716232       1.18305945    
   12.2007818       1.18023217    
   12.2299404       1.17741823    
   12.2590990       1.17461777    
   12.2882576       1.17183053    
   12.3174152       1.16905642    
   12.3465738       1.16629553    
   12.3757324       1.16354764    
   12.4048910       1.16081262    
   12.4340496       1.15809047    
   12.4632082       1.15538108    
   12.4923668       1.15268421    
   12.5215254       1.14999998    
   12.5506840       1.14732826    
   12.5798426       1.14466894    
   12.6090012       1.14202189    
   12.6381598       1.13938701    
   12.6673174       1.13676429    
   12.6964760       1.13415360    
   12.7256346       1.13155496    
   12.7547932       1.12896812    
   12.7839518       1.12639308    
   12.8131104       1.12382972    
   12.8422689       1.12127805    
   12.8714275       1.11873794    
   12.9005861       1.11620939    
   12.9297447       1.11369216    
   12.9589033       1.11118627    
   12.9880610       1.10869157    
   13.0172195       1.10620809    
   13.0463781       1.10373580    
   13.0755367       1.10127437    
   13.1046953       1.09882402    
   13.1338539       1.09638453    
   13.1630125       1.09395587    
   13.1921711       1.09153783    
   13.2213297       1.08913064    
   13.2504883       1.08673394    
   13.2796469       1.08434772    
   13.3088055       1.08197200    
   13.3379631       1.07960665    
   13.3671217       1.07725167    
   13.3962803       1.07490695    
   13.4254389       1.07257235    
   13.4545975       1.07024789    
   13.4837561       1.06793344    
   13.5129147       1.06562901    
   13.5420732       1.06333458    
   13.5712318       1.06104994    
   13.6003904       1.05877507    
   13.6295490       1.05650997    
   13.6587076       1.05425453    
   13.6878653       1.05200875    
   13.7170238       1.04977250    
   13.7461824       1.04754567    
   13.7753410       1.04532838    
   13.8044996       1.04312038    
   13.8336582       1.04092169    
   13.8628168       1.03873217    
   13.8919754       1.03655195    
   13.9211340       1.03438091    
   13.9502926       1.03221881    
   13.9794512       1.03006577    
   14.0086088       1.02792180    
   14.0377674       1.02578664    
   14.0669260       1.02366030    
   14.0960846       1.02154279    
   14.1252432       1.01943409    
   14.1544018       1.01733398    
   14.1835604       1.01524258    
   14.2127190       1.01315975    
   14.2418776       1.01108539    
   14.2710361       1.00901961    
   14.3001947       1.00696218    
   14.3293533       1.00491309    
   14.3585110       1.00287235    
   14.3876696       1.00083995    
   14.4168282      0.998815715    
   14.4459867      0.996799648    
   14.4751453      0.994791687    
   14.5043039      0.992791831    
   14.5334625      0.990799963    
   14.5626211      0.988816142    
   14.5917797      0.986840189    
   14.6209383      0.984872162    
   14.6500969      0.982911944    
   14.6792545      0.980959475    
   14.7084131      0.979014814    
   14.7375717      0.977077782    
   14.7667303      0.975148439    
   14.7958889      0.973226726    
   14.8250475      0.971312523    
   14.8542061      0.969405890    
   14.8833647      0.967506647    
   14.9125233      0.965614915    
   14.9416819      0.963730514    
   14.9708405      0.961853445    
   14.9999990      0.959983706    
   15.0291567      0.958121240    
   15.0583153      0.956265926    
   15.0874739      0.954417825    
   15.1166325      0.952576876    
   15.1457911      0.950742960    
   15.1749496      0.948916137    
   15.2041082      0.947096288    
   15.2332668      0.945283413    
   15.2624254      0.943477452    
   15.2915840      0.941678405    
   15.3207426      0.939886212    
   15.3499012      0.938100815    
   15.3790588      0.936322212    
   15.4082174      0.934550285    
   15.4373760      0.932785094    
   15.4665346      0.931026578    
   15.4956932      0.929274619    
   15.5248518      0.927529275    
   15.5540104      0.925790489    
   15.5831690      0.924058199    
   15.6123276      0.922332346    
   15.6414862      0.920612931    
   15.6706448      0.918899953    
   15.6998024      0.917193353    
   15.7289610      0.915493011    
   15.7581196      0.913799047    
   15.7872782      0.912111282    
   15.8164368      0.910429716    
   15.8455954      0.908754408    
   15.8747540      0.907085240    
   15.9039125      0.905422151    
   15.9330711      0.903765142    
   15.9622297      0.902114213    
   15.9913883      0.900469363    
   16.0205460      0.898830414    
   16.0497055      0.897197485    
   16.0788631      0.895570397    
   16.1080227      0.893949270    
   16.1371803      0.892333984    
   16.1663399      0.890724540    
   16.1954975      0.889120877    
   16.2246552      0.887522936    
   16.2538147      0.885930777    
   16.2829723      0.884344280    
   16.3121319      0.882763505    
   16.3412895      0.881188333    
   16.3704491      0.879618824    
   16.3996067      0.878054857    
   16.4287663      0.876496434    
   16.4579239      0.874943554    
   16.4870834      0.873396158    
   16.5162411      0.871854246    
   16.5453987      0.870317698    
   16.5745583      0.868786633    
   16.6037159      0.867260933    
   16.6328754      0.865740538    
   16.6620331      0.864225507    
   16.6911926      0.862715781    
   16.7203503      0.861211300    
   16.7495098      0.859712005    
   16.7786674      0.858218014    
   16.8078270      0.856729150    
   16.8369846      0.855245471    
   16.8661442      0.853766859    
   16.8953018      0.852293432    
   16.9244595      0.850825012    
   16.9536190      0.849361718    
   16.9827766      0.847903371    
   17.0119362      0.846450090    
   17.0410938      0.845001757    
   17.0702534      0.843558371    
   17.0994110      0.842119873    
   17.1285706      0.840686321    
   17.1577282      0.839257658    
   17.1868877      0.837833762    
   17.2160454      0.836414754    
   17.2452030      0.835000515    
   17.2743626      0.833591104    
   17.3035202      0.832186401    
   17.3326797      0.830786407    
   17.3618374      0.829391122    
   17.3909969      0.828000546    
   17.4201546      0.826614618    
   17.4493141      0.825233281    
   17.4784718      0.823856592    
   17.5076313      0.822484493    
   17.5367889      0.821116924    
   17.5659466      0.819753945    
   17.5951061      0.818395436    
   17.6242638      0.817041457    
   17.6534233      0.815691948    
   17.6825809      0.814346850    
   17.7117405      0.813006222    
   17.7408981      0.811669946    
   17.7700577      0.810338140    
   17.7992153      0.809010625    
   17.8283749      0.807687461    
   17.8575325      0.806368649    
   17.8866920      0.805054128    
   17.9158497      0.803743899    
   17.9450073      0.802437901    
   17.9741669      0.801136136    
   18.0033245      0.799838603    
   18.0324841      0.798545241    
   18.0616417      0.797256112    
   18.0908012      0.795971096    
   18.1199589      0.794690251    
   18.1491184      0.793413460    
   18.1782761      0.792140841    
   18.2074356      0.790872216    
   18.2365932      0.789607704    
   18.2657509      0.788347185    
   18.2949104      0.787090719    
   18.3240681      0.785838246    
   18.3532276      0.784589767    
   18.3823853      0.783345222    
   18.4115448      0.782104671    
   18.4407024      0.780867994    
   18.4698620      0.779635251    
   18.4990196      0.778406322    
   18.5281792      0.777181327    
   18.5573368      0.775960207    
   18.5864944      0.774742842    
   18.6156540      0.773529351    
   18.6448116      0.772319615    
   18.6739712      0.771113694    
   18.7031288      0.769911528    
   18.7322884      0.768713057    
   18.7614460      0.767518342    
   18.7906055      0.766327322    
   18.8197632      0.765140057    
   18.8489227      0.763956368    
   18.8780804      0.762776434    
   18.9072380      0.761600077    
   18.9363976      0.760427356    
   18.9655552      0.759258211    
   18.9947147      0.758092701    
   19.0238724      0.756930768    
   19.0530319      0.755772352    
   19.0821896      0.754617512    
   19.1113491      0.753466189    
   19.1405067      0.752318323    
   19.1696663      0.751174033    
   19.1988239      0.750033140    
   19.2279835      0.748895764    
   19.2571411      0.747761786    
   19.2862988      0.746631265    
   19.3154583      0.745504141    
   19.3446159      0.744380474    
   19.3737755      0.743260145    
   19.4029331      0.742143154    
   19.4320927      0.741029561    
   19.4612503      0.739919305    
   19.4904099      0.738812327    
   19.5195675      0.737708688    
   19.5487270      0.736608326    
   19.5778847      0.735511243    
   19.6070423      0.734417439    
   19.6362019      0.733326852    
   19.6653595      0.732239544    
   19.6945190      0.731155455    
   19.7236767      0.730074525    
   19.7528362      0.728996813    
   19.7819939      0.727922261    
   19.8111534      0.726850927    
   19.8403111      0.725782692    
   19.8694706      0.724717617    
   19.8986282      0.723655641    
   19.9277859      0.722596765    
   19.9569454      0.721540987    
   19.9861031      0.720488310    
   20.0152626      0.719438732    
   20.0444202      0.718392134    
   20.0735798      0.717348635    
   20.1027374      0.716308117    
   20.1318970      0.715270638    
   20.1610546      0.714236140    
   20.1902142      0.713204682    
   20.2193718      0.712176144    
   20.2485313      0.711150587    
   20.2776890      0.710128009    
   20.3068466      0.709108293    
   20.3360062      0.708091557    
   20.3651638      0.707077742    
   20.3943233      0.706066787    
   20.4234810      0.705058753    
   20.4526405      0.704053581    
   20.4817982      0.703051269    
   20.5109577      0.702051818    
   20.5401154      0.701055169    
   20.5692749      0.700061381    
   20.5984325      0.699070394    
   20.6275902      0.698082209    
   20.6567497      0.697096825    
   20.6859074      0.696114182    
   20.7150669      0.695134342    
   20.7442245      0.694157243    
   20.7733841      0.693182886    
   20.8025417      0.692211270    
   20.8317013      0.691242397    
   20.8608589      0.690276206    
   20.8900185      0.689312696    
   20.9191761      0.688351870    
   20.9483337      0.687393785    
   20.9774933      0.686438262    
   21.0066509      0.685485482    
   21.0358105      0.684535265    
   21.0649681      0.683587730    
   21.0941277      0.682642817    
   21.1232853      0.681700528    
   21.1524448      0.680760801    
   21.1816025      0.679823637    
   21.2107620      0.678889096    
   21.2399197      0.677957118    
   21.2690792      0.677027643    
   21.2982368      0.676100791    
   21.3273945      0.675176442    
   21.3565540      0.674254596    
   21.3857117      0.673335254    
   21.4148712      0.672418475    
   21.4440289      0.671504140    
   21.4731884      0.670592308    
   21.5023460      0.669682920    
   21.5315056      0.668776035    
   21.5606632      0.667871594    
   21.5898228      0.666969597    
   21.6189804      0.666069984    
   21.6481380      0.665172875    
   21.6772976      0.664278150    
   21.7064552      0.663385808    
   21.7356148      0.662495852    
   21.7647724      0.661608279    
   21.7939320      0.660723150    
   21.8230896      0.659840286    
   21.8522491      0.658959866    
   21.8814068      0.658081770    
   21.9105663      0.657205999    
   21.9397240      0.656332552    
   21.9688816      0.655461371    
   21.9980412      0.654592574    
   22.0271988      0.653726041    
   22.0563583      0.652861834    
   22.0855160      0.651999891    
   22.1146755      0.651140213    
   22.1438332      0.650282800    
   22.1729927      0.649427652    
   22.2021503      0.648574769    
   22.2313099      0.647724092    
   22.2604675      0.646875679    
   22.2896252      0.646029413    
   22.3187847      0.645185411    
   22.3479424      0.644343615    
   22.3771019      0.643504024    
   22.4062595      0.642666578    
   22.4354191      0.641831338    
   22.4645767      0.640998244    
   22.4937363      0.640167296    
   22.5228939      0.639338553    
   22.5520535      0.638511896    
   22.5812111      0.637687445    
   22.6103706      0.636865079    
   22.6395283      0.636044800    
   22.6686859      0.635226667    
   22.6978455      0.634410620    
   22.7270031      0.633596718    
   22.7561626      0.632784843    
   22.7853203      0.631975055    
   22.8144798      0.631167352    
   22.8436375      0.630361676    
   22.8727970      0.629558086    
   22.9019547      0.628756583    
   22.9311142      0.627957046    
   22.9602718      0.627159595    
   22.9894295      0.626364112    
   23.0185890      0.625570714    
   23.0477467      0.624779284    
   23.0769062      0.623989820    
   23.1060638      0.623202384    
   23.1352234      0.622416914    
   23.1643810      0.621633470    
   23.1935406      0.620851934    
   23.2226982      0.620072424    
   23.2518578      0.619294822    
   23.2810154      0.618519187    
   23.3101730      0.617745459    
   23.3393326      0.616973698    
   23.3684902      0.616203845    
   23.3976498      0.615435958    
   23.4268074      0.614669919    
   23.4559669      0.613905847    
   23.4851246      0.613143623    
   23.5142841      0.612383306    
   23.5434418      0.611624837    
   23.5726013      0.610868275    
   23.6017590      0.610113621    
   23.6309185      0.609360814    
   23.6600761      0.608609796    
   23.6892338      0.607860684    
   23.7183933      0.607113421    
   23.7475510      0.606367946    
   23.7767105      0.605624318    
   23.8058681      0.604882538    
   23.8350277      0.604142547    
   23.8641853      0.603404403    
   23.8933449      0.602668047    
   23.9225025      0.601933420    
   23.9516621      0.601200640    
   23.9808197      0.600469649    
   24.0099773      0.599740446    
   24.0391369      0.599012971    
   24.0682945      0.598287284    
   24.0974541      0.597563326    
   24.1266117      0.596841156    
   24.1557713      0.596120656    
   24.1849289      0.595401943    
   24.2140884      0.594684958    
   24.2432461      0.593969703    
   24.2724056      0.593256176    
   24.3015633      0.592544377    
   24.3307209      0.591834247    
   24.3598804      0.591125846    
   24.3890381      0.590419114    
   24.4181976      0.589714050    
   24.4473553      0.589010715    
   24.4765148      0.588309050    
   24.5056725      0.587608993    
   24.5348320      0.586910665    
   24.5639896      0.586214006    
   24.5931492      0.585518956    
   24.6223068      0.584825575    
   24.6514664      0.584133804    
   24.6806240      0.583443701    
   24.7097816      0.582755208    
   24.7389412      0.582068324    
   24.7680988      0.581383109    
   24.7972584      0.580699444    
   24.8264160      0.580017447    
   24.8555756      0.579337001    
   24.8847332      0.578658164    
   24.9138927      0.577980936    
   24.9430504      0.577305257    
   24.9722099      0.576631188    
   25.0013676      0.575958669    
   25.0305252      0.575287700    
   25.0596848      0.574618340    
   25.0888424      0.573950529    
   25.1180019      0.573284268    
   25.1471596      0.572619498    
   25.1763191      0.571956336    
   25.2054768      0.571294665    
   25.2346363      0.570634544    
   25.2637939      0.569975913    
   25.2929535      0.569318831    
   25.3221111      0.568663239    
   25.3512688      0.568009198    
   25.3804283      0.567356646    
   25.4095860      0.566705585    
   25.4387455      0.566056013    
   25.4679031      0.565407932    
   25.4970627      0.564761341    
   25.5262203      0.564116180    
   25.5553799      0.563472569    
   25.5845375      0.562830329    
   25.6136971      0.562189639    
   25.6428547      0.561550379    
   25.6720123      0.560912549    
   25.7011719      0.560276210    
   25.7303295      0.559641242    
   25.7594891      0.559007764    
   25.7886467      0.558375716    
   25.8178062      0.557745099    
   25.8469639      0.557115912    
   25.8761234      0.556488097    
   25.9052811      0.555861712    
   25.9344406      0.555236757    
   25.9635983      0.554613233    
   25.9927578      0.553991020    
   26.0219154      0.553370297    
   26.0510731      0.552750885    
   26.0802326      0.552132905    
   26.1093903      0.551516294    
   26.1385498      0.550901055    
   26.1677074      0.550287187    
   26.1968670      0.549674690    
   26.2260246      0.549063563    
   26.2551842      0.548453748    
   26.2843418      0.547845364    
   26.3135014      0.547238290    
   26.3426590      0.546632528    
   26.3718166      0.546028137    
   26.4009762      0.545425057    
   26.4301338      0.544823349    
   26.4592934      0.544222951    
   26.4884510      0.543623865    
   26.5176105      0.543026090    
   26.5467682      0.542429626    
   26.5759277      0.541834533    
   26.6050854      0.541240692    
   26.6342449      0.540648162    
   26.6634026      0.540056884    
   26.6925602      0.539466977    
   26.7217197      0.538878262    
   26.7508774      0.538290918    
   26.7800369      0.537704825    
   26.8091946      0.537119985    
   26.8383541      0.536536455    
   26.8675117      0.535954118    
   26.8966713      0.535373092    
   26.9258289      0.534793377    
   26.9549885      0.534214854    
   26.9841461      0.533637583    
   27.0133057      0.533061564    
   27.0424633      0.532486796    
   27.0716209      0.531913280    
   27.1007805      0.531340957    
   27.1299381      0.530769885    
   27.1590977      0.530200064    
   27.1882553      0.529631436    
   27.2174149      0.529064000    
   27.2465725      0.528497815    
   27.2757320      0.527932823    
   27.3048897      0.527369082    
   27.3340492      0.526806533    
   27.3632069      0.526245117    
   27.3923645      0.525684953    
   27.4215240      0.525125980    
   27.4506817      0.524568200    
   27.4798412      0.524011552    
   27.5089989      0.523456156    
   27.5381584      0.522901893    
   27.5673161      0.522348821    
   27.5964756      0.521796882    
   27.6256332      0.521246135    
   27.6547928      0.520696521    
   27.6839504      0.520148098    
   27.7131081      0.519600809    
   27.7422676      0.519054711    
   27.7714252      0.518509746    
   27.8005848      0.517965913    
   27.8297424      0.517423213    
   27.8589020      0.516881645    
   27.8880596      0.516341209    
   27.9172192      0.515801907    
   27.9463768      0.515263736    
   27.9755363      0.514726698    
   28.0046940      0.514190733    
   28.0338535      0.513655901    
   28.0630112      0.513122201    
   28.0921688      0.512589633    
   28.1213284      0.512058139    
   28.1504860      0.511527717    
   28.1796455      0.510998428    
   28.2088032      0.510470212    
   28.2379627      0.509943128    
   28.2671204      0.509417117    
   28.2962799      0.508892179    
   28.3254375      0.508368313    
   28.3545971      0.507845521    
   28.3837547      0.507323802    
   28.4129124      0.506803155    
   28.4420719      0.506283581    
   28.4712296      0.505765080    
   28.5003891      0.505247653    
   28.5295467      0.504731238    
   28.5587063      0.504215956    
   28.5878639      0.503701627    
   28.6170235      0.503188431    
   28.6461811      0.502676249    
   28.6753407      0.502165079    
   28.7044983      0.501654983    
   28.7336559      0.501145899    
   28.7628155      0.500637889    
   28.7919731      0.500130832    
   28.8211327      0.499624878    
   28.8502903      0.499119908    
   28.8794498      0.498615950    
   28.9086075      0.498113036    
   28.9377670      0.497611135    
   28.9669247      0.497110218    
   28.9960842      0.496610314    
   29.0252419      0.496111423    
   29.0543995      0.495613545    
   29.0835590      0.495116651    
   29.1127167      0.494620770    
   29.1418762      0.494125873    
   29.1710339      0.493631959    
   29.2001934      0.493139029    
   29.2293510      0.492647082    
   29.2585106      0.492156118    
   29.2876682      0.491666138    
   29.3168278      0.491177112    
   29.3459854      0.490689069    
   29.3751450      0.490202010    
   29.4043026      0.489715904    
   29.4334602      0.489230752    
   29.4626198      0.488746583    
   29.4917774      0.488263369    
   29.5209370      0.487781078    
   29.5500946      0.487299770    
   29.5792542      0.486819386    
   29.6084118      0.486339986    
   29.6375713      0.485861510    
   29.6667290      0.485383958    
   29.6958885      0.484907359    
   29.7250462      0.484431684    
   29.7542038      0.483956963    
   29.7833633      0.483483166    
   29.8125210      0.483010292    
   29.8416805      0.482538342    
   29.8708382      0.482067287    
   29.8999977      0.481597185    
   29.9291553      0.481127977    
