   0.0000000000000000       0.12318695701763248     
   6.7534076147913214E-006  0.17235361248536585     
   2.7013630459165285E-005  0.24763260583702892     
   6.0780668533121898E-005  0.33895254243953477     
   1.0805452183666114E-004  0.41488974547903851     
   1.6883519036978308E-004  0.48990439667784735     
   2.4312267413248759E-004  0.42254975320146698     
   3.3091697312477477E-004  0.38532602794320303     
   4.3221808734664457E-004  0.33444293791343183     
   5.4702601679809714E-004  0.48019315328897233     
   6.7534076147913232E-004  0.63746914289324597     
   8.1716232138974996E-004  0.62903148188777280     
   9.7249069652995037E-004  0.55150809960654301     
   1.1413258868997332E-003  0.58868990071093630     
   1.3236678924990991E-003  0.79180356153353193     
   1.5195167133280473E-003  0.69629360354279657     
   1.7288723493865783E-003  0.66636789248506290     
   1.9517348006746918E-003  0.82925620883722273     
   2.1881040671923885E-003  0.82089910156566792     
   2.4379801489396668E-003  0.91332856044296362     
   2.7013630459165293E-003  0.63023430347516307     
   2.9782527581229726E-003  0.81626327388101227     
   3.2686492855589998E-003  0.89211727324853407     
   3.5725526282246087E-003   1.1485604316236639     
   3.8899627861198015E-003  0.97832936750379373     
   4.2208797592445755E-003  0.90501872934800087     
   4.5653035475989329E-003  0.64280373619092757     
   4.9232341511828729E-003  0.40905024415424435     
   5.2946715699963964E-003  0.32290619255698588     
   5.6796158040395006E-003  0.17698892702182228     
   6.0780668533121892E-003  0.10245340446732311     
   6.4900247178144594E-003   8.6137687040284405E-002
   6.9154893975463131E-003   4.5568609511653965E-002
   7.3544608925077493E-003   2.4783885559643622E-002
   7.8069392026987672E-003   2.6470759886207659E-002
   8.2729243281193694E-003   1.5451171572409958E-002
   8.7524162687695542E-003   5.5269826549068177E-003
   9.2454150246493207E-003   9.0171791488843200E-003
   9.7519205957586671E-003   8.7225071401988812E-003
   1.0271932982097599E-002   2.3345506273741885E-003
   1.0805452183666117E-002   1.7358934801971428E-003
   1.1352478200464212E-002   4.0455272551971032E-003
   1.1913011032491891E-002   2.2233764379890253E-003
   1.2487050679749151E-002   3.0127016237011932E-004
   1.3074597142235999E-002   1.4021882217444166E-003
   1.3675650419952425E-002   1.6645883715813400E-003
   1.4290210512898435E-002   2.7234299140026127E-004
   1.4918277421074027E-002   2.9192250076710656E-004
   1.5559851144479206E-002   1.3004871918282539E-003
   1.6214931683113963E-002   9.7001997104705811E-004
   1.6883519036978302E-002   1.0855327649000541E-004
   1.7565613206072229E-002   3.4027098458270757E-004
   1.8261214190395732E-002   8.2142922750836711E-004
   1.8970321989948819E-002   4.8508677520777902E-004
   1.9692936604731492E-002   5.7593864162471828E-005
   2.0429058034743749E-002   2.0190865331812341E-004
   2.1178686279985585E-002   3.5300167760572666E-004
   2.1941821340457003E-002   1.5291501907053754E-004
   2.2718463216158002E-002   6.1469011895228187E-005
   2.3508611907088590E-002   2.5507720637723262E-004
   2.4312267413248757E-002   3.4168207476165037E-004
   2.5129429734638505E-002   2.1833706048625054E-004
   2.5960098871257838E-002   2.0011928021942182E-004
   2.6804274823106756E-002   3.4937155384447865E-004
   2.7661957590185252E-002   4.0017096060494583E-004
   2.8533147172493330E-002   2.8700479116415686E-004
   2.9417843570030997E-002   2.0873880683570191E-004
   3.0316046782798246E-002   2.3722962086137445E-004
   3.1227756810795069E-002   2.3949947734713841E-004
   3.2152973654021477E-002   1.5975771544791715E-004
   3.3091697312477478E-002   9.3888135117030702E-005
   3.4043927786163053E-002   9.3670029320307009E-005
   3.5009665075078217E-002   1.0132598863453986E-004
   3.5988909179222948E-002   8.1928577722148907E-005
   3.6981660098597283E-002   7.7781606277790212E-005
   3.7987917833201171E-002   1.1404258325703829E-004
   3.9007682383034668E-002   1.5378653984672613E-004
   4.0040953748097755E-002   1.6849134976676175E-004
   4.1087731928390395E-002   1.8057792362124176E-004
   4.2148016923912637E-002   2.1228275817457992E-004
   4.3221808734664469E-002   2.4484566109010317E-004
   4.4309107360645854E-002   2.5127333650090732E-004
   4.5409912801856848E-002   2.3771739397217089E-004
   4.6524225058297418E-002   2.2651095516066936E-004
   4.7652044129967562E-002   2.2003414740272552E-004
   4.8793370016867302E-002   2.0343872909946728E-004
   4.9948202718996602E-002   1.7253370999736941E-004
   5.1116542236355512E-002   1.3954804765637724E-004
   5.2298388568943997E-002   1.1412217401442046E-004
   5.3493741716762050E-002   9.3368973788369647E-005
   5.4702601679809698E-002   7.2290971671298395E-005
   5.5924968458086935E-002   5.3628806217723924E-005
   5.7160842051593740E-002   4.3048093084944475E-005
   5.8410222460330140E-002   4.0888196907462814E-005
   5.9673109684296108E-002   4.3523365978120127E-005
   6.0949503723491671E-002   4.9728753185704617E-005
   6.2239404577916824E-002   6.1345267788481199E-005
   6.3542812247571537E-002   7.8657933455514209E-005
   6.4859726732455852E-002   9.8742619045497613E-005
   6.6190148032569743E-002   1.1880875805850782E-004
   6.7534076147913208E-002   1.3879232603521025E-004
   6.8891511078486262E-002   1.5958225653893231E-004
   7.0262452824288918E-002   1.8023864171216026E-004
   7.1646901385321121E-002   1.9836091654696738E-004
   7.3044856761582927E-002   2.1260881727165417E-004
   7.4456318953074307E-002   2.2362514746991383E-004
   7.5881287959795277E-002   2.3239846268839292E-004
   7.7319763781745848E-002   2.3866120408462565E-004
   7.8771746418925967E-002   2.4138520977707992E-004
   8.0237235871335688E-002   2.4026974513404527E-004
   8.1716232138974998E-002   2.3617286624489517E-004
   8.3208735221843855E-002   2.3012080924802449E-004
   8.4714745119942342E-002   2.2241568189237249E-004
   8.6234261833270390E-002   2.1286330058768957E-004
   8.7767285361828012E-002   2.0154943395008691E-004
   8.9313815705615224E-002   1.8909951662922218E-004
   9.0873852864632010E-002   1.7622465679079018E-004
   9.2447396838878398E-002   1.6326492822712221E-004
   9.4034447628354362E-002   1.5020237485815775E-004
   9.5635005233059900E-002   1.3708108639427956E-004
   9.7249069652995027E-002   1.2418555202957108E-004
   9.8876640888159756E-002   1.1187051990562543E-004
  0.10051771893855402        1.0032718308464741E-004
  0.10217230380417790        8.9549826489131832E-005
  0.10384039548503135        7.9472741250644945E-005
  0.10552199398111439        7.0099430071771281E-005
  0.10721709929242702        6.1504830414304268E-005
  0.10892571141896921        5.3741762169389165E-005
  0.11064783036074101        4.6782201735592973E-005
  0.11238345611774238        4.0555658912240248E-005
  0.11413258868997332        3.5001268533254856E-005
  0.11589522807743385        3.0079638619717388E-005
  0.11767137428012399        2.5759230887525047E-005
  0.11946102729804367        2.1990660306973376E-005
  0.12126418713119298        1.8709896271718643E-005
  0.12308085377957183        1.5854863881238613E-005
  0.12491102724318028        1.3381398228409766E-005
  0.12675470752201831        1.1257357613382828E-005
  0.12861189461608591        9.4481320113433935E-006
  0.13048258852538311        7.9148347357624477E-006
  0.13236678924990991        6.6132083253206613E-006
  0.13426449678966626        5.5056361665236971E-006
  0.13617571114465221        4.5657843138672192E-006
  0.13810043231486771        3.7752260988655752E-006
  0.14003866030031287        3.1155523853964053E-006
  0.14199039510098754        2.5662594994059660E-006
  0.14395563671689179        2.1088279029579293E-006
  0.14593438514802567        1.7273849591771512E-006
  0.14792664039438913        1.4108136730989291E-006
  0.14993240245598211        1.1502203539148570E-006
  0.15195167133280468        9.3688615908332884E-007
  0.15398444702485695        7.6165277900870820E-007
  0.15603072953213867        6.1678537835929557E-007
  0.15809051885465000        4.9745153389291381E-007
  0.16016381499239102        4.0008025742679613E-007
  0.16225061794536150        3.2112803496272572E-007
  0.16435092771356158        2.5729181925671893E-007
  0.16646474429699132        2.0576020932924703E-007
  0.16859206769565055        1.6447349399189857E-007
  0.17073289790953938        1.3148429759542147E-007
  0.17288723493865787        1.0501768793815586E-007
  0.17505507878300583        8.3568019867199704E-008
  0.17723642944258342        6.6266084557960368E-008
  0.17943128691739063        5.2315342385168207E-008
  0.18163965120742739        4.1154922310837456E-008
  0.18386152231269370        3.2301626030244059E-008
  0.18609690023318967        2.5306269764657344E-008
  0.18834578496891516        1.9826582604084239E-008
  0.19060817651987025        1.5604099626864693E-008
  0.19288407488605488        1.2316329220166428E-008
  0.19517348006746921        9.6821923985202371E-009
  0.19747639206411302        7.5514680069250018E-009
  0.19979281087598641        5.8600287465791930E-009
  0.20212273650308948        4.5613766594465792E-009
  0.20446616894542205        3.5656868054325233E-009
  0.20682310820298419        2.7966229129253628E-009
  0.20919355427577599        2.2035220063116367E-009
  0.21157750716379731        1.7655082921963131E-009
  0.21397496686704820        1.4267283023458569E-009
  0.21638593338552878        1.1397281640542622E-009
  0.21881040671923879        8.9216487317563408E-010
  0.22124838686817846        7.0098585578543913E-010
  0.22369987383234774        5.7002617264561957E-010
  0.22616486761174656        4.8213456950504320E-010
  0.22864336820637496        4.1543834747010202E-010
  0.23113537561623299        3.5661456652104757E-010
  0.23364088984132056        3.0711870187790122E-010
  0.23615991088163771        2.6588869568734364E-010
  0.23869243873718443        2.2840702678232909E-010
  0.24123847340796081        1.9152089672716285E-010
  0.24379801489396669        1.6061303061816604E-010
  0.24637106319520213        1.4124767215359977E-010
  0.24895761831166729        1.3233221735622510E-010
  0.25155768024336195        1.2756669839733543E-010
  0.25417124899028615        1.1908398840337227E-010
  0.25679832455244000        1.0762161339772566E-010
  0.25943890692982341        9.7639327064495367E-011
  0.26209299612243636        8.8874004320776386E-011
  0.26476059213027897        8.2466753065830736E-011
  0.26744169495335113        8.5247426104549468E-011
  0.27013630459165283        9.9794863866681971E-011
  0.27284442104518419        1.2020747976041482E-010
  0.27556604431394505        1.3887057259793622E-010
  0.27830117439793556        1.5106208788410360E-010
  0.28104981129715567        1.5598587548524446E-010
  0.28381195501160528        1.5710621381661239E-010
  0.28658760554128448        1.5344932787140510E-010
  0.28937676288619330        1.4695625946485528E-010
  0.29217942704633171        1.4508914248123998E-010
  0.29499559802169967        1.5424215294344969E-010
  0.29782527581229723        1.6836488314828312E-010
  0.30066846041812439        1.7577704560349718E-010
  0.30352515183918111        1.6995446366444093E-010
  0.30639535007546742        1.5669197282981930E-010
  0.30927905512698339        1.4321249866006541E-010
  0.31217626699372880        1.3337453441191443E-010
  0.31508698567570387        1.2754930333686993E-010
  0.31801121117290859        1.2421169374213685E-010
  0.32094894348534275        1.1693635245464923E-010
  0.32390018261300652        1.0235728369781644E-010
  0.32686492855589999        8.4055387565444987E-011
  0.32984318131402296        6.8236475006668267E-011
  0.33283494088737542        5.9839705320342483E-011
  0.33584020727595765        5.5747172590971871E-011
  0.33885898047976937        4.9991312302233741E-011
  0.34189126049881063        4.0693872434441665E-011
  0.34493704733308156        3.2919422291617423E-011
  0.34799634098258203        2.8842349303940313E-011
  0.35106914144731205        2.9027461914955051E-011
  0.35415544872727162        3.2508563602882353E-011
  0.35725526282246090        3.7001395557177376E-011
  0.36036858373287967        4.0449345326985921E-011
  0.36349541145852804        4.2806220297908737E-011
  0.36663574599940607        4.6126795081451620E-011
  0.36978958735551359        5.5931769296933872E-011
  0.37295693552685072        7.1201086377303977E-011
  0.37613779051341745        8.0210434420013459E-011
  0.37933215231521378        7.8511122262929100E-011
  0.38254002093223960        7.4505642494533885E-011
  0.38576139636449508        7.5075050822165041E-011
  0.38899627861198011        8.1189289531927427E-011
  0.39224466767469474        8.8396217962831377E-011
  0.39550656355263902        9.1382505621167226E-011
  0.39878196624581275        9.0547735428549846E-011
  0.40207087575421607        8.9303013775156088E-011
  0.40537329207784911        8.5811543063490459E-011
  0.40868921521671159        8.0573913747882894E-011
  0.41201864517080372        7.8290904949399327E-011
  0.41536158194012540        8.0260274994525227E-011
  0.41871802552467674        8.0146018748314955E-011
  0.42208797592445757        7.4773918459814210E-011
  0.42547143313946800        6.7865451627361641E-011
  0.42886839716970809        6.3935010559577140E-011
  0.43227886801517768        6.4575949506203663E-011
  0.43570284567587686        6.6919510090941595E-011
  0.43914033015180570        6.8655961975932114E-011
  0.44259132144296404        7.1131620972395693E-011
  0.44605581954935197        7.7427042615572945E-011
  0.44953382447096951        8.6943421938941660E-011
  0.45302533620781660        9.5387081097341743E-011
  0.45653035475989329        1.0225166213418954E-010
  0.46004888012719963        1.0990480671474332E-010
  0.46358091230973542        1.1777694954422345E-010
  0.46712645130750086        1.2474650258750358E-010
  0.47068549712049595        1.3290078548924862E-010
  0.47425804974872054        1.4081538798643518E-010
  0.47784410919217468        1.4484951701614685E-010
  0.48144367545085842        1.4391068471838119E-010
  0.48505674852477193        1.3841710259196009E-010
  0.48868332841391476        1.3150111795052418E-010
  0.49232341511828731        1.2677454643813401E-010
  0.49597700863788946        1.2450332799715346E-010
  0.49964410897272110        1.2058918754209847E-010
  0.50332471612278229        1.1322900561760538E-010
  0.50701883008807325        1.0218856136065902E-010
  0.51072645086859370        8.8366489135117779E-011
  0.51444757846434364        7.4759233201191637E-011
  0.51818221287532329        6.4899969618226083E-011
  0.52193035410153243        5.7103229170115281E-011
  0.52569200214297118        4.9374895338496293E-011
  0.52946715699963964        4.2096686376227484E-011
  0.53325581867153748        3.7075950505266486E-011
  0.53705798715866504        3.6186626978166184E-011
  0.54087366246102220        4.0090813908900498E-011
  0.54470284457860885        4.8970449167263688E-011
  0.54854553351142499        6.2428752968022408E-011
  0.55240172925947084        7.7604833170154917E-011
  0.55627143182274641        9.2855559618613023E-011
  0.56015464120125147        1.0868941788753115E-010
  0.56405135739498602        1.2707053421967083E-010
  0.56796158040395017        1.5131357208902052E-010
  0.57188531022814382        1.8213423693025144E-010
  0.57582254686756718        2.1416257645464044E-010
  0.57977329032222003        2.4406946285296324E-010
  0.58373754059210270        2.7347512012149080E-010
  0.58771529767721475        2.9951876818451755E-010
  0.59170656157755652        3.1783045007585155E-010
  0.59571133229312767        3.3208592115492158E-010
  0.59972960982392842        3.4795576523016896E-010
  0.60376139416995878        3.6286980323334763E-010
  0.60780668533121873        3.6927111478807163E-010
  0.61186548330770862        3.6498667460099353E-010
  0.61593778809942779        3.5244896018669128E-010
  0.62002359970637644        3.4034799810893567E-010
  0.62412291812855469        3.2954814568935978E-010
  0.62823574336596255        3.1405690689831888E-010
  0.63236207541860001        2.8788190023029885E-010
  0.63650191428646730        2.5538281419701156E-010
  0.64065525996956407        2.2282766273786318E-010
  0.64482211246789023        1.9063127050773684E-010
  0.64900247178144599        1.5639916504352281E-010
  0.65319633791023124        1.1878705478292712E-010
  0.65740371085424631        8.2526236035888300E-011
  0.66162459061349110        5.3179043026065994E-011
  0.66585897718796527        3.1120352056891603E-011
  0.67010687057766893        1.5108133388062806E-011
  0.67436827078260220        4.5608533936626452E-012
  0.67864317780276506        6.4720852858076812E-013
  0.68293159163815753        4.8509541818539463E-012
  0.68723351228877949        1.9338051882237483E-011
  0.69154893975463150        4.5551375006987149E-011
  0.69587787403571266        8.1848094558528045E-011
  0.70022031513202332        1.2393308486818889E-010
  0.70457626304356369        1.6811997461562476E-010
  0.70894571777033366        2.1665625995572957E-010
  0.71332867931233312        2.7513578225371728E-010
  0.71772514766956252        3.4534116626201239E-010
  0.72213512284202130        4.2444017008406070E-010
  0.72655860482970958        5.0535690714254540E-010
  0.73099559363262745        5.7825843942069110E-010
  0.73544608925077481        6.3731587272933820E-010
  0.73991009168415189        6.8192119230925406E-010
  0.74438760093275869        7.1503410140141428E-010
  0.74887861699659486        7.4363159619523382E-010
  0.75338313987566063        7.7088906597100383E-010
  0.75790116956995601        7.9808317668742092E-010
  0.76243270607948099        8.1909432299452071E-010
  0.76697774940423546        8.2526983728411293E-010
  0.77153629954421954        8.1041582946625273E-010
  0.77610835649943355        7.7468999060641448E-010
  0.78069392026987683        7.2494183108295744E-010
  0.78529299085554971        6.7279856828135705E-010
  0.78990556825645208        6.2169430119434300E-010
  0.79453165247258417        5.6406070735408018E-010
  0.79917124350394564        4.9441415169333966E-010
  0.80382434135053715        4.1625060906148880E-010
  0.80849094601235794        3.3898277386802102E-010
  0.81317105748940821        2.6683995253985685E-010
  0.81786467578168820        2.0146395901010754E-010
  0.82257180088919768        1.4373933304607989E-010
  0.82729243281193676        9.4949742481376877E-011
  0.83202657154990578        5.7057748219400171E-011
  0.83677421710310396        3.0534641704930511E-011
  0.84153536947153174        1.5250366610280699E-011
  0.84631002865518923        1.2270858345606847E-011
  0.85109819465407621        2.2287254772730876E-011
  0.85589986746819280        4.4601787757983229E-011
  0.86071504709753899        7.8683105574363931E-011
  0.86554373354211511        1.2483014558066680E-010
  0.87038592680192040        1.8153937719852195E-010
  0.87524162687695517        2.4527780984266561E-010
  0.88011083376721977        3.1058050286961422E-010
  0.88499354747271386        3.7647198224240188E-010
  0.88988976799343744        4.4613189746786782E-010
  0.89479949532939096        5.2107776147039509E-010
  0.89972272948057386        5.9496042607148066E-010
  0.90465947044698625        6.6151693069836851E-010
  0.90960971822862824        7.1901608997821818E-010
  0.91457347282549983        7.6622385836149613E-010
  0.91955073423760092        8.0310898654410297E-010
  0.92454150246493194        8.3143886720496261E-010
  0.92954577750749234        8.5238332036863398E-010
  0.93456355936528224        8.6499437336937935E-010
  0.93959484803830173        8.6735391360835038E-010
  0.94463964352655083        8.5539970864406839E-010
  0.94969794583002953        8.2914804292048702E-010
  0.95476975494873773        7.9444575084751837E-010
  0.95985507088267585        7.5774420221298111E-010
  0.96495389363184325        7.1908488522516426E-010
  0.97006622319624025        6.7391341345423964E-010
  0.97519205957586674        6.2106181953347299E-010
  0.98033140277072295        5.6169131754876486E-010
  0.98548425278080853        4.9661137946568863E-010
  0.99065060960612428        4.2827787996787599E-010
  0.99583047324666918        3.6302785578534796E-010
   1.0010238437024437        3.0566287285010257E-010
   1.0062307209734478        2.5676028678853755E-010
   1.0114511050596813        2.1134775747663255E-010
   1.0166849959611446        1.6727917133777624E-010
   1.0219323936778377        1.2573774183693905E-010
   1.0271932982097600        9.1122441193194984E-011
   1.0324677095569119        6.7011750367585608E-011
   1.0377556277192936        5.3640411087085626E-011
   1.0430570526969047        4.8474594801249758E-011
   1.0483719844897454        4.9083232110361143E-011
   1.0537004230978158        5.5461563917077476E-011
   1.0590423685211159        6.8366572763581491E-011
   1.0643978207596454        8.8172049100939653E-011
   1.0697667798134045        1.1486634057649051E-010
   1.0751492456823930        1.4723464244786639E-010
   1.0805452183666113        1.8427263190864092E-010
   1.0859546978660590        2.2622238372090477E-010
   1.0913776841807368        2.7313646896770051E-010
   1.0968141773106437        3.2412556729605655E-010
   1.1022641772557802        3.7558346255589324E-010
   1.1077276840161465        4.2588493479810878E-010
   1.1132046975917422        4.7539277547429151E-010
   1.1186952179825675        5.2644357040142607E-010
   1.1241992451886227        5.7635864827958463E-010
   1.1297167792099072        6.2225735936034817E-010
   1.1352478200464211        6.6607141740861817E-010
   1.1407923676981646        7.0962723170972455E-010
   1.1463504221651379        7.5052926232130486E-010
   1.1519219834473409        7.8372002326117378E-010
   1.1575070515447732        8.0969859202303814E-010
   1.1631056264574353        8.3148640206105520E-010
   1.1687177081853268        8.5269937949419931E-010
   1.1743432967284479        8.7140640775696858E-010
   1.1799823920867987        8.7958602304491430E-010
   1.1856349942603792        8.7288072562607306E-010
   1.1913011032491889        8.5842755702366859E-010
   1.1969807190532287        8.4240680909795018E-010
   1.2026738416724976        8.2663825740758541E-010
   1.2083804711069963        8.1160795782778542E-010
   1.2141006073567244        7.9639577152022948E-010
   1.2198342504216824        7.7895551968231070E-010
   1.2255814003018697        7.5693753876018445E-010
   1.2313420569972870        7.2957107050875517E-010
   1.2371162205079336        6.9927336843248759E-010
   1.2429038908338095        6.7020223878368558E-010
   1.2487050679749152        6.4499053560271364E-010
   1.2545197519312505        6.2269201035673984E-010
   1.2603479427028155        6.0372609652300010E-010
   1.2661896402896102        5.8952789236768388E-010
   1.2720448446916344        5.8047739913246956E-010
   1.2779135559088879        5.7757698656263061E-010
   1.2837957739413710        5.7936273057985197E-010
   1.2896914987890837        5.8489292383625773E-010
   1.2956007304520261        5.9546454995940511E-010
   1.3015234689301980        6.1409245761870955E-010
   1.3074597142236000        6.4096103622963075E-010
   1.3134094663322311        6.7647930814680198E-010
   1.3193727252560918        7.1870695007606521E-010
   1.3253494909951820        7.6294114655830714E-010
   1.3313397635495017        8.0436574906111886E-010
   1.3373435429190512        8.4476051220014066E-010
   1.3433608291038306        8.8870386924181092E-010
   1.3493916221038391        9.3896566762734663E-010
   1.3554359219190775        9.9369147533188240E-010
   1.3614937285495452        1.0491798194147055E-009
   1.3675650419952425        1.1026854209091115E-009
   1.3736498622561695        1.1540211923963847E-009
   1.3797481893323262        1.2021251688972062E-009
   1.3858600232237124        1.2464912245396991E-009
   1.3919853639303281        1.2889790070599507E-009
   1.3981242114521732        1.3310372875763977E-009
   1.4042765657892482        1.3727766617006379E-009
   1.4104424269415525        1.4121348465867207E-009
   1.4166217949090865        1.4450281212697752E-009
   1.4228146696918504        1.4728356448225877E-009
   1.4290210512898436        1.5004544344042936E-009
   1.4352409397030665        1.5332384011601418E-009
   1.4414743349315187        1.5707556802970776E-009
   1.4477212369752008        1.6091942862184508E-009
   1.4539816458341122        1.6440355983597156E-009
   1.4602555615082535        1.6714981793916960E-009
   1.4665429839976243        1.6941431977581802E-009
   1.4728439133022244        1.7193320523699284E-009
   1.4791583494220544        1.7531536267681509E-009
   1.4854862923571137        1.7951211905211335E-009
   1.4918277421074029        1.8383919238560335E-009
   1.4981826986729216        1.8760690841322405E-009
   1.5045511620536698        1.9082623471844746E-009
   1.5109331322496478        1.9451321812954075E-009
   1.5173286092608551        1.9955844114002615E-009
   1.5237375930872916        2.0582079593448122E-009
   1.5301600837289584        2.1239843015522653E-009
   1.5365960811858543        2.1823121727876095E-009
   1.5430455854579803        2.2326459699642068E-009
   1.5495085965453357        2.2869894652339012E-009
   1.5559851144479204        2.3559787407659830E-009
   1.5624751391657348        2.4352893656555019E-009
   1.5689786706987789        2.5054757840411439E-009
   1.5754957090470525        2.5548549567802883E-009
   1.5820262542105561        2.5965042346509238E-009
   1.5885703061892886        2.6561573109512501E-009
   1.5951278649832510        2.7367090153607848E-009
   1.6016989305924429        2.7991895680091298E-009
   1.6082835030168643        2.8063240669374325E-009
   1.6148815822565155        2.7807459609059854E-009
   1.6214931683113964        2.7875823547198511E-009
   1.6281182611815068        2.8455887589054330E-009
   1.6347568608668464        2.8722766871408095E-009
   1.6414089673674159        2.7761915215682793E-009
   1.6480745806832149        2.5936102985422127E-009
   1.6547537008142434        2.4616263352303853E-009
   1.6614463277605016        2.4000662098331997E-009
   1.6681524615219896        2.2327517153008171E-009
   1.6748721020987070        1.8640749432642295E-009
   1.6816052494906539        1.5174186532448282E-009
   1.6883519036978303        1.4383478039717299E-009
   1.6951120647202365        1.4793859873162424E-009
   1.7018857325578720        1.4976645691809831E-009
   1.7086729072107374        2.0631594551657458E-009
   1.7154735886788324        3.3313345093134839E-009
   1.7222877769621567        8.3737810547297310E-009
   1.7291154720607107        9.4005196342365671E-009
   1.7359566739744943        1.2830598145612251E-008
   1.7428113827035074        2.2967251743519668E-008
   1.7496795982477507        3.8956535578393626E-008
   1.7565613206072228        1.7809364601239981E-008
   1.7634565497819246        1.8120206174892334E-008
