   0.0000000000000000        3.7304546257574379E-005
   6.7534076147913214E-006   1.8220047419957279E-004
   2.7013630459165285E-005   7.5547341674420533E-004
   6.0780668533121898E-005   9.8912757896479561E-004
   1.0805452183666114E-004   6.9245695980903741E-004
   1.6883519036978308E-004   1.9952442889054254E-004
   2.4312267413248759E-004   2.2820433440120646E-004
   3.3091697312477477E-004   5.0178127693235191E-004
   4.3221808734664457E-004   2.7824825924903721E-003
   5.4702601679809714E-004   7.2778896906240339E-004
   6.7534076147913232E-004   2.4301871617157271E-003
   8.1716232138974996E-004   1.2595834011991192E-003
   9.7249069652995037E-004   9.2873674084956843E-005
   1.1413258868997332E-003   1.1612986868735437E-002
   1.3236678924990991E-003   7.4497730510910626E-003
   1.5195167133280473E-003   3.3572367447613689E-003
   1.7288723493865783E-003   2.4209596244090904E-002
   1.9517348006746918E-003   4.6700087643860223E-002
   2.1881040671923885E-003   3.6408998167536448E-002
   2.4379801489396668E-003   1.7285523752387569E-002
   2.7013630459165293E-003  0.10373327747129658     
   2.9782527581229726E-003  0.23325807726199510     
   3.2686492855589998E-003  0.36242413544546809     
   3.5725526282246087E-003  0.46924114303689596     
   3.8899627861198015E-003  0.46248611190759004     
   4.2208797592445755E-003  0.36741020129513213     
   4.5653035475989329E-003  0.28417512127772987     
   4.9232341511828729E-003  0.22648527479061259     
   5.2946715699963964E-003  0.16298407703835374     
   5.6796158040395006E-003  0.10011493822896726     
   6.0780668533121892E-003   6.1197294470544547E-002
   6.4900247178144594E-003   4.6262648668628788E-002
   6.9154893975463131E-003   3.8117765977950732E-002
   7.3544608925077493E-003   2.6459208859240701E-002
   7.8069392026987672E-003   1.4335735838213882E-002
   8.2729243281193694E-003   7.9133393281067450E-003
   8.7524162687695542E-003   7.4565242973885391E-003
   9.2454150246493207E-003   8.2461935059835803E-003
   9.7519205957586671E-003   6.6723452750987976E-003
   1.0271932982097599E-002   3.3792016061284934E-003
   1.0805452183666117E-002   1.1315303278347935E-003
   1.1352478200464212E-002   1.1722377776560377E-003
   1.1913011032491891E-002   2.2424528394116581E-003
   1.2487050679749151E-002   2.4946881719104556E-003
   1.3074597142235999E-002   1.5142327527460872E-003
   1.3675650419952425E-002   3.5320183915669328E-004
   1.4290210512898435E-002   5.8000580970994139E-005
   1.4918277421074027E-002   5.8109236050199681E-004
   1.5559851144479206E-002   1.0844040482968931E-003
   1.6214931683113963E-002   9.7308200034594615E-004
   1.6883519036978302E-002   4.3333377078716499E-004
   1.7565613206072229E-002   5.5146975446231631E-005
   1.8261214190395732E-002   1.4396115116640043E-004
   1.8970321989948819E-002   4.7731850773379068E-004
   1.9692936604731492E-002   6.4587366765124238E-004
   2.0429058034743749E-002   5.0052945554694261E-004
   2.1178686279985585E-002   2.3925199838146244E-004
   2.1941821340457003E-002   1.3351724614180230E-004
   2.2718463216158002E-002   2.4526113072707032E-004
   2.3508611907088590E-002   4.1251798423045137E-004
   2.4312267413248757E-002   4.5577411699020598E-004
   2.5129429734638505E-002   3.5580068950146138E-004
   2.5960098871257838E-002   2.3650091357202779E-004
   2.6804274823106756E-002   2.1460422454076984E-004
   2.7661957590185252E-002   2.8893827726168304E-004
   2.8533147172493330E-002   3.6747078623120086E-004
   2.9417843570030997E-002   3.7375714163547815E-004
   3.0316046782798246E-002   3.1617325452378556E-004
   3.1227756810795069E-002   2.6218852161724951E-004
   3.2152973654021477E-002   2.6169168200181606E-004
   3.3091697312477478E-002   3.0415226962559206E-004
   3.4043927786163053E-002   3.4105189890350121E-004
   3.5009665075078217E-002   3.3929486583364292E-004
   3.5988909179222948E-002   3.0862863547265646E-004
   3.6981660098597283E-002   2.8377633874684277E-004
   3.7987917833201171E-002   2.8680355996005854E-004
   3.9007682383034668E-002   3.0975605728371814E-004
   4.0040953748097755E-002   3.2797733036884596E-004
   4.1087731928390395E-002   3.2612634038610650E-004
   4.2148016923912637E-002   3.1051721281908615E-004
   4.3221808734664469E-002   2.9865767335637204E-004
   4.4309107360645854E-002   3.0105198376909444E-004
   4.5409912801856848E-002   3.1327442665230631E-004
   4.6524225058297418E-002   3.2282373956270889E-004
   4.7652044129967562E-002   3.2228540232340745E-004
   4.8793370016867302E-002   3.1469246984821702E-004
   4.9948202718996602E-002   3.0884657644953832E-004
   5.1116542236355512E-002   3.1021371288004644E-004
   5.2298388568943997E-002   3.1680191705092968E-004
   5.3493741716762050E-002   3.2231182204460511E-004
   5.4702601679809698E-002   3.2264030707200103E-004
   5.5924968458086935E-002   3.1919471008391503E-004
   5.7160842051593740E-002   3.1643621639042312E-004
   5.8410222460330140E-002   3.1730451345766118E-004
   5.9673109684296108E-002   3.2099735537075241E-004
   6.0949503723491671E-002   3.2442194479497617E-004
   6.2239404577916824E-002   3.2533452712961913E-004
   6.3542812247571537E-002   3.2412034085214258E-004
   6.4859726732455852E-002   3.2294451023194039E-004
   6.6190148032569743E-002   3.2352422626421315E-004
   6.7534076147913208E-002   3.2572905981219374E-004
   6.8891511078486262E-002   3.2806156327290899E-004
   7.0262452824288918E-002   3.2921367406415678E-004
   7.1646901385321121E-002   3.2915469386378155E-004
   7.3044856761582927E-002   3.2890702747190304E-004
   7.4456318953074307E-002   3.2946155755966670E-004
   7.5881287959795277E-002   3.3093345357248664E-004
   7.7319763781745848E-002   3.3263959944925887E-004
   7.8771746418925967E-002   3.3384074769451466E-004
   8.0237235871335688E-002   3.3437954490052552E-004
   8.1716232138974998E-002   3.3470047395609958E-004
   8.3208735221843855E-002   3.3535789892846546E-004
   8.4714745119942342E-002   3.3652270931918153E-004
   8.6234261833270390E-002   3.3791771334488259E-004
   8.7767285361828012E-002   3.3914059465374398E-004
   8.9313815705615224E-002   3.4002462676444392E-004
   9.0873852864632010E-002   3.4073040687164458E-004
   9.2447396838878398E-002   3.4154664511373725E-004
   9.4034447628354362E-002   3.4261742366844519E-004
   9.5635005233059900E-002   3.4384922665103097E-004
   9.7249069652995027E-002   3.4503454642992201E-004
   9.8876640888159756E-002   3.4604959171535989E-004
  0.10051771893855402        3.4694532154664947E-004
  0.10217230380417790        3.4787669361201478E-004
  0.10384039548503135        3.4895872128369885E-004
  0.10552199398111439        3.5017979500900621E-004
  0.10721709929242702        3.5143237236833169E-004
  0.10892571141896921        3.5261624160620985E-004
  0.11064783036074101        3.5371509930520365E-004
  0.11238345611774238        3.5479492305196512E-004
  0.11413258868997332        3.5593579728337120E-004
  0.11589522807743385        3.5716407427811560E-004
  0.11767137428012399        3.5844283961497259E-004
  0.11946102729804367        3.5971374689661417E-004
  0.12126418713119298        3.6094838816679644E-004
  0.12308085377957183        3.6216352062228577E-004
  0.12491102724318028        3.6339934431941834E-004
  0.12675470752201831        3.6467651717025506E-004
  0.12861189461608591        3.6598455082290207E-004
  0.13048258852538311        3.6728788889559401E-004
  0.13236678924990991        3.6856043263460033E-004
  0.13426449678966626        3.6980503228670105E-004
  0.13617571114465221        3.7105038215014729E-004
  0.13810043231486771        3.7232883017936194E-004
  0.14003866030031287        3.7365002895187362E-004
  0.14199039510098754        3.7499974688504480E-004
  0.14395563671689179        3.7635245184005885E-004
  0.14593438514802567        3.7769272767313394E-004
  0.14792664039438913        3.7902450214372308E-004
  0.14993240245598211        3.8036518871608499E-004
  0.15195167133280468        3.8173446195231999E-004
  0.15398444702485695        3.8313786031771944E-004
  0.15603072953213867        3.8456661021012974E-004
  0.15809051885465000        3.8601309202552418E-004
  0.16016381499239102        3.8747912858444320E-004
  0.16225061794536150        3.8897639253549724E-004
  0.16435092771356158        3.9051537922871736E-004
  0.16646474429699132        3.9209154604339790E-004
  0.16859206769565055        3.9368465722975352E-004
  0.17073289790953938        3.9527240274269196E-004
  0.17288723493865787        3.9684634759652357E-004
  0.17505507878300583        3.9841362137895596E-004
  0.17723642944258342        3.9999341185157234E-004
  0.17943128691739063        4.0160208282105235E-004
  0.18163965120742739        4.0324220058164824E-004
  0.18386152231269370        4.0490284165706659E-004
  0.18609690023318967        4.0656901217951495E-004
  0.18834578496891516        4.0823529091934310E-004
  0.19060817651987025        4.0991002640854948E-004
  0.19288407488605488        4.1160652704071182E-004
  0.19517348006746921        4.1332952306642772E-004
  0.19747639206411302        4.1507052935293206E-004
  0.19979281087598641        4.1681454588656620E-004
  0.20212273650308948        4.1855397621105020E-004
  0.20446616894542205        4.2029327636005086E-004
  0.20682310820298419        4.2204711939732492E-004
  0.20919355427577599        4.2383059901146178E-004
  0.21157750716379731        4.2565065834314787E-004
  0.21397496686704820        4.2750099328775032E-004
  0.21638593338552878        4.2936474087228491E-004
  0.21881040671923879        4.3122723523928683E-004
  0.22124838686817846        4.3308162383238650E-004
  0.22369987383234774        4.3493328471594145E-004
  0.22616486761174656        4.3679654872772877E-004
  0.22864336820637496        4.3868573421956613E-004
  0.23113537561623299        4.4060970340858931E-004
  0.23364088984132056        4.4257165886214648E-004
  0.23615991088163771        4.4457066529047877E-004
  0.23869243873718443        4.4660313599202711E-004
  0.24123847340796081        4.4866558301144874E-004
  0.24379801489396669        4.5075341620000482E-004
  0.24637106319520213        4.5286204532581222E-004
  0.24895761831166729        4.5498964438605563E-004
  0.25155768024336195        4.5713697233707524E-004
  0.25417124899028615        4.5930593427855922E-004
  0.25679832455244000        4.6149953672809749E-004
  0.25943890692982341        4.6372372508017389E-004
  0.26209299612243636        4.6598308051716759E-004
  0.26476059213027897        4.6827750600777118E-004
  0.26744169495335113        4.7060050788383308E-004
  0.27013630459165283        4.7293863093904976E-004
  0.27284442104518419        4.7527719552445532E-004
  0.27556604431394505        4.7760738048995552E-004
  0.27830117439793556        4.7992977321760521E-004
  0.28104981129715567        4.8225477788735479E-004
  0.28381195501160528        4.8459604454956245E-004
  0.28658760554128448        4.8696249900912977E-004
  0.28937676288619330        4.8934859723932496E-004
  0.29217942704633171        4.9173675790405093E-004
  0.29499559802169967        4.9411061472370518E-004
  0.29782527581229723        4.9646752350724938E-004
  0.30066846041812439        4.9881993051142037E-004
  0.30352515183918111        5.0118669326104073E-004
  0.30639535007546742        5.0358550178911880E-004
  0.30927905512698339        5.0602883942421476E-004
  0.31217626699372880        5.0852150120093888E-004
  0.31508698567570387        5.1106026600307008E-004
  0.31801121117290859        5.1363632489835772E-004
  0.32094894348534275        5.1623894919349260E-004
  0.32390018261300652        5.1886034303784802E-004
  0.32686492855589999        5.2149802864500923E-004
  0.32984318131402296        5.2415486495623119E-004
  0.33283494088737542        5.2683759917578770E-004
  0.33584020727595765        5.2955791748484011E-004
  0.33885898047976937        5.3232845361834394E-004
  0.34189126049881063        5.3515581233790890E-004
  0.34493704733308156        5.3803856128376785E-004
  0.34799634098258203        5.4096964411938747E-004
  0.35106914144731205        5.4393766059785157E-004
  0.35415544872727162        5.4692965638348720E-004
  0.35725526282246090        5.4993551747488639E-004
  0.36036858373287967        5.5294834179049222E-004
  0.36349541145852804        5.5596438479150448E-004
  0.36663574599940607        5.5898414047396861E-004
  0.36978958735551359        5.6201226310943926E-004
  0.37295693552685072        5.6505519813195026E-004
  0.37613779051341745        5.6812226335548109E-004
  0.37933215231521378        5.7122275582342601E-004
  0.38254002093223960        5.7436117456447714E-004
  0.38576139636449508        5.7753646125826359E-004
  0.38899627861198011        5.8074271728179026E-004
  0.39224466767469474        5.8397141037462227E-004
  0.39550656355263902        5.8721436673891481E-004
  0.39878196624581275        5.9046688512428961E-004
  0.40207087575421607        5.9373098541148667E-004
  0.40537329207784911        5.9701767729637874E-004
  0.40868921521671159        6.0034420228380510E-004
  0.41201864517080372        6.0373129738077000E-004
  0.41536158194012540        6.0719620348479255E-004
  0.41871802552467674        6.1074260753788410E-004
  0.42208797592445757        6.1435960553669281E-004
  0.42547143313946800        6.1802739783235251E-004
  0.42886839716970809        6.2172632361727552E-004
  0.43227886801517768        6.2544633769023839E-004
  0.43570284567587686        6.2919080192624997E-004
  0.43914033015180570        6.3296940165191609E-004
  0.44259132144296404        6.3679198683973812E-004
  0.44605581954935197        6.4066542780605383E-004
  0.44953382447096951        6.4459204673067709E-004
  0.45302533620781660        6.4857423697620403E-004
  0.45653035475989329        6.5262078158712696E-004
  0.46004888012719963        6.5674198821965538E-004
  0.46358091230973542        6.6093866738444601E-004
  0.46712645130750086        6.6519803549719176E-004
  0.47068549712049595        6.6949724432129303E-004
  0.47425804974872054        6.7381704134637592E-004
  0.47784410919217468        6.7815327685305288E-004
  0.48144367545085842        6.8251730339220350E-004
  0.48505674852477193        6.8692978902380590E-004
  0.48868332841391476        6.9141178738573513E-004
  0.49232341511828731        6.9597685996607964E-004
  0.49597700863788946        7.0062709679097714E-004
  0.49964410897272110        7.0535160192648912E-004
  0.50332471612278229        7.1013251350512355E-004
  0.50701883008807325        7.1495397849225158E-004
  0.51072645086859370        7.1980398288703270E-004
  0.51444757846434364        7.2467689255985540E-004
  0.51818221287532329        7.2957868047243593E-004
  0.52193035410153243        7.3452982898531511E-004
  0.52569200214297118        7.3955749955028933E-004
  0.52946715699963964        7.4468166446034869E-004
  0.53325581867153748        7.4990199511759366E-004
  0.53705798715866504        7.5519914996107884E-004
  0.54087366246102220        7.6055260182199996E-004
  0.54470284457860885        7.6595434642999180E-004
  0.54854553351142499        7.7141031258280701E-004
  0.55240172925947084        7.7693672546918255E-004
  0.55627143182274641        7.8255061621469388E-004
  0.56015464120125147        7.8826150743072185E-004
  0.56405135739498602        7.9407291325991718E-004
  0.56796158040395017        7.9998669353403959E-004
  0.57188531022814382        8.0600745935521009E-004
  0.57582254686756718        8.1214098743794666E-004
  0.57977329032222003        8.1838503976541994E-004
  0.58373754059210270        8.2472400288922314E-004
  0.58771529767721475        8.3113784318288898E-004
  0.59170656157755652        8.3761464034709564E-004
  0.59571133229312767        8.4415723905427887E-004
  0.59972960982392842        8.5078164739052010E-004
  0.60376139416995878        8.5750666236565371E-004
  0.60780668533121873        8.6434452565551181E-004
  0.61186548330770862        8.7129890552935078E-004
  0.61593778809942779        8.7837183943861299E-004
  0.62002359970637644        8.8556821342281533E-004
  0.62412291812855469        8.9289560907748094E-004
  0.62823574336596255        9.0035772331449257E-004
  0.63236207541860001        9.0794474041132973E-004
  0.63650191428646730        9.1563800378153105E-004
  0.64065525996956407        9.2342669126258545E-004
  0.64482211246789023        9.3132246928104301E-004
  0.64900247178144599        9.3935556021241466E-004
  0.65319633791023124        9.4755713470079199E-004
  0.65740371085424631        9.5594248618108486E-004
  0.66162459061349110        9.6450231892729061E-004
  0.66585897718796527        9.7321099569177129E-004
  0.67010687057766893        9.8204618365582892E-004
  0.67436827078260220        9.9100585389231242E-004
  0.67864317780276506        1.0001105256822916E-003
  0.68293159163815753        1.0093863528150373E-003
  0.68723351228877949        1.0188445673669424E-003
  0.69154893975463150        1.0284719377015431E-003
  0.69587787403571266        1.0382429796188420E-003
  0.70022031513202332        1.0481453151993904E-003
  0.70457626304356369        1.0581924957678748E-003
  0.70894571777033366        1.0684159590441976E-003
  0.71332867931233312        1.0788452810386521E-003
  0.71772514766956252        1.0894904535782720E-003
  0.72213512284202130        1.1003339083598929E-003
  0.72655860482970958        1.1113443226997920E-003
  0.73099559363262745        1.1225025840227018E-003
  0.73544608925077481        1.1338202422527704E-003
  0.73991009168415189        1.1453363923215588E-003
  0.74438760093275869        1.1570939086743355E-003
  0.74887861699659486        1.1691142043587773E-003
  0.75338313987566063        1.1813919952266601E-003
  0.75790116956995601        1.1939062614548842E-003
  0.76243270607948099        1.2066343980156205E-003
  0.76697774940423546        1.2195613045860223E-003
  0.77153629954421954        1.2326820939129568E-003
  0.77610835649943355        1.2459998848002338E-003
  0.78069392026987683        1.2595242234670686E-003
  0.78529299085554971        1.2732680373763730E-003
  0.78990556825645208        1.2872477534663792E-003
  0.79453165247258417        1.3014876347141220E-003
  0.79917124350394564        1.3160135624922199E-003
  0.80382434135053715        1.3308407327510807E-003
  0.80849094601235794        1.3459708677161361E-003
  0.81317105748940821        1.3614010078632961E-003
  0.81786467578168820        1.3771361458027251E-003
  0.82257180088919768        1.3931927163868783E-003
  0.82729243281193676        1.4095918950033414E-003
  0.83202657154990578        1.4263467242667570E-003
  0.83677421710310396        1.4434530494617534E-003
  0.84153536947153174        1.4608892217115579E-003
  0.84631002865518923        1.4786318160781792E-003
  0.85109819465407621        1.4966783855612945E-003
  0.85589986746819280        1.5150606298497849E-003
  0.86071504709753899        1.5338358397291446E-003
  0.86554373354211511        1.5530582966457019E-003
  0.87038592680192040        1.5727520206204400E-003
  0.87524162687695517        1.5929016448252874E-003
  0.88011083376721977        1.6134702579223520E-003
  0.88499354747271386        1.6344220650827699E-003
  0.88988976799343744        1.6557400385116487E-003
  0.89479949532939096        1.6774316822577612E-003
  0.89972272948057386        1.6995200992050165E-003
  0.90465947044698625        1.7220249961911102E-003
  0.90960971822862824        1.7449541060297281E-003
  0.91457347282549983        1.7683156165842525E-003
  0.91955073423760092        1.7921362828489679E-003
  0.92454150246493194        1.8164608277919405E-003
  0.92954577750749234        1.8413296281793497E-003
  0.93456355936528224        1.8667580749639550E-003
  0.93959484803830173        1.8927357309261377E-003
  0.94463964352655083        1.9192496159222423E-003
  0.94969794583002953        1.9463097392951683E-003
  0.95476975494873773        1.9739596736083223E-003
  0.95985507088267585        2.0022589802283519E-003
  0.96495389363184325        2.0312579150631406E-003
  0.97006622319624025        2.0609799480440488E-003
  0.97519205957586674        2.0914113904193336E-003
  0.98033140277072295        2.1225119842454856E-003
  0.98548425278080853        2.1542436435063820E-003
  0.99065060960612428        2.1865970864703857E-003
  0.99583047324666918        2.2195991040872718E-003
   1.0010238437024437        2.2533003039372718E-003
   1.0062307209734478        2.2877546587688974E-003
   1.0114511050596813        2.3230107597915326E-003
   1.0166849959611446        2.3591187656149797E-003
   1.0219323936778377        2.3961260406650930E-003
   1.0271932982097600        2.4340610522436807E-003
   1.0324677095569119        2.4729199400527536E-003
   1.0377556277192936        2.5126699381410027E-003
   1.0430570526969047        2.5532796317354681E-003
   1.0483719844897454        2.5947539446452665E-003
   1.0537004230978158        2.6371446258166356E-003
   1.0590423685211159        2.6805320228795830E-003
   1.0643978207596454        2.7249986088044337E-003
   1.0697667798134045        2.7706053125203093E-003
   1.0751492456823930        2.8173900269868645E-003
   1.0805452183666113        2.8653922772762671E-003
   1.0859546978660590        2.9146697288290851E-003
   1.0913776841807368        2.9652885882289351E-003
   1.0968141773106437        3.0172987542777100E-003
   1.1022641772557802        3.0707138375745367E-003
   1.1077276840161465        3.1255081432504193E-003
   1.1132046975917422        3.1816528879480225E-003
   1.1186952179825675        3.2391644387150132E-003
   1.1241992451886227        3.2981272582638223E-003
   1.1297167792099072        3.3586839003116350E-003
   1.1352478200464211        3.4209840094203054E-003
   1.1407923676981646        3.4851220313650952E-003
   1.1463504221651379        3.5511079718912471E-003
   1.1519219834473409        3.6188962635413072E-003
   1.1575070515447732        3.6884556496912671E-003
   1.1631056264574353        3.7598344171383153E-003
   1.1687177081853268        3.8331674424450682E-003
   1.1743432967284479        3.9086075720542075E-003
   1.1799823920867987        3.9862603254311587E-003
   1.1856349942603792        4.0661648993244133E-003
   1.1913011032491889        4.1483344893147233E-003
   1.1969807190532287        4.2328190624060470E-003
   1.2026738416724976        4.3197550295323841E-003
   1.2083804711069963        4.4093543668816656E-003
   1.2141006073567244        4.5018415065306277E-003
   1.2198342504216824        4.5973575450030937E-003
   1.2255814003018697        4.6959043414531096E-003
   1.2313420569972870        4.7974108775845339E-003
   1.2371162205079336        4.9019043461973229E-003
   1.2429038908338095        5.0096570303935703E-003
   1.2487050679749152        5.1211345715976627E-003
   1.2545197519312505        5.2367325948246488E-003
   1.2603479427028155        5.3565240870179845E-003
   1.2661896402896102        5.4802624713792460E-003
   1.2720448446916344        5.6076821022368667E-003
   1.2779135559088879        5.7388808487381935E-003
   1.2837957739413710        5.8744760876457153E-003
   1.2896914987890837        6.0153266011141902E-003
   1.2956007304520261        6.1619782323574816E-003
   1.3015234689301980        6.3142916449017011E-003
   1.3074597142236000        6.4716407300434171E-003
   1.3134094663322311        6.6336396997446053E-003
   1.3193727252560918        6.8008524927513124E-003
   1.3253494909951820        6.9747575598208380E-003
   1.3313397635495017        7.1567563755848161E-003
   1.3373435429190512        7.3469895533970538E-003
   1.3433608291038306        7.5441435391955516E-003
   1.3493916221038391        7.7467425219055717E-003
   1.3554359219190775        7.9550064228106239E-003
   1.3614937285495452        8.1714931036767306E-003
   1.3675650419952425        8.3994870355865048E-003
   1.3736498622561695        8.6401651175653481E-003
   1.3797481893323262        8.8911641135850199E-003
   1.3858600232237124        9.1485206445210236E-003
   1.3919853639303281        9.4109172912912008E-003
   1.3981242114521732        9.6823646589556476E-003
   1.4042765657892482        9.9699355525916383E-003
   1.4104424269415525        1.0277489261595144E-002
   1.4166217949090865        1.0601018419306224E-002
   1.4228146696918504        1.0931283091314027E-002
   1.4290210512898436        1.1263140637127682E-002
   1.4352409397030665        1.1603222003295057E-002
   1.4414743349315187        1.1966792183487937E-002
   1.4477212369752008        1.2363876875774530E-002
   1.4539816458341122        1.2786952264891457E-002
   1.4602555615082535        1.3214784453781594E-002
   1.4665429839976243        1.3633242978463554E-002
   1.4728439133022244        1.4054390533668758E-002
   1.4791583494220544        1.4510921692572199E-002
   1.4854862923571137        1.5024443374611594E-002
   1.4918277421074029        1.5576724987542513E-002
   1.4981826986729216        1.6119310315270304E-002
   1.5045511620536698        1.6622772468994552E-002
   1.5109331322496478        1.7118790210948861E-002
   1.5173286092608551        1.7680524611082556E-002
   1.5237375930872916        1.8344323032983594E-002
   1.5301600837289584        1.9050527041061957E-002
   1.5365960811858543        1.9685096273104295E-002
   1.5430455854579803        2.0204236747364435E-002
   1.5495085965453357        2.0709873111030248E-002
   1.5559851144479204        2.1358543339295759E-002
   1.5624751391657348        2.2163469800930750E-002
   1.5689786706987789        2.2916585577621749E-002
   1.5754957090470525        2.3381126163653600E-002
   1.5820262542105561        2.3589159308258709E-002
   1.5885703061892886        2.3864380174830561E-002
   1.5951278649832510        2.4430701519930060E-002
   1.6016989305924429        2.5014891261944797E-002
   1.6082835030168643        2.5030928501397758E-002
   1.6148815822565155        2.4298134277157234E-002
   1.6214931683113964        2.3397776690240079E-002
   1.6281182611815068        2.2964875666821805E-002
   1.6347568608668464        2.2639585435752903E-002
   1.6414089673674159        2.1285159709493521E-002
   1.6480745806832149        1.8619101213384320E-002
   1.6547537008142434        1.5991612019472471E-002
   1.6614463277605016        1.4595065692434583E-002
   1.6681524615219896        1.3426684661456141E-002
   1.6748721020987070        1.0860298441514548E-002
   1.6816052494906539        8.2325747853548396E-003
   1.6883519036978303        8.8297114257208723E-003
   1.6951120647202365        1.2269704160177844E-002
   1.7018857325578720        1.4927727282048482E-002
   1.7086729072107374        1.9320944410071022E-002
   1.7154735886788324        3.4608976774246861E-002
   1.7222877769621567        5.9200865099400479E-002
   1.7291154720607107        7.7575155993825515E-002
   1.7359566739744943        9.6514286504051486E-002
   1.7428113827035074       0.16147686340724110     
   1.7496795982477507       0.28776476018135638     
   1.7565613206072228       0.19703073443414010     
   1.7634565497819246       0.29575369027296927     
