   0.0000000000000000       0.10524942465693307     
   6.7534086405849843E-006  0.16476000288356807     
   2.7013634562339937E-005  0.22426625791456992     
   6.0780677765264868E-005  0.29029662499294107     
   1.0805453824935975E-004  0.42231610519185198     
   1.6883521601462458E-004  0.39769794953665061     
   2.4312271106105947E-004  0.42032464144828507     
   3.3091702338866423E-004  0.33396397791989957     
   4.3221815299743899E-004  0.32009245676797404     
   5.4702609988738378E-004  0.42430158449634792     
   6.7534086405849833E-004  0.59379518264752496     
   8.1716244551078318E-004  0.56735863076860471     
   9.7249084424423789E-004  0.51062284759371901     
   1.1413260602588622E-003  0.51453859902510501     
   1.3236680935546569E-003  0.77878061490687123     
   1.5195169441316212E-003  0.55628437930834274     
   1.7288726119897560E-003  0.64058163363093190     
   1.9517350971290607E-003  0.85721529328858737     
   2.1881043995495351E-003  0.60489042534539728     
   2.4379805192511796E-003  0.74491976594600162     
   2.7013634562339933E-003  0.79437954491227014     
   2.9782532104979786E-003  0.91135461165636067     
   3.2686497820431327E-003  0.61066171658649093     
   3.5725531708694562E-003  0.68209136062375042     
   3.8899633769769516E-003  0.73471480326400729     
   4.2208804003656154E-003  0.97828702821917790     
   4.5653042410354486E-003  0.91757264247624692     
   4.9232348989864524E-003  0.75127525603793888     
   5.2946723742186277E-003  0.64004158806546962     
   5.6796166667319719E-003  0.40962794613239889     
   6.0780677765264850E-003  0.24251562361380063     
   6.4900257036021704E-003  0.18221075358388386     
   6.9154904479590239E-003  0.11777026992871746     
   7.3544620095970471E-003   5.9244344703504065E-002
   7.8069403885162427E-003   4.1561844446855005E-002
   8.2729255847166054E-003   3.7386280065379654E-002
   8.7524175981981405E-003   2.2819738022365553E-002
   9.2454164289608436E-003   9.8646523588366009E-003
   9.7519220770047182E-003   9.4978472072085544E-003
   1.0271934542329761E-002   1.2393826884237675E-002
   1.0805453824935973E-002   8.9078492930690992E-003
   1.1352479924823355E-002   3.3250959601768019E-003
   1.1913012841991914E-002   2.6077191876356792E-003
   1.2487052576441638E-002   4.7292980369882144E-003
   1.3074599128172531E-002   4.2665805677252634E-003
   1.3675652497184594E-002   1.6640778571133878E-003
   1.4290212683477825E-002   9.7933747504752957E-004
   1.4918279687052229E-002   2.5246042215371516E-003
   1.5559853507907806E-002   3.0207926169319482E-003
   1.6214934146044548E-002   1.4207861133748298E-003
   1.6883521601462462E-002   1.7919857327980849E-004
   1.7565615874161545E-002   8.9363784686189427E-004
   1.8261216964141794E-002   2.0017180078527644E-003
   1.8970324871403221E-002   1.6480689369863359E-003
   1.9692939595945810E-002   4.5701372448021701E-004
   2.0429061137769579E-002   1.3313153688472243E-004
   2.1178689496874511E-002   7.7023829764299024E-004
   2.1941824673260613E-002   1.0584036386927528E-003
   2.2718466666927888E-002   5.1070736316742907E-004
   2.3508615477876329E-002   4.3865336401094766E-005
   2.4312271106105940E-002   3.6690930965638165E-004
   2.5129433551616728E-002   9.1990869496083214E-004
   2.5960102814408682E-002   8.3299013763608561E-004
   2.6804278894481802E-002   2.3879289968994403E-004
   2.7661961791836095E-002   3.1478688102657420E-005
   2.8533151506471555E-002   5.0393460615825937E-004
   2.9417848038388188E-002   8.9329973102526708E-004
   3.0316051387585991E-002   5.8502725254687459E-004
   3.1227761554064971E-002   8.0132214325163463E-005
   3.2152978537825110E-002   4.4664970165741483E-005
   3.3091702338866422E-002   1.7098715168822456E-004
   3.4043932957188903E-002   8.4008542129428561E-005
   3.5009670392792562E-002   3.0790785535040341E-004
   3.5988914645677390E-002   5.1083865557659746E-004
   3.6981665715843375E-002   1.8164633415013943E-004
   3.7987923603290535E-002   7.0281898855449783E-004
   3.9007688308018873E-002   3.9931646244479164E-004
   4.0040959830028373E-002   2.2656191031700034E-004
   4.1087738169319044E-002   4.4771585276995719E-004
   4.2148023325890883E-002   4.8863189967338625E-004
   4.3221815299743893E-002   1.8778516694756419E-004
   4.4309114090878073E-002   1.1680722521228337E-003
   4.5409919699293422E-002   2.8906766005573511E-004
   4.6524232124989948E-002   3.3090788189613188E-004
   4.7652051367967657E-002   2.9625597356920078E-004
   4.8793377428226516E-002   2.9418094633921175E-004
   4.9948210305766551E-002   4.6940314815210692E-004
   5.1116550000587749E-002   3.2169575151311675E-004
   5.2298396512690123E-002   6.2461674713331115E-005
   5.3493749842073661E-002   4.9450611973137390E-005
   5.4702609988738375E-002   6.5727952023500523E-005
   5.5924976952684252E-002   1.2128248331801924E-004
   5.7160850733911299E-002   6.8917593092042442E-005
   5.8410231332419522E-002   1.3576072325312387E-005
   5.9673118748208916E-002   5.1589992205291010E-006
   6.0949512981279472E-002   5.6510765963429239E-005
   6.2239414031631225E-002   9.5747282886274020E-005
   6.3542821899264121E-002   6.6456982629128404E-005
   6.4859736584178193E-002   1.9100762769885947E-005
   6.6190158086373435E-002   1.9929862670098017E-005
   6.7534086405849847E-002   7.0308505738741824E-005
   6.8891521542607428E-002   1.2206387945031079E-004
   7.0262463496646180E-002   1.3233415419928608E-004
   7.1646912267966087E-002   1.0057451202555598E-004
   7.3044867856567178E-002   6.4832819451772015E-005
   7.4456330262449452E-002   6.6862009477701824E-005
   7.5881299485612883E-002   1.1527203466124500E-004
   7.7319775526057469E-002   1.7702139829517112E-004
   7.8771758383783239E-002   2.0646349177641391E-004
   8.0237248058790206E-002   1.8762337949790079E-004
   8.1716244551078315E-002   1.5017095171929564E-004
   8.3208747860647594E-002   1.4172728227535781E-004
   8.4714757987498043E-002   1.8174176258333027E-004
   8.6234274931629662E-002   2.4212718634393637E-004
   8.7767298693042450E-002   2.7443742873557513E-004
   8.9313829271736422E-002   2.5665639244497795E-004
   9.0873866667711550E-002   2.1315496498489208E-004
   9.2447410880967848E-002   1.8913137363280855E-004
   9.4034461911505315E-002   2.0640664734267294E-004
   9.5635019759323953E-002   2.4450305193244638E-004
   9.7249084424423760E-002   2.6335879477544304E-004
   9.8876655906804736E-002   2.4257641914553733E-004
  0.10051773420646691        1.9850573622912034E-004
  0.10217231932341024        1.6544065785265420E-004
  0.10384041125763473        1.6249234989897305E-004
  0.10552201000914038        1.7843912118679922E-004
  0.10721711557792721        1.8609619083530477E-004
  0.10892572796399520        1.6911053938530615E-004
  0.11064784716734438        1.3512071200411587E-004
  0.11238347318797472        1.0552783817074996E-004
  0.11413260602588622        9.4703468306431466E-005
  0.11589524568107890        9.8772286598474386E-005
  0.11767139215355275        1.0217751537964819E-004
  0.11946104544330777        9.3191435054900629E-005
  0.12126420555034396        7.3322519869407221E-005
  0.12308087247466136        5.3619667694620360E-005
  0.12491104621625988        4.3540604802466958E-005
  0.12675472677513958        4.3296507839049601E-005
  0.12861191415130044        4.5482917985793388E-005
  0.13048260834474248        4.2761477218141766E-005
  0.13236680935546569        3.3877782347454020E-005
  0.13426451718347007        2.3393746193632869E-005
  0.13617573182875561        1.6694394395129575E-005
  0.13810045329132234        1.5377967390314633E-005
  0.14003868157117025        1.6735998729704442E-005
  0.14199041666829929        1.6851762473093403E-005
  0.14395565858270956        1.3981342403397370E-005
  0.14593440731440091        9.4203324708409746E-006
  0.14792666286337350        5.7473234575325812E-006
  0.14993242522962721        4.4583682580134325E-006
  0.15195169441316214        5.0122163702119555E-006
  0.15398447041397820        5.7098445640754107E-006
  0.15603075323207549        5.2725890949828629E-006
  0.15809054286745386        3.7170615526524524E-006
  0.16016383932011349        2.0172239474035804E-006
  0.16225064259005428        1.0995773607489678E-006
  0.16435095267727617        1.1335622355828234E-006
  0.16646476958177930        1.5808509173083387E-006
  0.16859209330356353        1.7744179625581837E-006
  0.17073292384262900        1.4461506878372065E-006
  0.17288726119897557        8.1848359096276682E-007
  0.17505510537260338        3.0858946894119433E-007
  0.17723645636351229        1.6339535623717794E-007
  0.17943131417170244        3.1365910090976890E-007
  0.18163967879717369        5.0463747429927198E-007
  0.18386155023992620        5.3038672819839668E-007
  0.18609692849995979        3.7022924901815337E-007
  0.18834581357727462        1.5355813399432630E-007
  0.19060820547187063        2.3228870749491549E-008
  0.19288410418374774        2.6338613564670905E-008
  0.19517350971290606        1.0611931261450522E-007
  0.19747642205934549        1.6940398384202411E-007
  0.19979284122306620        1.6245469725284296E-007
  0.20212276720406797        9.8851488199074950E-008
  0.20446620000235100        3.0815301456961862E-008
  0.20682313961791512        1.2370256432967602E-009
  0.20919358605076049        1.5172528625145885E-008
  0.21157753930088694        4.6285661998192207E-008
  0.21397499936829464        6.4271206684115239E-008
  0.21638596625298342        5.6300103427270204E-008
  0.21881043995495350        3.2026141385290817E-008
  0.22124842047420468        1.1214691983347116E-008
  0.22369990781073701        5.6339157260495038E-009
  0.22616490196455058        1.3189904681069767E-008
  0.22864340293564520        2.3807590867169146E-008
  0.23113541072402111        2.7917505984873600E-008
  0.23364092532967809        2.3075311396816972E-008
  0.23615994675261631        1.4023670663997806E-008
  0.23869247499283566        7.3996702837072543E-009
  0.24123851005033622        6.5608424020168221E-009
  0.24379805192511789        9.7183281961991648E-009
  0.24637110061718079        1.2855930050032825E-008
  0.24895765612652490        1.3467156855286639E-008
  0.25155771845315006        1.1305477301309747E-008
  0.25417128759705648        7.9244279515531642E-009
  0.25679836355824398        5.5985091325370684E-009
  0.25943894633671277        5.2242217399288929E-009
  0.26209303593246264        6.0397600423251985E-009
  0.26476063234549374        6.7864696213000318E-009
  0.26744173557580592        6.8301551514662418E-009
  0.27013634562339939        6.3414706371260701E-009
  0.27284446248827393        5.4802871798779521E-009
  0.27556608617042971        4.3681489055615250E-009
  0.27830121666986657        3.4644236205668482E-009
  0.28104985398658472        3.2010166581834628E-009
  0.28381199812058400        3.5175851650922037E-009
  0.28658764907186435        3.9719571537711267E-009
  0.28937680684042605        4.0495619302000432E-009
  0.29217947142626871        3.6680276662810232E-009
  0.29499564282939272        3.0364125207558304E-009
  0.29782532104979781        2.2852458777514241E-009
  0.30066850608748408        1.7883319435458846E-009
  0.30352519794245153        1.8975482221072971E-009
  0.30639539661470017        2.3330381087701682E-009
  0.30927910210422987        2.5812203448050332E-009
  0.31217631441104093        2.4123410594829304E-009
  0.31508703353513295        1.9296586471215266E-009
  0.31801125947650627        1.3923699184834798E-009
  0.32094899223516082        1.1009716952903137E-009
  0.32390023181109640        1.2174631354869330E-009
  0.32686497820431326        1.4793717757879753E-009
  0.32984323141481120        1.5216760658962277E-009
  0.33283499144259038        1.3345050504126203E-009
  0.33584025828765063        1.0879484411390966E-009
  0.33885903194999217        8.7505930721414400E-010
  0.34189131242961479        8.0979673700790791E-010
  0.34493709972651865        8.8518225417151105E-010
  0.34799639384070358        9.2691106741295414E-010
  0.35106919477216980        8.3059387503093936E-010
  0.35415550252091715        6.7216876427887929E-010
  0.35725531708694569        5.8261661993300958E-010
  0.36036863847025541        5.8503680052869000E-010
  0.36349546667084620        6.2508022269881626E-010
  0.36663580168871823        6.4817107892967037E-010
  0.36978964352387139        5.8164542344866520E-010
  0.37295699217630573        4.2545004607312690E-010
  0.37613784764602126        3.5183121714591635E-010
  0.37933220993301803        3.7131866211430135E-010
  0.38254007903729581        3.8411853186167469E-010
  0.38576145495885489        4.0359069699511357E-010
  0.38899633769769504        4.1477380735799766E-010
  0.39224472725381648        3.5820478309011227E-010
  0.39550662362721895        2.6675603167433320E-010
  0.39878202681790270        2.1970060372331477E-010
  0.40207093682586764        2.2637998567423079E-010
  0.40537335365111371        2.4640886664633410E-010
  0.40868927729364096        2.3661485023876286E-010
  0.41201870775344929        2.2410588978327442E-010
  0.41536164503053891        2.1452821092194640E-010
  0.41871808912490960        1.8415739032976733E-010
  0.42208804003656153        1.6472548858984666E-010
  0.42547149776549453        1.5919316010069865E-010
  0.42886846231170883        1.3864657218606727E-010
  0.43227893367520420        1.1694051023479696E-010
  0.43570291185598081        1.1775703066055497E-010
  0.43914039685403855        1.3200782208873346E-010
  0.44259138866937753        1.4514274538906841E-010
  0.44605588730199769        1.3554438236872484E-010
  0.44953389275189887        9.7169484997206397E-011
  0.45302540501908134        6.4291531806038642E-011
  0.45653042410354489        5.9663463564050899E-011
  0.46004895000528973        7.8565435833120637E-011
  0.46358098272431558        1.0231696515209190E-010
  0.46712652226062279        1.0607306761645495E-010
  0.47068556861421101        8.2946835341855999E-011
  0.47425812178508053        4.5634777983899841E-011
  0.47784418177323107        2.8460832900083116E-011
  0.48144374857866296        4.6288963616900068E-011
  0.48505682220137586        7.1604196973916362E-011
  0.48868340264137000        7.6142613534410514E-011
  0.49232348989864544        6.1789234456331747E-011
  0.49597708397320178        3.9086187747656567E-011
  0.49964418486503953        1.7185656240096211E-011
  0.50332479257415830        1.7673625525790262E-011
  0.50701890710055830        4.4548973220269407E-011
  0.51072652844423938        6.8516979642961991E-011
  0.51444765660520175        6.0651485622259673E-011
  0.51818229158344520        3.1624577918559806E-011
  0.52193043337896994        8.9520236160647220E-012
  0.52569208199177564        6.8569735598329993E-012
  0.52946723742186275        2.8228568074663761E-011
  0.53325589966923093        5.6102613430914320E-011
  0.53705806873388029        6.1163250639048193E-011
  0.54087374461581084        3.5586423348677805E-011
  0.54470292731502246        5.7729017381297857E-012
  0.54854561683151537        3.1032804071948593E-012
  0.55240181316528936        2.7250386665235589E-011
  0.55627151631634464        5.3313065583301893E-011
  0.56015472628468099        6.2485165368739219E-011
  0.56405144307029853        4.8415433093428718E-011
  0.56796166667319714        2.1290795607050676E-011
  0.57188539709337693        7.7019555223659761E-012
  0.57582263433083825        2.9279607991364701E-011
  0.57977337838558030        7.2538412193049289E-011
  0.58373762925760364        1.0401644713218433E-010
  0.58771538694690839        9.8920059522511415E-011
  0.59170665145349399        6.4824526935982668E-011
  0.59571142277736089        3.6626790173206452E-011
  0.59972970091850886        4.1455425472399527E-011
  0.60376148587693823        8.0971539175010036E-011
  0.60780677765264857        1.2529458840145011E-010
  0.61186557624564020        1.3732999106254657E-010
  0.61593788165591279        1.1091490168847288E-010
  0.62002369388346690        7.4210870873275271E-011
  0.62412301292830197        5.6678114252442264E-011
  0.62823583879041811        7.2750377569914206E-011
  0.63236217146981544        1.0893734950642966E-010
  0.63650201096649428        1.3202633740260629E-010
  0.64065535728045397        1.2327397608611405E-010
  0.64482221041169474        9.1821279084985939E-011
  0.64900257036021713        6.3157289758035548E-011
  0.65319643712602027        5.8745712432472032E-011
  0.65740381070910470        7.8200957584083761E-011
  0.66162469110947020        9.8618925531453292E-011
  0.66585907832711722        1.0032056431255236E-010
  0.67010697236204508        8.2557443889347360E-011
  0.67436837321425414        6.1933903939110399E-011
  0.67864328088374426        6.0174036497130069E-011
  0.68293169537051601        8.4208926335698391E-011
  0.68723361667456861        1.1988570566466279E-010
  0.69154904479590229        1.4247671751314438E-010
  0.69587797973451748        1.3945773749053150E-010
  0.70022042149041352        1.2479880111101963E-010
  0.70457637006359075        1.2340126567684434E-010
  0.70894582545404916        1.4863494558492869E-010
  0.71332878766178909        1.9322723979468839E-010
  0.71772525668680975        2.3496432988337569E-010
  0.72213523252911183        2.5390633780332555E-010
  0.72655871518869475        2.4915081545288787E-010
  0.73099570466555930        2.3957003292964745E-010
  0.73544620095970481        2.4525793974959616E-010
  0.73991020407113139        2.6693221474684367E-010
  0.74438771399983916        2.8787384134347222E-010
  0.74887873074582845        2.9313174106823774E-010
  0.75338325430909847        2.7983162478474853E-010
  0.75790128468964968        2.6012468366214135E-010
  0.76243282188748251        2.4933368075853394E-010
  0.76697786590259609        2.5437068706044024E-010
  0.77153641673499096        2.6560655342817277E-010
  0.77610847438466679        2.6505421338420958E-010
  0.78069403885162425        2.4494680978546608E-010
  0.78529311013586256        2.1643836899353291E-010
  0.78990568823738194        1.9628032194562690E-010
  0.79453177315618273        1.9331962339362354E-010
  0.79917136489226481        2.0347236602796721E-010
  0.80382446344562775        2.1261802436371866E-010
  0.80849106881627186        2.1096745336822291E-010
  0.81317118100419750        2.0026413687373643E-010
  0.81786480000940398        1.9206145603661473E-010
  0.82257192583189165        1.9703495276222068E-010
  0.82729255847166050        2.1624438755399062E-010
  0.83202669792871076        2.4158346558162386E-010
  0.83677434420304198        2.6398242958454230E-010
  0.84153549729465416        2.7899115872606315E-010
  0.84631015720354774        2.8829167592782762E-010
  0.85109832392972273        2.9892301968902357E-010
  0.85589999747317858        3.1744683217571953E-010
  0.86071517783391549        3.4219296233745647E-010
  0.86554386501193370        3.6223343544225909E-010
  0.87038605900723343        3.6740528843294302E-010
  0.87524175981981400        3.5687860037631003E-010
  0.88011096744967565        3.4067276375844169E-010
  0.88499368189681871        3.3108643931089419E-010
  0.88988990316124283        3.3081094331755510E-010
  0.89479963124294803        3.3124257331236665E-010
  0.89972286614193442        3.2017265638617762E-010
  0.90465960785820232        2.9522604868778653E-010
  0.90960985639175096        2.6331625053087730E-010
  0.91457361174258078        2.3241342270442430E-010
  0.91955087391069190        2.0746794676211249E-010
  0.92454164289608443        1.8830398687111194E-010
  0.92954591869875780        1.7039331621684650E-010
  0.93456370131871236        1.4988214919593724E-010
  0.93959499075594843        1.2718601960685365E-010
  0.94463978701046525        1.0581700350338541E-010
  0.94969809008226336        8.9859007141432597E-011
  0.95476989997134265        8.0887938350809421E-011
  0.95985521667770335        7.7513569051448913E-011
  0.96495404020134490        7.6960134687978470E-011
  0.97006637054226763        7.7507516571448627E-011
  0.97519220770047155        8.0175122449324525E-011
  0.98033155167595698        8.7243106352466813E-011
  0.98548440246872315        9.8538967726099576E-011
  0.99065076007877073        1.1067806214089368E-010
  0.99583062450609960        1.2031643279284924E-010
   1.0010239957507094        1.2745367812640868E-010
   1.0062308738126002        1.3516671605419527E-010
   1.0114512586917723        1.4640832368568530E-010
   1.0166851503882259        1.6109632184762074E-010
   1.0219325489019604        1.7582621978944339E-010
   1.0271934542329759        1.8588285922162501E-010
   1.0324678663812730        1.8858008772792937E-010
   1.0377557853468511        1.8505100023803707E-010
   1.0430572111297103        1.7995620813270350E-010
   1.0483721437298505        1.7600038543164977E-010
   1.0537005831472721        1.7280438520011423E-010
   1.0590425293819750        1.6854097476304599E-010
   1.0643979824339587        1.6157298795391049E-010
   1.0697669423032237        1.5069737940697141E-010
   1.0751494089897702        1.3712483484422245E-010
   1.0805453824935976        1.2309116799177450E-010
   1.0859548628147060        1.0952440433551611E-010
   1.0913778499530957        9.5929032701863728E-011
   1.0968143439087668        8.1914759050363362E-011
   1.1022643446817189        6.7907081695442461E-011
   1.1077278522719520        5.4833709964812159E-011
   1.1132048666794663        4.4159043884159058E-011
   1.1186953879042620        3.5642676260893230E-011
   1.1241994159463389        2.9147589444323603E-011
   1.1297169508056966        2.4796300957120245E-011
   1.1352479924823360        2.2821005595361288E-011
   1.1407925409762560        2.2950053105253156E-011
   1.1463505962874574        2.5051720008283304E-011
   1.1519221584159403        2.8802916657816326E-011
   1.1575072273617042        3.4273210336240899E-011
   1.1631058031247488        4.1424599450602616E-011
   1.1687178857050748        5.0504369299608775E-011
   1.1743434751026822        6.1280215979125802E-011
   1.1799825713175709        7.1994885423105543E-011
   1.1856351743497404        8.0249871478745569E-011
   1.1913012841991912        8.5906924320685760E-011
   1.1969809008659231        9.0365614219069824E-011
   1.2026740243499363        9.4462847034559100E-011
   1.2083806546512306        9.8570620481754640E-011
   1.2141007917698061        1.0239940604299568E-010
   1.2198344357056627        1.0533993392839039E-010
   1.2255815864588007        1.0610483460574294E-010
   1.2313422440292194        1.0406975990144319E-010
   1.2371164084169195        9.8990386364018434E-011
   1.2429040796219013        9.2271889672355518E-011
   1.2487052576441637        8.5204785081416509E-011
   1.2545199424837070        7.7536380254346318E-011
   1.2603481341405318        6.8810685244600080E-011
   1.2661898326146381        5.8961195334357293E-011
   1.2720450379060251        4.8673128504737843E-011
   1.2779137500146935        3.8804645355956061E-011
   1.2837959689406433        3.0416109817120506E-011
   1.2896916946838739        2.3384635280583038E-011
   1.2956009272443856        1.7055641068516974E-011
   1.3015236666221786        1.1272527235583329E-011
   1.3074599128172530        6.3396097194994696E-012
   1.3134096658296084        2.6637901414682867E-012
   1.3193729256592448        6.6895595978838876E-013
   1.3253496923061625        1.0047386215671400E-013
   1.3313399657703615        2.3147743303574089E-013
   1.3373437460518414        7.7768944888630710E-013
   1.3433610331506025        1.9587517643242823E-012
   1.3493918270666450        4.1044307378388247E-012
   1.3554361277999687        7.1197174058805259E-012
   1.3614939353505735        1.0343298154585283E-011
   1.3675652497184592        1.2812551008779073E-011
   1.3736500709036266        1.4152941037177210E-011
   1.3797483989060746        1.4677568834325130E-011
   1.3858602337258039        1.5186668630781934E-011
   1.3919855753628143        1.6302899857175982E-011
   1.3981244238171067        1.7842513724166224E-011
   1.4042767790886792        1.8952832116774912E-011
   1.4104426411775333        1.8627037923650949E-011
   1.4166220100836686        1.6769737408814205E-011
   1.4228148858070850        1.4598621241108342E-011
   1.4290212683477828        1.3214182938909211E-011
   1.4352411577057613        1.2963200850020923E-011
   1.4414745538810216        1.3355871222319512E-011
   1.4477214568735626        1.3591054177771566E-011
   1.4539818666833848        1.3081321839795052E-011
   1.4602557833104879        1.2053448456400132E-011
   1.4665432067548729        1.1283523639539898E-011
   1.4728441370165388        1.1079218905874923E-011
   1.4791585740954856        1.1589389012173296E-011
   1.4854865179917134        1.3189878992416432E-011
   1.4918279687052229        1.6322649696092747E-011
   1.4981829262360133        2.0931402535847314E-011
   1.5045513905840850        2.6406199422868367E-011
   1.5109333617494378        3.0975783833986229E-011
   1.5173288397320721        3.3420436359490451E-011
   1.5237378245319870        3.4891781382871083E-011
   1.5301603161491832        3.7840767529685543E-011
   1.5365963145836610        4.4166417796704791E-011
   1.5430458198354196        5.3513754735604384E-011
   1.5495088319044592        6.3210867769287828E-011
   1.5559853507907802        6.9609605951135518E-011
   1.5624753764943826        7.0361054622795855E-011
   1.5689789090152659        6.7989089202091675E-011
   1.5754959483534303        6.8854281225252509E-011
   1.5820264945088758        7.6878889982308380E-011
   1.5885705474816030        9.0116961877014785E-011
   1.5951281072716108        1.0234355387426430E-010
   1.6016991738788999        1.0616787145664553E-010
   1.6082837473034706        9.8888699744188986E-011
   1.6148818275453221        8.7646151091168729E-011
   1.6214934146044548        8.5033487157522194E-011
   1.6281185084808685        9.3300015316595191E-011
   1.6347571091745638        1.1160507512669358E-010
   1.6414092166855399        1.2095972996639271E-010
   1.6480748310137971        1.2045459824806145E-010
   1.6547539521593355        1.0533499998366905E-010
   1.6614465801221556        8.0705867914700144E-011
   1.6681527149022564        6.8400563512371258E-011
   1.6748723564996384        9.5838862399181587E-011
   1.6816055049143013        1.1026480787681644E-010
   1.6883521601462461        1.7287921201183239E-010
   1.6951123221954716        1.5241585335086882E-010
   1.7018859910619781        7.0935275726460434E-011
   1.7086731667457666        9.9995087288976081E-011
   1.7154738492468353        5.3320099208578766E-010
   1.7222880385651855        1.9388596198617368E-009
   1.7291157347008168        6.0524658095298322E-010
   1.7359569376537298        8.6796626846967821E-010
   1.7428116474239232        7.3571298905620505E-009
   1.7496798640113982        8.0631665243729025E-009
   1.7565615874161542        4.0229458724229346E-008
   1.7634568176381917        1.2733852212595809E-008
