  -57.014526389947271        1.8568088464011729     
  -56.903169893091906        1.0637029373314146     
  -56.791813396236542       0.58630548526082782     
  -56.680456899381177       0.47754607529685200     
  -56.569100402525805       0.44051224108307646     
  -56.457743905670441       0.40851429631110231     
  -56.346387408815076       0.37909024791238077     
  -56.235030911959711       0.36245802700875812     
  -56.123674415104347       0.35559821008627285     
  -56.012317918248982       0.35076869124168097     
  -55.900961421393610       0.34421236218686119     
  -55.789604924538246       0.33643501518971464     
  -55.678248427682881       0.32780517442070706     
  -55.566891930827516       0.31748397609699192     
  -55.455535433972152       0.30491835959863578     
  -55.344178937116787       0.29047778310216676     
  -55.232822440261415       0.27485069625258779     
  -55.121465943406051       0.25851613014659719     
  -55.010109446550686       0.24178133826194043     
  -54.898752949695321       0.22497445268540731     
  -54.787396452839957       0.20846062368187465     
  -54.676039955984592       0.19254520824457116     
  -54.564683459129228       0.17742427662747851     
  -54.453326962273856       0.16320932167388216     
  -54.341970465418491       0.14996469348381156     
  -54.230613968563127       0.13772151446653785     
  -54.119257471707762       0.12647743677798370     
  -54.007900974852397       0.11619944007991857     
  -53.896544477997033       0.10683346612985727     
  -53.785187981141661        9.8315516897226243E-002
  -53.673831484286296        9.0578645850016529E-002
  -53.562474987430932        8.3555715854362986E-002
  -53.451118490575567        7.7181015348415108E-002
  -53.339761993720202        7.1391960147458189E-002
  -53.228405496864838        6.6130470685822951E-002
  -53.117049000009466        6.1343680574009081E-002
  -53.005692503154101        5.6983983536669225E-002
  -52.894336006298737        5.3008504222117329E-002
  -52.782979509443372        4.9378589126765154E-002
  -52.671623012588007        4.6059553553887529E-002
  -52.560266515732643        4.3020354343922984E-002
  -52.448910018877278        4.0233263068528903E-002
  -52.337553522021906        3.7673564452215563E-002
  -52.226197025166542        3.5319277092348396E-002
  -52.114840528311177        3.3150831260451943E-002
  -52.003484031455812        3.1150878937662232E-002
  -51.892127534600448        2.9304109431704996E-002
  -51.780771037745083        2.7596927442842912E-002
  -51.669414540889711        2.6017154408999883E-002
  -51.558058044034347        2.4553719055653147E-002
  -51.446701547178982        2.3196419898187257E-002
  -51.335345050323617        2.1935860109205202E-002
  -51.223988553468253        2.0763526173817153E-002
  -51.112632056612888        1.9671824956679893E-002
  -51.001275559757516        1.8654044911269898E-002
  -50.889919062902152        1.7704257189980886E-002
  -50.778562566046787        1.6817161975540645E-002
  -50.667206069191423        1.5987935979596923E-002
  -50.555849572336058        1.5212143798922119E-002
  -50.444493075480693        1.4485671502531966E-002
  -50.333136578625329        1.3804706651627590E-002
  -50.221780081769957        1.3165761105726351E-002
  -50.110423584914592        1.2565690165209437E-002
  -49.999067088059228        1.2001654329558277E-002
  -49.887710591203863        1.1471045103786067E-002
  -49.776354094348498        1.0971438451287384E-002
  -49.664997597493134        1.0500584808317956E-002
  -49.553641100637762        1.0056439822487981E-002
  -49.442284603782397        9.6371701258155251E-003
  -49.330928106927033        9.2411244233389263E-003
  -49.219571610071668        8.8667905522311699E-003
  -49.108215113216303        8.5127652207066008E-003
  -48.996858616360939        8.1777428276525177E-003
  -48.885502119505567        7.8605023683676317E-003
  -48.774145622650202        7.5598919655634521E-003
  -48.662789125794838        7.2748445939298410E-003
  -48.551432628939473        7.0043856477222059E-003
  -48.440076132084108        6.7476087426488326E-003
  -48.328719635228744        6.5036603666198999E-003
  -48.217363138373379        6.2717618768955846E-003
  -48.106006641518007        6.0512349507031958E-003
  -47.994650144662643        5.8414862263806129E-003
  -47.883293647807278        5.6419511168676459E-003
  -47.771937150951914        5.4520248910882871E-003
  -47.660580654096549        5.2710623091473995E-003
  -47.549224157241184        5.0984568304745185E-003
  -47.437867660385812        4.9337099510460159E-003
  -47.326511163530448        4.7764212493261651E-003
  -47.215154666675083        4.6262366734197381E-003
  -47.103798169819719        4.4828086995873954E-003
  -46.992441672964354        4.3457835061508935E-003
  -46.881085176108989        4.2148055085931670E-003
  -46.769728679253618        4.0895251492792332E-003
  -46.658372182398253        3.9696194197230278E-003
  -46.547015685542888        3.8548162975413892E-003
  -46.435659188687524        3.7448866959730151E-003
  -46.324302691832159        3.6396141046376304E-003
  -46.212946194976794        3.5387614375838464E-003
  -46.101589698121423        3.4420774972986558E-003
  -45.990233201266058        3.3493349711483642E-003
  -45.878876704410693        3.2603649100876411E-003
  -45.767520207555329        3.1750325262856595E-003
  -45.656163710699964        3.0931899270633359E-003
  -45.544807213844599        3.0146459936684850E-003
  -45.433450716989235        2.9391774319451956E-003
  -45.322094220133863        2.8665711406595648E-003
  -45.210737723278498        2.7966695424995573E-003
  -45.099381226423134        2.7293825622260563E-003
  -44.988024729567769        2.6646630730474729E-003
  -44.876668232712404        2.6024657423458207E-003
  -44.765311735857040        2.5427062376143532E-003
  -44.653955239001668        2.4852529362442777E-003
  -44.542598742146303        2.4299518364423378E-003
  -44.431242245290939        2.3766583472446846E-003
  -44.319885748435574        2.3252569794937803E-003
  -44.208529251580210        2.2756604939027946E-003
  -44.097172754724845        2.2277892284458620E-003
  -43.985816257869473        2.1815542807933370E-003
  -43.874459761014108        2.1368669419203849E-003
  -43.763103264158744        2.0936583328757669E-003
  -43.651746767303379        2.0518875685249616E-003
  -43.540390270448015        2.0115355388361711E-003
  -43.429033773592650        1.9725835027242424E-003
  -43.317677276737285        1.9349842871419221E-003
  -43.206320779881914        1.8986576284189963E-003
  -43.094964283026549        1.8635089069827847E-003
  -42.983607786171184        1.8294522289065925E-003
  -42.872251289315820        1.7964238220191189E-003
  -42.760894792460455        1.7643780056060417E-003
  -42.649538295605090        1.7332789166816219E-003
  -42.538181798749719        1.7031036525767813E-003
  -42.426825301894354        1.6738463937425051E-003
  -42.315468805038989        1.6455139393826328E-003
  -42.204112308183625        1.6181060088572327E-003
  -42.092755811328260        1.5915946369223655E-003
  -41.981399314472895        1.5659169001755217E-003
  -41.870042817617524        1.5409907009938596E-003
  -41.758686320762159        1.5167395439312234E-003
  -41.647329823906794        1.4931098277075757E-003
  -41.535973327051430        1.4700793618224336E-003
  -41.424616830196065        1.4476529639721328E-003
  -41.313260333340700        1.4258385883422573E-003
  -41.201903836485336        1.4046250426037452E-003
  -41.090547339629964        1.3839763306429029E-003
  -40.979190842774599        1.3638461381856374E-003
  -40.867834345919235        1.3442003329257476E-003
  -40.756477849063870        1.3250269351502014E-003
  -40.645121352208506        1.3063246545759748E-003
  -40.533764855353141        1.2880834333596637E-003
  -40.422408358497769        1.2702810373545130E-003
  -40.311051861642405        1.2528967516365907E-003
  -40.199695364787040        1.2359241118113041E-003
  -40.088338867931675        1.2193704689876781E-003
  -39.976982371076311        1.2032426192352345E-003
  -39.865625874220946        1.1875332036778248E-003
  -39.754269377365574        1.1722135107272011E-003
  -39.642912880510210        1.1572361315936269E-003
  -39.531556383654845        1.1425552622922170E-003
  -39.420199886799480        1.1281504467634863E-003
  -39.308843389944116        1.1140342195129326E-003
  -39.197486893088751        1.1002379283197364E-003
  -39.086130396233386        1.0867874370856815E-003
  -38.974773899378015        1.0736839950938278E-003
  -38.863417402522650        1.0609026865750308E-003
  -38.752060905667285        1.0484068495955044E-003
  -38.640704408811921        1.0361616194875119E-003
  -38.529347911956556        1.0241447374847309E-003
  -38.417991415101191        1.0123458252047079E-003
  -38.306634918245820        1.0007596351061785E-003
  -38.195278421390455        9.8937705071005058E-004
  -38.083921924535090        9.7818167323908824E-004
  -37.972565427679726        9.6715730506998691E-004
  -37.861208930824361        9.5629865847332075E-004
  -37.749852433968996        9.4561157022182078E-004
  -37.638495937113625        9.3510412103447874E-004
  -37.527139440258260        9.2478311302329264E-004
  -37.415782943402895        9.1465470845162634E-004
  -37.304426446547531        9.0472577292865337E-004
  -37.193069949692166        8.9500188370131306E-004
  -37.081713452836802        8.8548330757006605E-004
  -36.970356955981437        8.7616072869763366E-004
  -36.859000459126065        8.6701146359265948E-004
  -36.747643962270701        8.5800188224361080E-004
  -36.636287465415336        8.4910022236263187E-004
  -36.524930968559971        8.4029595052035960E-004
  -36.413574471704607        8.3160685325011719E-004
  -36.302217974849242        8.2306508762112986E-004
  -36.190861477993870        8.1469283548390743E-004
  -36.079504981138506        8.0648660270344675E-004
  -35.968148484283141        7.9841886981138119E-004
  -35.856791987427776        7.9045779232548088E-004
  -35.745435490572412        7.8258533431971452E-004
  -35.634078993717047        7.7480498047880397E-004
  -35.522722496861675        7.6713502140717134E-004
  -35.411366000006311        7.5959221872548804E-004
  -35.300009503150946        7.5217480752612484E-004
  -35.188653006295581        7.4486258248395701E-004
  -35.077296509440217        7.3763550092437126E-004
  -34.965940012584852        7.3049056294879184E-004
  -34.854583515729487        7.2344559249972059E-004
  -34.743227018874116        7.1652629560438092E-004
  -34.631870522018751        7.0974748262887495E-004
  -34.520514025163386        7.0310370872458592E-004
  -34.409157528308022        6.9657405643591577E-004
  -34.297801031452657        6.9013623437923525E-004
  -34.186444534597292        6.8378153206232113E-004
  -34.075088037741921        6.7751996761023262E-004
  -33.963731540886556        6.7137145309978396E-004
  -33.852375044031191        6.6534937739261496E-004
  -33.741018547175827        6.5944990979144042E-004
  -33.629662050320462        6.5365546029766788E-004
  -33.518305553465098        6.4794933757355048E-004
  -33.406949056609726        6.4232172176788781E-004
  -33.295592559754361        6.3676780727083481E-004
  -33.184236062898997        6.3128240774265338E-004
  -33.072879566043632        6.2585752798244667E-004
  -32.961523069188267        6.2048593706216955E-004
  -32.850166572332903        6.1516809449370900E-004
  -32.738810075477538        6.0991497704012429E-004
  -32.627453578622166        6.0474362716288969E-004
  -32.516097081766802        5.9966751767871718E-004
  -32.404740584911437        5.9468757477728305E-004
  -32.293384088056072        5.8979297660123793E-004
  -32.182027591200708        5.8497061974017116E-004
  -32.070671094345343        5.8021249718108459E-004
  -31.959314597489975        5.7551699364070312E-004
  -31.847958100634607        5.7088398489892479E-004
  -31.736601603779242        5.6631013128110121E-004
  -31.625245106923877        5.6179009448105010E-004
  -31.513888610068513        5.5732377293196938E-004
  -31.402532113213145        5.5291962732848367E-004
  -31.291175616357780        5.4859166480171354E-004
  -31.179819119502415        5.4435243418542634E-004
  -31.068462622647047        5.4020400884571677E-004
  -30.957106125791682        5.3613070041580078E-004
  -30.845749628936318        5.3210679632662006E-004
  -30.734393132080950        5.2811260061049294E-004
  -30.623036635225585        5.2414471846011740E-004
  -30.511680138370220        5.2021353391141134E-004
  -30.400323641514852        5.1633496444192706E-004
  -30.288967144659487        5.1252270636195380E-004
  -30.177610647804123        5.0878519876703028E-004
  -30.066254150948755        5.0512569517813233E-004
  -29.954897654093390        5.0153885857840710E-004
  -29.843541157238025        4.9801087697079580E-004
  -29.732184660382657        4.9452603826106707E-004
  -29.620828163527293        4.9107156094793463E-004
  -29.509471666671928        4.8764338293471872E-004
  -29.398115169816563        4.8424816819929765E-004
  -29.286758672961195        4.8090164913427866E-004
  -29.175402176105830        4.7762160526200904E-004
  -29.064045679250466        4.7441740785621417E-004
  -28.952689182395098        4.7128407919968651E-004
  -28.841332685539733        4.6820511174334702E-004
  -28.729976188684368        4.6516361266280286E-004
  -28.618619691829000        4.6215158587497738E-004
  -28.507263194973635        4.5916975624603118E-004
  -28.395906698118271        4.5622107651325079E-004
  -28.284550201262903        4.5330691359017075E-004
  -28.173193704407538        4.5042808470727408E-004
  -28.061837207552173        4.4758743318967841E-004
  -27.950480710696805        4.4479271191028756E-004
  -27.839124213841441        4.4205714031943943E-004
  -27.727767716986076        4.3939338613747242E-004
  -27.616411220130708        4.3680588470102578E-004
  -27.505054723275343        4.3428802303454699E-004
  -27.393698226419978        4.3182272966716881E-004
  -27.282341729564614        4.2939036675376780E-004
  -27.170985232709246        4.2697916360781606E-004
  -27.059628735853881        4.2458707253904338E-004
  -26.948272238998516        4.2221954750673498E-004
  -26.836915742143148        4.1988755113342994E-004
  -26.725559245287783        4.1760142857010570E-004
  -26.614202748432419        4.1536742698197000E-004
  -26.502846251577051        4.1318627741428649E-004
  -26.391489754721686        4.1105294108351951E-004
  -26.280133257866321        4.0895796234406429E-004
  -26.168776761010953        4.0688911221373214E-004
  -26.057420264155589        4.0483602593501916E-004
  -25.946063767300224        4.0279335971854264E-004
  -25.834707270444856        4.0076099572002651E-004
  -25.723350773589491        3.9874233983560860E-004
  -25.611994276734126        3.9674338366732672E-004
  -25.500637779878758        3.9477219086149609E-004
  -25.389281283023394        3.9283619601575206E-004
  -25.277924786168029        3.9094086825124992E-004
  -25.166568289312664        3.8909059377273381E-004
  -25.055211792457296        3.8728550323810225E-004
  -24.943855295601931        3.8552176490066835E-004
  -24.832498798746567        3.8379315152893562E-004
  -24.721142301891199        3.8209079112062715E-004
  -24.609785805035834        3.8040728281944183E-004
  -24.498429308180469        3.7874093758537904E-004
  -24.387072811325101        3.7709613687797417E-004
  -24.275716314469737        3.7548059192180788E-004
  -24.164359817614372        3.7390240691911625E-004
  -24.053003320759004        3.7236839940438542E-004
  -23.941646823903639        3.7088276893871230E-004
  -23.830290327048274        3.6944433112540788E-004
  -23.718933830192906        3.6804547415521808E-004
  -23.607577333337542        3.6667479885275157E-004
  -23.496220836482177        3.6531973710127982E-004
  -23.384864339626809        3.6397029393242286E-004
  -23.273507842771444        3.6262199092702136E-004
  -23.162151345916079        3.6127932627656273E-004
  -23.050794849060711        3.5995539469667342E-004
  -22.939438352205347        3.5866683242185058E-004
  -22.828081855349982        3.5742244166831068E-004
  -22.716725358494617        3.5621573912797893E-004
  -22.605368861639249        3.5502959960831708E-004
  -22.494012364783885        3.5384747765929923E-004
  -22.382655867928520        3.5266153181951160E-004
  -22.271299371073152        3.5147441302534770E-004
  -22.159942874217787        3.5029481613055053E-004
  -22.048586377362422        3.4913096433206398E-004
  -21.937229880507054        3.4798649661632922E-004
  -21.825873383651690        3.4685905079436159E-004
  -21.714516886796325        3.4574177179771379E-004
  -21.603160389940957        3.4462876798537135E-004
  -21.491803893085592        3.4351752065171401E-004
  -21.380447396230227        3.4241088909109412E-004
  -21.269090899374859        3.4131340944745119E-004
  -21.157734402519495        3.4022996997675072E-004
  -21.046377905664130        3.3916663586898129E-004
  -20.935021408808762        3.3812920096138848E-004
  -20.823664911953397        3.3712036010803085E-004
  -20.712308415098033        3.3614109156208168E-004
  -20.600951918242668        3.3519095840621802E-004
  -20.489595421387300        3.3426772627860807E-004
  -20.378238924531935        3.3336697283022640E-004
  -20.266882427676570        3.3248255281632938E-004
  -20.155525930821202        3.3160854027387224E-004
  -20.044169433965838        3.3074329044416485E-004
  -19.932812937110473        3.2989359314075173E-004
  -19.821456440255105        3.2907202005218373E-004
  -19.710099943399740        3.2829078158657635E-004
  -19.598743446544376        3.2755493311494808E-004
  -19.487386949689007        3.2685783521187547E-004
  -19.376030452833643        3.2618319669579319E-004
  -19.264673955978278        3.2551368288312324E-004
  -19.153317459122910        3.2483859665480828E-004
  -19.041960962267545        3.2415898964732292E-004
  -18.930604465412181        3.2348405700366201E-004
  -18.819247968556812        3.2282431934458982E-004
  -18.707891471701448        3.2218106520052998E-004
  -18.596534974846083        3.2154459848135610E-004
  -18.485178477990718        3.2090303382557292E-004
  -18.373821981135350        3.2025247385338967E-004
  -18.262465484279986        3.1960052797758479E-004
  -18.151108987424621        3.1895855521503767E-004
  -18.039752490569253        3.1833039146877815E-004
  -17.928395993713888        3.1770887341933337E-004
  -17.817039496858524        3.1708118477544812E-004
  -17.705683000003155        3.1644092971271325E-004
  -17.594326503147791        3.1579333800583846E-004
  -17.482970006292426        3.1515312262391957E-004
  -17.371613509437058        3.1453787466017571E-004
  -17.260257012581693        3.1395690427800252E-004
  -17.148900515726329        3.1340752112388057E-004
  -17.037544018870960        3.1287755080844858E-004
  -16.926187522015596        3.1235761399262506E-004
  -16.814831025160231        3.1184903977819013E-004
  -16.703474528304863        3.1135761335824701E-004
  -16.592118031449498        3.1088463453018419E-004
  -16.480761534594134        3.1042503577025093E-004
  -16.369405037738769        3.0997324559316880E-004
  -16.258048540883401        3.0952690818866172E-004
  -16.146692044028036        3.0909242509299066E-004
  -16.035335547172672        3.0868049351220227E-004
  -15.923979050317303        3.0829470078893239E-004
  -15.812622553461939        3.0792694484794753E-004
  -15.701266056606572        3.0756111815117421E-004
  -15.589909559751208        3.0718221008924345E-004
  -15.478553062895841        3.0678234153544529E-004
  -15.367196566040475        3.0636749061743041E-004
  -15.255840069185110        3.0594858257673626E-004
  -15.144483572329744        3.0553244258919415E-004
  -15.033127075474377        3.0512161702620709E-004
  -14.921770578619013        3.0471398380644193E-004
  -14.810414081763646        3.0430921634647763E-004
  -14.699057584908282        3.0391064806549733E-004
  -14.587701088052915        3.0352386712477274E-004
  -14.476344591197549        3.0315024688359849E-004
  -14.364988094342184        3.0278525690455630E-004
  -14.253631597486818        3.0242083846784016E-004
  -14.142275100631451        3.0205239238163790E-004
  -14.030918603776087        3.0168199784719196E-004
  -13.919562106920720        3.0131903499624395E-004
  -13.808205610065354        3.0097242877327675E-004
  -13.696849113209989        3.0064476199551750E-004
  -13.585492616354623        3.0033136421909649E-004
  -13.474136119499258        3.0002270072113161E-004
  -13.362779622643892        2.9971141764284097E-004
  -13.251423125788525        2.9939132225671630E-004
  -13.140066628933161        2.9906236642953039E-004
  -13.028710132077794        2.9873021585850060E-004
  -12.917353635222428        2.9840218672135482E-004
  -12.805997138367063        2.9808711426081776E-004
  -12.694640641511697        2.9779167538927895E-004
  -12.583284144656332        2.9751530840170444E-004
  -12.471927647800966        2.9725187303702858E-004
  -12.360571150945599        2.9699455042064940E-004
  -12.249214654090235        2.9673772412516390E-004
  -12.137858157234868        2.9647802110191549E-004
  -12.026501660379502        2.9622072980262505E-004
  -11.915145163524137        2.9597011574373952E-004
  -11.803788666668771        2.9572543193869601E-004
  -11.692432169813404        2.9548876161328129E-004
  -11.581075672958040        2.9525542509722491E-004
  -11.469719176102673        2.9501853257546672E-004
  -11.358362679247309        2.9477886523596847E-004
  -11.247006182391942        2.9454000140118422E-004
  -11.135649685536576        2.9430647630993793E-004
  -11.024293188681211        2.9407963647965234E-004
  -10.912936691825845        2.9385827585795760E-004
  -10.801580194970478        2.9363453388656839E-004
  -10.690223698115114        2.9339957550777692E-004
  -10.578867201259747        2.9315152795466421E-004
  -10.467510704404381        2.9289188755168941E-004
  -10.356154207549016        2.9262897294661858E-004
  -10.244797710693650        2.9237433767992404E-004
  -10.133441213838285        2.9213659803637966E-004
  -10.022084716982919        2.9191917261704454E-004
  -9.9107282201275524        2.9171693558180590E-004
  -9.7993717232721878        2.9151890261951428E-004
  -9.6880152264168213        2.9131688553253002E-004
  -9.5766587295614549        2.9110963411051481E-004
  -9.4653022327060903        2.9090365019338250E-004
  -9.3539457358507239        2.9070805213121030E-004
  -9.2425892389953592        2.9052583764869252E-004
  -9.1312327421399928        2.9035664820236643E-004
  -9.0198762452846264        2.9019566570714092E-004
  -8.9085197484292618        2.9003535220170705E-004
  -8.7971632515738953        2.8987163103254488E-004
  -8.6858067547185289        2.8970483594431995E-004
  -8.5744502578631643        2.8953583122190993E-004
  -8.4630937610077979        2.8936312865392622E-004
  -8.3517372641524315        2.8918791945620773E-004
  -8.2403807672970668        2.8901678817427494E-004
  -8.1290242704417004        2.8885434806128374E-004
  -8.0176677735863358        2.8870427122155312E-004
  -7.9063112767309693        2.8856656679157963E-004
  -7.7949547798756038        2.8843374352603430E-004
  -7.6835982830202374        2.8830012232604742E-004
  -7.5722417861648719        2.8816314402275187E-004
  -7.4608852893095063        2.8801814533353071E-004
  -7.3495287924541408        2.8787327701798506E-004
  -7.2381722955987744        2.8773882047477493E-004
  -7.1268157987434089        2.8761181723413486E-004
  -7.0154593018880433        2.8749045020583106E-004
  -6.9041028050326769        2.8737269830965168E-004
  -6.7927463081773114        2.8725933177367423E-004
  -6.6813898113219459        2.8715463398574760E-004
  -6.5700333144665803        2.8705889128636787E-004
  -6.4586768176112139        2.8692830302429450E-004
  -6.3473203207558484        2.8673061423095561E-004
  -6.2359638239004829        2.8655736048857519E-004
  -6.1246073270451173        2.8650681234789545E-004
  -6.0132508301897509        2.8644547534129267E-004
  -5.9018943333343854        2.8632052418124990E-004
  -5.7905378364790199        2.8637028507358793E-004
  -5.6791813396236543        2.8588604189725011E-004
  -5.5678248427682879        2.8512581545411261E-004
  -5.4564683459129224        2.8669999042744634E-004
  -5.3451118490575569        2.8663339806882688E-004
  -5.2337553522021905        2.8466473263934943E-004
  -5.1223988553468249        2.8549561021210651E-004
  -5.0110423584914594        2.8617520682234804E-004
  -4.8996858616360939        2.8476858086030768E-004
  -4.7883293647807275        2.8521553635043890E-004
  -4.6769728679253619        2.8785041752760231E-004
  -4.5656163710699964        2.8244454856229186E-004
  -4.4542598742146309        2.8609489352286158E-004
  -4.3429033773592645        2.8474919072997792E-004
  -4.2315468805038989        2.8252496474497280E-004
  -4.1201903836485334        2.8951320184399386E-004
  -4.0088338867931679        2.9083178834100144E-004
  -3.8974773899378019        2.7821601151967754E-004
  -3.7861208930824359        2.5575385329861016E-004
  -3.6747643962270704        3.2517532820214968E-004
  -3.5634078993717044        3.2240731214671590E-004
  -3.4520514025163385        2.3070059164531409E-004
  -3.3406949056609729        2.5169055441642748E-004
  -3.2293384088056070        3.4405726946516995E-004
  -3.1179819119502414        3.3754595584406885E-004
  -3.0066254150948755        2.5337856590370162E-004
  -2.8952689182395099        2.2640162952179699E-004
  -2.7839124213841440        2.8917675794295036E-004
  -2.6725559245287784        3.4949327231087419E-004
  -2.5611994276734125        3.2666729425525004E-004
  -2.4498429308180469        2.5106912453659965E-004
  -2.3384864339626810        2.2110799291029216E-004
  -2.2271299371073154        2.7906815948521458E-004
  -2.1157734402519495        3.5657760273683647E-004
  -2.0044169433965839        3.5349650589243571E-004
  -1.8930604465412180        2.6575380849126528E-004
  -1.7817039496858522        1.9954444941907800E-004
  -1.6703474528304865        2.4711719383933828E-004
  -1.5589909559751207        3.6406367119453455E-004
  -1.4476344591197550        4.0743442105862929E-004
  -1.3362779622643892        3.0976064950811338E-004
  -1.2249214654090235        1.8011873395156708E-004
  -1.1135649685536577        1.8880055783593094E-004
  -1.0022084716982920        3.5319020239431336E-004
 -0.89085197484292611        4.8790170033872706E-004
 -0.77949547798756036        4.1504038020849873E-004
 -0.66813898113219461        1.9705137141076142E-004
 -0.55678248427682886        1.0616610896802242E-004
 -0.44542598742146305        2.9964429444527454E-004
 -0.33406949056609730        5.9092339069927494E-004
 -0.22271299371073153        6.3132994612826604E-004
 -0.11135649685536576        3.2147604839104335E-004
   0.0000000000000000        3.7304546257574379E-005
  0.11135649685536576        1.8220047419957279E-004
  0.22271299371073153        7.5547341674420533E-004
  0.33406949056609730        9.8912757896479561E-004
  0.44542598742146305        6.9245695980903741E-004
  0.55678248427682886        1.9952442889054254E-004
  0.66813898113219461        2.2820433440120646E-004
  0.77949547798756036        5.0178127693235191E-004
  0.89085197484292611        2.7824825924903721E-003
   1.0022084716982920        7.2778896906240339E-004
   1.1135649685536577        2.4301871617157271E-003
   1.2249214654090235        1.2595834011991192E-003
   1.3362779622643892        9.2873674084956843E-005
   1.4476344591197550        1.1612986868735437E-002
   1.5589909559751207        7.4497730510910626E-003
   1.6703474528304865        3.3572367447613689E-003
   1.7817039496858522        2.4209596244090904E-002
   1.8930604465412180        4.6700087643860223E-002
   2.0044169433965839        3.6408998167536448E-002
   2.1157734402519495        1.7285523752387569E-002
   2.2271299371073154       0.10373327747129658     
   2.3384864339626810       0.23325807726199510     
   2.4498429308180469       0.36242413544546809     
   2.5611994276734125       0.46924114303689596     
   2.6725559245287784       0.46248611190759004     
   2.7839124213841440       0.36741020129513213     
   2.8952689182395099       0.28417512127772987     
   3.0066254150948755       0.22648527479061259     
   3.1179819119502414       0.16298407703835374     
   3.2293384088056070       0.10011493822896726     
   3.3406949056609729        6.1197294470544547E-002
   3.4520514025163385        4.6262648668628788E-002
   3.5634078993717044        3.8117765977950732E-002
   3.6747643962270704        2.6459208859240701E-002
   3.7861208930824359        1.4335735838213882E-002
   3.8974773899378019        7.9133393281067450E-003
   4.0088338867931679        7.4565242973885391E-003
   4.1201903836485334        8.2461935059835803E-003
   4.2315468805038989        6.6723452750987976E-003
   4.3429033773592645        3.3792016061284934E-003
   4.4542598742146309        1.1315303278347935E-003
   4.5656163710699964        1.1722377776560377E-003
   4.6769728679253619        2.2424528394116581E-003
   4.7883293647807275        2.4946881719104556E-003
   4.8996858616360939        1.5142327527460872E-003
   5.0110423584914594        3.5320183915669328E-004
   5.1223988553468249        5.8000580970994139E-005
   5.2337553522021905        5.8109236050199681E-004
   5.3451118490575569        1.0844040482968931E-003
   5.4564683459129224        9.7308200034594615E-004
   5.5678248427682879        4.3333377078716499E-004
   5.6791813396236543        5.5146975446231631E-005
   5.7905378364790199        1.4396115116640043E-004
   5.9018943333343854        4.7731850773379068E-004
   6.0132508301897509        6.4587366765124238E-004
   6.1246073270451173        5.0052945554694261E-004
   6.2359638239004829        2.3925199838146244E-004
   6.3473203207558484        1.3351724614180230E-004
   6.4586768176112139        2.4526113072707032E-004
   6.5700333144665803        4.1251798423045137E-004
   6.6813898113219459        4.5577411699020598E-004
   6.7927463081773114        3.5580068950146138E-004
   6.9041028050326769        2.3650091357202779E-004
   7.0154593018880433        2.1460422454076984E-004
   7.1268157987434089        2.8893827726168304E-004
   7.2381722955987744        3.6747078623120086E-004
   7.3495287924541408        3.7375714163547815E-004
   7.4608852893095063        3.1617325452378556E-004
   7.5722417861648719        2.6218852161724951E-004
   7.6835982830202374        2.6169168200181606E-004
   7.7949547798756038        3.0415226962559206E-004
   7.9063112767309693        3.4105189890350121E-004
   8.0176677735863358        3.3929486583364292E-004
   8.1290242704417004        3.0862863547265646E-004
   8.2403807672970668        2.8377633874684277E-004
   8.3517372641524315        2.8680355996005854E-004
   8.4630937610077979        3.0975605728371814E-004
   8.5744502578631643        3.2797733036884596E-004
   8.6858067547185289        3.2612634038610650E-004
   8.7971632515738953        3.1051721281908615E-004
   8.9085197484292618        2.9865767335637204E-004
   9.0198762452846264        3.0105198376909444E-004
   9.1312327421399928        3.1327442665230631E-004
   9.2425892389953592        3.2282373956270889E-004
   9.3539457358507239        3.2228540232340745E-004
   9.4653022327060903        3.1469246984821702E-004
   9.5766587295614549        3.0884657644953832E-004
   9.6880152264168213        3.1021371288004644E-004
   9.7993717232721878        3.1680191705092968E-004
   9.9107282201275524        3.2231182204460511E-004
   10.022084716982919        3.2264030707200103E-004
   10.133441213838285        3.1919471008391503E-004
   10.244797710693650        3.1643621639042312E-004
   10.356154207549016        3.1730451345766118E-004
   10.467510704404381        3.2099735537075241E-004
   10.578867201259747        3.2442194479497617E-004
   10.690223698115114        3.2533452712961913E-004
   10.801580194970478        3.2412034085214258E-004
   10.912936691825845        3.2294451023194039E-004
   11.024293188681211        3.2352422626421315E-004
   11.135649685536576        3.2572905981219374E-004
   11.247006182391942        3.2806156327290899E-004
   11.358362679247309        3.2921367406415678E-004
   11.469719176102673        3.2915469386378155E-004
   11.581075672958040        3.2890702747190304E-004
   11.692432169813404        3.2946155755966670E-004
   11.803788666668771        3.3093345357248664E-004
   11.915145163524137        3.3263959944925887E-004
   12.026501660379502        3.3384074769451466E-004
   12.137858157234868        3.3437954490052552E-004
   12.249214654090235        3.3470047395609958E-004
   12.360571150945599        3.3535789892846546E-004
   12.471927647800966        3.3652270931918153E-004
   12.583284144656332        3.3791771334488259E-004
   12.694640641511697        3.3914059465374398E-004
   12.805997138367063        3.4002462676444392E-004
   12.917353635222428        3.4073040687164458E-004
   13.028710132077794        3.4154664511373725E-004
   13.140066628933161        3.4261742366844519E-004
   13.251423125788525        3.4384922665103097E-004
   13.362779622643892        3.4503454642992201E-004
   13.474136119499258        3.4604959171535989E-004
   13.585492616354623        3.4694532154664947E-004
   13.696849113209989        3.4787669361201478E-004
   13.808205610065354        3.4895872128369885E-004
   13.919562106920720        3.5017979500900621E-004
   14.030918603776087        3.5143237236833169E-004
   14.142275100631451        3.5261624160620985E-004
   14.253631597486818        3.5371509930520365E-004
   14.364988094342184        3.5479492305196512E-004
   14.476344591197549        3.5593579728337120E-004
   14.587701088052915        3.5716407427811560E-004
   14.699057584908282        3.5844283961497259E-004
   14.810414081763646        3.5971374689661417E-004
   14.921770578619013        3.6094838816679644E-004
   15.033127075474377        3.6216352062228577E-004
   15.144483572329744        3.6339934431941834E-004
   15.255840069185110        3.6467651717025506E-004
   15.367196566040475        3.6598455082290207E-004
   15.478553062895841        3.6728788889559401E-004
   15.589909559751208        3.6856043263460033E-004
   15.701266056606572        3.6980503228670105E-004
   15.812622553461939        3.7105038215014729E-004
   15.923979050317303        3.7232883017936194E-004
   16.035335547172672        3.7365002895187362E-004
   16.146692044028036        3.7499974688504480E-004
   16.258048540883401        3.7635245184005885E-004
   16.369405037738769        3.7769272767313394E-004
   16.480761534594134        3.7902450214372308E-004
   16.592118031449498        3.8036518871608499E-004
   16.703474528304863        3.8173446195231999E-004
   16.814831025160231        3.8313786031771944E-004
   16.926187522015596        3.8456661021012974E-004
   17.037544018870960        3.8601309202552418E-004
   17.148900515726329        3.8747912858444320E-004
   17.260257012581693        3.8897639253549724E-004
   17.371613509437058        3.9051537922871736E-004
   17.482970006292426        3.9209154604339790E-004
   17.594326503147791        3.9368465722975352E-004
   17.705683000003155        3.9527240274269196E-004
   17.817039496858524        3.9684634759652357E-004
   17.928395993713888        3.9841362137895596E-004
   18.039752490569253        3.9999341185157234E-004
   18.151108987424621        4.0160208282105235E-004
   18.262465484279986        4.0324220058164824E-004
   18.373821981135350        4.0490284165706659E-004
   18.485178477990718        4.0656901217951495E-004
   18.596534974846083        4.0823529091934310E-004
   18.707891471701448        4.0991002640854948E-004
   18.819247968556812        4.1160652704071182E-004
   18.930604465412181        4.1332952306642772E-004
   19.041960962267545        4.1507052935293206E-004
   19.153317459122910        4.1681454588656620E-004
   19.264673955978278        4.1855397621105020E-004
   19.376030452833643        4.2029327636005086E-004
   19.487386949689007        4.2204711939732492E-004
   19.598743446544376        4.2383059901146178E-004
   19.710099943399740        4.2565065834314787E-004
   19.821456440255105        4.2750099328775032E-004
   19.932812937110473        4.2936474087228491E-004
   20.044169433965838        4.3122723523928683E-004
   20.155525930821202        4.3308162383238650E-004
   20.266882427676570        4.3493328471594145E-004
   20.378238924531935        4.3679654872772877E-004
   20.489595421387300        4.3868573421956613E-004
   20.600951918242668        4.4060970340858931E-004
   20.712308415098033        4.4257165886214648E-004
   20.823664911953397        4.4457066529047877E-004
   20.935021408808762        4.4660313599202711E-004
   21.046377905664130        4.4866558301144874E-004
   21.157734402519495        4.5075341620000482E-004
   21.269090899374859        4.5286204532581222E-004
   21.380447396230227        4.5498964438605563E-004
   21.491803893085592        4.5713697233707524E-004
   21.603160389940957        4.5930593427855922E-004
   21.714516886796325        4.6149953672809749E-004
   21.825873383651690        4.6372372508017389E-004
   21.937229880507054        4.6598308051716759E-004
   22.048586377362422        4.6827750600777118E-004
   22.159942874217787        4.7060050788383308E-004
   22.271299371073152        4.7293863093904976E-004
   22.382655867928520        4.7527719552445532E-004
   22.494012364783885        4.7760738048995552E-004
   22.605368861639249        4.7992977321760521E-004
   22.716725358494617        4.8225477788735479E-004
   22.828081855349982        4.8459604454956245E-004
   22.939438352205347        4.8696249900912977E-004
   23.050794849060711        4.8934859723932496E-004
   23.162151345916079        4.9173675790405093E-004
   23.273507842771444        4.9411061472370518E-004
   23.384864339626809        4.9646752350724938E-004
   23.496220836482177        4.9881993051142037E-004
   23.607577333337542        5.0118669326104073E-004
   23.718933830192906        5.0358550178911880E-004
   23.830290327048274        5.0602883942421476E-004
   23.941646823903639        5.0852150120093888E-004
   24.053003320759004        5.1106026600307008E-004
   24.164359817614372        5.1363632489835772E-004
   24.275716314469737        5.1623894919349260E-004
   24.387072811325101        5.1886034303784802E-004
   24.498429308180469        5.2149802864500923E-004
   24.609785805035834        5.2415486495623119E-004
   24.721142301891199        5.2683759917578770E-004
   24.832498798746567        5.2955791748484011E-004
   24.943855295601931        5.3232845361834394E-004
   25.055211792457296        5.3515581233790890E-004
   25.166568289312664        5.3803856128376785E-004
   25.277924786168029        5.4096964411938747E-004
   25.389281283023394        5.4393766059785157E-004
   25.500637779878758        5.4692965638348720E-004
   25.611994276734126        5.4993551747488639E-004
   25.723350773589491        5.5294834179049222E-004
   25.834707270444856        5.5596438479150448E-004
   25.946063767300224        5.5898414047396861E-004
   26.057420264155589        5.6201226310943926E-004
   26.168776761010953        5.6505519813195026E-004
   26.280133257866321        5.6812226335548109E-004
   26.391489754721686        5.7122275582342601E-004
   26.502846251577051        5.7436117456447714E-004
   26.614202748432419        5.7753646125826359E-004
   26.725559245287783        5.8074271728179026E-004
   26.836915742143148        5.8397141037462227E-004
   26.948272238998516        5.8721436673891481E-004
   27.059628735853881        5.9046688512428961E-004
   27.170985232709246        5.9373098541148667E-004
   27.282341729564614        5.9701767729637874E-004
   27.393698226419978        6.0034420228380510E-004
   27.505054723275343        6.0373129738077000E-004
   27.616411220130708        6.0719620348479255E-004
   27.727767716986076        6.1074260753788410E-004
   27.839124213841441        6.1435960553669281E-004
   27.950480710696805        6.1802739783235251E-004
   28.061837207552173        6.2172632361727552E-004
   28.173193704407538        6.2544633769023839E-004
   28.284550201262903        6.2919080192624997E-004
   28.395906698118271        6.3296940165191609E-004
   28.507263194973635        6.3679198683973812E-004
   28.618619691829000        6.4066542780605383E-004
   28.729976188684368        6.4459204673067709E-004
   28.841332685539733        6.4857423697620403E-004
   28.952689182395098        6.5262078158712696E-004
   29.064045679250466        6.5674198821965538E-004
   29.175402176105830        6.6093866738444601E-004
   29.286758672961195        6.6519803549719176E-004
   29.398115169816563        6.6949724432129303E-004
   29.509471666671928        6.7381704134637592E-004
   29.620828163527293        6.7815327685305288E-004
   29.732184660382657        6.8251730339220350E-004
   29.843541157238025        6.8692978902380590E-004
   29.954897654093390        6.9141178738573513E-004
   30.066254150948755        6.9597685996607964E-004
   30.177610647804123        7.0062709679097714E-004
   30.288967144659487        7.0535160192648912E-004
   30.400323641514852        7.1013251350512355E-004
   30.511680138370220        7.1495397849225158E-004
   30.623036635225585        7.1980398288703270E-004
   30.734393132080950        7.2467689255985540E-004
   30.845749628936318        7.2957868047243593E-004
   30.957106125791682        7.3452982898531511E-004
   31.068462622647047        7.3955749955028933E-004
   31.179819119502415        7.4468166446034869E-004
   31.291175616357780        7.4990199511759366E-004
   31.402532113213145        7.5519914996107884E-004
   31.513888610068513        7.6055260182199996E-004
   31.625245106923877        7.6595434642999180E-004
   31.736601603779242        7.7141031258280701E-004
   31.847958100634607        7.7693672546918255E-004
   31.959314597489975        7.8255061621469388E-004
   32.070671094345343        7.8826150743072185E-004
   32.182027591200708        7.9407291325991718E-004
   32.293384088056072        7.9998669353403959E-004
   32.404740584911437        8.0600745935521009E-004
   32.516097081766802        8.1214098743794666E-004
   32.627453578622166        8.1838503976541994E-004
   32.738810075477538        8.2472400288922314E-004
   32.850166572332903        8.3113784318288898E-004
   32.961523069188267        8.3761464034709564E-004
   33.072879566043632        8.4415723905427887E-004
   33.184236062898997        8.5078164739052010E-004
   33.295592559754361        8.5750666236565371E-004
   33.406949056609726        8.6434452565551181E-004
   33.518305553465098        8.7129890552935078E-004
   33.629662050320462        8.7837183943861299E-004
   33.741018547175827        8.8556821342281533E-004
   33.852375044031191        8.9289560907748094E-004
   33.963731540886556        9.0035772331449257E-004
   34.075088037741921        9.0794474041132973E-004
   34.186444534597292        9.1563800378153105E-004
   34.297801031452657        9.2342669126258545E-004
   34.409157528308022        9.3132246928104301E-004
   34.520514025163386        9.3935556021241466E-004
   34.631870522018751        9.4755713470079199E-004
   34.743227018874116        9.5594248618108486E-004
   34.854583515729487        9.6450231892729061E-004
   34.965940012584852        9.7321099569177129E-004
   35.077296509440217        9.8204618365582892E-004
   35.188653006295581        9.9100585389231242E-004
   35.300009503150946        1.0001105256822916E-003
   35.411366000006311        1.0093863528150373E-003
   35.522722496861675        1.0188445673669424E-003
   35.634078993717047        1.0284719377015431E-003
   35.745435490572412        1.0382429796188420E-003
   35.856791987427776        1.0481453151993904E-003
   35.968148484283141        1.0581924957678748E-003
   36.079504981138506        1.0684159590441976E-003
   36.190861477993870        1.0788452810386521E-003
   36.302217974849242        1.0894904535782720E-003
   36.413574471704607        1.1003339083598929E-003
   36.524930968559971        1.1113443226997920E-003
   36.636287465415336        1.1225025840227018E-003
   36.747643962270701        1.1338202422527704E-003
   36.859000459126065        1.1453363923215588E-003
   36.970356955981437        1.1570939086743355E-003
   37.081713452836802        1.1691142043587773E-003
   37.193069949692166        1.1813919952266601E-003
   37.304426446547531        1.1939062614548842E-003
   37.415782943402895        1.2066343980156205E-003
   37.527139440258260        1.2195613045860223E-003
   37.638495937113625        1.2326820939129568E-003
   37.749852433968996        1.2459998848002338E-003
   37.861208930824361        1.2595242234670686E-003
   37.972565427679726        1.2732680373763730E-003
   38.083921924535090        1.2872477534663792E-003
   38.195278421390455        1.3014876347141220E-003
   38.306634918245820        1.3160135624922199E-003
   38.417991415101191        1.3308407327510807E-003
   38.529347911956556        1.3459708677161361E-003
   38.640704408811921        1.3614010078632961E-003
   38.752060905667285        1.3771361458027251E-003
   38.863417402522650        1.3931927163868783E-003
   38.974773899378015        1.4095918950033414E-003
   39.086130396233386        1.4263467242667570E-003
   39.197486893088751        1.4434530494617534E-003
   39.308843389944116        1.4608892217115579E-003
   39.420199886799480        1.4786318160781792E-003
   39.531556383654845        1.4966783855612945E-003
   39.642912880510210        1.5150606298497849E-003
   39.754269377365574        1.5338358397291446E-003
   39.865625874220946        1.5530582966457019E-003
   39.976982371076311        1.5727520206204400E-003
   40.088338867931675        1.5929016448252874E-003
   40.199695364787040        1.6134702579223520E-003
   40.311051861642405        1.6344220650827699E-003
   40.422408358497769        1.6557400385116487E-003
   40.533764855353141        1.6774316822577612E-003
   40.645121352208506        1.6995200992050165E-003
   40.756477849063870        1.7220249961911102E-003
   40.867834345919235        1.7449541060297281E-003
   40.979190842774599        1.7683156165842525E-003
   41.090547339629964        1.7921362828489679E-003
   41.201903836485336        1.8164608277919405E-003
   41.313260333340700        1.8413296281793497E-003
   41.424616830196065        1.8667580749639550E-003
   41.535973327051430        1.8927357309261377E-003
   41.647329823906794        1.9192496159222423E-003
   41.758686320762159        1.9463097392951683E-003
   41.870042817617524        1.9739596736083223E-003
   41.981399314472895        2.0022589802283519E-003
   42.092755811328260        2.0312579150631406E-003
   42.204112308183625        2.0609799480440488E-003
   42.315468805038989        2.0914113904193336E-003
   42.426825301894354        2.1225119842454856E-003
   42.538181798749719        2.1542436435063820E-003
   42.649538295605090        2.1865970864703857E-003
   42.760894792460455        2.2195991040872718E-003
   42.872251289315820        2.2533003039372718E-003
   42.983607786171184        2.2877546587688974E-003
   43.094964283026549        2.3230107597915326E-003
   43.206320779881914        2.3591187656149797E-003
   43.317677276737285        2.3961260406650930E-003
   43.429033773592650        2.4340610522436807E-003
   43.540390270448015        2.4729199400527536E-003
   43.651746767303379        2.5126699381410027E-003
   43.763103264158744        2.5532796317354681E-003
   43.874459761014108        2.5947539446452665E-003
   43.985816257869473        2.6371446258166356E-003
   44.097172754724845        2.6805320228795830E-003
   44.208529251580210        2.7249986088044337E-003
   44.319885748435574        2.7706053125203093E-003
   44.431242245290939        2.8173900269868645E-003
   44.542598742146303        2.8653922772762671E-003
   44.653955239001668        2.9146697288290851E-003
   44.765311735857040        2.9652885882289351E-003
   44.876668232712404        3.0172987542777100E-003
   44.988024729567769        3.0707138375745367E-003
   45.099381226423134        3.1255081432504193E-003
   45.210737723278498        3.1816528879480225E-003
   45.322094220133863        3.2391644387150132E-003
   45.433450716989235        3.2981272582638223E-003
   45.544807213844599        3.3586839003116350E-003
   45.656163710699964        3.4209840094203054E-003
   45.767520207555329        3.4851220313650952E-003
   45.878876704410693        3.5511079718912471E-003
   45.990233201266058        3.6188962635413072E-003
   46.101589698121423        3.6884556496912671E-003
   46.212946194976794        3.7598344171383153E-003
   46.324302691832159        3.8331674424450682E-003
   46.435659188687524        3.9086075720542075E-003
   46.547015685542888        3.9862603254311587E-003
   46.658372182398253        4.0661648993244133E-003
   46.769728679253618        4.1483344893147233E-003
   46.881085176108989        4.2328190624060470E-003
   46.992441672964354        4.3197550295323841E-003
   47.103798169819719        4.4093543668816656E-003
   47.215154666675083        4.5018415065306277E-003
   47.326511163530448        4.5973575450030937E-003
   47.437867660385812        4.6959043414531096E-003
   47.549224157241184        4.7974108775845339E-003
   47.660580654096549        4.9019043461973229E-003
   47.771937150951914        5.0096570303935703E-003
   47.883293647807278        5.1211345715976627E-003
   47.994650144662643        5.2367325948246488E-003
   48.106006641518007        5.3565240870179845E-003
   48.217363138373379        5.4802624713792460E-003
   48.328719635228744        5.6076821022368667E-003
   48.440076132084108        5.7388808487381935E-003
   48.551432628939473        5.8744760876457153E-003
   48.662789125794838        6.0153266011141902E-003
   48.774145622650202        6.1619782323574816E-003
   48.885502119505567        6.3142916449017011E-003
   48.996858616360939        6.4716407300434171E-003
   49.108215113216303        6.6336396997446053E-003
   49.219571610071668        6.8008524927513124E-003
   49.330928106927033        6.9747575598208380E-003
   49.442284603782397        7.1567563755848161E-003
   49.553641100637762        7.3469895533970538E-003
   49.664997597493134        7.5441435391955516E-003
   49.776354094348498        7.7467425219055717E-003
   49.887710591203863        7.9550064228106239E-003
   49.999067088059228        8.1714931036767306E-003
   50.110423584914592        8.3994870355865048E-003
   50.221780081769957        8.6401651175653481E-003
   50.333136578625329        8.8911641135850199E-003
   50.444493075480693        9.1485206445210236E-003
   50.555849572336058        9.4109172912912008E-003
   50.667206069191423        9.6823646589556476E-003
   50.778562566046787        9.9699355525916383E-003
   50.889919062902152        1.0277489261595144E-002
   51.001275559757516        1.0601018419306224E-002
   51.112632056612888        1.0931283091314027E-002
   51.223988553468253        1.1263140637127682E-002
   51.335345050323617        1.1603222003295057E-002
   51.446701547178982        1.1966792183487937E-002
   51.558058044034347        1.2363876875774530E-002
   51.669414540889711        1.2786952264891457E-002
   51.780771037745083        1.3214784453781594E-002
   51.892127534600448        1.3633242978463554E-002
   52.003484031455812        1.4054390533668758E-002
   52.114840528311177        1.4510921692572199E-002
   52.226197025166542        1.5024443374611594E-002
   52.337553522021906        1.5576724987542513E-002
   52.448910018877278        1.6119310315270304E-002
   52.560266515732643        1.6622772468994552E-002
   52.671623012588007        1.7118790210948861E-002
   52.782979509443372        1.7680524611082556E-002
   52.894336006298737        1.8344323032983594E-002
   53.005692503154101        1.9050527041061957E-002
   53.117049000009466        1.9685096273104295E-002
   53.228405496864838        2.0204236747364435E-002
   53.339761993720202        2.0709873111030248E-002
   53.451118490575567        2.1358543339295759E-002
   53.562474987430932        2.2163469800930750E-002
   53.673831484286296        2.2916585577621749E-002
   53.785187981141661        2.3381126163653600E-002
   53.896544477997033        2.3589159308258709E-002
   54.007900974852397        2.3864380174830561E-002
   54.119257471707762        2.4430701519930060E-002
   54.230613968563127        2.5014891261944797E-002
   54.341970465418491        2.5030928501397758E-002
   54.453326962273856        2.4298134277157234E-002
   54.564683459129228        2.3397776690240079E-002
   54.676039955984592        2.2964875666821805E-002
   54.787396452839957        2.2639585435752903E-002
   54.898752949695321        2.1285159709493521E-002
   55.010109446550686        1.8619101213384320E-002
   55.121465943406051        1.5991612019472471E-002
   55.232822440261415        1.4595065692434583E-002
   55.344178937116787        1.3426684661456141E-002
   55.455535433972152        1.0860298441514548E-002
   55.566891930827516        8.2325747853548396E-003
   55.678248427682881        8.8297114257208723E-003
   55.789604924538246        1.2269704160177844E-002
   55.900961421393610        1.4927727282048482E-002
   56.012317918248982        1.9320944410071022E-002
   56.123674415104347        3.4608976774246861E-002
   56.235030911959711        5.9200865099400479E-002
   56.346387408815076        7.7575155993825515E-002
   56.457743905670441        9.6514286504051486E-002
   56.569100402525805       0.16147686340724110     
   56.680456899381177       0.28776476018135638     
   56.791813396236542       0.19703073443414010     
   56.903169893091906       0.29575369027296927     
