  -57.014526389947271        2.1218580884163291E-007
  -56.903169893091906        1.9015105435363959E-007
  -56.791813396236542        8.0485797441860866E-008
  -56.680456899381177        6.5272799851099635E-008
  -56.569100402525805        5.9387136594667704E-008
  -56.457743905670441        5.2835078239000982E-008
  -56.346387408815076        4.7827344382891350E-008
  -56.235030911959711        4.5413330963314878E-008
  -56.123674415104347        4.4479155149990004E-008
  -56.012317918248982        4.4293550742995710E-008
  -55.900961421393610        4.3781477035741333E-008
  -55.789604924538246        4.3110070834567265E-008
  -55.678248427682881        4.2260900302794921E-008
  -55.566891930827516        4.1083880647566139E-008
  -55.455535433972152        3.9525302781640179E-008
  -55.344178937116787        3.7683023698456028E-008
  -55.232822440261415        3.5682970834633490E-008
  -55.121465943406051        3.3593872741482665E-008
  -55.010109446550686        3.1443349622937743E-008
  -54.898752949695321        2.9278877131151684E-008
  -54.787396452839957        2.7162544657487736E-008
  -54.676039955984592        2.5151183296867026E-008
  -54.564683459129228        2.3275097748816380E-008
  -54.453326962273856        2.1541496936223167E-008
  -54.341970465418491        1.9945083886971591E-008
  -54.230613968563127        1.8473747437362133E-008
  -54.119257471707762        1.7114727750646349E-008
  -54.007900974852397        1.5853357470608436E-008
  -53.896544477997033        1.4683799489064608E-008
  -53.785187981141661        1.3613194052647035E-008
  -53.673831484286296        1.2638768341881381E-008
  -53.562474987430932        1.1746278963172382E-008
  -53.451118490575567        1.0920364362354568E-008
  -53.339761993720202        1.0150374019219862E-008
  -53.228405496864838        9.4322720309908183E-009
  -53.117049000009466        8.7629225408272037E-009
  -53.005692503154101        8.1450305056727113E-009
  -52.894336006298737        7.5782421423231836E-009
  -52.782979509443372        7.0562838357854570E-009
  -52.671623012588007        6.5737055807660997E-009
  -52.560266515732643        6.1270221440467510E-009
  -52.448910018877278        5.7090201259736200E-009
  -52.337553522021906        5.3165260191943820E-009
  -52.226197025166542        4.9509149825423616E-009
  -52.114840528311177        4.6174138232087727E-009
  -52.003484031455812        4.3156259710055397E-009
  -51.892127534600448        4.0383612202369469E-009
  -51.780771037745083        3.7776699089432748E-009
  -51.669414540889711        3.5299691175814171E-009
  -51.558058044034347        3.2992403119419428E-009
  -51.446701547178982        3.0898842016744669E-009
  -51.335345050323617        2.9034410391310510E-009
  -51.223988553468253        2.7384869453134262E-009
  -51.112632056612888        2.5888672757948051E-009
  -51.001275559757516        2.4467815110229908E-009
  -50.889919062902152        2.3097155437545742E-009
  -50.778562566046787        2.1805699324812949E-009
  -50.667206069191423        2.0613307966698008E-009
  -50.555849572336058        1.9527529536052589E-009
  -50.444493075480693        1.8513222665361629E-009
  -50.333136578625329        1.7530880642824243E-009
  -50.221780081769957        1.6576686828573286E-009
  -50.110423584914592        1.5659029837267657E-009
  -49.999067088059228        1.4774262557059359E-009
  -49.887710591203863        1.3940164393717209E-009
  -49.776354094348498        1.3175828950150136E-009
  -49.664997597493134        1.2487990628829567E-009
  -49.553641100637762        1.1830750056188926E-009
  -49.442284603782397        1.1158661160367664E-009
  -49.330928106927033        1.0446581181730778E-009
  -49.219571610071668        9.7225012003358513E-010
  -49.108215113216303        9.0597462489708803E-010
  -48.996858616360939        8.4894968312710985E-010
  -48.885502119505567        7.9935486456985284E-010
  -48.774145622650202        7.5346884422087518E-010
  -48.662789125794838        7.1043812728654745E-010
  -48.551432628939473        6.7025179609470330E-010
  -48.440076132084108        6.3216238375910562E-010
  -48.328719635228744        5.9847371773217385E-010
  -48.217363138373379        5.7069258386523647E-010
  -48.106006641518007        5.4892750794233255E-010
  -47.994650144662643        5.3125922044543792E-010
  -47.883293647807278        5.1678241640547401E-010
  -47.771937150951914        5.0751576617944951E-010
  -47.660580654096549        5.0210000450909578E-010
  -47.549224157241184        4.9737775649433013E-010
  -47.437867660385812        4.9206529355310856E-010
  -47.326511163530448        4.8732380444012820E-010
  -47.215154666675083        4.8416671138879780E-010
  -47.103798169819719        4.8493271708185974E-010
  -46.992441672964354        4.9019471403905358E-010
  -46.881085176108989        4.9730107353569020E-010
  -46.769728679253618        5.0347730007905993E-010
  -46.658372182398253        5.0543170008862662E-010
  -46.547015685542888        5.0012481900322006E-010
  -46.435659188687524        4.8852857841662343E-010
  -46.324302691832159        4.7657540882003145E-010
  -46.212946194976794        4.6742769894139679E-010
  -46.101589698121423        4.5830855282563847E-010
  -45.990233201266058        4.4491194795242696E-010
  -45.878876704410693        4.2679328675228559E-010
  -45.767520207555329        4.0853700978160729E-010
  -45.656163710699964        3.9300130160487803E-010
  -45.544807213844599        3.7758623249103776E-010
  -45.433450716989235        3.6036393871349608E-010
  -45.322094220133863        3.4335138755681189E-010
  -45.210737723278498        3.2800695817315858E-010
  -45.099381226423134        3.1374680129394301E-010
  -44.988024729567769        3.0003863512924625E-010
  -44.876668232712404        2.8791665334180760E-010
  -44.765311735857040        2.7968735700793037E-010
  -44.653955239001668        2.7753685216274641E-010
  -44.542598742146303        2.7917928384920879E-010
  -44.431242245290939        2.8160525962114192E-010
  -44.319885748435574        2.8681771828503815E-010
  -44.208529251580210        2.9619805650774180E-010
  -44.097172754724845        3.0803920137017056E-010
  -43.985816257869473        3.2037308276897714E-010
  -43.874459761014108        3.3199479481083193E-010
  -43.763103264158744        3.4301166581308226E-010
  -43.651746767303379        3.5557204429315390E-010
  -43.540390270448015        3.7326692351291330E-010
  -43.429033773592650        3.9561316830406545E-010
  -43.317677276737285        4.1895905439310544E-010
  -43.206320779881914        4.3659662079936781E-010
  -43.094964283026549        4.4520852987246795E-010
  -42.983607786171184        4.4703729727067084E-010
  -42.872251289315820        4.4915510805073695E-010
  -42.760894792460455        4.5402231808447195E-010
  -42.649538295605090        4.5923054308126640E-010
  -42.538181798749719        4.6050244171614513E-010
  -42.426825301894354        4.5354031017350165E-010
  -42.315468805038989        4.3724771976485741E-010
  -42.204112308183625        4.1512210471209920E-010
  -42.092755811328260        3.8982412584232239E-010
  -41.981399314472895        3.6328506405310783E-010
  -41.870042817617524        3.3762173549314093E-010
  -41.758686320762159        3.1333271601268500E-010
  -41.647329823906794        2.8646632834416565E-010
  -41.535973327051430        2.5531907423938020E-010
  -41.424616830196065        2.2134950090419277E-010
  -41.313260333340700        1.8940046193030831E-010
  -41.201903836485336        1.6069289141496566E-010
  -41.090547339629964        1.3394935092245702E-010
  -40.979190842774599        1.0832415675905605E-010
  -40.867834345919235        8.4228304705789757E-011
  -40.756477849063870        6.2209033925678852E-011
  -40.645121352208506        4.3551376554154452E-011
  -40.533764855353141        3.0369205155597786E-011
  -40.422408358497769        2.3377369603229605E-011
  -40.311051861642405        2.1102202631470179E-011
  -40.199695364787040        2.2234213141696064E-011
  -40.088338867931675        2.7055279917350857E-011
  -39.976982371076311        3.8109145821671708E-011
  -39.865625874220946        5.5855002596738994E-011
  -39.754269377365574        7.7883407768016405E-011
  -39.642912880510210        1.0233348194042913E-010
  -39.531556383654845        1.3108441927650022E-010
  -39.420199886799480        1.6489180229206254E-010
  -39.308843389944116        1.9998968257470488E-010
  -39.197486893088751        2.3265830999027372E-010
  -39.086130396233386        2.6280062268674253E-010
  -38.974773899378015        2.9284063164339820E-010
  -38.863417402522650        3.2446644198906573E-010
  -38.752060905667285        3.5561196341544909E-010
  -38.640704408811921        3.8409465809007801E-010
  -38.529347911956556        4.0997020680900721E-010
  -38.417991415101191        4.3516082144823842E-010
  -38.306634918245820        4.5364405106365159E-010
  -38.195278421390455        4.5950112938875249E-010
  -38.083921924535090        4.5479421163164703E-010
  -37.972565427679726        4.4738704406153972E-010
  -37.861208930824361        4.4098007731304498E-010
  -37.749852433968996        4.3285521273900791E-010
  -37.638495937113625        4.1565775972283312E-010
  -37.527139440258260        3.8517496435771107E-010
  -37.415782943402895        3.4587054918134011E-010
  -37.304426446547531        3.0628338089303842E-010
  -37.193069949692166        2.7030278254174592E-010
  -37.081713452836802        2.3808361360518126E-010
  -36.970356955981437        2.0820116650074557E-010
  -36.859000459126065        1.7842269214086340E-010
  -36.747643962270701        1.4549276076632379E-010
  -36.636287465415336        1.0995007312262431E-010
  -36.524930968559971        7.4984616053989288E-011
  -36.413574471704607        4.4554200937484215E-011
  -36.302217974849242        2.1962873451947297E-011
  -36.190861477993870        8.1520090543567219E-012
  -36.079504981138506        1.8519315956613693E-012
  -35.968148484283141        1.5086615823644553E-012
  -35.856791987427776        7.3800832741033799E-012
  -35.745435490572412        2.1030859853157059E-011
  -35.634078993717047        4.3335320576314455E-011
  -35.522722496861675        7.2550068301738309E-011
  -35.411366000006311        1.0524193120547663E-010
  -35.300009503150946        1.3913247713581454E-010
  -35.188653006295581        1.7439028540127199E-010
  -35.077296509440217        2.1109070266587080E-010
  -34.965940012584852        2.4960407805596294E-010
  -34.854583515729487        2.9104204597860535E-010
  -34.743227018874116        3.3586941156537516E-010
  -34.631870522018751        3.7955488904454499E-010
  -34.520514025163386        4.1448450831307901E-010
  -34.409157528308022        4.3844425936020401E-010
  -34.297801031452657        4.5564623563834097E-010
  -34.186444534597292        4.7018487340780856E-010
  -34.075088037741921        4.8063243619530195E-010
  -33.963731540886556        4.7871991334657629E-010
  -33.852375044031191        4.6358602924597441E-010
  -33.741018547175827        4.4420601325180391E-010
  -33.629662050320462        4.2665038225256621E-010
  -33.518305553465098        4.0717556204983230E-010
  -33.406949056609726        3.7961192625070498E-010
  -33.295592559754361        3.4153558570479606E-010
  -33.184236062898997        2.9929494497244290E-010
  -33.072879566043632        2.5939521668024328E-010
  -32.961523069188267        2.2313486298230775E-010
  -32.850166572332903        1.8681190402920546E-010
  -32.738810075477538        1.4932215728395082E-010
  -32.627453578622166        1.1313909261866378E-010
  -32.516097081766802        8.0585586990960372E-011
  -32.404740584911437        5.3017834123712097E-011
  -32.293384088056072        3.1286675678012944E-011
  -32.182027591200708        1.5917212479561590E-011
  -32.070671094345343        6.9571834061038461E-012
  -31.959314597489975        3.8704559796885996E-012
  -31.847958100634607        5.6683277152299087E-012
  -31.736601603779242        1.2350481705634799E-011
  -31.625245106923877        2.3748758473054497E-011
  -31.513888610068513        3.9168383791024473E-011
  -31.402532113213145        5.8422095589265391E-011
  -31.291175616357780        7.9534325755323993E-011
  -31.179819119502415        9.9893514576338586E-011
  -31.068462622647047        1.1888069003726945E-010
  -30.957106125791682        1.3703402778869034E-010
  -30.845749628936318        1.5359875416312949E-010
  -30.734393132080950        1.7064388506510987E-010
  -30.623036635225585        1.8702659068613637E-010
  -30.511680138370220        1.9881473653373602E-010
  -30.400323641514852        2.0166425223711978E-010
  -30.288967144659487        1.9844381038074473E-010
  -30.177610647804123        1.9238320628805093E-010
  -30.066254150948755        1.8567985161819857E-010
  -29.954897654093390        1.7981491256812082E-010
  -29.843541157238025        1.7332449173731451E-010
  -29.732184660382657        1.6394667100265379E-010
  -29.620828163527293        1.4971558805980031E-010
  -29.509471666671928        1.2973075855796221E-010
  -29.398115169816563        1.0891997351203518E-010
  -29.286758672961195        8.9983870318794084E-011
  -29.175402176105830        7.2720903137402732E-011
  -29.064045679250466        5.6839135733582327E-011
  -28.952689182395098        4.3130361085650222E-011
  -28.841332685539733        3.0833311017170929E-011
  -28.729976188684368        1.9933838584030269E-011
  -28.618619691829000        1.1994761817131736E-011
  -28.507263194973635        7.3882178515008548E-012
  -28.395906698118271        6.2504450543777220E-012
  -28.284550201262903        7.5189399916859906E-012
  -28.173193704407538        1.0336213521348000E-011
  -28.061837207552173        1.6301122517552284E-011
  -27.950480710696805        2.5729541397559008E-011
  -27.839124213841441        3.4876791941405055E-011
  -27.727767716986076        4.1183134365277672E-011
  -27.616411220130708        4.6981406654224629E-011
  -27.505054723275343        5.4813035472897208E-011
  -27.393698226419978        6.5684588560214453E-011
  -27.282341729564614        7.6741672814205219E-011
  -27.170985232709246        8.4803107895388696E-011
  -27.059628735853881        8.9524216420068031E-011
  -26.948272238998516        9.2615244894298830E-011
  -26.836915742143148        9.3299168250052423E-011
  -26.725559245287783        9.2576767514682937E-011
  -26.614202748432419        9.3708464864940151E-011
  -26.502846251577051        1.0080097759649545E-010
  -26.391489754721686        1.0764482395242801E-010
  -26.280133257866321        1.0391763168141520E-010
  -26.168776761010953        8.9828428589757674E-011
  -26.057420264155589        7.5790663890046836E-011
  -25.946063767300224        6.9399687875581853E-011
  -25.834707270444856        6.8077524915636649E-011
  -25.723350773589491        6.5844365178600620E-011
  -25.611994276734126        5.8481778532009774E-011
  -25.500637779878758        4.9560301566862370E-011
  -25.389281283023394        4.3933685304956054E-011
  -25.277924786168029        4.1409296445796024E-011
  -25.166568289312664        4.0749444156197805E-011
  -25.055211792457296        4.3707646099111425E-011
  -24.943855295601931        4.6538181583049659E-011
  -24.832498798746567        4.5112631088233902E-011
  -24.721142301891199        4.3263835619715254E-011
  -24.609785805035834        4.6343105243515898E-011
  -24.498429308180469        5.4734846944127699E-011
  -24.387072811325101        6.5024223312045485E-011
  -24.275716314469737        7.0982322768248459E-011
  -24.164359817614372        7.0944217300837499E-011
  -24.053003320759004        7.0842798035962140E-011
  -23.941646823903639        7.4569720879460418E-011
  -23.830290327048274        8.1951999630628058E-011
  -23.718933830192906        9.1641545529085761E-011
  -23.607577333337542        9.9339249065788727E-011
  -23.496220836482177        9.9891834805803244E-011
  -23.384864339626809        9.2602336728975481E-011
  -23.273507842771444        8.4509386209100889E-011
  -23.162151345916079        8.2083004745923034E-011
  -23.050794849060711        8.8068531707475582E-011
  -22.939438352205347        9.6214125244753547E-011
  -22.828081855349982        9.9245925897914080E-011
  -22.716725358494617        9.6713581839491116E-011
  -22.605368861639249        9.1035366448484433E-011
  -22.494012364783885        8.1344915783822184E-011
  -22.382655867928520        6.7124468107774982E-011
  -22.271299371073152        5.4225383997278241E-011
  -22.159942874217787        4.9506299232623165E-011
  -22.048586377362422        5.3243343671364716E-011
  -21.937229880507054        6.0860082793336498E-011
  -21.825873383651690        6.8585896000082448E-011
  -21.714516886796325        7.5219663146026296E-011
  -21.603160389940957        8.0355473993996962E-011
  -21.491803893085592        8.3537167171569644E-011
  -21.380447396230227        8.5542271371979886E-011
  -21.269090899374859        9.0531761042841259E-011
  -21.157734402519495        1.0267596074561746E-010
  -21.046377905664130        1.2351663285282704E-010
  -20.935021408808762        1.4907861372184098E-010
  -20.823664911953397        1.7324230393945356E-010
  -20.712308415098033        2.0104613812304146E-010
  -20.600951918242668        2.3988618863885349E-010
  -20.489595421387300        2.8764914672788481E-010
  -20.378238924531935        3.4628481039798429E-010
  -20.266882427676570        4.2585432324719396E-010
  -20.155525930821202        5.4754927407866071E-010
  -20.044169433965838        7.2645764372613167E-010
  -19.932812937110473        9.6931329049028526E-010
  -19.821456440255105        1.2647342766097943E-009
  -19.710099943399740        1.6152596816747875E-009
  -19.598743446544376        2.0649014268291278E-009
  -19.487386949689007        2.6779372605834975E-009
  -19.376030452833643        3.4897885348922109E-009
  -19.264673955978278        4.5396331223471273E-009
  -19.153317459122910        5.8953473146383166E-009
  -19.041960962267545        7.6526828425346980E-009
  -18.930604465412181        9.8862945539268005E-009
  -18.819247968556812        1.2656293993147750E-008
  -18.707891471701448        1.6086347441357635E-008
  -18.596534974846083        2.0472566096020344E-008
  -18.485178477990718        2.6154561261151524E-008
  -18.373821981135350        3.3408824295010619E-008
  -18.262465484279986        4.2502511150722710E-008
  -18.151108987424621        5.3920267680624244E-008
  -18.039752490569253        6.8219558073914804E-008
  -17.928395993713888        8.5945947615147263E-008
  -17.817039496858524        1.0777841549675646E-007
  -17.705683000003155        1.3462522026553181E-007
  -17.594326503147791        1.6791955927503223E-007
  -17.482970006292426        2.0959481894766533E-007
  -17.371613509437058        2.6155871822463973E-007
  -17.260257012581693        3.2599275682295346E-007
  -17.148900515726329        4.0540087696938126E-007
  -17.037544018870960        5.0289988942973677E-007
  -16.926187522015596        6.2200581370297356E-007
  -16.814831025160231        7.6688217309019550E-007
  -16.703474528304863        9.4273278487921375E-007
  -16.592118031449498        1.1562114792648328E-006
  -16.480761534594134        1.4160577753901244E-006
  -16.369405037738769        1.7315220982805358E-006
  -16.258048540883401        2.1117052663556749E-006
  -16.146692044028036        2.5682078767710096E-006
  -16.035335547172672        3.1173192642546408E-006
  -15.923979050317303        3.7769154200677497E-006
  -15.812622553461939        4.5650780169072718E-006
  -15.701266056606572        5.5000984611827943E-006
  -15.589909559751208        6.6045466435099621E-006
  -15.478553062895841        7.9073610685718672E-006
  -15.367196566040475        9.4442241059680052E-006
  -15.255840069185110        1.1253049829263954E-005
  -15.144483572329744        1.3371507648376699E-005
  -15.033127075474377        1.5839027649372458E-005
  -14.921770578619013        1.8696447255731456E-005
  -14.810414081763646        2.1992510752368990E-005
  -14.699057584908282        2.5777436729580448E-005
  -14.587701088052915        3.0100136239601831E-005
  -14.476344591197549        3.5009684794529367E-005
  -14.364988094342184        4.0567376087381615E-005
  -14.253631597486818        4.6832033546631146E-005
  -14.142275100631451        5.3849294464788442E-005
  -14.030918603776087        6.1642471722080008E-005
  -13.919562106920720        7.0219416774694685E-005
  -13.808205610065354        7.9573442023399293E-005
  -13.696849113209989        8.9706423663212732E-005
  -13.585492616354623        1.0061040834513195E-004
  -13.474136119499258        1.1224822764171453E-004
  -13.362779622643892        1.2453254233284089E-004
  -13.251423125788525        1.3733378544510960E-004
  -13.140066628933161        1.5047543280044689E-004
  -13.028710132077794        1.6374818970376717E-004
  -12.917353635222428        1.7692593050611541E-004
  -12.805997138367063        1.8974989605131286E-004
  -12.694640641511697        2.0192204328550460E-004
  -12.583284144656332        2.1311917740991042E-004
  -12.471927647800966        2.2297680784417201E-004
  -12.360571150945599        2.3110109459590334E-004
  -12.249214654090235        2.3710577341445492E-004
  -12.137858157234868        2.4063621820240199E-004
  -12.026501660379502        2.4137446850301333E-004
  -11.915145163524137        2.3906344943358014E-004
  -11.803788666668771        2.3354560082633401E-004
  -11.692432169813404        2.2477950262991090E-004
  -11.581075672958040        2.1283104893981514E-004
  -11.469719176102673        1.9791807270702874E-004
  -11.358362679247309        1.8042560347741629E-004
  -11.247006182391942        1.6088966176055355E-004
  -11.135649685536576        1.4003002342479747E-004
  -11.024293188681211        1.1874229393392772E-004
  -10.912936691825845        9.8051403436858587E-005
  -10.801580194970478        7.9039131578355484E-005
  -10.690223698115114        6.2812637184358046E-005
  -10.578867201259747        5.0425315128898364E-005
  -10.467510704404381        4.2822659393246864E-005
  -10.356154207549016        4.0762303502831916E-005
  -10.244797710693650        4.4724373916113655E-005
  -10.133441213838285        5.4829938292421942E-005
  -10.022084716982919        7.0787402838403394E-005
  -9.9107282201275524        9.1855801251358252E-005
  -9.7993717232721878        1.1682873597471805E-004
  -9.6880152264168213        1.4408860083893623E-004
  -9.5766587295614549        1.7170318930753129E-004
  -9.4653022327060903        1.9758211657622463E-004
  -9.3539457358507239        2.1959043211783596E-004
  -9.2425892389953592        2.3571756111834773E-004
  -9.1312327421399928        2.4429933349952391E-004
  -9.0198762452846264        2.4427405854366850E-004
  -8.9085197484292618        2.3546526994052224E-004
  -8.7971632515738953        2.1859005970850776E-004
  -8.6858067547185289        1.9525983165561054E-004
  -8.5744502578631643        1.6783859777932421E-004
  -8.4630937610077979        1.3936509662375383E-004
  -8.3517372641524315        1.1332708150195538E-004
  -8.2403807672970668        9.3283207795795146E-005
  -8.1290242704417004        8.2384238729523430E-005
  -8.0176677735863358        8.2884712780140440E-005
  -7.9063112767309693        9.5765630273740752E-005
  -7.7949547798756038        1.2044299576784304E-004
  -7.6835982830202374        1.5467290633505688E-004
  -7.5722417861648719        1.9467957733824550E-004
  -7.4608852893095063        2.3557965983310081E-004
  -7.3495287924541408        2.7199921928888819E-004
  -7.2381722955987744        2.9874794790270775E-004
  -7.1268157987434089        3.1172307499750346E-004
  -7.0154593018880433        3.0873086339153427E-004
  -6.9041028050326769        2.9018493662173853E-004
  -6.7927463081773114        2.5926476170058752E-004
  -6.6813898113219459        2.2167074473966239E-004
  -6.5700333144665803        1.8485062670375773E-004
  -6.4586768176112139        1.5683268173490996E-004
  -6.3473203207558484        1.4470409929820681E-004
  -6.2359638239004829        1.5320527739571811E-004
  -6.1246073270451173        1.8352092313693593E-004
  -6.0132508301897509        2.3270578661254148E-004
  -5.9018943333343854        2.9302075028911692E-004
  -5.7905378364790199        3.5226358839838320E-004
  -5.6791813396236543        3.9844141104626731E-004
  -5.5678248427682879        4.2665526481530322E-004
  -5.4564683459129224        4.3368524594435083E-004
  -5.3451118490575569        4.0904285487021593E-004
  -5.2337553522021905        3.6001036156124510E-004
  -5.1223988553468249        3.1607700429883717E-004
  -5.0110423584914594        2.7818427391322934E-004
  -4.8996858616360939        2.5493403579199779E-004
  -4.7883293647807275        2.8284952666025241E-004
  -4.6769728679253619        3.3380238583439949E-004
  -4.5656163710699964        4.1845576874001335E-004
  -4.4542598742146309        5.1375097369328159E-004
  -4.3429033773592645        5.9403950755605327E-004
  -4.2315468805038989        6.4664441893139786E-004
  -4.1201903836485334        6.6585985077943929E-004
  -4.0088338867931679        5.9244255888046349E-004
  -3.8974773899378019        5.9435642673407482E-004
  -3.7861208930824359        4.9375372507699756E-004
  -3.6747643962270704        4.7379611661256397E-004
  -3.5634078993717044        5.7283193510281581E-004
  -3.4520514025163385        5.9636553175913072E-004
  -3.3406949056609729        7.8193427719841502E-004
  -3.2293384088056070        1.0006535925355560E-003
  -3.1179819119502414        1.0222569829553231E-003
  -3.0066254150948755        1.0984998373176358E-003
  -2.8952689182395099        1.1723989715634055E-003
  -2.7839124213841440        1.0211807562957068E-003
  -2.6725559245287784        9.6888210555131401E-004
  -2.5611994276734125        1.1289789833826491E-003
  -2.4498429308180469        1.2066590670017129E-003
  -2.3384864339626810        1.4438103474358919E-003
  -2.2271299371073154        1.9456346447061705E-003
  -2.1157734402519495        2.1288884862847163E-003
  -2.0044169433965839        2.1617434385425831E-003
  -1.8930604465412180        2.4674120031537745E-003
  -1.7817039496858522        2.4392894057431560E-003
  -1.6703474528304865        2.4075800594495112E-003
  -1.5589909559751207        3.2383754318295404E-003
  -1.4476344591197550        3.9108874808464556E-003
  -1.3362779622643892        4.5272658471676519E-003
  -1.2249214654090235        6.1227665059622859E-003
  -1.1135649685536577        6.7184248795436868E-003
  -1.0022084716982920        7.0051817664365541E-003
 -0.89085197484292611        9.4782382366159334E-003
 -0.77949547798756036        1.1323617095100316E-002
 -0.66813898113219461        1.5180002454126316E-002
 -0.55678248427682886        2.3041836917338070E-002
 -0.44542598742146305        2.7391726853729578E-002
 -0.33406949056609730        3.8095483259170240E-002
 -0.22271299371073153        5.6740332292102451E-002
 -0.11135649685536576        7.6998185094418720E-002
   0.0000000000000000       0.12318695701763248     
  0.11135649685536576       0.17235361248536585     
  0.22271299371073153       0.24763260583702892     
  0.33406949056609730       0.33895254243953477     
  0.44542598742146305       0.41488974547903851     
  0.55678248427682886       0.48990439667784735     
  0.66813898113219461       0.42254975320146698     
  0.77949547798756036       0.38532602794320303     
  0.89085197484292611       0.33444293791343183     
   1.0022084716982920       0.48019315328897233     
   1.1135649685536577       0.63746914289324597     
   1.2249214654090235       0.62903148188777280     
   1.3362779622643892       0.55150809960654301     
   1.4476344591197550       0.58868990071093630     
   1.5589909559751207       0.79180356153353193     
   1.6703474528304865       0.69629360354279657     
   1.7817039496858522       0.66636789248506290     
   1.8930604465412180       0.82925620883722273     
   2.0044169433965839       0.82089910156566792     
   2.1157734402519495       0.91332856044296362     
   2.2271299371073154       0.63023430347516307     
   2.3384864339626810       0.81626327388101227     
   2.4498429308180469       0.89211727324853407     
   2.5611994276734125        1.1485604316236639     
   2.6725559245287784       0.97832936750379373     
   2.7839124213841440       0.90501872934800087     
   2.8952689182395099       0.64280373619092757     
   3.0066254150948755       0.40905024415424435     
   3.1179819119502414       0.32290619255698588     
   3.2293384088056070       0.17698892702182228     
   3.3406949056609729       0.10245340446732311     
   3.4520514025163385        8.6137687040284405E-002
   3.5634078993717044        4.5568609511653965E-002
   3.6747643962270704        2.4783885559643622E-002
   3.7861208930824359        2.6470759886207659E-002
   3.8974773899378019        1.5451171572409958E-002
   4.0088338867931679        5.5269826549068177E-003
   4.1201903836485334        9.0171791488843200E-003
   4.2315468805038989        8.7225071401988812E-003
   4.3429033773592645        2.3345506273741885E-003
   4.4542598742146309        1.7358934801971428E-003
   4.5656163710699964        4.0455272551971032E-003
   4.6769728679253619        2.2233764379890253E-003
   4.7883293647807275        3.0127016237011932E-004
   4.8996858616360939        1.4021882217444166E-003
   5.0110423584914594        1.6645883715813400E-003
   5.1223988553468249        2.7234299140026127E-004
   5.2337553522021905        2.9192250076710656E-004
   5.3451118490575569        1.3004871918282539E-003
   5.4564683459129224        9.7001997104705811E-004
   5.5678248427682879        1.0855327649000541E-004
   5.6791813396236543        3.4027098458270757E-004
   5.7905378364790199        8.2142922750836711E-004
   5.9018943333343854        4.8508677520777902E-004
   6.0132508301897509        5.7593864162471828E-005
   6.1246073270451173        2.0190865331812341E-004
   6.2359638239004829        3.5300167760572666E-004
   6.3473203207558484        1.5291501907053754E-004
   6.4586768176112139        6.1469011895228187E-005
   6.5700333144665803        2.5507720637723262E-004
   6.6813898113219459        3.4168207476165037E-004
   6.7927463081773114        2.1833706048625054E-004
   6.9041028050326769        2.0011928021942182E-004
   7.0154593018880433        3.4937155384447865E-004
   7.1268157987434089        4.0017096060494583E-004
   7.2381722955987744        2.8700479116415686E-004
   7.3495287924541408        2.0873880683570191E-004
   7.4608852893095063        2.3722962086137445E-004
   7.5722417861648719        2.3949947734713841E-004
   7.6835982830202374        1.5975771544791715E-004
   7.7949547798756038        9.3888135117030702E-005
   7.9063112767309693        9.3670029320307009E-005
   8.0176677735863358        1.0132598863453986E-004
   8.1290242704417004        8.1928577722148907E-005
   8.2403807672970668        7.7781606277790212E-005
   8.3517372641524315        1.1404258325703829E-004
   8.4630937610077979        1.5378653984672613E-004
   8.5744502578631643        1.6849134976676175E-004
   8.6858067547185289        1.8057792362124176E-004
   8.7971632515738953        2.1228275817457992E-004
   8.9085197484292618        2.4484566109010317E-004
   9.0198762452846264        2.5127333650090732E-004
   9.1312327421399928        2.3771739397217089E-004
   9.2425892389953592        2.2651095516066936E-004
   9.3539457358507239        2.2003414740272552E-004
   9.4653022327060903        2.0343872909946728E-004
   9.5766587295614549        1.7253370999736941E-004
   9.6880152264168213        1.3954804765637724E-004
   9.7993717232721878        1.1412217401442046E-004
   9.9107282201275524        9.3368973788369647E-005
   10.022084716982919        7.2290971671298395E-005
   10.133441213838285        5.3628806217723924E-005
   10.244797710693650        4.3048093084944475E-005
   10.356154207549016        4.0888196907462814E-005
   10.467510704404381        4.3523365978120127E-005
   10.578867201259747        4.9728753185704617E-005
   10.690223698115114        6.1345267788481199E-005
   10.801580194970478        7.8657933455514209E-005
   10.912936691825845        9.8742619045497613E-005
   11.024293188681211        1.1880875805850782E-004
   11.135649685536576        1.3879232603521025E-004
   11.247006182391942        1.5958225653893231E-004
   11.358362679247309        1.8023864171216026E-004
   11.469719176102673        1.9836091654696738E-004
   11.581075672958040        2.1260881727165417E-004
   11.692432169813404        2.2362514746991383E-004
   11.803788666668771        2.3239846268839292E-004
   11.915145163524137        2.3866120408462565E-004
   12.026501660379502        2.4138520977707992E-004
   12.137858157234868        2.4026974513404527E-004
   12.249214654090235        2.3617286624489517E-004
   12.360571150945599        2.3012080924802449E-004
   12.471927647800966        2.2241568189237249E-004
   12.583284144656332        2.1286330058768957E-004
   12.694640641511697        2.0154943395008691E-004
   12.805997138367063        1.8909951662922218E-004
   12.917353635222428        1.7622465679079018E-004
   13.028710132077794        1.6326492822712221E-004
   13.140066628933161        1.5020237485815775E-004
   13.251423125788525        1.3708108639427956E-004
   13.362779622643892        1.2418555202957108E-004
   13.474136119499258        1.1187051990562543E-004
   13.585492616354623        1.0032718308464741E-004
   13.696849113209989        8.9549826489131832E-005
   13.808205610065354        7.9472741250644945E-005
   13.919562106920720        7.0099430071771281E-005
   14.030918603776087        6.1504830414304268E-005
   14.142275100631451        5.3741762169389165E-005
   14.253631597486818        4.6782201735592973E-005
   14.364988094342184        4.0555658912240248E-005
   14.476344591197549        3.5001268533254856E-005
   14.587701088052915        3.0079638619717388E-005
   14.699057584908282        2.5759230887525047E-005
   14.810414081763646        2.1990660306973376E-005
   14.921770578619013        1.8709896271718643E-005
   15.033127075474377        1.5854863881238613E-005
   15.144483572329744        1.3381398228409766E-005
   15.255840069185110        1.1257357613382828E-005
   15.367196566040475        9.4481320113433935E-006
   15.478553062895841        7.9148347357624477E-006
   15.589909559751208        6.6132083253206613E-006
   15.701266056606572        5.5056361665236971E-006
   15.812622553461939        4.5657843138672192E-006
   15.923979050317303        3.7752260988655752E-006
   16.035335547172672        3.1155523853964053E-006
   16.146692044028036        2.5662594994059660E-006
   16.258048540883401        2.1088279029579293E-006
   16.369405037738769        1.7273849591771512E-006
   16.480761534594134        1.4108136730989291E-006
   16.592118031449498        1.1502203539148570E-006
   16.703474528304863        9.3688615908332884E-007
   16.814831025160231        7.6165277900870820E-007
   16.926187522015596        6.1678537835929557E-007
   17.037544018870960        4.9745153389291381E-007
   17.148900515726329        4.0008025742679613E-007
   17.260257012581693        3.2112803496272572E-007
   17.371613509437058        2.5729181925671893E-007
   17.482970006292426        2.0576020932924703E-007
   17.594326503147791        1.6447349399189857E-007
   17.705683000003155        1.3148429759542147E-007
   17.817039496858524        1.0501768793815586E-007
   17.928395993713888        8.3568019867199704E-008
   18.039752490569253        6.6266084557960368E-008
   18.151108987424621        5.2315342385168207E-008
   18.262465484279986        4.1154922310837456E-008
   18.373821981135350        3.2301626030244059E-008
   18.485178477990718        2.5306269764657344E-008
   18.596534974846083        1.9826582604084239E-008
   18.707891471701448        1.5604099626864693E-008
   18.819247968556812        1.2316329220166428E-008
   18.930604465412181        9.6821923985202371E-009
   19.041960962267545        7.5514680069250018E-009
   19.153317459122910        5.8600287465791930E-009
   19.264673955978278        4.5613766594465792E-009
   19.376030452833643        3.5656868054325233E-009
   19.487386949689007        2.7966229129253628E-009
   19.598743446544376        2.2035220063116367E-009
   19.710099943399740        1.7655082921963131E-009
   19.821456440255105        1.4267283023458569E-009
   19.932812937110473        1.1397281640542622E-009
   20.044169433965838        8.9216487317563408E-010
   20.155525930821202        7.0098585578543913E-010
   20.266882427676570        5.7002617264561957E-010
   20.378238924531935        4.8213456950504320E-010
   20.489595421387300        4.1543834747010202E-010
   20.600951918242668        3.5661456652104757E-010
   20.712308415098033        3.0711870187790122E-010
   20.823664911953397        2.6588869568734364E-010
   20.935021408808762        2.2840702678232909E-010
   21.046377905664130        1.9152089672716285E-010
   21.157734402519495        1.6061303061816604E-010
   21.269090899374859        1.4124767215359977E-010
   21.380447396230227        1.3233221735622510E-010
   21.491803893085592        1.2756669839733543E-010
   21.603160389940957        1.1908398840337227E-010
   21.714516886796325        1.0762161339772566E-010
   21.825873383651690        9.7639327064495367E-011
   21.937229880507054        8.8874004320776386E-011
   22.048586377362422        8.2466753065830736E-011
   22.159942874217787        8.5247426104549468E-011
   22.271299371073152        9.9794863866681971E-011
   22.382655867928520        1.2020747976041482E-010
   22.494012364783885        1.3887057259793622E-010
   22.605368861639249        1.5106208788410360E-010
   22.716725358494617        1.5598587548524446E-010
   22.828081855349982        1.5710621381661239E-010
   22.939438352205347        1.5344932787140510E-010
   23.050794849060711        1.4695625946485528E-010
   23.162151345916079        1.4508914248123998E-010
   23.273507842771444        1.5424215294344969E-010
   23.384864339626809        1.6836488314828312E-010
   23.496220836482177        1.7577704560349718E-010
   23.607577333337542        1.6995446366444093E-010
   23.718933830192906        1.5669197282981930E-010
   23.830290327048274        1.4321249866006541E-010
   23.941646823903639        1.3337453441191443E-010
   24.053003320759004        1.2754930333686993E-010
   24.164359817614372        1.2421169374213685E-010
   24.275716314469737        1.1693635245464923E-010
   24.387072811325101        1.0235728369781644E-010
   24.498429308180469        8.4055387565444987E-011
   24.609785805035834        6.8236475006668267E-011
   24.721142301891199        5.9839705320342483E-011
   24.832498798746567        5.5747172590971871E-011
   24.943855295601931        4.9991312302233741E-011
   25.055211792457296        4.0693872434441665E-011
   25.166568289312664        3.2919422291617423E-011
   25.277924786168029        2.8842349303940313E-011
   25.389281283023394        2.9027461914955051E-011
   25.500637779878758        3.2508563602882353E-011
   25.611994276734126        3.7001395557177376E-011
   25.723350773589491        4.0449345326985921E-011
   25.834707270444856        4.2806220297908737E-011
   25.946063767300224        4.6126795081451620E-011
   26.057420264155589        5.5931769296933872E-011
   26.168776761010953        7.1201086377303977E-011
   26.280133257866321        8.0210434420013459E-011
   26.391489754721686        7.8511122262929100E-011
   26.502846251577051        7.4505642494533885E-011
   26.614202748432419        7.5075050822165041E-011
   26.725559245287783        8.1189289531927427E-011
   26.836915742143148        8.8396217962831377E-011
   26.948272238998516        9.1382505621167226E-011
   27.059628735853881        9.0547735428549846E-011
   27.170985232709246        8.9303013775156088E-011
   27.282341729564614        8.5811543063490459E-011
   27.393698226419978        8.0573913747882894E-011
   27.505054723275343        7.8290904949399327E-011
   27.616411220130708        8.0260274994525227E-011
   27.727767716986076        8.0146018748314955E-011
   27.839124213841441        7.4773918459814210E-011
   27.950480710696805        6.7865451627361641E-011
   28.061837207552173        6.3935010559577140E-011
   28.173193704407538        6.4575949506203663E-011
   28.284550201262903        6.6919510090941595E-011
   28.395906698118271        6.8655961975932114E-011
   28.507263194973635        7.1131620972395693E-011
   28.618619691829000        7.7427042615572945E-011
   28.729976188684368        8.6943421938941660E-011
   28.841332685539733        9.5387081097341743E-011
   28.952689182395098        1.0225166213418954E-010
   29.064045679250466        1.0990480671474332E-010
   29.175402176105830        1.1777694954422345E-010
   29.286758672961195        1.2474650258750358E-010
   29.398115169816563        1.3290078548924862E-010
   29.509471666671928        1.4081538798643518E-010
   29.620828163527293        1.4484951701614685E-010
   29.732184660382657        1.4391068471838119E-010
   29.843541157238025        1.3841710259196009E-010
   29.954897654093390        1.3150111795052418E-010
   30.066254150948755        1.2677454643813401E-010
   30.177610647804123        1.2450332799715346E-010
   30.288967144659487        1.2058918754209847E-010
   30.400323641514852        1.1322900561760538E-010
   30.511680138370220        1.0218856136065902E-010
   30.623036635225585        8.8366489135117779E-011
   30.734393132080950        7.4759233201191637E-011
   30.845749628936318        6.4899969618226083E-011
   30.957106125791682        5.7103229170115281E-011
   31.068462622647047        4.9374895338496293E-011
   31.179819119502415        4.2096686376227484E-011
   31.291175616357780        3.7075950505266486E-011
   31.402532113213145        3.6186626978166184E-011
   31.513888610068513        4.0090813908900498E-011
   31.625245106923877        4.8970449167263688E-011
   31.736601603779242        6.2428752968022408E-011
   31.847958100634607        7.7604833170154917E-011
   31.959314597489975        9.2855559618613023E-011
   32.070671094345343        1.0868941788753115E-010
   32.182027591200708        1.2707053421967083E-010
   32.293384088056072        1.5131357208902052E-010
   32.404740584911437        1.8213423693025144E-010
   32.516097081766802        2.1416257645464044E-010
   32.627453578622166        2.4406946285296324E-010
   32.738810075477538        2.7347512012149080E-010
   32.850166572332903        2.9951876818451755E-010
   32.961523069188267        3.1783045007585155E-010
   33.072879566043632        3.3208592115492158E-010
   33.184236062898997        3.4795576523016896E-010
   33.295592559754361        3.6286980323334763E-010
   33.406949056609726        3.6927111478807163E-010
   33.518305553465098        3.6498667460099353E-010
   33.629662050320462        3.5244896018669128E-010
   33.741018547175827        3.4034799810893567E-010
   33.852375044031191        3.2954814568935978E-010
   33.963731540886556        3.1405690689831888E-010
   34.075088037741921        2.8788190023029885E-010
   34.186444534597292        2.5538281419701156E-010
   34.297801031452657        2.2282766273786318E-010
   34.409157528308022        1.9063127050773684E-010
   34.520514025163386        1.5639916504352281E-010
   34.631870522018751        1.1878705478292712E-010
   34.743227018874116        8.2526236035888300E-011
   34.854583515729487        5.3179043026065994E-011
   34.965940012584852        3.1120352056891603E-011
   35.077296509440217        1.5108133388062806E-011
   35.188653006295581        4.5608533936626452E-012
   35.300009503150946        6.4720852858076812E-013
   35.411366000006311        4.8509541818539463E-012
   35.522722496861675        1.9338051882237483E-011
   35.634078993717047        4.5551375006987149E-011
   35.745435490572412        8.1848094558528045E-011
   35.856791987427776        1.2393308486818889E-010
   35.968148484283141        1.6811997461562476E-010
   36.079504981138506        2.1665625995572957E-010
   36.190861477993870        2.7513578225371728E-010
   36.302217974849242        3.4534116626201239E-010
   36.413574471704607        4.2444017008406070E-010
   36.524930968559971        5.0535690714254540E-010
   36.636287465415336        5.7825843942069110E-010
   36.747643962270701        6.3731587272933820E-010
   36.859000459126065        6.8192119230925406E-010
   36.970356955981437        7.1503410140141428E-010
   37.081713452836802        7.4363159619523382E-010
   37.193069949692166        7.7088906597100383E-010
   37.304426446547531        7.9808317668742092E-010
   37.415782943402895        8.1909432299452071E-010
   37.527139440258260        8.2526983728411293E-010
   37.638495937113625        8.1041582946625273E-010
   37.749852433968996        7.7468999060641448E-010
   37.861208930824361        7.2494183108295744E-010
   37.972565427679726        6.7279856828135705E-010
   38.083921924535090        6.2169430119434300E-010
   38.195278421390455        5.6406070735408018E-010
   38.306634918245820        4.9441415169333966E-010
   38.417991415101191        4.1625060906148880E-010
   38.529347911956556        3.3898277386802102E-010
   38.640704408811921        2.6683995253985685E-010
   38.752060905667285        2.0146395901010754E-010
   38.863417402522650        1.4373933304607989E-010
   38.974773899378015        9.4949742481376877E-011
   39.086130396233386        5.7057748219400171E-011
   39.197486893088751        3.0534641704930511E-011
   39.308843389944116        1.5250366610280699E-011
   39.420199886799480        1.2270858345606847E-011
   39.531556383654845        2.2287254772730876E-011
   39.642912880510210        4.4601787757983229E-011
   39.754269377365574        7.8683105574363931E-011
   39.865625874220946        1.2483014558066680E-010
   39.976982371076311        1.8153937719852195E-010
   40.088338867931675        2.4527780984266561E-010
   40.199695364787040        3.1058050286961422E-010
   40.311051861642405        3.7647198224240188E-010
   40.422408358497769        4.4613189746786782E-010
   40.533764855353141        5.2107776147039509E-010
   40.645121352208506        5.9496042607148066E-010
   40.756477849063870        6.6151693069836851E-010
   40.867834345919235        7.1901608997821818E-010
   40.979190842774599        7.6622385836149613E-010
   41.090547339629964        8.0310898654410297E-010
   41.201903836485336        8.3143886720496261E-010
   41.313260333340700        8.5238332036863398E-010
   41.424616830196065        8.6499437336937935E-010
   41.535973327051430        8.6735391360835038E-010
   41.647329823906794        8.5539970864406839E-010
   41.758686320762159        8.2914804292048702E-010
   41.870042817617524        7.9444575084751837E-010
   41.981399314472895        7.5774420221298111E-010
   42.092755811328260        7.1908488522516426E-010
   42.204112308183625        6.7391341345423964E-010
   42.315468805038989        6.2106181953347299E-010
   42.426825301894354        5.6169131754876486E-010
   42.538181798749719        4.9661137946568863E-010
   42.649538295605090        4.2827787996787599E-010
   42.760894792460455        3.6302785578534796E-010
   42.872251289315820        3.0566287285010257E-010
   42.983607786171184        2.5676028678853755E-010
   43.094964283026549        2.1134775747663255E-010
   43.206320779881914        1.6727917133777624E-010
   43.317677276737285        1.2573774183693905E-010
   43.429033773592650        9.1122441193194984E-011
   43.540390270448015        6.7011750367585608E-011
   43.651746767303379        5.3640411087085626E-011
   43.763103264158744        4.8474594801249758E-011
   43.874459761014108        4.9083232110361143E-011
   43.985816257869473        5.5461563917077476E-011
   44.097172754724845        6.8366572763581491E-011
   44.208529251580210        8.8172049100939653E-011
   44.319885748435574        1.1486634057649051E-010
   44.431242245290939        1.4723464244786639E-010
   44.542598742146303        1.8427263190864092E-010
   44.653955239001668        2.2622238372090477E-010
   44.765311735857040        2.7313646896770051E-010
   44.876668232712404        3.2412556729605655E-010
   44.988024729567769        3.7558346255589324E-010
   45.099381226423134        4.2588493479810878E-010
   45.210737723278498        4.7539277547429151E-010
   45.322094220133863        5.2644357040142607E-010
   45.433450716989235        5.7635864827958463E-010
   45.544807213844599        6.2225735936034817E-010
   45.656163710699964        6.6607141740861817E-010
   45.767520207555329        7.0962723170972455E-010
   45.878876704410693        7.5052926232130486E-010
   45.990233201266058        7.8372002326117378E-010
   46.101589698121423        8.0969859202303814E-010
   46.212946194976794        8.3148640206105520E-010
   46.324302691832159        8.5269937949419931E-010
   46.435659188687524        8.7140640775696858E-010
   46.547015685542888        8.7958602304491430E-010
   46.658372182398253        8.7288072562607306E-010
   46.769728679253618        8.5842755702366859E-010
   46.881085176108989        8.4240680909795018E-010
   46.992441672964354        8.2663825740758541E-010
   47.103798169819719        8.1160795782778542E-010
   47.215154666675083        7.9639577152022948E-010
   47.326511163530448        7.7895551968231070E-010
   47.437867660385812        7.5693753876018445E-010
   47.549224157241184        7.2957107050875517E-010
   47.660580654096549        6.9927336843248759E-010
   47.771937150951914        6.7020223878368558E-010
   47.883293647807278        6.4499053560271364E-010
   47.994650144662643        6.2269201035673984E-010
   48.106006641518007        6.0372609652300010E-010
   48.217363138373379        5.8952789236768388E-010
   48.328719635228744        5.8047739913246956E-010
   48.440076132084108        5.7757698656263061E-010
   48.551432628939473        5.7936273057985197E-010
   48.662789125794838        5.8489292383625773E-010
   48.774145622650202        5.9546454995940511E-010
   48.885502119505567        6.1409245761870955E-010
   48.996858616360939        6.4096103622963075E-010
   49.108215113216303        6.7647930814680198E-010
   49.219571610071668        7.1870695007606521E-010
   49.330928106927033        7.6294114655830714E-010
   49.442284603782397        8.0436574906111886E-010
   49.553641100637762        8.4476051220014066E-010
   49.664997597493134        8.8870386924181092E-010
   49.776354094348498        9.3896566762734663E-010
   49.887710591203863        9.9369147533188240E-010
   49.999067088059228        1.0491798194147055E-009
   50.110423584914592        1.1026854209091115E-009
   50.221780081769957        1.1540211923963847E-009
   50.333136578625329        1.2021251688972062E-009
   50.444493075480693        1.2464912245396991E-009
   50.555849572336058        1.2889790070599507E-009
   50.667206069191423        1.3310372875763977E-009
   50.778562566046787        1.3727766617006379E-009
   50.889919062902152        1.4121348465867207E-009
   51.001275559757516        1.4450281212697752E-009
   51.112632056612888        1.4728356448225877E-009
   51.223988553468253        1.5004544344042936E-009
   51.335345050323617        1.5332384011601418E-009
   51.446701547178982        1.5707556802970776E-009
   51.558058044034347        1.6091942862184508E-009
   51.669414540889711        1.6440355983597156E-009
   51.780771037745083        1.6714981793916960E-009
   51.892127534600448        1.6941431977581802E-009
   52.003484031455812        1.7193320523699284E-009
   52.114840528311177        1.7531536267681509E-009
   52.226197025166542        1.7951211905211335E-009
   52.337553522021906        1.8383919238560335E-009
   52.448910018877278        1.8760690841322405E-009
   52.560266515732643        1.9082623471844746E-009
   52.671623012588007        1.9451321812954075E-009
   52.782979509443372        1.9955844114002615E-009
   52.894336006298737        2.0582079593448122E-009
   53.005692503154101        2.1239843015522653E-009
   53.117049000009466        2.1823121727876095E-009
   53.228405496864838        2.2326459699642068E-009
   53.339761993720202        2.2869894652339012E-009
   53.451118490575567        2.3559787407659830E-009
   53.562474987430932        2.4352893656555019E-009
   53.673831484286296        2.5054757840411439E-009
   53.785187981141661        2.5548549567802883E-009
   53.896544477997033        2.5965042346509238E-009
   54.007900974852397        2.6561573109512501E-009
   54.119257471707762        2.7367090153607848E-009
   54.230613968563127        2.7991895680091298E-009
   54.341970465418491        2.8063240669374325E-009
   54.453326962273856        2.7807459609059854E-009
   54.564683459129228        2.7875823547198511E-009
   54.676039955984592        2.8455887589054330E-009
   54.787396452839957        2.8722766871408095E-009
   54.898752949695321        2.7761915215682793E-009
   55.010109446550686        2.5936102985422127E-009
   55.121465943406051        2.4616263352303853E-009
   55.232822440261415        2.4000662098331997E-009
   55.344178937116787        2.2327517153008171E-009
   55.455535433972152        1.8640749432642295E-009
   55.566891930827516        1.5174186532448282E-009
   55.678248427682881        1.4383478039717299E-009
   55.789604924538246        1.4793859873162424E-009
   55.900961421393610        1.4976645691809831E-009
   56.012317918248982        2.0631594551657458E-009
   56.123674415104347        3.3313345093134839E-009
   56.235030911959711        8.3737810547297310E-009
   56.346387408815076        9.4005196342365671E-009
   56.457743905670441        1.2830598145612251E-008
   56.569100402525805        2.2967251743519668E-008
   56.680456899381177        3.8956535578393626E-008
   56.791813396236542        1.7809364601239981E-008
   56.903169893091906        1.8120206174892334E-008
