  -57.014526389947271        2.1338818397435451E-008
  -56.903169893091906        1.3999668497223739E-008
  -56.791813396236542        1.7051630716760896E-010
  -56.680456899381177        9.8912899590576995E-011
  -56.569100402525805        4.3782126154161840E-011
  -56.457743905670441        1.7218797054638019E-011
  -56.346387408815076        8.3223177497027695E-012
  -56.235030911959711        1.5906700853418140E-011
  -56.123674415104347        1.3312329325695560E-011
  -56.012317918248982        6.7663965921966127E-012
  -55.900961421393610        7.5307350022575486E-012
  -55.789604924538246        7.5194921671326274E-012
  -55.678248427682881        6.6331111133830594E-012
  -55.566891930827516        5.3654594233836246E-012
  -55.455535433972152        4.3852898253224967E-012
  -55.344178937116787        3.9721209969103318E-012
  -55.232822440261415        4.1332403901362736E-012
  -55.121465943406051        4.6698411644556877E-012
  -55.010109446550686        5.4238280221724701E-012
  -54.898752949695321        6.5430645348973905E-012
  -54.787396452839957        8.2216596136323179E-012
  -54.676039955984592        1.0428194671689727E-011
  -54.564683459129228        1.2859106020171243E-011
  -54.453326962273856        1.5218011644742703E-011
  -54.341970465418491        1.7729190551745994E-011
  -54.230613968563127        2.0619487301385589E-011
  -54.119257471707762        2.3967411367677770E-011
  -54.007900974852397        2.7058433386088265E-011
  -53.896544477997033        2.8978732193236239E-011
  -53.785187981141661        2.9846720408479744E-011
  -53.673831484286296        3.0309345344577083E-011
  -53.562474987430932        3.0771042522764144E-011
  -53.451118490575567        3.0939942949092453E-011
  -53.339761993720202        3.0447986938531036E-011
  -53.228405496864838        2.9184863494998920E-011
  -53.117049000009466        2.7101587699457820E-011
  -53.005692503154101        2.4664365529870902E-011
  -52.894336006298737        2.2351787296749335E-011
  -52.782979509443372        2.0216804139316136E-011
  -52.671623012588007        1.8197241968847945E-011
  -52.560266515732643        1.6288504559073994E-011
  -52.448910018877278        1.4316711895627417E-011
  -52.337553522021906        1.2202423462171879E-011
  -52.226197025166542        1.0110438632917708E-011
  -52.114840528311177        8.4209143964685814E-012
  -52.003484031455812        7.2952985704677007E-012
  -51.892127534600448        6.6214344438941458E-012
  -51.780771037745083        6.2209686538829828E-012
  -51.669414540889711        5.8886869894682733E-012
  -51.558058044034347        5.6694405946606413E-012
  -51.446701547178982        5.6151700087385446E-012
  -51.335345050323617        5.7907541010404947E-012
  -51.223988553468253        6.4306053462761229E-012
  -51.112632056612888        7.6023332664243264E-012
  -51.001275559757516        9.2629855550826615E-012
  -50.889919062902152        1.1134989431109107E-011
  -50.778562566046787        1.3001519345093766E-011
  -50.667206069191423        1.4822777762349341E-011
  -50.555849572336058        1.6830818633805226E-011
  -50.444493075480693        1.9234884425440489E-011
  -50.333136578625329        2.1998771662982727E-011
  -50.221780081769957        2.4636038182348582E-011
  -50.110423584914592        2.7105909436294069E-011
  -49.999067088059228        2.9298145338551221E-011
  -49.887710591203863        3.0863065863519189E-011
  -49.776354094348498        3.1902219594165917E-011
  -49.664997597493134        3.2924982819728589E-011
  -49.553641100637762        3.4499229690374838E-011
  -49.442284603782397        3.6699544876913181E-011
  -49.330928106927033        3.8748314965926801E-011
  -49.219571610071668        3.9716625736268154E-011
  -49.108215113216303        3.9009025705611024E-011
  -48.996858616360939        3.7292443215038366E-011
  -48.885502119505567        3.5367710935460163E-011
  -48.774145622650202        3.3677548505488127E-011
  -48.662789125794838        3.2082654753544479E-011
  -48.551432628939473        3.0516198282357324E-011
  -48.440076132084108        2.8926649460515531E-011
  -48.328719635228744        2.7056574878952120E-011
  -48.217363138373379        2.4804771277791560E-011
  -48.106006641518007        2.2363545104093719E-011
  -47.994650144662643        2.0108078786611104E-011
  -47.883293647807278        1.8088024033435311E-011
  -47.771937150951914        1.5925892174598893E-011
  -47.660580654096549        1.3799708102412821E-011
  -47.549224157241184        1.2053752116945794E-011
  -47.437867660385812        1.0786392877831982E-011
  -47.326511163530448        9.8443618111299697E-012
  -47.215154666675083        9.1517554537206301E-012
  -47.103798169819719        8.4719277734604971E-012
  -46.992441672964354        7.5534764577287550E-012
  -46.881085176108989        6.4050873122573939E-012
  -46.769728679253618        5.1419716423451231E-012
  -46.658372182398253        3.8182217850999977E-012
  -46.547015685542888        2.6516710076503923E-012
  -46.435659188687524        1.8793084501341603E-012
  -46.324302691832159        1.4991539303311267E-012
  -46.212946194976794        1.2116905816782053E-012
  -46.101589698121423        8.4194324322192081E-013
  -45.990233201266058        4.3270043215042185E-013
  -45.878876704410693        1.6606030224924729E-013
  -45.767520207555329        8.4146388801603401E-014
  -45.656163710699964        8.2107759307832732E-014
  -45.544807213844599        1.1384213089613764E-013
  -45.433450716989235        2.5961786427856498E-013
  -45.322094220133863        5.3238025154041391E-013
  -45.210737723278498        8.8710743553961717E-013
  -45.099381226423134        1.3433179490105377E-012
  -44.988024729567769        1.9941332320240675E-012
  -44.876668232712404        2.8905130382749088E-012
  -44.765311735857040        4.0713697869153462E-012
  -44.653955239001668        5.2083891970305958E-012
  -44.542598742146303        6.1718067538029587E-012
  -44.431242245290939        7.2993351530970699E-012
  -44.319885748435574        8.8142241124690259E-012
  -44.208529251580210        1.0394774619087809E-011
  -44.097172754724845        1.1874936828794661E-011
  -43.985816257869473        1.3273658722747123E-011
  -43.874459761014108        1.4631536686478499E-011
  -43.763103264158744        1.6221098663238828E-011
  -43.651746767303379        1.8483772003464653E-011
  -43.540390270448015        2.1948402696517875E-011
  -43.429033773592650        2.5986206094063964E-011
  -43.317677276737285        2.9874799088258440E-011
  -43.206320779881914        3.2597776506108201E-011
  -43.094964283026549        3.3880284836916457E-011
  -42.983607786171184        3.4468057995051471E-011
  -42.872251289315820        3.5929307369147623E-011
  -42.760894792460455        3.8747820047107468E-011
  -42.649538295605090        4.2453196042795568E-011
  -42.538181798749719        4.6227261065203701E-011
  -42.426825301894354        4.8973732396110451E-011
  -42.315468805038989        5.0078370470114245E-011
  -42.204112308183625        5.0094566603396692E-011
  -42.092755811328260        4.9550298828408611E-011
  -41.981399314472895        4.8750717712189990E-011
  -41.870042817617524        4.8298723274208987E-011
  -41.758686320762159        4.9138059243031566E-011
  -41.647329823906794        5.0699520223550831E-011
  -41.535973327051430        5.1925015195618037E-011
  -41.424616830196065        5.1880008747305297E-011
  -41.313260333340700        5.1290658132155179E-011
  -41.201903836485336        5.1064665223728013E-011
  -41.090547339629964        5.2080472365132990E-011
  -40.979190842774599        5.3733225654590320E-011
  -40.867834345919235        5.6139289763251412E-011
  -40.756477849063870        5.8934070308762580E-011
  -40.645121352208506        6.1728558289580446E-011
  -40.533764855353141        6.3618825913254361E-011
  -40.422408358497769        6.4755140142926861E-011
  -40.311051861642405        6.6480403104591463E-011
  -40.199695364787040        6.9787020027860500E-011
  -40.088338867931675        7.5288295087257354E-011
  -39.976982371076311        8.1240888318363908E-011
  -39.865625874220946        8.5951249952829194E-011
  -39.754269377365574        8.9143372190746605E-011
  -39.642912880510210        9.2555594156433649E-011
  -39.531556383654845        9.7445915457977164E-011
  -39.420199886799480        1.0192502871556152E-010
  -39.308843389944116        1.0383548884875532E-010
  -39.197486893088751        1.0394599772819278E-010
  -39.086130396233386        1.0405818837450156E-010
  -38.974773899378015        1.0513767459466810E-010
  -38.863417402522650        1.0741023760260747E-010
  -38.752060905667285        1.0917117476357151E-010
  -38.640704408811921        1.1015598117729374E-010
  -38.529347911956556        1.1116701415373177E-010
  -38.417991415101191        1.1284529173435725E-010
  -38.306634918245820        1.1258166998212341E-010
  -38.195278421390455        1.0883175024715238E-010
  -38.083921924535090        1.0347167155639944E-010
  -37.972565427679726        9.9714203203246626E-011
  -37.861208930824361        9.8810473065403686E-011
  -37.749852433968996        9.9950105676171209E-011
  -37.638495937113625        1.0046084976390038E-010
  -37.527139440258260        9.8179263901426624E-011
  -37.415782943402895        9.3373428272778625E-011
  -37.304426446547531        8.8841941671358231E-011
  -37.193069949692166        8.6324834275315814E-011
  -37.081713452836802        8.6517851264173941E-011
  -36.970356955981437        8.9760226228467566E-011
  -36.859000459126065        9.6379633174809251E-011
  -36.747643962270701        1.0500320913523470E-010
  -36.636287465415336        1.1316601114703306E-010
  -36.524930968559971        1.1952357527890397E-010
  -36.413574471704607        1.2285086543401667E-010
  -36.302217974849242        1.2323395392176665E-010
  -36.190861477993870        1.2201597099212893E-010
  -36.079504981138506        1.2239609408544465E-010
  -35.968148484283141        1.2628970518850310E-010
  -35.856791987427776        1.3413196382988023E-010
  -35.745435490572412        1.4317984625938442E-010
  -35.634078993717047        1.5021793700487097E-010
  -35.522722496861675        1.5289391178286267E-010
  -35.411366000006311        1.5213663568464494E-010
  -35.300009503150946        1.4982497600430282E-010
  -35.188653006295581        1.4806867053610199E-010
  -35.077296509440217        1.4760699533471370E-010
  -34.965940012584852        1.4858179372264981E-010
  -34.854583515729487        1.5169076957442862E-010
  -34.743227018874116        1.5623192414930818E-010
  -34.631870522018751        1.5965717963582957E-010
  -34.520514025163386        1.5950364624798853E-010
  -34.409157528308022        1.5703955945981243E-010
  -34.297801031452657        1.5532094018609293E-010
  -34.186444534597292        1.5625070783683167E-010
  -34.075088037741921        1.5875860753596936E-010
  -33.963731540886556        1.5880620130612521E-010
  -33.852375044031191        1.5574807159735521E-010
  -33.741018547175827        1.5357805970948429E-010
  -33.629662050320462        1.5539730311771592E-010
  -33.518305553465098        1.6011341009241714E-010
  -33.406949056609726        1.6429282544000935E-010
  -33.295592559754361        1.6457689433928159E-010
  -33.184236062898997        1.6193098929091412E-010
  -33.072879566043632        1.5967763808661378E-010
  -32.961523069188267        1.6032888889724282E-010
  -32.850166572332903        1.6211410590867407E-010
  -32.738810075477538        1.6193779888142114E-010
  -32.627453578622166        1.5931587180854354E-010
  -32.516097081766802        1.5459861420071564E-010
  -32.404740584911437        1.4819839644239601E-010
  -32.293384088056072        1.4027723261305869E-010
  -32.182027591200708        1.3022090682817699E-010
  -32.070671094345343        1.1948077305250664E-010
  -31.959314597489975        1.1194416753787286E-010
  -31.847958100634607        1.0816960740707972E-010
  -31.736601603779242        1.0420289410113290E-010
  -31.625245106923877        9.8624163339348258E-011
  -31.513888610068513        9.2433001355333816E-011
  -31.402532113213145        8.6203731626738231E-011
  -31.291175616357780        7.8383631478542687E-011
  -31.179819119502415        7.0073744484321124E-011
  -31.068462622647047        6.2894561120275349E-011
  -30.957106125791682        5.7021889126598505E-011
  -30.845749628936318        5.2321286548291705E-011
  -30.734393132080950        4.9573924932489274E-011
  -30.623036635225585        4.7391070785994263E-011
  -30.511680138370220        4.4482433639544778E-011
  -30.400323641514852        4.0344215632002167E-011
  -30.288967144659487        3.6344925216793395E-011
  -30.177610647804123        3.3301702529678020E-011
  -30.066254150948755        3.1472227093894869E-011
  -29.954897654093390        3.1189941176186843E-011
  -29.843541157238025        3.1974206579051030E-011
  -29.732184660382657        3.3367038608980209E-011
  -29.620828163527293        3.4434026031862676E-011
  -29.509471666671928        3.4020039435101002E-011
  -29.398115169816563        3.2741899829639600E-011
  -29.286758672961195        3.1571268740540554E-011
  -29.175402176105830        3.0906052734097237E-011
  -29.064045679250466        3.0255073902717247E-011
  -28.952689182395098        2.9986710522110488E-011
  -28.841332685539733        3.0181997484800872E-011
  -28.729976188684368        3.0201354161124181E-011
  -28.618619691829000        2.9639233949740297E-011
  -28.507263194973635        2.8434630755955712E-011
  -28.395906698118271        2.6783701441402972E-011
  -28.284550201262903        2.5475862716345856E-011
  -28.173193704407538        2.5313517954228781E-011
  -28.061837207552173        2.5147878935032594E-011
  -27.950480710696805        2.3138905539239408E-011
  -27.839124213841441        1.9690311644680433E-011
  -27.727767716986076        1.7329355665465729E-011
  -27.616411220130708        1.6746601319827202E-011
  -27.505054723275343        1.7240002718962933E-011
  -27.393698226419978        1.7424545092510432E-011
  -27.282341729564614        1.6740771846713501E-011
  -27.170985232709246        1.4899093914101144E-011
  -27.059628735853881        1.2858574903738643E-011
  -26.948272238998516        1.1277630379280815E-011
  -26.836915742143148        9.5813753609433522E-012
  -26.725559245287783        8.3018478948454485E-012
  -26.614202748432419        8.1718741310801002E-012
  -26.502846251577051        9.4040913808777356E-012
  -26.391489754721686        1.0128215597218620E-011
  -26.280133257866321        8.6177349973366670E-012
  -26.168776761010953        5.5527191005181912E-012
  -26.057420264155589        2.8587730126197575E-012
  -25.946063767300224        1.6891851682198673E-012
  -25.834707270444856        1.5161710627516578E-012
  -25.723350773589491        1.6168685858174760E-012
  -25.611994276734126        1.3789677238472736E-012
  -25.500637779878758        9.4616920188166539E-013
  -25.389281283023394        5.8634175879497828E-013
  -25.277924786168029        4.7232446193619321E-013
  -25.166568289312664        5.7091937463459357E-013
  -25.055211792457296        6.0078606799820173E-013
  -24.943855295601931        4.9098062718992114E-013
  -24.832498798746567        5.0038241883483258E-013
  -24.721142301891199        1.1805113324716219E-012
  -24.609785805035834        2.3487680081568833E-012
  -24.498429308180469        3.5795035424990570E-012
  -24.387072811325101        4.3484183870567726E-012
  -24.275716314469737        4.0730621264950526E-012
  -24.164359817614372        3.3149948220631705E-012
  -24.053003320759004        3.2916517757622880E-012
  -23.941646823903639        4.1621404190023465E-012
  -23.830290327048274        5.6974030731798098E-012
  -23.718933830192906        7.8065993605328428E-012
  -23.607577333337542        9.5953810095535892E-012
  -23.496220836482177        1.0050886874494177E-011
  -23.384864339626809        8.6991004686257767E-012
  -23.273507842771444        6.8778868686629521E-012
  -23.162151345916079        6.1229219320563319E-012
  -23.050794849060711        7.7732773067880067E-012
  -22.939438352205347        1.1313039379916626E-011
  -22.828081855349982        1.4833464777280944E-011
  -22.716725358494617        1.7291530870992825E-011
  -22.605368861639249        1.9279982057280538E-011
  -22.494012364783885        2.0479192505927520E-011
  -22.382655867928520        1.8970775530867426E-011
  -22.271299371073152        1.4820814927531145E-011
  -22.159942874217787        1.0542253480335552E-011
  -22.048586377362422        8.7672377167357258E-012
  -21.937229880507054        1.0181033501450031E-011
  -21.825873383651690        1.4232315862648034E-011
  -21.714516886796325        1.9813855292934873E-011
  -21.603160389940957        2.7006679488521875E-011
  -21.491803893085592        3.4453509884594040E-011
  -21.380447396230227        4.1969761872737962E-011
  -21.269090899374859        5.0352738398246949E-011
  -21.157734402519495        6.4196816039930056E-011
  -21.046377905664130        8.9765394556257902E-011
  -20.935021408808762        1.2883109872865853E-010
  -20.823664911953397        1.7447637441632679E-010
  -20.712308415098033        2.2795291108139049E-010
  -20.600951918242668        2.9772011453565423E-010
  -20.489595421387300        3.8293997594418372E-010
  -20.378238924531935        4.8274196891307983E-010
  -20.266882427676570        6.0652854806522426E-010
  -20.155525930821202        7.8030220540172387E-010
  -20.044169433965838        1.0245344098086125E-009
  -19.932812937110473        1.3455681600627208E-009
  -19.821456440255105        1.7241579965212317E-009
  -19.710099943399740        2.1563471116761170E-009
  -19.598743446544376        2.6888153352103589E-009
  -19.487386949689007        3.3913367764853548E-009
  -19.376030452833643        4.2966928963093080E-009
  -19.264673955978278        5.4394327336939976E-009
  -19.153317459122910        6.8842970191431458E-009
  -19.041960962267545        8.7236408377541417E-009
  -18.930604465412181        1.1023551249689218E-008
  -18.819247968556812        1.3836196193382173E-008
  -18.707891471701448        1.7282977295385584E-008
  -18.596534974846083        2.1659819216313473E-008
  -18.485178477990718        2.7297266680531874E-008
  -18.373821981135350        3.4454948593091050E-008
  -18.262465484279986        4.3387966640900353E-008
  -18.151108987424621        5.4571624326482000E-008
  -18.039752490569253        6.8550202347497669E-008
  -17.928395993713888        8.5857403749833063E-008
  -17.817039496858524        1.0716523654636638E-007
  -17.705683000003155        1.3337942330427442E-007
  -17.594326503147791        1.6592643613640364E-007
  -17.482970006292426        2.0672814457354990E-007
  -17.371613509437058        2.5768320245647409E-007
  -17.260257012581693        3.2097373109354344E-007
  -17.148900515726329        3.9911403592503410E-007
  -17.037544018870960        4.9523958914293572E-007
  -16.926187522015596        6.1289653088133524E-007
  -16.814831025160231        7.5628813972354468E-007
  -16.703474528304863        9.3066718663653924E-007
  -16.592118031449498        1.1427429305050861E-006
  -16.480761534594134        1.4013170329049552E-006
  -16.369405037738769        1.7157239942103684E-006
  -16.258048540883401        2.0951690131294766E-006
  -16.146692044028036        2.5513575574587780E-006
  -16.035335547172672        3.1006831229727896E-006
  -15.923979050317303        3.7611412178670706E-006
  -15.812622553461939        4.5509435507314787E-006
  -15.701266056606572        5.4884994600944054E-006
  -15.589909559751208        6.5964671724579952E-006
  -15.478553062895841        7.9038456935133249E-006
  -15.367196566040475        9.4463627927322918E-006
  -15.255840069185110        1.1261946453699645E-005
  -15.144483572329744        1.3388232247295000E-005
  -15.033127075474377        1.5864545257507876E-005
  -14.921770578619013        1.8731538906728986E-005
  -14.810414081763646        2.2037703721032553E-005
  -14.699057584908282        2.5832929736556213E-005
  -14.587701088052915        3.0165720190368645E-005
  -14.476344591197549        3.5084670079825948E-005
  -14.364988094342184        4.0650554050148512E-005
  -14.253631597486818        4.6921636354199133E-005
  -14.142275100631451        5.3942961264861404E-005
  -14.030918603776087        6.1737243924642727E-005
  -13.919562106920720        7.0311795760602525E-005
  -13.808205610065354        7.9659505027356215E-005
  -13.696849113209989        8.9781996626663466E-005
  -13.585492616354623        1.0067124548494018E-004
  -13.474136119499258        1.1229021283514610E-004
  -13.362779622643892        1.2455193633503675E-004
  -13.251423125788525        1.3732751140680210E-004
  -13.140066628933161        1.5044138327961198E-004
  -13.028710132077794        1.6368550816007037E-004
  -12.917353635222428        1.7683524196976776E-004
  -12.805997138367063        1.8963345445823131E-004
  -12.694640641511697        2.0178379812196465E-004
  -12.583284144656332        2.1296472989909343E-004
  -12.471927647800966        2.2281324713192347E-004
  -12.360571150945599        2.3093669923996603E-004
  -12.249214654090235        2.3694955982093036E-004
  -12.137858157234868        2.4049735786076939E-004
  -12.026501660379502        2.4126162098465695E-004
  -11.915145163524137        2.3898404107469118E-004
  -11.803788666668771        2.3350511727869829E-004
  -11.692432169813404        2.2478088040725947E-004
  -11.581075672958040        2.1287420546016420E-004
  -11.469719176102673        1.9799966229791830E-004
  -11.358362679247309        1.8053904577802437E-004
  -11.247006182391942        1.6102548197839654E-004
  -11.135649685536576        1.4017653116706516E-004
  -11.024293188681211        1.1888659203764207E-004
  -10.912936691825845        9.8180637180330293E-005
  -10.801580194970478        7.9141826339444808E-005
  -10.690223698115114        6.2880030800110408E-005
  -10.578867201259747        5.0452529827518126E-005
  -10.467510704404381        4.2809588341837810E-005
  -10.356154207549016        4.0714024814612113E-005
  -10.244797710693650        4.4650894674127942E-005
  -10.133441213838285        5.4745272825043256E-005
  -10.022084716982919        7.0708075659910955E-005
  -9.9107282201275524        9.1798888589108603E-005
  -9.7993717232721878        1.1680959958392292E-004
  -9.6880152264168213        1.4411858317798663E-004
  -9.5766587295614549        1.7178764567196407E-004
  -9.4653022327060903        1.9771915776537223E-004
  -9.3539457358507239        2.1977060481458255E-004
  -9.2425892389953592        2.3592458039698312E-004
  -9.1312327421399928        2.4451195242607365E-004
  -9.0198762452846264        2.4446897957318290E-004
  -8.9085197484292618        2.3562074997274279E-004
  -8.7971632515738953        2.1868950883437860E-004
  -8.6858067547185289        1.9529483379358164E-004
  -8.5744502578631643        1.6781084347841622E-004
  -8.4630937610077979        1.3928686502312739E-004
  -8.3517372641524315        1.1321985392492243E-004
  -8.2403807672970668        9.3174360548603722E-005
  -8.1290242704417004        8.2302256074488964E-005
  -8.0176677735863358        8.2853752809627733E-005
  -7.9063112767309693        9.5800474846148619E-005
  -7.7949547798756038        1.2054545342311881E-004
  -7.6835982830202374        1.5483049895162837E-004
  -7.5722417861648719        1.9486709073401323E-004
  -7.4608852893095063        2.3576362965011495E-004
  -7.3495287924541408        2.7214465059530207E-004
  -7.2381722955987744        2.9882595831008402E-004
  -7.1268157987434089        3.1171797278822816E-004
  -7.0154593018880433        3.0864489137722920E-004
  -6.9041028050326769        2.9003910293299938E-004
  -6.7927463081773114        2.5909510543109358E-004
  -6.6813898113219459        2.2152044448322053E-004
  -6.5700333144665803        1.8475950702568662E-004
  -6.4586768176112139        1.5682656897764299E-004
  -6.3473203207558484        1.4478694308126108E-004
  -6.2359638239004829        1.5335659121783960E-004
  -6.1246073270451173        1.8369979326698208E-004
  -6.0132508301897509        2.3286059307453993E-004
  -5.9018943333343854        2.9310262513948841E-004
  -5.7905378364790199        3.5224224302497087E-004
  -5.6791813396236543        3.9831791290068509E-004
  -5.5678248427682879        4.2646145534873116E-004
  -5.4564683459129224        4.3347474199559885E-004
  -5.3451118490575569        4.0888307509664870E-004
  -5.2337553522021905        3.5995422144118120E-004
  -5.1223988553468249        3.1614411542513232E-004
  -5.0110423584914594        2.7835945589804164E-004
  -4.8996858616360939        2.5515116802407806E-004
  -4.7883293647807275        2.8303852491084650E-004
  -4.6769728679253619        3.3388594238239989E-004
  -4.5656163710699964        4.1839754590417222E-004
  -4.4542598742146309        5.1356816337747718E-004
  -4.3429033773592645        5.9380002856410379E-004
  -4.2315468805038989        6.4644792029104972E-004
  -4.1201903836485334        6.6579195861592145E-004
  -4.0088338867931679        5.9255768731795110E-004
  -3.8974773899378019        5.9463784598781796E-004
  -3.7861208930824359        4.9405393348907981E-004
  -3.6747643962270704        4.7405580909929199E-004
  -3.5634078993717044        5.7288637071895650E-004
  -3.4520514025163385        5.9624499629333852E-004
  -3.3406949056609729        7.8169926531325017E-004
  -3.2293384088056070        1.0003640736885977E-003
  -3.1179819119502414        1.0222114824897952E-003
  -3.0066254150948755        1.0987538552828878E-003
  -2.8952689182395099        1.1728078328698255E-003
  -2.7839124213841440        1.0216670943065291E-003
  -2.6725559245287784        9.6921440208652264E-004
  -2.5611994276734125        1.1289450611980504E-003
  -2.4498429308180469        1.2064108815551845E-003
  -2.3384864339626810        1.4435615944708899E-003
  -2.2271299371073154        1.9455368205721273E-003
  -2.1157734402519495        2.1292429349388290E-003
  -2.0044169433965839        2.1625376719770894E-003
  -1.8930604465412180        2.4681343598244973E-003
  -1.7817039496858522        2.4396697821784320E-003
  -1.6703474528304865        2.4075463642608897E-003
  -1.5589909559751207        3.2379025256058206E-003
  -1.4476344591197550        3.9107507469625675E-003
  -1.3362779622643892        4.5281301233385486E-003
  -1.2249214654090235        6.1240869424716597E-003
  -1.1135649685536577        6.7198024349709989E-003
  -1.0022084716982920        7.0060092590646054E-003
 -0.89085197484292611        9.4777271159467557E-003
 -0.77949547798756036        1.1323698843508190E-002
 -0.66813898113219461        1.5182123714959365E-002
 -0.55678248427682886        2.3045023945644314E-002
 -0.44542598742146305        2.7396189500195553E-002
 -0.33406949056609730        3.8097820673048934E-002
 -0.22271299371073153        5.6741734815875820E-002
 -0.11135649685536576        7.7007228407019082E-002
   0.0000000000000000       0.12320007132594714     
  0.11135649685536576       0.17237364352540899     
  0.22271299371073153       0.24765056779067704     
  0.33406949056609730       0.33897689030304895     
  0.44542598742146305       0.41494077534595669     
  0.55678248427682886       0.48994590014542083     
  0.66813898113219461       0.42259182226001368     
  0.77949547798756036       0.38535627924557048     
  0.89085197484292611       0.33448876271003092     
   1.0022084716982920       0.48022806855460926     
   1.1135649685536577       0.63754836661273873     
   1.2249214654090235       0.62910993761853540     
   1.3362779622643892       0.55155978675821615     
   1.4476344591197550       0.58880081980946464     
   1.5589909559751207       0.79190154198626073     
   1.6703474528304865       0.69639219997107060     
   1.7817039496858522       0.66651879815468995     
   1.8930604465412180       0.82940998286064171     
   2.0044169433965839       0.82098600299428692     
   2.1157734402519495       0.91346792956285272     
   2.2271299371073154       0.63039367991857997     
   2.3384864339626810       0.81635583885106755     
   2.4498429308180469       0.89204703864467816     
   2.5611994276734125        1.1483379410852255     
   2.6725559245287784       0.97803245420940987     
   2.7839124213841440       0.90472808511320257     
   2.8952689182395099       0.64258281183884280     
   3.0066254150948755       0.40887637013821065     
   3.1179819119502414       0.32277317719542536     
   3.2293384088056070       0.17691065310552487     
   3.3406949056609729       0.10240617454990375     
   3.4520514025163385        8.6100554880823701E-002
   3.5634078993717044        4.5543250248300200E-002
   3.6747643962270704        2.4768122877431221E-002
   3.7861208930824359        2.6459647715743485E-002
   3.8974773899378019        1.5444775566343038E-002
   4.0088338867931679        5.5229142478373950E-003
   4.1201903836485334        9.0119474566940656E-003
   4.2315468805038989        8.7178498739958355E-003
   4.3429033773592645        2.3327541400994687E-003
   4.4542598742146309        1.7352577925975926E-003
   4.5656163710699964        4.0443652304091183E-003
   4.6769728679253619        2.2223048247154960E-003
   4.7883293647807275        3.0067804470151492E-004
   4.8996858616360939        1.4016798239257879E-003
   5.0110423584914594        1.6642940162649549E-003
   5.1223988553468249        2.7236424072194740E-004
   5.2337553522021905        2.9167397934610069E-004
   5.3451118490575569        1.2997605158004825E-003
   5.4564683459129224        9.6943450340161589E-004
   5.5678248427682879        1.0848012878328630E-004
   5.6791813396236543        3.4038899491403051E-004
   5.7905378364790199        8.2146374497867253E-004
   5.9018943333343854        4.8513238787091891E-004
   6.0132508301897509        5.7715806085406465E-005
   6.1246073270451173        2.0201826678973610E-004
   6.2359638239004829        3.5307513872991536E-004
   6.3473203207558484        1.5296968204508646E-004
   6.4586768176112139        6.1423708336345265E-005
   6.5700333144665803        2.5487359223076299E-004
   6.6813898113219459        3.4143430847655306E-004
   6.7927463081773114        2.1820047820507332E-004
   6.9041028050326769        2.0011033243124942E-004
   7.0154593018880433        3.4942142772291556E-004
   7.1268157987434089        4.0026199995375707E-004
   7.2381722955987744        2.8716207348413928E-004
   7.3495287924541408        2.0894882479663055E-004
   7.4608852893095063        2.3744256559298172E-004
   7.5722417861648719        2.3967817537852174E-004
   7.6835982830202374        1.5988009171436556E-004
   7.7949547798756038        9.3930684995110916E-005
   7.9063112767309693        9.3626163114485299E-005
   8.0176677735863358        1.0122746443908537E-004
   8.1290242704417004        8.1822842112734461E-005
   8.2403807672970668        7.7696523321988875E-005
   8.3517372641524315        1.1398760896248743E-004
   8.4630937610077979        1.5377556156512547E-004
   8.5744502578631643        1.6854446792993321E-004
   8.6858067547185289        1.8070232292306744E-004
   8.7971632515738953        2.1246421419418771E-004
   8.9085197484292618        2.4505925857402618E-004
   9.0198762452846264        2.5149394265646465E-004
   9.1312327421399928        2.3792107491675318E-004
   9.2425892389953592        2.2667553051498309E-004
   9.3539457358507239        2.2014478876683445E-004
   9.4653022327060903        2.0349139127681898E-004
   9.5766587295614549        1.7253182297898885E-004
   9.6880152264168213        1.3949844720983080E-004
   9.7993717232721878        1.1403596827796104E-004
   9.9107282201275524        9.3263757370854310E-005
   10.022084716982919        7.2188183340851352E-005
   10.133441213838285        5.3547246850960172E-005
   10.244797710693650        4.2999864139752226E-005
   10.356154207549016        4.0879252265444759E-005
   10.467510704404381        4.3555373887435713E-005
   10.578867201259747        4.9799299562135597E-005
   10.690223698115114        6.1447199094568519E-005
   10.801580194970478        7.8779879701157635E-005
   10.912936691825845        9.8870857317694735E-005
   11.024293188681211        1.1892911434025702E-004
   11.135649685536576        1.3889156267008181E-004
   11.247006182391942        1.5964935222337255E-004
   11.358362679247309        1.8026602665828853E-004
   11.469719176102673        1.9834504277829013E-004
   11.581075672958040        2.1254978031662504E-004
   11.692432169813404        2.2352600009404780E-004
   11.803788666668771        2.3226488558374358E-004
   11.915145163524137        2.3850140113526103E-004
   12.026501660379502        2.4120935875466900E-004
   12.137858157234868        2.4008881241365345E-004
   12.249214654090235        2.3599729722613652E-004
   12.360571150945599        2.2995973872782480E-004
   12.471927647800966        2.2227671976653336E-004
   12.583284144656332        2.1275247380800517E-004
   12.694640641511697        2.0147096851972669E-004
   12.805997138367063        1.8905555752215649E-004
   12.917353635222428        1.7621520322908679E-004
   13.028710132077794        1.6328810360779916E-004
   13.140066628933161        1.5025486375289061E-004
   13.251423125788525        1.3715855339255272E-004
   13.362779622643892        1.2428298605355755E-004
   13.474136119499258        1.1198253441992648E-004
   13.585492616354623        1.0044831708423021E-004
   13.696849113209989        8.9674841769656741E-005
   13.808205610065354        7.9596854983105190E-005
   13.919562106920720        7.0218474151345937E-005
   14.030918603776087        6.1615376538933197E-005
   14.142275100631451        5.3841201446841374E-005
   14.253631597486818        4.6868744958194151E-005
   14.364988094342184        4.0628276668940834E-005
   14.476344591197549        3.5059590510791311E-005
   14.587701088052915        3.0123857465925303E-005
   14.699057584908282        2.5790031700545399E-005
   14.810414081763646        2.2009130297591719E-005
   14.921770578619013        1.8717408289641575E-005
   15.033127075474377        1.5852958609793917E-005
   15.144483572329744        1.3371687428390129E-005
   15.255840069185110        1.1241449134596870E-005
   15.367196566040475        9.4275704734135690E-006
   15.478553062895841        7.8910510212414355E-006
   15.589909559751208        6.5874876359130754E-006
   15.701266056606572        5.4791074462156164E-006
   15.812622553461939        4.5394088420802096E-006
   15.923979050317303        3.7497783398125256E-006
   16.035335547172672        3.0916204056817607E-006
   16.146692044028036        2.5442682418945060E-006
   16.258048540883401        2.0890620712270766E-006
   16.369405037738769        1.7100121760352426E-006
   16.480761534594134        1.3958901239728001E-006
   16.592118031449498        1.1377034405856609E-006
   16.703474528304863        9.2666392736321913E-007
   16.814831025160231        7.5357318117139425E-007
   16.926187522015596        6.1066773022075105E-007
   17.037544018870960        4.9308693244884394E-007
   17.148900515726329        3.9724010722874325E-007
   17.260257012581693        3.1958238258337046E-007
   17.371613509437058        2.5681766229683093E-007
   17.482970006292426        2.0614667782947771E-007
   17.594326503147791        1.6553211117178160E-007
   17.705683000003155        1.3305635971664681E-007
   17.817039496858524        1.0696756774602259E-007
   17.928395993713888        8.5770786267977771E-008
   18.039752490569253        6.8611733740955957E-008
   18.151108987424621        5.4708601327943939E-008
   18.262465484279986        4.3520583475071285E-008
   18.373821981135350        3.4583377279154588E-008
   18.485178477990718        2.7462878627819841E-008
   18.596534974846083        2.1830405801539116E-008
   18.707891471701448        1.7443008632219117E-008
   18.819247968556812        1.3984002281555582E-008
   18.930604465412181        1.1170995813956587E-008
   19.041960962267545        8.8562564682388444E-009
   19.153317459122910        6.9841529972966073E-009
   19.264673955978278        5.5172950896132540E-009
   19.376030452833643        4.3666369995293156E-009
   19.487386949689007        3.4561436888305421E-009
   19.598743446544376        2.7361221384282190E-009
   19.710099943399740        2.1860524099000113E-009
   19.821456440255105        1.7427867076136770E-009
   19.932812937110473        1.3576425895796316E-009
   20.044169433965838        1.0279118959893445E-009
   20.155525930821202        7.7491312817634101E-010
   20.266882427676570        5.9864104431955152E-010
   20.378238924531935        4.7192757425816074E-010
   20.489595421387300        3.6952992377472191E-010
   20.600951918242668        2.8207675619856562E-010
   20.712308415098033        2.1242391038081312E-010
   20.823664911953397        1.5712809808421966E-010
   20.935021408808762        1.1203240204846785E-010
   21.046377905664130        7.6025085405799035E-011
   21.157734402519495        5.1809831338790353E-011
   21.269090899374859        3.9044930157159584E-011
   21.380447396230227        3.2093542970741322E-011
   21.491803893085592        2.6134186653347651E-011
   21.603160389940957        1.9077825475400510E-011
   21.714516886796325        1.3265708059329914E-011
   21.825873383651690        9.4849289819632164E-012
   21.937229880507054        7.1877239516507199E-012
   22.048586377362422        7.2526169297881003E-012
   22.159942874217787        1.0430070538696944E-011
   22.271299371073152        1.5557951561846542E-011
   22.382655867928520        2.0280236986059752E-011
   22.494012364783885        2.3066453532360571E-011
   22.605368861639249        2.3753304673090173E-011
   22.716725358494617        2.2887198652515322E-011
   22.828081855349982        2.1840187700954952E-011
   22.939438352205347        1.9924804545973379E-011
   23.050794849060711        1.7586809137482604E-011
   23.162151345916079        1.6865573185805667E-011
   23.273507842771444        2.0050160913240764E-011
   23.384864339626809        2.6038333712259572E-011
   23.496220836482177        3.1572252399161422E-011
   23.607577333337542        3.3384559968413889E-011
   23.718933830192906        3.2173189404037976E-011
   23.830290327048274        3.0065156328357178E-011
   23.941646823903639        2.8524247596750203E-011
   24.053003320759004        2.8481022778556258E-011
   24.164359817614372        3.0806236647020429E-011
   24.275716314469737        3.3922852907861059E-011
   24.387072811325101        3.5103220194583089E-011
   24.498429308180469        3.2846704415496588E-011
   24.609785805035834        2.8036157016867675E-011
   24.721142301891199        2.3368456333084520E-011
   24.832498798746567        2.1551074410180757E-011
   24.943855295601931        2.1891749021175642E-011
   25.055211792457296        2.1401195043657003E-011
   25.166568289312664        1.8845519850886474E-011
   25.277924786168029        1.5381476119563886E-011
   25.389281283023394        1.1531188229976288E-011
   25.500637779878758        8.1465170342681135E-012
   25.611994276734126        5.8044606687290922E-012
   25.723350773589491        4.4759625543726465E-012
   25.834707270444856        3.7138580848873304E-012
   25.946063767300224        3.0479888704264614E-012
   26.057420264155589        1.8353405009532029E-012
   26.168776761010953        5.8414379354579155E-013
   26.280133257866321        1.6549256621314071E-013
   26.391489754721686        2.8693404858030198E-013
   26.502846251577051        2.4880871115986239E-013
   26.614202748432419        8.3005107027340905E-014
   26.725559245287783        1.6522432047618106E-013
   26.836915742143148        6.9008001763053124E-013
   26.948272238998516        1.3322857811352915E-012
   27.059628735853881        1.7221262323476714E-012
   27.170985232709246        2.0803214357925483E-012
   27.282341729564614        2.3723273856263115E-012
   27.393698226419978        2.1455928550915253E-012
   27.505054723275343        1.5688696887786352E-012
   27.616411220130708        1.4806882115803177E-012
   27.727767716986076        1.9423214212539084E-012
   27.839124213841441        2.3261760543013685E-012
   27.950480710696805        2.2297807042987928E-012
   28.061837207552173        1.6853599697746148E-012
   28.173193704407538        1.0621480278655125E-012
   28.284550201262903        6.9434695272986083E-013
   28.395906698118271        5.8291538219093497E-013
   28.507263194973635        6.7634702931923852E-013
   28.618619691829000        8.9253257744956099E-013
   28.729976188684368        1.1927889542567526E-012
   28.841332685539733        1.4755265421822953E-012
   28.952689182395098        1.8749731027769546E-012
   29.064045679250466        2.4827055544696909E-012
   29.175402176105830        3.2404378743550837E-012
   29.286758672961195        3.9891577936625702E-012
   29.398115169816563        5.1384036303427972E-012
   29.509471666671928        6.4793314972640130E-012
   29.620828163527293        7.4876480450380917E-012
   29.732184660382657        7.9368248136552135E-012
   29.843541157238025        7.6665265001893913E-012
   29.954897654093390        7.0437373407210915E-012
   30.066254150948755        6.6101688279252516E-012
   30.177610647804123        6.9783268534499829E-012
   30.288967144659487        7.8036888233769900E-012
   30.400323641514852        8.6045010247442099E-012
   30.511680138370220        9.3739585317204860E-012
   30.623036635225585        9.7082451287010423E-012
   30.734393132080950        9.4892010072273744E-012
   30.845749628936318        9.0347935029119065E-012
   30.957106125791682        9.2880388897181820E-012
   31.068462622647047        1.0289361175797156E-011
   31.179819119502415        1.1928600178115703E-011
   31.291175616357780        1.4022447024611237E-011
   31.402532113213145        1.6264971159080284E-011
   31.513888610068513        1.8744366909171955E-011
   31.625245106923877        2.1250044175392964E-011
   31.736601603779242        2.3253842215752726E-011
   31.847958100634607        2.4826786414572198E-011
   31.959314597489975        2.6580463094379585E-011
   32.070671094345343        2.9513501100827366E-011
   32.182027591200708        3.3732947287806377E-011
   32.293384088056072        3.9799359830398635E-011
   32.404740584911437        4.6498453410120141E-011
   32.516097081766802        5.1765799394731465E-011
   32.627453578622166        5.6009197323717272E-011
   32.738810075477538        6.0450517768570850E-011
   32.850166572332903        6.3539631020037437E-011
   32.961523069188267        6.4565730402447466E-011
   33.072879566043632        6.5801522430943103E-011
   33.184236062898997        6.9034867195638404E-011
   33.295592559754361        7.3078533121266650E-011
   33.406949056609726        7.5353935784682755E-011
   33.518305553465098        7.5226473965199699E-011
   33.629662050320462        7.3289591822781927E-011
   33.741018547175827        7.2881236343888941E-011
   33.852375044031191        7.5133949568204258E-011
   33.963731540886556        7.8757478886504377E-011
   34.075088037741921        8.0528050452651614E-011
   34.186444534597292        8.0370312839850255E-011
   34.297801031452657        8.0728386091356917E-011
   34.409157528308022        8.3133978970730632E-011
   34.520514025163386        8.7278724128273361E-011
   34.631870522018751        9.0537801014265772E-011
   34.743227018874116        9.1769014595267057E-011
   34.854583515729487        9.1699922921486735E-011
   34.965940012584852        9.3002985776015213E-011
   35.077296509440217        9.7054874256213133E-011
   35.188653006295581        1.0322786353447748E-010
   35.300009503150946        1.1150052601508569E-010
   35.411366000006311        1.2176047424624048E-010
   35.522722496861675        1.3300543329281199E-010
   35.634078993717047        1.4309979591118739E-010
   35.745435490572412        1.4986423918967033E-010
   35.856791987427776        1.5375535927508549E-010
   35.968148484283141        1.5729909601080547E-010
   36.079504981138506        1.6472792648173214E-010
   36.190861477993870        1.7758095105294306E-010
   36.302217974849242        1.9375802694468089E-010
   36.413574471704607        2.1009015820447811E-010
   36.524930968559971        2.2349942594776649E-010
   36.636287465415336        2.3151187310627691E-010
   36.747643962270701        2.3441889358836075E-010
   36.859000459126065        2.3422660064340210E-010
   36.970356955981437        2.3332199856254770E-010
   37.081713452836802        2.3518903256632823E-010
   37.193069949692166        2.4085326314443828E-010
   37.304426446547531        2.5103437562133740E-010
   37.415782943402895        2.6329457712618958E-010
   37.527139440258260        2.7419815230476184E-010
   37.638495937113625        2.8087191638250153E-010
   37.749852433968996        2.8221666020591896E-010
   37.861208930824361        2.8001408098573741E-010
   37.972565427679726        2.7976531810310817E-010
   38.083921924535090        2.8484882924253454E-010
   38.195278421390455        2.9269473676421153E-010
   38.306634918245820        2.9817230397874337E-010
   38.417991415101191        2.9842755281394304E-010
   38.529347911956556        2.9614424833498085E-010
   38.640704408811921        2.9346676293006715E-010
   38.752060905667285        2.9160950728330687E-010
   38.863417402522650        2.9022992306599953E-010
   38.974773899378015        2.8865519571598041E-010
   39.086130396233386        2.8782610032127563E-010
   39.197486893088751        2.8985381635251901E-010
   39.308843389944116        2.9416418102148633E-010
   39.420199886799480        2.9685516719095744E-010
   39.531556383654845        2.9545982469256181E-010
   39.642912880510210        2.9245235490965275E-010
   39.754269377365574        2.9132755848058590E-010
   39.865625874220946        2.9126839553395905E-010
   39.976982371076311        2.8988807930865795E-010
   40.088338867931675        2.8493196334114210E-010
   40.199695364787040        2.7708782289842968E-010
   40.311051861642405        2.7038247341067793E-010
   40.422408358497769        2.6717523619919659E-010
   40.533764855353141        2.6574342359805657E-010
   40.645121352208506        2.6178651158779133E-010
   40.756477849063870        2.5473494366948160E-010
   40.867834345919235        2.4606922114546493E-010
   40.979190842774599        2.3619032841174282E-010
   41.090547339629964        2.2585694881920957E-010
   41.201903836485336        2.1637205779348163E-010
   41.313260333340700        2.0799841441654343E-010
   41.424616830196065        2.0020079216540529E-010
   41.535973327051430        1.9235382165563828E-010
   41.647329823906794        1.8299637141043603E-010
   41.758686320762159        1.7211655826012970E-010
   41.870042817617524        1.6160114520850716E-010
   41.981399314472895        1.5376919361445806E-010
   42.092755811328260        1.4879330465492033E-010
   42.204112308183625        1.4511123761662258E-010
   42.315468805038989        1.4172810411941779E-010
   42.426825301894354        1.3870905289639118E-010
   42.538181798749719        1.3546341133528551E-010
   42.649538295605090        1.3104633171926780E-010
   42.760894792460455        1.2591647537818003E-010
   42.872251289315820        1.2182965441928718E-010
   42.983607786171184        1.2075855821168181E-010
   43.094964283026549        1.2296712338582784E-010
   43.206320779881914        1.2712529999979412E-010
   43.317677276737285        1.3090244654017250E-010
   43.429033773592650        1.3255640814899503E-010
   43.540390270448015        1.3174120704522037E-010
   43.651746767303379        1.2938210701638862E-010
   43.763103264158744        1.2780046198237137E-010
   43.874459761014108        1.2771423947546689E-010
   43.985816257869473        1.2837077060130321E-010
   44.097172754724845        1.2884192574821072E-010
   44.208529251580210        1.2869269034707321E-010
   44.319885748435574        1.2715215386183484E-010
   44.431242245290939        1.2441583727480627E-010
   44.542598742146303        1.2134388854606322E-010
   44.653955239001668        1.1801130182316153E-010
   44.765311735857040        1.1360472057007786E-010
   44.876668232712404        1.0776390114432088E-010
   44.988024729567769        1.0064130942217586E-010
   45.099381226423134        9.3057617799423417E-011
   45.210737723278498        8.6495607207235203E-011
   45.322094220133863        8.0360924724541791E-011
   45.433450716989235        7.3928382047205227E-011
   45.544807213844599        6.7605675903079349E-011
   45.656163710699964        6.2603672948698391E-011
   45.767520207555329        5.8683426380976201E-011
   45.878876704410693        5.5281292141177996E-011
   45.990233201266058        5.1890854683067413E-011
   46.101589698121423        4.9254529283540248E-011
   46.212946194976794        4.7972393829873301E-011
   46.324302691832159        4.8607977023835787E-011
   46.435659188687524        5.0795181920092930E-011
   46.547015685542888        5.3106745924684572E-011
   46.658372182398253        5.4282853446629423E-011
   46.769728679253618        5.4898769660925762E-011
   46.881085176108989        5.5815910725984401E-011
   46.992441672964354        5.7264848959993202E-011
   47.103798169819719        5.9335338605071163E-011
   47.215154666675083        6.1936638835061918E-011
   47.326511163530448        6.4948854498730149E-011
   47.437867660385812        6.7610210905103461E-011
   47.549224157241184        6.9263903310912260E-011
   47.660580654096549        6.9020519974690924E-011
   47.771937150951914        6.7228202233799892E-011
   47.883293647807278        6.4615628791529686E-011
   47.994650144662643        6.1256369095451506E-011
   48.106006641518007        5.7164110843875593E-011
   48.217363138373379        5.2340280180417207E-011
   48.328719635228744        4.7125223744563860E-011
   48.440076132084108        4.1634704486363592E-011
   48.551432628939473        3.6477326125968512E-011
   48.662789125794838        3.1522410799234955E-011
   48.774145622650202        2.6390947970328724E-011
   48.885502119505567        2.1158946425615008E-011
   48.996858616360939        1.6284368246278402E-011
   49.108215113216303        1.1869134600242714E-011
   49.219571610071668        8.2357765622655475E-012
   49.330928106927033        5.6502582911135155E-012
   49.442284603782397        4.0846087775288430E-012
   49.553641100637762        3.1807206015449518E-012
   49.664997597493134        2.6868858456644068E-012
   49.776354094348498        2.4807392493848282E-012
   49.887710591203863        2.4813117958397750E-012
   49.999067088059228        2.6863197446657579E-012
   50.110423584914592        3.0050253992089475E-012
   50.221780081769957        3.3307959748282199E-012
   50.333136578625329        3.5843809090309905E-012
   50.444493075480693        3.7607984130267551E-012
   50.555849572336058        3.8802767066247637E-012
   50.667206069191423        3.9064457306782776E-012
   50.778562566046787        3.7874401489005432E-012
   50.889919062902152        3.3991296101792330E-012
   51.001275559757516        2.7625676169736866E-012
   51.112632056612888        2.1714165156487766E-012
   51.223988553468253        1.7999979395136083E-012
   51.335345050323617        1.5892379857380086E-012
   51.446701547178982        1.3409414019569554E-012
   51.558058044034347        1.0017477623425875E-012
   51.669414540889711        6.6444421841928139E-013
   51.780771037745083        5.5042305540890417E-013
   51.892127534600448        8.2241921305461167E-013
   52.003484031455812        1.3768162571801539E-012
   52.114840528311177        2.0350069727216587E-012
   52.226197025166542        2.7843057490105836E-012
   52.337553522021906        3.7918383043045941E-012
   52.448910018877278        5.1864196363712994E-012
   52.560266515732643        6.8587213533579644E-012
   52.671623012588007        8.3667152685223929E-012
   52.782979509443372        9.5686233261043394E-012
   52.894336006298737        1.0811352554894082E-011
   53.005692503154101        1.2280275654967815E-011
   53.117049000009466        1.3848777466667542E-011
   53.228405496864838        1.5236964132279256E-011
   53.339761993720202        1.6337432268044022E-011
   53.451118490575567        1.7467728156770697E-011
   53.562474987430932        1.9138104766187673E-011
   53.673831484286296        2.1406117601155663E-011
   53.785187981141661        2.3479678028452969E-011
   53.896544477997033        2.4588027770050738E-011
   54.007900974852397        2.5058249663820890E-011
   54.119257471707762        2.6109136613647650E-011
   54.230613968563127        2.9240439792920467E-011
   54.341970465418491        3.3748057615481761E-011
   54.453326962273856        3.6560589887478058E-011
   54.564683459129228        3.5959697974907132E-011
   54.676039955984592        3.3477662611682115E-011
   54.787396452839957        3.3396384674532698E-011
   54.898752949695321        3.8807717933133453E-011
   55.010109446550686        4.7126485798929503E-011
   55.121465943406051        5.0565933456138025E-011
   55.232822440261415        4.4494136228826110E-011
   55.344178937116787        3.4920507377905188E-011
   55.455535433972152        3.3419181351140572E-011
   55.566891930827516        4.4949746422358679E-011
   55.678248427682881        6.1132950061699541E-011
   55.789604924538246        6.4787552155011797E-011
   55.900961421393610        4.5985946555133543E-011
   56.012317918248982        2.2687697717451692E-011
   56.123674415104347        1.5255345095335445E-010
   56.235030911959711        5.7988263653284517E-011
   56.346387408815076        5.2428408136454407E-011
   56.457743905670441        1.1616130994723780E-010
   56.569100402525805        7.9131560949978248E-011
   56.680456899381177        5.9403323533155744E-011
   56.791813396236542        3.6150976822702055E-009
   56.903169893091906        6.1715880944677821E-009
