  0.100000001       3.24848808E-16
  0.129158512       1.58903879E-15
  0.158317029       2.96985337E-15
  0.187475532       4.82577709E-15
  0.216634050       7.28660601E-15
  0.245792568       1.04366834E-14
  0.274951071       1.53167867E-14
  0.304109573       1.48551927E-14
  0.333268106       8.71218381E-14
  0.362426609       2.60539149E-13
  0.391585112       1.21312665E-11
  0.420743644       1.67763123E-10
  0.449902147       2.27099517E-09
  0.479060650       2.29176020E-08
  0.508219182       1.93250500E-07
  0.537377656       1.33592914E-06
  0.566536188       7.81891322E-06
  0.595694721       3.88919325E-05
  0.624853194       1.66711790E-04
  0.654011726       6.22880703E-04
  0.683170259       2.05120398E-03
  0.712328732       5.99493645E-03
  0.741487265       1.56091629E-02
  0.770645797       3.65463234E-02
  0.799804270       7.75949955E-02
  0.828962803      0.150137424    
  0.858121336      0.265498608    
  0.887279809      0.431497633    
  0.916438341      0.647658169    
  0.945596874      0.901300967    
  0.974755347       1.16552877    
   1.00391388       1.41043603    
   1.03307235       1.60317922    
   1.06223094       1.71523392    
   1.09138942       1.72630835    
   1.12054789       1.64163041    
   1.14970648       1.48017406    
   1.17886496       1.26541948    
   1.20802343       1.02948880    
   1.23718202      0.800323546    
   1.26634049      0.594081223    
   1.29549897      0.421783924    
   1.32465756      0.287510753    
   1.35381603      0.188348994    
   1.38297451      0.118699104    
   1.41213310       7.20945746E-02
   1.44129157       4.22591008E-02
   1.47045004       2.39292067E-02
   1.49960864       1.31197441E-02
   1.52876711       6.97691040E-03
   1.55792558       3.59759084E-03
   1.58708417       1.80158764E-03
   1.61624265       8.76949693E-04
   1.64540112       4.15085960E-04
   1.67455971       1.91352476E-04
   1.70371819       8.60500513E-05
   1.73287666       3.77768738E-05
   1.76203525       1.62006963E-05
   1.79119372       6.79130835E-06
   1.82035220       2.78334460E-06
   1.84951079       1.11775216E-06
   1.87866926       4.39348895E-07
   1.90782773       1.69557666E-07
   1.93698633       6.40683595E-08
   1.96614480       2.38406130E-08
   1.99530327       8.67413963E-09
   2.02446175       3.12487791E-09
   2.05362034       1.09468601E-09
   2.08277893       3.84281662E-10
   2.11193728       1.29024014E-10
   2.14109588       4.47367213E-11
   2.17025447       1.41535039E-11
   2.19941282       5.01393458E-12
   2.22857141       1.41664772E-12
   2.25773001       5.62862365E-13
   2.28688836       1.20138803E-13
   2.31604695       6.97870649E-14
   2.34520555       6.23073455E-15
   2.37436390       1.16747593E-14
   2.40352249       5.81690695E-18
   2.43268108       3.32944448E-15
   2.46183944       6.35357614E-16
   2.49099803       1.64733498E-15
   2.52015662       9.11717359E-16
   2.54931498       1.14270727E-15
   2.57847357       9.01067085E-16
   2.60763216       9.16989928E-16
   2.63679051       8.11791030E-16
   2.66594911       7.77071414E-16
   2.69510770       7.14106849E-16
   2.72426605       6.72373218E-16
   2.75342464       6.25962748E-16
   2.78258324       5.87290929E-16
   2.81174159       5.49745876E-16
   2.84090018       5.16162079E-16
   2.87005877       4.84619048E-16
   2.89921713       4.55636175E-16
   2.92837572       4.28916573E-16
   2.95753431       4.03954407E-16
   2.98669267       3.80971385E-16
   3.01585126       3.59473795E-16
   3.04500985       3.39638930E-16
   3.07416821       3.21060480E-16
   3.10332680       3.03852397E-16
   3.13248539       2.87560195E-16
   3.16164374       2.72737330E-16
   3.19080234       2.58542143E-16
   3.21996069       2.45447834E-16
   3.24911928       2.33116887E-16
   3.27827787       2.21587088E-16
   3.30743623       2.10759360E-16
   3.33659482       2.00598644E-16
   3.36575341       1.91052940E-16
   3.39491177       1.82071466E-16
   3.42407036       1.73624483E-16
   3.45322895       1.65696003E-16
   3.48238730       1.58176428E-16
   3.51154590       1.51123595E-16
   3.54070449       1.44433160E-16
   3.56986284       1.38162601E-16
   3.59902143       1.32165634E-16
   3.62818003       1.26559123E-16
   3.65733838       1.21232543E-16
   3.68649697       1.16167326E-16
   3.71565557       1.11411223E-16
   3.74481392       1.06858434E-16
   3.77397251       1.02564645E-16
   3.80313110       9.84842825E-17
   3.83228946       9.46007622E-17
   3.86144805       9.09395152E-17
   3.89060664       8.74062232E-17
   3.91976500       8.41064210E-17
   3.94892359       8.09142186E-17
   3.97808218       7.79041282E-17
   4.00724077       7.50245801E-17
   4.03639936       7.22838263E-17
   4.06555748       6.96745480E-17
   4.09471607       6.71808102E-17
   4.12387466       6.47846929E-17
   4.15303326       6.25312677E-17
   4.18219185       6.03467895E-17
   4.21135044       5.82758932E-17
   4.24050856       5.62912156E-17
   4.26966715       5.43851897E-17
   4.29882574       5.25725392E-17
   4.32798433       5.08300964E-17
   4.35714293       4.91666296E-17
   4.38630152       4.75674016E-17
   4.41545963       4.60341860E-17
   4.44461823       4.45746357E-17
   4.47377682       4.31531490E-17
   4.50293541       4.18106183E-17
   4.53209400       4.05154851E-17
   4.56125259       3.92624586E-17
   4.59041071       3.80702929E-17
   4.61956930       3.69215971E-17
   4.64872789       3.58153290E-17
   4.67788649       3.47502413E-17
   4.70704508       3.37347249E-17
   4.73620367       3.27406060E-17
   4.76536179       3.17998767E-17
   4.79452038       3.08895876E-17
   4.82367897       3.00059933E-17
   4.85283756       2.91666200E-17
   4.88199615       2.83473406E-17
   4.91115475       2.75591566E-17
   4.94031286       2.68062006E-17
   4.96947145       2.60746784E-17
   4.99863005       2.53674638E-17
   5.02778864       2.46919402E-17
   5.05694723       2.40266487E-17
   5.08610582       2.33980361E-17
   5.11526394       2.27835700E-17
   5.14442253       2.21943064E-17
   5.17358112       2.16165819E-17
   5.20273972       2.10724708E-17
   5.23189831       2.05296269E-17
   5.26105690       2.00204509E-17
   5.29021502       1.95147127E-17
   5.31937361       1.90342713E-17
   5.34853220       1.85645584E-17
   5.37769079       1.81124860E-17
   5.40684938       1.76733110E-17
   5.43600750       1.72487837E-17
   5.46516609       1.68371207E-17
   5.49432468       1.64389557E-17
   5.52348328       1.60523331E-17
   5.55264187       1.56780670E-17
   5.58180046       1.53149959E-17
   5.61095858       1.49633664E-17
   5.64011717       1.46217756E-17
   5.66927576       1.42908206E-17
   5.69843435       1.39696197E-17
   5.72759295       1.36577536E-17
   5.75675154       1.33551428E-17
   5.78590965       1.30615657E-17
   5.81506824       1.27761735E-17
   5.84422684       1.24992127E-17
   5.87338543       1.22300035E-17
   5.90254402       1.19688692E-17
   5.93170261       1.17143945E-17
   5.96086073       1.14680031E-17
   5.99001932       1.12275979E-17
   6.01917791       1.09946225E-17
   6.04833651       1.07674042E-17
   6.07749510       1.05469705E-17
   6.10665369       1.03321947E-17
   6.13581181       1.01234053E-17
   6.16497040       9.92010660E-18
   6.19412899       9.72254361E-18
   6.22328758       9.52970547E-18
   6.25244617       9.34263527E-18
   6.28160477       9.15989122E-18
   6.31076288       8.98229885E-18
   6.33992147       8.80913521E-18
   6.36908007       8.64060626E-18
   6.39823866       8.47623554E-18
   6.42739725       8.31639861E-18
   6.45655584       8.16007140E-18
   6.48571396       8.00832759E-18
   6.51487255       7.85986853E-18
   6.54403114       7.71540970E-18
   6.57318974       7.57443414E-18
   6.60234833       7.43697327E-18
   6.63150692       7.30293609E-18
   6.66066504       7.17207198E-18
   6.68982363       7.04462413E-18
   6.71898222       6.91987868E-18
   6.74814081       6.79846345E-18
   6.77729940       6.67989952E-18
   6.80645800       6.56398587E-18
   6.83561611       6.45093220E-18
   6.86477470       6.34063304E-18
   6.89393330       6.23272733E-18
   6.92309189       6.12746074E-18
   6.95225048       6.02458594E-18
   6.98140907       5.92410335E-18
   7.01056719       5.82592859E-18
   7.03972578       5.72998970E-18
   7.06888437       5.63624988E-18
   7.09804296       5.54459247E-18
   7.12720156       5.45507871E-18
   7.15636015       5.36744141E-18
   7.18551826       5.28184765E-18
   7.21467686       5.19807907E-18
   7.24383545       5.11618364E-18
   7.27299404       5.03618618E-18
   7.30215263       4.95779303E-18
   7.33131123       4.88107203E-18
   7.36046934       4.80624113E-18
   7.38962793       4.73272008E-18
   7.41878653       4.66104240E-18
   7.44794512       4.59069648E-18
   7.47710371       4.52195529E-18
   7.50626230       4.45460500E-18
   7.53542042       4.38869401E-18
   7.56457901       4.32415696E-18
   7.59373760       4.26094920E-18
   7.62289619       4.19907195E-18
   7.65205479       4.13845698E-18
   7.68121338       4.07907575E-18
   7.71037149       4.02093364E-18
   7.73953009       3.96393635E-18
   7.76868868       3.90813640E-18
   7.79784727       3.85341964E-18
   7.82700586       3.79982868E-18
   7.85616446       3.74728865E-18
   7.88532257       3.69580162E-18
   7.91448116       3.64532995E-18
   7.94363976       3.59585835E-18
   7.97279835       3.54734090E-18
   8.00195694       3.49979125E-18
   8.03111553       3.45315025E-18
   8.06027412       3.40741482E-18
   8.08943272       3.36257211E-18
   8.11859131       3.31856611E-18
   8.14774895       3.27542822E-18
   8.17690754       3.23308816E-18
   8.20606613       3.19156286E-18
   8.23522472       3.15081202E-18
   8.26438332       3.11083748E-18
   8.29354191       3.07159769E-18
   8.32270050       3.03310649E-18
   8.35185909       2.99529937E-18
   8.38101768       2.95822700E-18
   8.41017628       2.92180520E-18
   8.43933487       2.88607328E-18
   8.46849346       2.85097559E-18
   8.49765110       2.81653365E-18
   8.52680969       2.78269514E-18
   8.55596828       2.74948508E-18
   8.58512688       2.71685384E-18
   8.61428547       2.68482271E-18
   8.64344406       2.65334911E-18
   8.67260265       2.62243799E-18
   8.70176125       2.59208191E-18
   8.73091984       2.56224716E-18
   8.76007843       2.53294015E-18
   8.78923702       2.50415013E-18
   8.81839561       2.47585290E-18
   8.84755325       2.44805571E-18
   8.87671185       2.42073000E-18
   8.90587044       2.39387806E-18
   8.93502903       2.36748976E-18
   8.96418762       2.34154049E-18
   8.99334621       2.31604988E-18
   9.02250481       2.29097659E-18
   9.05166340       2.26633571E-18
   9.08082199       2.24210366E-18
   9.10998058       2.21828106E-18
   9.13913918       2.19486254E-18
   9.16829777       2.17181771E-18
   9.19745541       2.14917467E-18
   9.22661400       2.12688836E-18
   9.25577259       2.10498916E-18
   9.28493118       2.08342436E-18
   9.31408978       2.06223613E-18
   9.34324837       2.04137939E-18
   9.37240696       2.02086717E-18
   9.40156555       2.00068065E-18
   9.43072414       1.98083059E-18
   9.45988274       1.96129135E-18
   9.48904133       1.94206932E-18
   9.51819992       1.92315563E-18
   9.54735756       1.90453414E-18
   9.57651615       1.88622367E-18
   9.60567474       1.86818927E-18
   9.63483334       1.85044853E-18
   9.66399193       1.83297992E-18
   9.69315052       1.81579173E-18
   9.72230911       1.79886534E-18
   9.75146770       1.78221191E-18
   9.78062630       1.76580458E-18
   9.80978489       1.74966360E-18
   9.83894348       1.73376146E-18
   9.86810112       1.71811720E-18
   9.89725971       1.70269577E-18
   9.92641830       1.68752734E-18
   9.95557690       1.67257874E-18
   9.98473549       1.65786351E-18
   10.0138941       1.64336841E-18
   10.0430527       1.62909572E-18
   10.0722113       1.61503354E-18
   10.1013699       1.60119088E-18
   10.1305285       1.58754623E-18
   10.1596870       1.57411488E-18
   10.1888456       1.56087824E-18
   10.2180033       1.54783732E-18
   10.2471619       1.53499917E-18
   10.2763205       1.52233803E-18
   10.3054790       1.50987748E-18
   10.3346376       1.49758434E-18
   10.3637962       1.48549086E-18
   10.3929548       1.47355981E-18
   10.4221134       1.46181126E-18
   10.4512720       1.45022949E-18
   10.4804306       1.43881957E-18
   10.5095892       1.42757208E-18
   10.5387478       1.41649200E-18
   10.5679054       1.40556577E-18
   10.5970640       1.39480518E-18
   10.6262226       1.38419153E-18
   10.6553812       1.37373679E-18
   10.6845398       1.36342640E-18
   10.7136984       1.35326841E-18
   10.7428570       1.34325136E-18
   10.7720156       1.33338010E-18
   10.8011742       1.32364687E-18
   10.8303328       1.31405323E-18
   10.8594913       1.30459452E-18
   10.8886499       1.29526992E-18
   10.9178076       1.28607653E-18
   10.9469662       1.27701353E-18
   10.9761248       1.26807605E-18
   11.0052834       1.25926626E-18
   11.0344419       1.25057839E-18
   11.0636005       1.24201252E-18
   11.0927591       1.23356618E-18
   11.1219177       1.22523802E-18
   11.1510763       1.21702484E-18
   11.1802349       1.20892798E-18
   11.2093935       1.20093928E-18
   11.2385521       1.19306710E-18
   11.2677097       1.18529791E-18
   11.2968683       1.17764174E-18
   11.3260269       1.17008730E-18
   11.3551855       1.16264009E-18
   11.3843441       1.15529183E-18
   11.4135027       1.14804904E-18
   11.4426613       1.14090209E-18
   11.4718199       1.13385565E-18
   11.5009785       1.12690496E-18
   11.5301371       1.12004980E-18
   11.5592957       1.11328894E-18
   11.5884542       1.10661990E-18
   11.6176119       1.10004278E-18
   11.6467705       1.09355510E-18
   11.6759291       1.08715645E-18
   11.7050877       1.08084537E-18
   11.7342463       1.07461960E-18
   11.7634048       1.06847974E-18
   11.7925634       1.06242323E-18
   11.8217220       1.05644923E-18
   11.8508806       1.05055722E-18
   11.8800392       1.04474462E-18
   11.9091978       1.03901226E-18
   11.9383564       1.03335672E-18
   11.9675140       1.02778060E-18
   11.9966726       1.02227757E-18
   12.0258312       1.01685220E-18
   12.0549898       1.01149827E-18
   12.0841484       1.00622096E-18
   12.1133070       1.00101065E-18
   12.1424656       9.95877791E-19
   12.1716242       9.90808518E-19
   12.2007828       9.85815242E-19
   12.2299414       9.80883075E-19
   12.2591000       9.76025663E-19
   12.2882586       9.71226775E-19
   12.3174162       9.66503780E-19
   12.3465748       9.61833312E-19
   12.3757334       9.57242563E-19
   12.4048920       9.52698550E-19
   12.4340506       9.48230327E-19
   12.4632092       9.43814320E-19
   12.4923677       9.39466658E-19
   12.5215263       9.35173074E-19
   12.5506849       9.30944423E-19
   12.5798435       9.26769953E-19
   12.6090021       9.22657108E-19
   12.6381607       9.18598753E-19
   12.6673183       9.14599851E-19
   12.6964769       9.10654613E-19
   12.7256355       9.06766658E-19
   12.7547941       9.02931435E-19
   12.7839527       8.99152564E-19
   12.8131113       8.95424771E-19
   12.8422699       8.91752296E-19
   12.8714285       8.88129245E-19
   12.9005871       8.84561304E-19
   12.9297457       8.81040100E-19
   12.9589043       8.77574937E-19
   12.9880629       8.74153201E-19
   13.0172205       8.70787817E-19
   13.0463791       8.67463998E-19
   13.0755377       8.64196480E-19
   13.1046963       8.60968511E-19
   13.1338549       8.57795136E-19
   13.1630135       8.54662344E-19
   13.1921721       8.51582441E-19
   13.2213306       8.48540742E-19
   13.2504892       8.45551829E-19
   13.2796478       8.42602206E-19
   13.3088064       8.39700715E-19
   13.3379650       8.36840479E-19
   13.3671227       8.34026825E-19
   13.3962812       8.31253236E-19
   13.4254398       8.28523954E-19
   13.4545984       8.25836496E-19
   13.4837570       8.23191586E-19
   13.5129156       8.20586691E-19
   13.5420742       8.18024757E-19
   13.5712328       8.15501546E-19
   13.6003914       8.13020625E-19
   13.6295500       8.10577960E-19
   13.6587086       8.08176190E-19
   13.6878672       8.05812573E-19
   13.7170248       8.03488816E-19
   13.7461834       8.01202644E-19
   13.7753420       7.98955711E-19
   13.8045006       7.96745536E-19
   13.8336592       7.94574135E-19
   13.8628178       7.92438303E-19
   13.8919764       7.90341659E-19
   13.9211349       7.88278360E-19
   13.9502935       7.86255852E-19
   13.9794521       7.84263742E-19
   14.0086107       7.82314440E-19
   14.0377684       7.80392175E-19
   14.0669270       7.78514475E-19
   14.0960855       7.76661746E-19
   14.1252441       7.74853219E-19
   14.1544027       7.73070231E-19
   14.1835613       7.71329429E-19
   14.2127199       7.69615408E-19
   14.2418785       7.67941918E-19
   14.2710371       7.66294950E-19
   14.3001957       7.64687221E-19
   14.3293543       7.63108185E-19
   14.3585129       7.61564562E-19
   14.3876705       7.60051804E-19
   14.4168291       7.58572288E-19
   14.4459877       7.57124257E-19
   14.4751463       7.55708485E-19
   14.5043049       7.54324457E-19
   14.5334635       7.52971448E-19
   14.5626221       7.51650803E-19
   14.5917807       7.50359884E-19
   14.6209393       7.49101432E-19
   14.6500978       7.47872552E-19
   14.6792564       7.46675415E-19
   14.7084150       7.45507384E-19
   14.7375727       7.44371148E-19
   14.7667313       7.43263760E-19
   14.7958899       7.42187650E-19
   14.8250484       7.41139767E-19
   14.8542070       7.40123575E-19
   14.8833656       7.39134733E-19
   14.9125242       7.38177995E-19
   14.9416828       7.37247262E-19
   14.9708414       7.36349616E-19
   15.0000000       7.35477147E-19
   15.0291586       7.34637041E-19
   15.0583172       7.33822424E-19
   15.0874748       7.33040221E-19
   15.1166334       7.32282730E-19
   15.1457920       7.31558172E-19
   15.1749506       7.30857291E-19
   15.2041092       7.30189291E-19
   15.2332678       7.29544866E-19
   15.2624264       7.28933166E-19
   15.2915850       7.28345713E-19
   15.3207436       7.27789537E-19
   15.3499022       7.27258435E-19
   15.3790607       7.26757164E-19
   15.4082193       7.26282517E-19
   15.4373770       7.25836512E-19
   15.4665356       7.25417235E-19
   15.4956942       7.25026288E-19
   15.5248528       7.24662381E-19
   15.5540113       7.24326649E-19
   15.5831699       7.24017800E-19
   15.6123285       7.23736559E-19
   15.6414871       7.23482356E-19
   15.6706457       7.23256484E-19
   15.6998043       7.23056513E-19
   15.7289629       7.22885493E-19
   15.7581215       7.22739599E-19
   15.7872791       7.22623639E-19
   15.8164377       7.22531874E-19
   15.8455963       7.22471955E-19
   15.8747549       7.22431319E-19
   15.9039135       7.22428476E-19
   15.9330721       7.22441246E-19
   15.9622307       7.22494082E-19
   15.9913893       7.22558447E-19
   16.0205479       7.22668875E-19
   16.0497055       7.22787731E-19
   16.0788651       7.22950634E-19
   16.1080227       7.23123825E-19
   16.1371822       7.23343183E-19
   16.1663399       7.23570399E-19
   16.1954994       7.23842541E-19
   16.2246571       7.24128280E-19
   16.2538166       7.24452277E-19
   16.2829742       7.24793334E-19
   16.3121319       7.25171872E-19
   16.3412914       7.25570883E-19
   16.3704491       7.26001689E-19
   16.3996086       7.26457208E-19
   16.4287663       7.26943280E-19
   16.4579258       7.27454477E-19
   16.4870834       7.27995867E-19
   16.5162430       7.28563054E-19
   16.5454006       7.29160434E-19
   16.5745602       7.29783611E-19
   16.6037178       7.30437549E-19
   16.6328773       7.31116923E-19
   16.6620350       7.31827884E-19
   16.6911926       7.32563455E-19
   16.7203522       7.33332164E-19
   16.7495098       7.34124293E-19
   16.7786694       7.34951060E-19
   16.8078270       7.35800057E-19
   16.8369865       7.36685244E-19
   16.8661442       7.37592868E-19
   16.8953037       7.38535130E-19
   16.9244614       7.39502311E-19
   16.9536209       7.40502993E-19
   16.9827785       7.41529369E-19
   17.0119362       7.42589349E-19
   17.0410957       7.43676316E-19
   17.0702534       7.44794819E-19
   17.0994129       7.45942739E-19
   17.1285706       7.47121627E-19
   17.1577301       7.48330551E-19
   17.1868877       7.49571012E-19
   17.2160473       7.50840838E-19
   17.2452049       7.52143544E-19
   17.2743645       7.53475770E-19
   17.3035221       7.54840566E-19
   17.3326817       7.56236278E-19
   17.3618393       7.57664354E-19
   17.3909969       7.59123656E-19
   17.4201565       7.60616251E-19
   17.4493141       7.62139659E-19
   17.4784737       7.63697396E-19
   17.5076313       7.65286565E-19
   17.5367908       7.66909286E-19
   17.5659485       7.68565974E-19
   17.5951080       7.70254405E-19
   17.6242657       7.71978973E-19
   17.6534252       7.73734664E-19
   17.6825829       7.75527940E-19
   17.7117405       7.77351563E-19
   17.7409000       7.79215201E-19
   17.7700577       7.81107376E-19
   17.7992172       7.83042514E-19
   17.8283749       7.85004948E-19
   17.8575344       7.87010654E-19
   17.8866920       7.89045984E-19
   17.9158516       7.91124223E-19
   17.9450092       7.93232345E-19
   17.9741688       7.95385031E-19
   18.0033264       7.97566823E-19
   18.0324860       7.99793852E-19
   18.0616436       8.02053089E-19
   18.0908012       8.04354822E-19
   18.1199608       8.06692538E-19
   18.1491184       8.09070475E-19
   18.1782780       8.11487497E-19
   18.2074356       8.13943810E-19
   18.2365952       8.16441016E-19
   18.2657528       8.18978031E-19
   18.2949123       8.21555991E-19
   18.3240700       8.24175517E-19
   18.3532295       8.26836092E-19
   18.3823872       8.29539628E-19
   18.4115448       8.32283955E-19
   18.4407043       8.35073260E-19
   18.4698620       8.37903303E-19
   18.4990215       8.40780496E-19
   18.5281792       8.43697083E-19
   18.5573387       8.46664335E-19
   18.5864964       8.49669482E-19
   18.6156559       8.52727982E-19
   18.6448135       8.55824223E-19
   18.6739731       8.58975781E-19
   18.7031307       8.62165596E-19
   18.7322884       8.65410316E-19
   18.7614479       8.68696704E-19
   18.7906055       8.72038204E-19
   18.8197651       8.75421579E-19
   18.8489227       8.78860893E-19
   18.8780823       8.82345598E-19
   18.9072399       8.85884483E-19
   18.9363995       8.89472276E-19
   18.9655571       8.93114352E-19
   18.9947166       8.96806059E-19
   19.0238743       9.00553084E-19
   19.0530338       9.04352118E-19
   19.0821915       9.08207296E-19
   19.1113491       9.12114897E-19
   19.1405087       9.16080918E-19
   19.1696663       9.20100602E-19
   19.1988258       9.24179637E-19
   19.2279835       9.28314092E-19
   19.2571430       9.32508725E-19
   19.2863007       9.36760744E-19
   19.3154602       9.41074181E-19
   19.3446178       9.45446450E-19
   19.3737774       9.49881689E-19
   19.4029350       9.54376899E-19
   19.4320927       9.58936939E-19
   19.4612522       9.63559018E-19
   19.4904099       9.68246960E-19
   19.5195694       9.72998286E-19
   19.5487270       9.77818060E-19
   19.5778866       9.82701321E-19
   19.6070442       9.87657580E-19
   19.6362038       9.92676395E-19
   19.6653614       9.97770587E-19
   19.6945210       1.00293033E-18
   19.7236786       1.00816515E-18
   19.7528381       1.01346975E-18
   19.7819958       1.01885118E-18
   19.8111534       1.02430034E-18
   19.8403130       1.02983593E-18
   19.8694706       1.03543512E-18
   19.8986301       1.04112199E-18
   19.9277878       1.04688071E-18
   19.9569473       1.05272350E-18
   19.9861050       1.05864291E-18
   20.0152645       1.06464897E-18
   20.0444221       1.07073360E-18
   20.0735817       1.07690623E-18
   20.1027393       1.08316013E-18
   20.1318970       1.08950461E-18
   20.1610565       1.09593376E-18
   20.1902142       1.10245443E-18
   20.2193737       1.10906391E-18
   20.2485313       1.11576583E-18
   20.2776909       1.12256102E-18
   20.3068485       1.12944937E-18
   20.3360081       1.13643511E-18
   20.3651657       1.14351650E-18
   20.3943253       1.15069850E-18
   20.4234829       1.15797789E-18
   20.4526424       1.16536307E-18
   20.4818001       1.17284574E-18
   20.5109577       1.18044040E-18
   20.5401173       1.18813214E-18
   20.5692749       1.19594238E-18
   20.5984344       1.20385157E-18
   20.6275921       1.21188184E-18
   20.6567516       1.22001758E-18
   20.6859093       1.22827439E-18
   20.7150688       1.23664163E-18
   20.7442265       1.24513233E-18
   20.7733860       1.25374049E-18
   20.8025436       1.26247076E-18
   20.8317013       1.27132728E-18
   20.8608608       1.28030736E-18
   20.8900185       1.28941803E-18
   20.9191780       1.29865619E-18
   20.9483356       1.30802918E-18
   20.9774952       1.31753462E-18
   21.0066528       1.32717779E-18
   21.0358124       1.33695962E-18
   21.0649700       1.34688196E-18
   21.0941296       1.35694885E-18
   21.1232872       1.36716019E-18
   21.1524467       1.37752135E-18
   21.1816044       1.38803140E-18
   21.2107620       1.39869665E-18
   21.2399216       1.40951587E-18
   21.2690792       1.42049493E-18
   21.2982388       1.43163385E-18
   21.3273964       1.44293862E-18
   21.3565559       1.45440768E-18
   21.3857136       1.46604829E-18
   21.4148731       1.47785980E-18
   21.4440308       1.48984803E-18
   21.4731903       1.50201368E-18
   21.5023479       1.51436287E-18
   21.5315056       1.52689197E-18
   21.5606651       1.53961638E-18
   21.5898228       1.55252547E-18
   21.6189823       1.56563525E-18
   21.6481400       1.57893673E-18
   21.6772995       1.59244748E-18
   21.7064571       1.60615428E-18
   21.7356167       1.62008172E-18
   21.7647743       1.63420904E-18
   21.7939339       1.64856641E-18
   21.8230915       1.66313213E-18
   21.8522511       1.67793205E-18
   21.8814087       1.69295499E-18
   21.9105663       1.70821441E-18
   21.9397259       1.72370791E-18
   21.9688835       1.73944688E-18
   21.9980431       1.75542987E-18
   22.0272007       1.77166371E-18
   22.0563602       1.78815500E-18
   22.0855179       1.80490313E-18
   22.1146774       1.82192237E-18
   22.1438351       1.83920528E-18
   22.1729946       1.85677025E-18
   22.2021523       1.87461088E-18
   22.2313099       1.89274186E-18
   22.2604694       1.91116151E-18
   22.2896271       1.92988144E-18
   22.3187866       1.94890308E-18
   22.3479443       1.96823387E-18
   22.3771038       1.98788169E-18
   22.4062614       2.00784983E-18
   22.4354210       2.02814512E-18
   22.4645786       2.04877666E-18
   22.4937382       2.06974817E-18
   22.5228958       2.09106958E-18
   22.5520554       2.11274295E-18
   22.5812130       2.13478235E-18
   22.6103706       2.15718695E-18
   22.6395302       2.17997205E-18
   22.6686878       2.20314117E-18
   22.6978474       2.22670238E-18
   22.7270050       2.25066580E-18
   22.7561646       2.27503599E-18
   22.7853222       2.29982721E-18
   22.8144817       2.32504133E-18
   22.8436394       2.35069427E-18
   22.8727989       2.37678872E-18
   22.9019566       2.40333936E-18
   22.9311142       2.43035177E-18
   22.9602737       2.45783939E-18
   22.9894314       2.48580988E-18
   23.0185909       2.51427337E-18
   23.0477486       2.54324476E-18
   23.0769081       2.57272671E-18
   23.1060658       2.60274241E-18
   23.1352253       2.63328895E-18
   23.1643829       2.66439259E-18
   23.1935425       2.69605355E-18
   23.2227001       2.72829230E-18
   23.2518578       2.76111875E-18
   23.2810173       2.79454388E-18
   23.3101749       2.82858588E-18
   23.3393345       2.86325302E-18
   23.3684921       2.89856660E-18
   23.3976517       2.93453303E-18
   23.4268093       2.97117775E-18
   23.4559689       3.00849849E-18
   23.4851265       3.04653908E-18
   23.5142860       3.08527925E-18
   23.5434437       3.12477692E-18
   23.5726032       3.16500375E-18
   23.6017609       3.20602922E-18
   23.6309185       3.24781818E-18
   23.6600780       3.29043845E-18
   23.6892357       3.33386398E-18
   23.7183952       3.37815620E-18
   23.7475529       3.42329813E-18
   23.7767124       3.46934293E-18
   23.8058701       3.51628523E-18
   23.8350296       3.56416947E-18
   23.8641872       3.61299836E-18
   23.8933468       3.66281572E-18
   23.9225044       3.71362364E-18
   23.9516621       3.76546884E-18
   23.9808216       3.81835794E-18
   24.0099792       3.87233230E-18
   24.0391388       3.92740723E-18
   24.0682964       3.98361704E-18
   24.0974560       4.04099195E-18
   24.1266136       4.09955220E-18
   24.1557732       4.15934536E-18
   24.1849308       4.22037681E-18
   24.2140903       4.28271232E-18
   24.2432480       4.34635022E-18
   24.2724075       4.41135627E-18
   24.3015652       4.47773793E-18
   24.3307228       4.54556095E-18
   24.3598824       4.61482988E-18
   24.3890400       4.68561669E-18
   24.4181995       4.75793420E-18
   24.4473572       4.83184609E-18
   24.4765167       4.90737389E-18
   24.5056744       4.98458045E-18
   24.5348339       5.06349844E-18
   24.5639915       5.14418246E-18
   24.5931511       5.22667594E-18
   24.6223087       5.31103100E-18
   24.6514664       5.39730097E-18
   24.6806259       5.48553343E-18
   24.7097836       5.57579621E-18
   24.7389431       5.66812569E-18
   24.7681007       5.76260668E-18
   24.7972603       5.85927307E-18
   24.8264179       5.95821339E-18
   24.8555775       6.05946898E-18
   24.8847351       6.16312794E-18
   24.9138947       6.26924405E-18
   24.9430523       6.37790043E-18
   24.9722118       6.48916449E-18
   25.0013695       6.60311689E-18
   25.0305271       6.71983663E-18
   25.0596867       6.83940600E-18
   25.0888443       6.96191186E-18
   25.1180038       7.08744065E-18
   25.1471615       7.21608461E-18
   25.1763210       7.34794299E-18
   25.2054787       7.48310430E-18
   25.2346382       7.62168435E-18
   25.2637959       7.76377661E-18
   25.2929554       7.90950019E-18
   25.3221130       8.05896428E-18
   25.3512707       8.21228386E-18
   25.3804302       8.36959294E-18
   25.4095879       8.53099738E-18
   25.4387474       8.69665601E-18
   25.4679050       8.86668133E-18
   25.4970646       9.04123464E-18
   25.5262222       9.22044746E-18
   25.5553818       9.40448439E-18
   25.5845394       9.59350095E-18
   25.6136990       9.78765761E-18
   25.6428566       9.98713801E-18
   25.6720161       1.01921059E-17
   25.7011738       1.04027640E-17
   25.7303314       1.06192860E-17
   25.7594910       1.08418960E-17
   25.7886486       1.10707769E-17
   25.8178082       1.13061743E-17
   25.8469658       1.15482876E-17
   25.8761253       1.17973781E-17
   25.9052830       1.20536709E-17
   25.9344425       1.23174357E-17
   25.9636002       1.25889312E-17
   25.9927597       1.28684413E-17
   26.0219173       1.31562514E-17
   26.0510750       1.34526666E-17
   26.0802345       1.37580013E-17
   26.1093922       1.40725839E-17
   26.1385517       1.43967609E-17
   26.1677094       1.47308840E-17
   26.1968689       1.50753402E-17
   26.2260265       1.54305034E-17
   26.2551861       1.57967955E-17
   26.2843437       1.61746384E-17
   26.3135033       1.65644754E-17
   26.3426609       1.69667830E-17
   26.3718204       1.73820392E-17
   26.4009781       1.78107504E-17
   26.4301357       1.82534773E-17
   26.4592953       1.87107361E-17
   26.4884529       1.91831671E-17
   26.5176125       1.96713244E-17
   26.5467701       2.01759162E-17
   26.5759296       2.06975495E-17
   26.6050873       2.12369920E-17
   26.6342468       2.17949353E-17
   26.6634045       2.23722015E-17
   26.6925640       2.29695632E-17
   26.7217216       2.35879320E-17
   26.7508793       2.42281416E-17
   26.7800388       2.48912229E-17
   26.8091965       2.55780789E-17
   26.8383560       2.62898413E-17
   26.8675137       2.70275392E-17
   26.8966732       2.77923918E-17
   26.9258308       2.85855686E-17
   26.9549904       2.94083950E-17
   26.9841480       3.02621976E-17
   27.0133076       3.11484157E-17
   27.0424652       3.20685417E-17
   27.0716228       3.30241867E-17
   27.1007824       3.40169788E-17
   27.1299400       3.50487543E-17
   27.1590996       3.61212998E-17
   27.1882572       3.72366768E-17
   27.2174168       3.83968671E-17
   27.2465744       3.96041967E-17
   27.2757339       4.08608628E-17
   27.3048916       4.21694856E-17
   27.3340511       4.35325436E-17
   27.3632088       4.49529021E-17
   27.3923683       4.64334627E-17
   27.4215260       4.79773457E-17
   27.4506836       4.95878730E-17
   27.4798431       5.12685452E-17
   27.5090008       5.30230846E-17
   27.5381603       5.48554882E-17
   27.5673180       5.67699282E-17
   27.5964775       5.87709708E-17
   27.6256351       6.08632943E-17
   27.6547947       6.30520804E-17
   27.6839523       6.53426825E-17
   27.7131119       6.77409570E-17
   27.7422695       7.02530251E-17
   27.7714272       7.28854977E-17
   27.8005867       7.56454553E-17
   27.8297443       7.85403624E-17
   27.8589039       8.15783784E-17
   27.8880615       8.47680530E-17
   27.9172211       8.81186507E-17
   27.9463787       9.16401703E-17
   27.9755383       9.53430940E-17
   28.0046959       9.92390352E-17
   28.0338554       1.03340038E-16
   28.0630131       1.07659595E-16
   28.0921726       1.12211576E-16
   28.1213303       1.17011580E-16
   28.1504879       1.22075844E-16
   28.1796474       1.27422409E-16
   28.2088051       1.33070239E-16
   28.2379646       1.39040180E-16
   28.2671223       1.45354785E-16
   28.2962818       1.52038126E-16
   28.3254395       1.59116754E-16
   28.3545990       1.66619004E-16
   28.3837566       1.74576124E-16
   28.4129162       1.83021532E-16
   28.4420738       1.91992061E-16
   28.4712315       2.01527561E-16
   28.5003910       2.11671522E-16
   28.5295486       2.22471324E-16
   28.5587082       2.33979087E-16
   28.5878658       2.46251218E-16
   28.6170254       2.59350080E-16
   28.6461830       2.73343752E-16
   28.6753426       2.88306960E-16
   28.7045002       3.04321891E-16
   28.7336597       3.21479258E-16
   28.7628174       3.39878482E-16
   28.7919769       3.59629887E-16
   28.8211346       3.80855209E-16
   28.8502922       4.03689021E-16
   28.8794518       4.28280769E-16
   28.9086094       4.54796606E-16
   28.9377689       4.83420761E-16
   28.9669266       5.14359010E-16
   28.9960861       5.47841111E-16
   29.0252438       5.84123502E-16
   29.0544033       6.23493859E-16
   29.0835609       6.66275534E-16
   29.1127205       7.12831006E-16
   29.1418781       7.63570662E-16
   29.1710358       8.18956399E-16
   29.2001953       8.79512161E-16
   29.2293530       9.45833835E-16
   29.2585125       1.01859555E-15
   29.2876701       1.09857336E-15
   29.3168297       1.18664562E-15
   29.3459873       1.28383344E-15
   29.3751469       1.39129047E-15
   29.4043045       1.51039231E-15
   29.4334641       1.64263924E-15
   29.4626217       1.78998391E-15
   29.4917812       1.95425006E-15
   29.5209389       2.13858010E-15
   29.5500965       2.34448979E-15
   29.5792561       2.57855866E-15
   29.6084137       2.83818167E-15
   29.6375732       3.14315017E-15
   29.6667309       3.46714218E-15
   29.6958904       3.88872826E-15
   29.7250481       4.26107209E-15
   29.7542076       4.94035439E-15
   29.7833652       5.18495760E-15
   29.8125248       6.70001155E-15
   29.8416824       5.82464578E-15
   29.8708401       1.10039355E-14
   29.8999996       4.29514229E-15
   29.9291573       3.04650511E-14
