  0.18897266700000001       -1.4359317267586955E-015
  0.24407428500000000       -1.2500313160368325E-015
  0.29917588800000000       -2.2400490430021356E-015
  0.35427752099999998       -1.0482940064130175E-015
  0.40937912500000001       -1.8078757063800487E-015
  0.46448072800000001       -6.1635236021360422E-016
  0.51958233099999995       -1.3093207639131124E-015
  0.57468396399999999       -1.2147742517749958E-015
  0.62978559700000003        4.4355936069890736E-016
  0.68488717099999996       -1.8163104170002543E-015
  0.73998880400000000       -3.8556869585106404E-017
  0.79509043700000004       -2.1122222490288584E-015
  0.85019201000000000       -6.8935417750987475E-016
  0.90529364300000004       -3.5436676107064135E-016
  0.96039527700000005       -9.2929254826222546E-017
   1.0154968499999999       -1.4998663713096297E-015
   1.0705984799999999       -1.0961031387259074E-015
   1.1257001200000001        1.2800969337367061E-015
   1.1808017500000001       -1.3717160250257205E-015
   1.2359033800000001       -7.5603601372265530E-016
   1.2910048999999999        1.2834153792837217E-015
   1.3461065299999999       -1.5980910531057839E-015
   1.4012081599999999       -5.3317127317575838E-017
   1.4563098000000001       -2.3660747915581788E-016
   1.5114114299999999       -1.8668252711470697E-015
   1.5665130599999999        5.5243261454927250E-016
   1.6216145799999999        1.9862142394088063E-015
   1.6767162099999999        4.8300718093378062E-016
   1.7318178399999999       -1.1064456826379527E-015
   1.7869194700000000        4.5357355927159320E-016
   1.8420211099999999       -1.5205388315426010E-015
   1.8971227399999999        5.3203730012578738E-016
   1.9522242500000000       -1.3965364486765879E-016
   2.0073258900000002       -1.0039170823410979E-015
   2.0624275200000000        1.1338233409337403E-015
   2.1175291500000002       -9.7438145778120111E-016
   2.1726307899999999       -1.1693220242525715E-015
   2.2277324200000002       -8.4882430026252046E-016
   2.2828340499999999        1.1867198208430901E-015
   2.3379356900000001       -3.5597162845130938E-015
   2.3930373199999999        2.8368993301388353E-015
   2.4481387099999998        2.8119444175049529E-016
   2.5032403500000000       -3.7666889671902284E-016
   2.5583419799999998        4.5662885262611746E-016
   2.6134436100000000        5.5974263983741224E-016
   2.6685452500000002        1.1588812216886299E-015
   2.7236468800000000        3.7935465697375855E-015
   2.7787485099999998        1.0659893544201684E-015
   2.8338501500000000        1.9260557465533152E-015
   2.8889517800000002        2.1348206290203662E-015
   2.9440534100000000       -1.9718632182503293E-015
   2.9991550400000002       -1.2695625858439315E-015
   3.0542566799999999       -1.2800377705654389E-015
   3.1093583100000002       -1.4681492149273344E-015
   3.1644597100000000       -1.2102346733683602E-015
   3.2195613399999998       -1.8681572399841045E-015
   3.2746629700000001       -4.4904986914955045E-016
   3.3297645999999999        1.3848273976615146E-016
   3.3848662400000000       -1.1832758149089058E-015
   3.4399678699999998       -2.6265688920753587E-015
   3.4950695000000001       -1.2010475847881736E-015
   3.5501711399999998        2.5033861213022202E-015
   3.6052727700000000       -3.6370359701381883E-015
   3.6603743999999998       -4.5114415458997333E-015
   3.7154760400000000       -2.4556945596762596E-015
   3.7705776700000002       -3.5175333435219255E-015
   3.8256790600000001       -3.9453646473429301E-015
   3.8807806999999999       -9.9379712034546071E-015
   3.9358823300000001       -4.6440514619708545E-015
   3.9909839599999999       -4.3479891751250605E-015
   4.0460858300000000       -4.3593049265950881E-015
   4.1011872299999999       -4.0789007465751938E-016
   4.1562886199999998       -4.6699727551568736E-015
   4.2113905000000003       -5.3739441787200170E-017
   4.2664918900000002       -9.9426028969166770E-015
   4.3215937599999998       -4.2439060743151298E-015
   4.3766951599999997       -5.0441244867358470E-015
   4.4317970300000002       -5.1915699553258367E-015
   4.4868984200000002       -2.1727042806408702E-015
   4.5420002899999998       -9.2159816428877894E-015
   4.5971016899999997       -4.2555660345333507E-015
   4.6522035600000002       -2.1052456216546839E-014
   4.7073049500000002       -9.2656291462691368E-015
   4.7624068299999998       -3.7658821179083919E-016
   4.8175082199999997       -1.4789608483048998E-014
   4.8726096200000004       -7.6121461206127907E-015
   4.9277114900000001       -9.6223673083781090E-015
   4.9828128800000000       -7.5231960808171096E-015
   5.0379147499999997       -1.7892456450091029E-014
   5.0930161500000004       -1.2885055251616918E-014
   5.1481180200000001       -2.2524603203417399E-014
   5.2032194100000000       -1.9692271952241721E-014
   5.2583212899999996       -1.7112946244826777E-014
   5.3134226800000004       -2.1044469784494662E-014
   5.3685245500000001        8.0818780717510265E-015
   5.4236259499999999       -7.9212288398390982E-015
   5.4787278199999996       -1.0783801116916576E-014
   5.5338292100000004       -1.6942332442949360E-014
   5.5889306100000002       -8.2376663344333276E-015
   5.6440324799999999       -1.7282756249689767E-014
   5.6991338699999998       -1.4324480620661328E-014
   5.7542357400000004        2.1742237099475330E-015
   5.8093371400000002       -2.0878332203548731E-014
   5.8644390099999999       -4.7792508549846792E-014
   5.9195404099999998       -3.0768115017450086E-014
   5.9746422800000003       -4.8863808677370741E-014
   6.0297436700000002       -5.9518380139100984E-015
   6.0848455399999999       -2.1707268357479368E-014
   6.1399469399999997        7.6102597500943911E-016
   6.1950488100000003       -4.1987194698846051E-014
   6.2501502000000002       -3.5163419403721248E-014
   6.3052516000000001       -1.2734358911386621E-014
   6.3603534699999997       -4.2782687819378315E-014
   6.4154548599999996       -1.1212594901194135E-014
   6.4705567400000001       -2.9884320277406919E-014
   6.5256581300000001       -8.8781581471898828E-015
   6.5807599999999997       -4.3933117201851446E-014
   6.6358613999999996       -5.8114799488452744E-014
   6.6909632700000001       -5.7263080056280064E-014
   6.7460646600000000       -4.3190867959460020E-014
   6.8011665299999997       -7.1409913340332863E-014
   6.8562679299999996       -1.6212015378582156E-014
   6.9113693200000004       -5.9201327422238693E-014
   6.9664712000000000       -6.1948475512244109E-014
   7.0215725899999999       -4.0978021642096712E-014
   7.0766744600000004       -3.1677505774956725E-014
   7.1317758600000003       -3.8289369018970830E-014
   7.1868777300000000       -3.2808060888707254E-014
   7.2419791199999999        1.7579179943462817E-014
   7.2970809900000004       -4.4887724578158308E-014
   7.3521823900000003       -3.3851958398287146E-014
   7.4072842600000000       -4.6459688500092234E-014
   7.4623856499999999       -2.2350125082428288E-014
   7.5174875300000004       -2.3515463759278003E-014
   7.5725889200000003        4.1031190794771103E-015
   7.6276903200000001       -7.7570998886587501E-015
   7.6827921899999998       -2.9107314945595797E-014
   7.7378935799999997       -6.4339427842674600E-014
   7.7929954500000003       -5.2506808427948580E-014
   7.8480968500000001       -4.6854265820125368E-014
   7.9031987199999998       -1.1095577781421764E-013
   7.9583001099999997       -7.2645230895632357E-014
   8.0134019900000002       -7.9129905082222490E-014
   8.0685033799999992       -7.5001798852499022E-014
   8.1236047700000000       -1.1413857955038983E-013
   8.1787071200000003       -6.2815076569840220E-014
   8.2338085200000002       -6.5590585261758970E-014
   8.2889099099999992       -6.8046514322270248E-014
   8.3440113100000008       -4.4014305424212288E-014
   8.3991126999999999        1.7780876677170054E-014
   8.4542150500000002        3.9586093576187099E-014
   8.5093164399999992       -6.5038599728773433E-014
   8.5644178400000008       -4.4226123686084151E-014
   8.6195192299999999       -3.1421433877212930E-014
   8.6746215800000002       -8.0020375817420596E-014
   8.7297229800000000       -5.0848039788598939E-014
   8.7848243700000008       -8.3072590198972134E-014
   8.8399257700000007       -4.9287692509516483E-014
   8.8950281100000002       -7.7129526143779094E-014
   8.9501295100000000       -4.2777144394760075E-014
   9.0052309000000008       -1.1747473238733599E-013
   9.0603323000000007       -1.0532896661381672E-013
   9.1154336899999997       -2.8885214795820868E-014
   9.1705360400000000       -2.2106128343990964E-014
   9.2256374399999999       -5.8344134024847207E-014
   9.2807388300000007       -4.4862838622524230E-014
   9.3358402300000005       -3.1859988153330659E-014
   9.3909425700000000       -2.4794976674153765E-014
   9.4460439699999998       -5.5929860101494940E-014
   9.5011453600000007        2.7057843944246647E-014
   9.5562467600000005       -5.8499339020231874E-014
   9.6113481499999995       -9.4546880547519834E-014
   9.6664504999999998       -9.5709825778806579E-014
   9.7215518999999997       -1.0454662333138728E-013
   9.7766532900000005       -2.1730647403736120E-014
   9.8317546799999995       -1.2080035461249498E-013
   9.8868570299999998       -6.4784669237872803E-014
   9.9419584299999997       -7.6152332873130945E-014
   9.9970598200000005       -6.2788204748625425E-014
   10.052161200000000       -4.4608417908376652E-014
   10.107263600000000       -1.1931362060176166E-013
   10.162364999999999       -6.4938714824466328E-014
   10.217466399999999       -9.1049218896297705E-014
   10.272567700000000        2.9200970526602419E-014
   10.327669100000000       -4.2533397331314250E-014
   10.382771500000000       -2.8668065778216509E-014
   10.437872900000000       -6.3494351142390941E-014
   10.492974300000000       -3.6809054856088865E-014
   10.548075700000000       -8.0341145217437660E-014
   10.603178000000000       -3.4678057091160148E-014
   10.658279400000000       -2.8703817691713948E-014
   10.713380799999999       -7.9924385407445851E-014
   10.768482199999999       -6.9978191794830991E-014
   10.823584600000000       -6.3555176242208615E-014
   10.878686000000000       -7.6319030622828891E-014
   10.933787300000001       -6.3634553885816489E-014
   10.988888700000000       -2.1686234178038907E-014
   11.043990100000000        1.6252663680436717E-014
   11.099092499999999       -1.1498069508376766E-014
   11.154193899999999       -5.1412825127340718E-014
   11.209295300000001       -6.7867334642372710E-014
   11.264396700000001       -2.8065421719354435E-014
   11.319499000000000       -2.6096494456654517E-014
   11.374600400000000       -1.2260320914752565E-013
   11.429701800000000       -7.0211095074985757E-014
   11.484803200000000       -6.7185420467588510E-014
   11.539905500000000       -2.5449244526747410E-014
   11.595006900000000       -1.0016122246249974E-013
   11.650108299999999       -5.9625087341208016E-014
   11.705209699999999       -5.8976071772184990E-014
   11.760311099999999       -6.9413476263839765E-014
   11.815413500000000       -2.8229590213479189E-014
   11.870514900000000       -3.3895934316410354E-014
   11.925616300000000       -4.7738567697748448E-014
   11.980717700000000       -2.9960234822958580E-014
   12.035819999999999       -2.5009259033461747E-014
   12.090921399999999       -7.9560186882554617E-014
   12.146022800000001       -1.9995127708367142E-014
   12.201124200000001       -3.7022999373329855E-014
   12.256226500000000       -1.8836868969099719E-014
   12.311327900000000       -2.1335471745646507E-014
   12.366429300000000       -5.5538745946335087E-014
   12.421530700000000       -2.4626821352586240E-014
   12.476632100000000        1.5154866395775626E-014
   12.531734500000001        2.2009642162347527E-014
   12.586835900000001       -5.2736483607934306E-014
   12.641937300000000       -4.3463989479444351E-014
   12.697038700000000       -1.8748964737021885E-014
   12.752141000000000        1.4848203520187212E-014
   12.807242400000000       -5.1045196776090984E-014
   12.862343800000000       -4.5974893654145205E-014
   12.917445200000000        3.1420951310928149E-015
   12.972547499999999       -4.4719368887859255E-014
   13.027648900000001       -1.6938585577532642E-014
   13.082750300000001        5.1899203631526899E-014
   13.137851700000001       -1.2238435056099942E-013
   13.192953100000000        4.2306051029634900E-014
   13.248055500000000        3.8631580862217776E-014
   13.303156899999999        1.7492254439644872E-014
   13.358258200000000       -1.3811095580514538E-013
   13.413359600000000       -2.8698103268109014E-014
   13.468462000000001       -5.4653764583981615E-014
   13.523563400000000        1.7938086089374442E-014
   13.578664800000000       -8.8322656211794282E-014
   13.633766200000000       -8.6987877936190500E-014
   13.688868500000000       -1.4653971720891966E-014
   13.743969900000000        5.0409821806369962E-015
   13.799071300000000       -1.2908218896332859E-014
   13.854172699999999        1.9887031240221275E-014
   13.909274099999999        7.6519341163109561E-014
   13.964376400000001       -4.5589660434803201E-014
   14.019477800000001       -4.2283834360747564E-014
   14.074579200000001       -3.7614434164131801E-014
   14.129680600000000       -3.5543631811754187E-014
   14.184782999999999        9.2975797141499944E-015
   14.239884399999999       -6.3667094477577112E-014
   14.294985799999999       -3.0614762104092439E-016
   14.350087200000001        9.4456836365250574E-014
   14.405188600000001       -3.5265726725654003E-014
   14.460290900000000       -2.0491444942667384E-015
   14.515392300000000       -7.2767599456874623E-014
   14.570493700000000       -1.1276963430524916E-013
   14.625595100000000       -4.2305801423397630E-014
   14.680697400000000       -6.4677430520859906E-014
   14.735798800000000        9.7066511675805374E-015
   14.790900199999999        3.0900358080724040E-014
   14.846001599999999        5.8812208875164548E-015
   14.901104000000000        8.8768427871440533E-015
   14.956205400000000        1.3468389917462575E-014
   15.011306800000000       -2.0760570644958476E-014
   15.066408200000000       -4.5711081733488104E-014
   15.121509600000000       -6.5037410032535646E-014
   15.176611899999999       -5.0181417649506501E-015
   15.231713299999999       -1.3901251560349686E-013
   15.286814700000001       -6.7497882795309792E-014
   15.341916100000001       -7.5505523348487509E-015
   15.397018400000000       -2.5230615043110051E-015
   15.452119800000000       -7.9981900612201225E-014
   15.507221200000000        1.0222687978681567E-013
   15.562322600000000        3.2533143932708521E-014
   15.617425000000001       -2.7035729188097720E-014
   15.672526400000001       -3.6843826752057385E-014
   15.727627800000000       -8.1492574796290491E-014
   15.782729099999999       -1.8893557003592097E-013
   15.837830500000001       -1.6216913268711514E-014
   15.892932900000000       -1.2647475908774524E-013
   15.948034300000000        1.2831520183102942E-014
   16.003135700000001       -7.2958480969783082E-014
   16.058237099999999       -3.6932190033059365E-014
   16.113338500000001        2.5045406819754145E-014
   16.168439899999999       -1.1910434741653816E-014
   16.223543200000002        6.0448434706268170E-015
   16.278644600000000       -1.5880383137669141E-015
   16.333746000000001       -1.3338367813743488E-013
   16.388847400000000        1.6873959604196190E-014
   16.443948700000000        1.8001241699382599E-014
   16.499050100000002        2.5387732425403051E-015
   16.554151500000000        4.8897082219790078E-014
   16.609252900000001       -4.2321934347788492E-014
   16.664354299999999       -1.0663034824404830E-013
   16.719457599999998       -9.1519785001567326E-014
   16.774559000000000       -4.6595803640485361E-014
   16.829660400000002       -5.0174733412653792E-014
   16.884761800000000        1.7579357675549684E-014
   16.939863200000001        4.2879522114327768E-014
   16.994964599999999       -1.1154278014682975E-013
   17.050066000000001       -1.0022896644607420E-015
   17.105167399999999       -3.2215860657533249E-014
   17.160268800000001        2.0260260539057754E-014
   17.215372100000000       -6.8352975397027352E-014
   17.270473500000001       -1.6980990469219571E-013
   17.325574899999999       -2.4021636236789008E-014
   17.380676300000001        2.1266511895488644E-014
   17.435777699999999       -2.1653522829205686E-014
   17.490879100000001        3.5967800006718595E-015
   17.545980499999999       -6.6083217176837778E-014
   17.601081799999999        3.5772088379371614E-014
   17.656185199999999       -8.0609767585970886E-014
   17.711286500000000       -9.5327692658786509E-014
   17.766387900000002       -9.4689938104187684E-014
   17.821489300000000        6.9480037380128755E-014
   17.876590700000001        1.9229164526343337E-014
   17.931692099999999        1.4859895272833220E-014
   17.986793500000001       -2.8719429830789233E-014
   18.041894899999999        2.4299901015102158E-014
   18.096996300000001       -8.5846126605372009E-014
   18.152099600000000       -3.8451178581290560E-014
   18.207201000000001       -6.5914246610284316E-014
   18.262302399999999        1.0901812194345503E-013
   18.317403800000001       -4.2589112175690164E-015
   18.372505199999999        8.0763330486676106E-014
   18.427606600000001        6.7732419619262518E-014
   18.482707999999999       -2.1432851896155736E-014
   18.537809400000000        4.3569270640113952E-014
   18.592910799999999        2.2597418324018597E-014
   18.648014100000001        3.2278597175244537E-014
   18.703115499999999       -1.0403850738287994E-013
   18.758216900000001        6.0954529125141606E-014
   18.813318299999999       -4.2388157726925631E-014
   18.868419599999999       -2.1051099806396487E-013
   18.923521000000001        4.4229559964075257E-014
   18.978622399999999        5.6993827797886942E-014
   19.033723800000001        8.1996237678572704E-014
   19.088827100000000       -1.5527288471908457E-013
   19.143928500000001        1.6592132217400911E-014
   19.199029899999999        7.6976669562956553E-014
   19.254131300000001        1.4358835529516860E-013
   19.309232699999999        1.2764844049057992E-013
   19.364334100000001        1.4009639929331861E-013
   19.419435499999999        7.7626035861798385E-014
   19.474536900000000        1.1398059566039087E-013
   19.529638299999998       -4.8816558176824518E-014
   19.584741600000001       -4.1182498493207676E-014
   19.639842999999999       -4.2006019986541042E-014
   19.694944400000001        5.4388605731461064E-014
   19.750045799999999        6.4813421681213135E-014
   19.805147200000000        1.1062038622152294E-013
   19.860248599999998       -1.7185291272373374E-014
   19.915350000000000        1.0151062439878671E-013
   19.970451400000002        1.3262070344698782E-013
   20.025552699999999        1.5340450052643276E-013
   20.080656099999999        1.9892556838700934E-013
   20.135757399999999        6.6380825003060339E-014
   20.190858800000001        1.3029649230909702E-013
   20.245960199999999        2.1129331698934410E-013
   20.301061600000001        1.5065691527643783E-013
   20.356162999999999        7.3497043883185040E-014
   20.411264400000000        6.4930305616031385E-014
   20.466365799999998        5.0104226087419198E-014
   20.521469100000001        1.4336975850885141E-013
   20.576570499999999        1.1487551314450127E-013
   20.631671900000001        4.2876664952908327E-014
   20.686773299999999        6.3128261411503355E-014
   20.741874700000000        1.3958931903111190E-014
   20.796976099999998        1.6916392011592917E-013
   20.852077500000000        7.6686594427955129E-014
   20.907178900000002        1.3506795732343689E-013
   20.962280300000000        1.9145072108218365E-013
   21.017383599999999        6.0499099278570591E-016
   21.072485000000000        1.2897380297311419E-013
   21.127586399999998        2.2261526163776683E-013
   21.182687800000000        1.1560420766624104E-013
   21.237789200000002        1.0423848364790906E-013
   21.292890499999999        9.7658204967366098E-014
   21.347991900000000       -4.4824507715266249E-014
   21.403093299999998       -6.9108794118297511E-015
   21.458194700000000        1.6937675851315344E-013
   21.513297999999999       -1.1929296922756987E-013
   21.568399400000001        9.3689023730925984E-014
   21.623500799999999        1.4259376142053264E-013
   21.678602200000000        1.3002712739741522E-013
   21.733703599999998        2.0821215656230139E-013
   21.788805000000000        3.4697467298797175E-014
   21.843906400000002        1.9040747594186188E-013
   21.899007800000000        1.6523007184725170E-013
   21.954109200000001       -1.7027786823734526E-014
   22.009212500000000        2.8465568004135009E-013
   22.064313899999998        1.7889608333554443E-013
   22.119415300000000        7.9309075052150560E-014
   22.174516700000002        2.7831341751257648E-013
   22.229618100000000        2.0202660974936472E-013
   22.284719500000001        1.2818468787275422E-013
   22.339820899999999        1.8595635494300343E-013
   22.394922300000001        2.4619724987741084E-013
   22.450025600000000        1.9150013445871411E-013
   22.505127000000002        2.5041859160297043E-013
   22.560228299999999        1.0259436981868739E-013
   22.615329700000000        1.7127095104670998E-013
   22.670431099999998        8.4096989566827088E-014
   22.725532500000000        2.0713882628024781E-013
   22.780633900000002        9.7758876878782773E-014
   22.835735300000000       -4.1072535722564467E-014
   22.890836700000001       -9.8640312675238837E-014
   22.945940000000000       -3.9631957590124590E-014
   23.001041399999998        8.5261997875912446E-014
   23.056142800000000        2.5068421000259043E-013
   23.111244200000002        1.8916570345543009E-013
   23.166345600000000        1.9572510574058236E-015
   23.221447000000001        1.0326724381223994E-013
   23.276548399999999        1.0661485478814934E-013
   23.331649800000001        2.0801987204070444E-013
   23.386751199999999        1.3502299703427577E-013
   23.441854500000002       -5.1486255013111773E-014
   23.496955900000000        4.4085827588885661E-014
   23.552057300000001        2.3909636774523328E-014
   23.607158699999999        9.1419604226731674E-014
   23.662260100000001        2.1416396588995328E-014
   23.717361499999999        2.7635045134405372E-014
   23.772462800000000       -9.0146572311007830E-014
   23.827564200000001       -8.8603628463619776E-014
   23.882667500000000        3.4825672033913053E-014
   23.937768899999998        1.2883718995138264E-013
   23.992870300000000        6.9079995800238465E-014
   24.047971700000002        2.7013526794768252E-014
   24.103073100000000        2.8266242506168551E-013
   24.158174500000001        2.4934635097756830E-013
   24.213275899999999        7.3219736542981165E-014
   24.268377300000001       -9.6917441438955408E-014
   24.323478699999999        2.5677332192018315E-013
   24.378582000000002        5.9403985577101520E-014
   24.433683400000000       -9.2188735257775494E-015
   24.488784800000001        2.2107164993608134E-013
   24.543886199999999       -1.8805811586898279E-013
   24.598987600000001        1.7550102400416226E-013
   24.654088999999999       -1.4271287638905183E-013
   24.709190400000001       -5.9844855361500234E-014
   24.764291799999999        3.5209420088918943E-014
   24.819393200000000       -2.9146036202457174E-013
   24.874496499999999        1.6682886811815196E-013
   24.929597900000001       -5.9345157184498424E-014
   24.984699200000001        2.0509164615128230E-013
   25.039800600000000        2.1029763581038828E-013
   25.094902000000001        2.0024915799787279E-013
   25.150003399999999        1.2323053312810593E-013
   25.205104800000001        1.9577649760908591E-013
   25.260206199999999       -6.7002962333927549E-014
   25.315307600000001       -4.4859279405844457E-013
   25.370410900000000       -2.0893358198681471E-014
   25.425512300000001        1.4947004679541282E-013
   25.480613699999999       -5.5570552932232328E-014
   25.535715100000001       -9.8852128147550814E-014
   25.590816499999999       -1.7396434099172543E-013
   25.645917900000001        4.4041036453731661E-014
   25.701019299999999       -7.8428944479512308E-014
   25.756120700000000        7.4755655951818043E-014
   25.811223999999999        1.0318368652783853E-013
   25.866325400000001        1.0401277984437940E-013
   25.921426799999999       -1.6185536091541553E-013
   25.976528200000001        2.1074610138063181E-014
   26.031629599999999        2.3252664467727174E-013
   26.086731000000000        1.1621899850313056E-013
   26.141832399999998        3.6864269265973644E-014
   26.196933699999999        1.2975429763067383E-013
   26.252035100000001        2.2461712355834290E-013
   26.307138399999999        8.5095878889315572E-014
   26.362239800000001        1.8103106289348664E-013
   26.417341199999999       -4.9258182878476655E-014
   26.472442600000001       -2.7426389343658339E-014
   26.527543999999999       -6.6512828805274104E-014
   26.582645400000001       -5.3695625631528094E-014
   26.637746799999999       -4.1593710868993203E-016
   26.692848200000000       -7.7176706104263672E-015
   26.747949599999998        1.3922932463700955E-013
   26.803052900000001        2.2197271382732288E-013
   26.858154299999999        1.1149707504085641E-013
   26.913255700000001        2.3878686812017219E-013
   26.968357099999999        9.2381521785832276E-014
   27.023458500000000       -5.9603256340244986E-014
   27.078559899999998        3.1698685348597839E-014
   27.133661300000000        1.2766045998356658E-013
   27.188762700000002        2.8264019827280943E-014
   27.243866000000001        5.7358713033938203E-014
   27.298967399999999        1.4686281643421188E-013
   27.354068800000000        2.3676346187775674E-014
   27.409170199999998       -3.1019104548482795E-014
   27.464271499999999       -1.3889018064209915E-013
   27.519372900000000       -1.9051823367673710E-013
   27.574474299999999       -2.1031531189582284E-013
   27.629575700000000       -1.3591469538144607E-013
   27.684677099999998        1.8272219588886329E-013
   27.739780400000001       -3.1977692325153192E-014
   27.794881799999999        1.5750278288985653E-013
   27.849983200000000        1.0358359947416682E-013
   27.905084599999999       -1.4072384650449532E-014
   27.960186000000000        3.4640180859491567E-013
   28.015287399999998        1.7930456161247290E-013
   28.070388800000000        3.9227321815851406E-014
   28.125490200000002        2.3617887914728025E-013
   28.180591600000000        2.4014929351053327E-013
   28.235694899999999        2.0624821941066860E-013
   28.290796300000000        4.0376055160453044E-015
   28.345897699999998        1.8715359236467151E-013
   28.400999100000000        8.9472454965506813E-014
   28.456100500000002       -7.8161021688624910E-014
   28.511201900000000        2.1190126906148975E-013
   28.566303300000001        5.3165335396695338E-014
   28.621404600000002       -7.8057902214827294E-014
   28.676507900000001       -8.0021980197964334E-014
   28.731609299999999        2.8038057987748133E-013
   28.786710700000000        4.5200021862842473E-014
   28.841812099999999        5.3203532019430261E-014
   28.896913500000000        5.1273325237198666E-014
   28.952014900000002        1.4845684698150847E-013
   29.007116300000000        2.4263096548840640E-013
   29.062217700000001        1.8160431591000450E-014
   29.117319100000000       -1.1420647082083455E-013
   29.172422399999999        5.4957620252228236E-015
   29.227523800000000       -1.9527844121296344E-013
   29.282625199999998       -8.8910201571319149E-014
   29.337726600000000        2.4518983526647702E-014
   29.392828000000002        1.7644119007226383E-014
   29.447929400000000       -1.3911543219870299E-013
   29.503030800000001       -2.9731151708129543E-013
   29.558132199999999        3.5815349006979586E-014
   29.613233600000001       -2.0133272651330799E-013
   29.668336900000000        1.6784377883952396E-013
   29.723438300000002        4.4780632133958912E-014
   29.778539700000000        3.6784685059162067E-014
   29.833641100000001       -1.1653583226569852E-013
   29.888742400000002        2.0389455980741362E-013
   29.943843800000000        2.7377471272309304E-013
   29.998945200000001        3.4411217567433565E-013
   30.054046600000000        3.7807127233171881E-013
   30.109148000000001        3.1083206988084393E-013
   30.164251300000000        3.8081586536300283E-013
   30.219352700000002        1.2117427960491012E-013
   30.274454100000000        5.0256141615029513E-015
   30.329555500000001        2.2143975287478753E-013
   30.384656900000000        4.4868205660755363E-014
   30.439758300000001       -4.2637743789805233E-014
   30.494859699999999        1.6269708749493452E-013
   30.549961100000001       -1.4347809029259562E-013
   30.605064400000000        5.6783987666841914E-014
   30.660165800000001        1.0044701077101763E-013
   30.715267200000000        4.9443549332073680E-014
   30.770368600000001        2.9936964771773979E-013
   30.825469999999999        1.5600719218376406E-013
   30.880571400000001       -1.8137193787310001E-014
   30.935672799999999        1.3300127137369938E-013
   30.990774200000001        2.4402497648672790E-013
   31.045875500000001        2.3187812425815990E-013
   31.100978900000001       -1.4998343796277658E-013
   31.156080200000002        1.7399789089874575E-013
   31.211181600000000        1.2084499997574166E-013
   31.266283000000001        6.3931282145285404E-014
   31.321384399999999        8.8394949920789613E-014
   31.376485800000001       -2.4357897411954426E-013
   31.431587199999999        1.4535595071285072E-013
   31.486688600000001        1.7109515794915654E-013
   31.541789999999999        1.1382417931280009E-013
   31.596893300000001       -1.5974655655666091E-013
   31.651994699999999        5.5103077492951722E-014
   31.707096100000001        2.6480401661428023E-013
   31.762197499999999        2.7326635137173876E-013
   31.817298900000001        3.1784234763681575E-013
   31.872400299999999       -5.4538628754653512E-014
   31.927501700000001        1.1891722145624514E-013
   31.982603099999999        1.6315689568393841E-013
   32.037704499999997        3.9830860594609216E-013
   32.092807800000003        2.5858735593471272E-013
   32.147907300000000        2.8063985073256720E-013
   32.203010599999999        3.4332275282870472E-013
   32.258110000000002        1.1129616515792663E-013
   32.313213300000001       -8.0164806361761011E-014
   32.368316700000001       -4.1748772397068350E-015
   32.423416099999997       -2.1743336656603928E-013
   32.478519400000003        2.5388282411723727E-013
   32.533618900000000        1.2845842578568329E-013
   32.588722199999999        8.6684678936324372E-014
   32.643821699999997        7.9752794024245864E-014
   32.698925000000003       -2.6720188580387266E-013
   32.754028300000002        1.9809851917551315E-013
   32.809127799999999        3.0694041898771329E-013
   32.864231099999998        1.3927618020731168E-013
   32.919330600000002       -1.1250629536407230E-013
   32.974433900000001        2.3659815651871235E-013
   33.029533399999998        6.9387337832165356E-014
   33.084636699999997        1.1658984955199827E-013
   33.139736200000002        3.3282014145448724E-013
   33.194839500000000        3.2465160496565418E-013
   33.249942799999999       -5.8420841238736872E-013
   33.305042299999997        2.9180224451909411E-013
   33.360145600000003       -2.4687666545311385E-013
   33.415245100000000        1.1255713937572267E-013
   33.470348399999999        8.6155794849926561E-014
   33.525447800000002       -2.5874654418573441E-013
   33.580551100000001       -3.1282663556171191E-014
   33.635650599999998       -5.7201245718036501E-014
   33.690753899999997       -2.2450066379086639E-013
   33.745857200000003        4.3899216658756698E-014
   33.800956700000000       -1.2652301380308414E-013
   33.856059999999999        2.5379232182238967E-013
   33.911159499999997        3.0085746427692770E-014
   33.966262800000003        3.6656211830853477E-013
   34.021362300000000       -5.6108878053103043E-014
   34.076465599999999       -2.8777034173302528E-013
   34.131565100000003        4.1148922022102298E-013
   34.186668400000002        1.9979599485982243E-013
   34.241771700000001        2.9319577141172265E-013
   34.296871199999998       -7.9627940812287729E-014
   34.351974499999997       -1.2178007742299688E-013
   34.407074000000001        1.8826975054001136E-013
   34.462177300000000        2.9879959493140846E-013
   34.517276799999998        5.8742448604964780E-014
   34.572380099999997       -2.6346869447466579E-013
   34.627479600000001        9.8214899984741947E-014
   34.682582900000000       -3.4114646831541652E-014
   34.737686199999999       -8.6978776644298956E-014
   34.792785600000002        6.3494587460367426E-014
   34.847888900000001       -7.5397768356589545E-013
   34.902988399999998       -9.4015615312811442E-015
   34.958091699999997       -2.8291650713185008E-013
   35.013191200000001        3.7107719288157124E-014
   35.068294500000000       -3.0259916362468950E-014
   35.123393999999998        1.7076262588885457E-014
   35.178497299999997       -5.2028515601354784E-015
   35.233600600000003       -1.6753022280658505E-013
   35.288700100000000       -2.8256096047380510E-013
   35.343803399999999       -7.0457591315959185E-014
   35.398902900000003       -9.8717481627065458E-014
   35.454006200000002        9.2853759843614341E-014
   35.509105699999999       -1.6877420058605102E-013
   35.564208999999998       -1.8289428719789898E-013
   35.619308500000002        3.0848403557730967E-013
   35.674411800000001        8.2809094062389736E-014
   35.729515100000000        3.5261441053972662E-013
   35.784614599999998       -9.2944043579743652E-014
   35.839717899999997        1.9465713087251005E-013
   35.894817400000001        3.3841010599634669E-013
   35.949920700000000       -1.7266577949286446E-013
   36.005020100000003        2.2352007035324342E-013
   36.060123400000002        1.2708175816853922E-014
   36.115226700000001        4.2067343209521428E-013
   36.170326199999998        3.1058756896034152E-013
   36.225429499999997        1.0758229352812395E-013
   36.280529000000001        1.0631909635106227E-013
   36.335632300000000       -1.8181282502211597E-013
   36.390731799999998        3.8931607245723196E-013
   36.445835099999996        2.8429870996904823E-013
   36.500934600000001       -4.4445397961478708E-013
   36.556037900000000        7.4928595975101293E-014
   36.611141199999999        2.7064821096621362E-013
   36.666240700000003       -1.1499574721638039E-013
   36.721344000000002       -2.5907271147312209E-013
   36.776443499999999        2.7282490070824431E-013
   36.831546799999998        1.4670187137003925E-013
   36.886646300000002        2.3745704738999358E-013
   36.941749600000001        3.9821381700975190E-013
   36.996849099999999        1.8509621560430938E-013
   37.051952399999998       -1.8314982477660714E-013
   37.107055699999997       -6.0579965978434859E-013
   37.162155200000001       -4.5965907942194371E-014
   37.217258500000000       -2.1910966788653456E-013
   37.272357900000003        3.1038194367112183E-013
   37.327461200000002       -8.3077548088548839E-014
   37.382560699999999       -9.1734390403952063E-014
   37.437663999999998       -4.0536300699417875E-014
   37.492763500000002       -8.8468651732009048E-014
   37.547866800000001       -1.0904140440099756E-013
   37.602970100000000       -2.0978323152741584E-013
   37.658069599999997       -2.1980522261694570E-014
   37.713172900000004       -7.8373520847995631E-014
   37.768272400000001       -2.2645308592318466E-014
   37.823375700000000        2.9019421939807638E-013
   37.878475199999997        1.6554406013499641E-013
   37.933578500000003        5.1385869192628036E-013
   37.988678000000000        2.2378423442396373E-013
   38.043781299999999        1.2095114722601388E-013
   38.098884599999998        4.3673836078111675E-013
   38.153984100000002        5.6064462854896030E-014
   38.209087400000001        1.3698193485790982E-015
   38.264186899999999       -4.2544440777100559E-013
   38.319290199999998        5.1930670896188887E-013
   38.374389600000001        2.5306479197036663E-013
   38.429493000000001        3.3415899192426733E-013
   38.484592399999997        1.5877702083704146E-013
   38.539695700000003        8.5384886867617044E-014
   38.594799000000002       -5.3549268616102563E-013
   38.649898499999999       -3.2478272230784670E-013
   38.705001799999998        3.6908216570845768E-014
   38.760101300000002        2.1884716424710234E-013
   38.815204600000001        3.3372381844808539E-013
   38.870304099999998        1.3660554581438433E-013
   38.925407399999997       -5.3794765782099355E-014
   38.980506900000002       -1.4378031666554027E-013
   39.035610200000001       -7.7974097623158156E-014
   39.090713500000000       -4.3734386368628973E-013
   39.145812999999997       -4.0035696080417217E-014
   39.200916300000003        9.7634911546300858E-014
   39.256015800000000       -7.1831420977099586E-013
   39.311119099999999        7.7443702482532091E-014
   39.366218600000003        3.0286516598225608E-013
   39.421321900000002       -2.2693654076897392E-013
   39.476425200000001        7.4619793712278700E-014
   39.531524699999999        1.2495793195613734E-013
   39.586627999999997       -1.3333103150052896E-013
   39.641727400000001        8.6993026871985982E-015
   39.696830700000000        2.7641286466734944E-013
   39.751930199999997        1.7724811712641973E-013
   39.807033500000003        3.3619373292491087E-013
   39.862133000000000        4.7987777770574171E-013
   39.917236299999999        2.7055948614747666E-013
   39.972339599999998       -1.2073248979489253E-013
   40.027439100000002        3.9756879230332397E-013
   40.082542400000001       -4.3033300216152350E-014
   40.137641899999998        1.2353878761915889E-013
   40.192745199999997       -1.2409167812623006E-013
   40.247844700000002       -1.2232091277106937E-013
   40.302948000000001        4.1154674202197607E-013
   40.358047499999998       -3.2837587830996979E-013
   40.413150799999997       -1.5117531094508507E-013
   40.468254100000003        2.6955329307851532E-013
   40.523353600000000       -1.8538685084234704E-013
   40.578456899999999        3.5104194417141560E-013
   40.633556400000003       -1.3928578474036535E-013
   40.688659700000002        9.5050961674705519E-014
   40.743759200000000       -4.3283694025824774E-013
   40.798862499999998        3.1125076853441021E-014
   40.853961900000002        2.0578007908889887E-013
   40.909065200000001       -2.3400722520065031E-013
   40.964168500000000        4.4393674628819398E-013
   41.019267999999997        4.5611201222691752E-013
   41.074371300000003        1.9244278459876304E-013
   41.129470800000000       -9.8680423883693354E-014
   41.184574099999999       -2.6207549284696808E-013
   41.239673600000003        3.5468649505174613E-013
   41.294776900000002       -2.5483378266470341E-013
   41.349876399999999       -5.7501943738761695E-015
   41.404979699999998       -1.6848113228763957E-013
   41.460082999999997       -3.4517601444244153E-013
   41.515182500000002       -2.5097309637434576E-013
   41.570285800000001       -9.4510341867819231E-014
   41.625385299999998       -5.2654079513230842E-013
   41.680488599999997        6.2491271550227514E-014
   41.735588100000001        1.6481723536039291E-013
   41.790691400000000       -1.4561795800318318E-013
   41.845790899999997       -2.5843082556955234E-013
   41.900894200000003        3.0891749513023954E-013
   41.955997500000002        3.3682262513316257E-013
   42.011096999999999        2.1597768892072732E-014
   42.066200299999998        3.6483149662003024E-013
   42.121299700000002        4.6423918216915506E-013
   42.176403000000001        1.8372177538001085E-013
   42.231502499999998        5.5319887054090091E-013
   42.286605799999997       -4.8367955647411716E-014
   42.341709100000003       -1.4314542243204754E-013
   42.396808600000000        7.2986556419828519E-014
   42.451911899999999       -1.6813284802003298E-013
   42.507011400000003       -5.9111073543528471E-013
   42.562114700000002       -2.2899026821399986E-013
   42.617214199999999       -3.0985594846210305E-014
   42.672317499999998       -8.0225436219906310E-013
   42.727417000000003        7.4680803524159062E-014
   42.782520300000002       -8.2326714725119606E-014
   42.837623600000001       -5.6497685321037957E-014
   42.892723099999998       -4.6877202631922099E-013
   42.947826399999997       -1.4741643072572708E-013
   43.002925900000001        1.0127541253403517E-013
   43.058029200000000        1.6272569874865784E-013
   43.113128699999997        3.2266888982941022E-013
   43.168232000000003       -3.9644193920531390E-013
   43.223331500000000       -6.0027911073685593E-014
   43.278434799999999        1.6343641170593490E-014
   43.333538099999998       -1.8894472916955799E-013
   43.388637500000002        3.3267176933276732E-013
   43.443740800000000       -4.8213160811197084E-013
   43.498840299999998       -3.3982976409384566E-013
   43.553943599999997        1.6483427805072493E-014
   43.609043100000001       -1.1412357044063319E-014
   43.664146400000000       -1.7002718567186557E-013
   43.719245899999997       -1.5193503469433619E-013
   43.774349200000003       -7.4547780345361200E-014
   43.829452500000002        1.9466507092392991E-013
   43.884551999999999        4.2730026454022059E-013
   43.939655299999998        1.4600494425064878E-013
   43.994754800000003       -4.8515075354449917E-014
   44.049858100000002        1.2942926161180350E-013
   44.104957599999999       -4.5158403277199737E-013
   44.160060899999998        2.8153493025897143E-014
   44.215160400000002        8.6950819694855666E-014
   44.270263700000001        4.5095416036511327E-013
   44.325367000000000        1.2135186602307956E-013
   44.380466499999997        3.5191161862640964E-013
   44.435569800000003       -7.3201486170951211E-014
   44.490669300000000       -6.4840316716359860E-013
   44.545772599999999       -3.8830299764529143E-013
   44.600872000000003        3.1942609036137839E-013
   44.655975300000001        1.1611760990963113E-013
   44.711074799999999        2.7559865372725280E-013
   44.766178099999998        1.3198144600391865E-013
   44.821281399999997       -1.2105127732256648E-013
   44.876380900000001        1.3775579296244616E-013
   44.931484200000000       -1.9011392010062541E-015
   44.986583699999997        4.8102674917753813E-014
   45.041687000000003        4.8173232404838743E-014
   45.096786500000000        2.1752305855247961E-013
   45.151889799999999       -4.8055219415819522E-013
   45.206989299999996       -1.8754206169384260E-013
   45.262092600000003       -7.3444406098811584E-014
   45.317195900000002        7.6203570859735833E-015
   45.372295399999999       -2.1827623282265975E-013
   45.427398699999998       -7.1631481973466508E-013
   45.482498200000002        1.1238200225681809E-013
   45.537601500000001       -1.5605128912498577E-013
   45.592700999999998       -4.2875595696058209E-013
   45.647804299999997       -3.1188160798173144E-013
   45.702907600000003        5.1918410616367783E-013
   45.758006999999999        1.0217474410494656E-013
   45.813110399999999       -6.3956855457039184E-013
   45.868209800000002        2.7766226711731516E-013
   45.923313100000001       -2.2717209000464880E-013
   45.978412599999999        3.2066251832148047E-013
   46.033515899999998        1.0922077193985380E-013
   46.088615400000002        5.3563749612277495E-013
   46.143718700000001        1.1637981348302209E-014
   46.198822000000000        2.1615959555850354E-013
   46.253921499999997        4.0525958142817568E-013
   46.309024800000003        1.4952705611651758E-013
   46.364124300000000        2.1413016383646627E-013
   46.419227599999999       -1.2775734628407438E-013
   46.474327099999996       -4.8000127505069551E-013
   46.529430400000003       -3.7580428510284403E-014
   46.584529900000000        2.4342828933593618E-013
   46.639633199999999        2.2449528131349142E-013
   46.694736499999998        4.3497316620389640E-013
   46.749836000000002        9.9285014618713037E-014
   46.804939300000001       -1.8654670913521180E-013
   46.860038799999998       -2.0158181023689791E-013
   46.915142099999997        8.2284651647678677E-014
   46.970241500000000        1.0792843888320075E-013
   47.025344799999999       -4.4982387872222761E-015
   47.080444300000003        2.6390549383391845E-013
   47.135547600000002       -9.3352960265092124E-014
   47.190650900000001        3.2762702813446773E-013
   47.245750399999999       -7.5145674608803342E-013
   47.300853699999998        2.9831975027560931E-013
   47.355953200000002        8.7785696814084855E-014
   47.411056500000001       -1.6818173315031898E-013
   47.466155999999998       -5.0071977044967650E-013
   47.521259299999997        6.4159629656723837E-015
   47.576358800000001       -5.8444100962478583E-014
   47.631462100000000       -5.4139884064787230E-013
   47.686565399999999        1.5291825234797228E-013
   47.741664900000004        1.9749239581567577E-013
   47.796768200000002       -3.4673989735670910E-013
   47.851867700000000        7.0673002001657343E-013
   47.906970999999999        3.7601090276385513E-013
   47.962070500000003        2.2898778130250547E-013
   48.017173800000002        1.3162163697110505E-013
   48.072273299999999        6.6666537119942364E-013
   48.127376599999998        8.7097935262758881E-013
   48.182479899999997        1.1654007127330294E-013
   48.237579300000000        3.6094149528336655E-013
   48.292682599999999        5.2572447160310210E-014
   48.347782100000003        6.3398834787111707E-013
   48.402885400000002        6.8260895595345813E-013
   48.457984900000000        1.6550433897542766E-013
   48.513088199999999       -8.2249861363479344E-013
   48.568187700000003       -8.1407480121323087E-014
   48.623291000000002       -4.0272990865371950E-014
   48.678394300000001        1.0965349894011923E-014
   48.733493799999998        7.0564157678168190E-014
   48.788597099999997       -3.7786051659094664E-013
   48.843696600000001       -7.1655883503197685E-013
   48.898799900000000        2.8899928883855011E-013
   48.953899399999997       -1.4837075577269476E-013
   49.009002700000003        1.4408963343149801E-013
   49.064106000000002        7.4581427924345722E-013
   49.119205500000000        3.5678516873663771E-013
   49.174308799999999        7.3981728199477428E-013
   49.229408300000003        1.0033442613701161E-013
   49.284511600000002       -3.1854406882656227E-013
   49.339611099999999       -7.2417489008566562E-014
   49.394714399999998       -3.0309265030358991E-013
   49.449813800000001        2.0866133199814889E-013
   49.504917100000000       -6.5779688447365775E-013
   49.560020399999999        1.9867235565635478E-013
   49.615119900000003       -1.6113555419374264E-013
   49.670223200000002        4.9607589835972377E-013
   49.725322700000000       -2.9704016597267517E-013
   49.780425999999999        8.2615103242327649E-013
   49.835525500000003        3.8065723451441677E-013
   49.890628800000002        1.1452118402430525E-012
   49.945728299999999        1.1378158701924171E-012
   50.000831599999998        4.1388676953328240E-013
   50.055934899999997        8.0935243638790754E-013
   50.111034400000001        5.8420619587620831E-013
   50.166137700000000        3.6655097120549508E-013
   50.221237199999997        4.0897797197736383E-013
   50.276340500000003        2.2978660595487850E-014
   50.331440000000001        4.1933952738882126E-013
   50.386543300000000        1.8932002318788415E-013
   50.441642799999997        1.5267035191800272E-014
   50.496746100000003        2.7180573035436725E-013
   50.551849400000002        1.3468640306933464E-013
   50.606948899999999        2.4341219606038843E-013
   50.662052199999998        2.7980191307131359E-013
   50.717151600000001        5.4209085261689154E-013
   50.772254900000000        9.4243834309249908E-013
   50.827354399999997        7.6278162201245146E-013
   50.882457700000003        1.2013810931159381E-013
   50.937557200000001        5.4271179640942216E-013
   50.992660500000000       -5.8708863820397220E-013
   51.047763799999998        3.9837805687855549E-013
   51.102863300000003        1.1659957387304167E-012
   51.157966600000002        6.6821779123349634E-013
   51.213066099999999        1.0957210814956318E-012
   51.268169399999998       -4.4781306252872836E-013
   51.323268900000002        2.0467368615203127E-013
   51.378372200000001       -2.8141371546722679E-015
   51.433471699999998        2.1563028757240850E-013
   51.488574999999997        7.4281694685136044E-013
   51.543678300000003        4.8638702212850350E-013
   51.598777800000001        4.4667685295138857E-013
   51.653881100000000        6.7443917458233622E-013
   51.708980599999997       -1.4418944715670405E-013
   51.764083900000003        8.7533688566097899E-013
   51.819183299999999        9.3185966640595113E-013
   51.874286699999999        1.0245695035623798E-012
   51.929386100000002        1.0671638305436599E-012
   51.984489400000001        9.2446627917060897E-013
   52.039592700000000        8.2745082810054309E-013
   52.094692199999997        1.1205103942725635E-012
   52.149795500000003        9.9140935119928157E-013
   52.204895000000000        8.2578070630553432E-015
   52.259998299999999        5.8007603654863034E-013
   52.315097799999997        1.2243699184535566E-012
   52.370201100000003        9.9447150152116632E-013
   52.425304400000002        8.0449047534856586E-013
   52.480403899999999        7.9486776654902441E-013
   52.535507199999998        3.7360907488174819E-013
   52.590606700000002       -4.4762720071122445E-013
   52.645710000000001       -1.2672175028132969E-012
   52.700809499999998        4.8508700394221496E-013
   52.755912799999997       -4.0848586341654590E-013
   52.811012300000002       -2.5721077999108772E-013
   52.866115600000001        5.3582283501316182E-013
   52.921218900000000        3.6073227056141226E-013
   52.976318399999997        1.4426332474863871E-013
   53.031421700000003        1.2747941156701107E-013
   53.086521099999999        8.6021166804906428E-013
   53.141624499999999        8.4359251922818863E-013
   53.196723900000002        4.1541838084615495E-013
   53.251827200000001       -3.9985366026626681E-013
   53.306926699999998        1.0592908501464724E-014
   53.362029999999997        3.2057401235205045E-013
   53.417133300000003       -8.8759755858572124E-013
   53.472232800000000        2.5340034489274376E-013
   53.527336099999999       -1.0641984647994809E-013
   53.582435599999997        4.2667648459655535E-013
   53.637538900000003       -4.3318880042184728E-013
   53.692638400000000        1.2814506898982583E-013
   53.747741699999999        6.9043916720376130E-013
   53.802841200000003        4.2482794518406743E-013
   53.857944500000002        3.9538144966559856E-013
   53.913047800000001        8.0286606539247151E-013
   53.968147299999998        4.1548662140047010E-013
   54.023250599999997       -3.5169205026306587E-014
   54.078350100000002        1.6898123809278836E-013
   54.133453400000000        1.0795335814666395E-012
   54.188552899999998        4.7004391522906728E-013
   54.243656199999997        5.1264054769326614E-013
   54.298755600000000        2.6780383926294577E-013
   54.353858899999999        1.3623515902181300E-013
   54.408962199999998       -6.0397214230889378E-013
   54.464061700000002       -4.2456337593039279E-013
   54.519165000000001       -8.9150461113362993E-013
   54.574264499999998       -8.3006955494603293E-013
   54.629367799999997       -4.6297267926712168E-013
   54.684467300000001       -6.1761158374372067E-013
   54.739570600000000        2.9189917328431329E-013
   54.794670099999998        1.5226485591883432E-013
   54.849773399999997        2.9766338626166463E-013
   54.904876700000003       -6.3412073653277138E-014
   54.959976200000000        2.2470383094096038E-013
   55.015079499999999        5.7231643245802588E-013
   55.070179000000003        9.9312573851748889E-015
   55.125282300000002        8.1879938952797727E-015
   55.180381799999999        6.7790483985798197E-013
   55.235485099999998        5.8054409297213085E-013
   55.290588399999997        1.1997522575847480E-013
   55.345687900000001        6.0558008042475252E-014
   55.400791200000000        1.1615349596870513E-013
   55.455890699999998       -1.4887010184228254E-013
   55.510993999999997        3.3880197513255616E-013
   55.566093400000000        1.7809059592005910E-013
   55.621196699999999       -9.3914033998731692E-013
   55.676296200000003        4.5764128808215431E-014
   55.731399500000002       -8.4840805170316509E-013
   55.786502800000001       -8.0070446625454166E-013
   55.841602299999998       -3.6140082499866525E-013
   55.896705599999997        2.9364255067868049E-013
   55.951805100000001        4.0445033030028589E-013
   56.006908400000000        7.1160387225843046E-013
   56.062007899999998       -8.5941552219345926E-014
   56.117111199999997        2.9514154718235750E-013
   56.172210700000001        2.9785420971161545E-013
   56.227314000000000        2.8866258287346835E-013
   56.282417299999999       -7.2325417088351161E-013
   56.337516800000003        4.9513228970055109E-013
   56.392620100000002       -1.9908110994114359E-014
   56.447719599999999        1.4812113358968940E-013
   56.502822899999998        2.0821003574766003E-013
   56.557922400000002       -6.4768790566634001E-013
