  0.18897266700000001       0.10765905302891310     
  0.24407428500000000       0.10767203084639322     
  0.29917588800000000       0.10760599160379015     
  0.35427752099999998       0.10739912335364499     
  0.40937912500000001       0.10712038212325098     
  0.46448072800000001       0.10676034748278115     
  0.51958233099999995       0.10626121039197711     
  0.57468396399999999       0.10563031914251864     
  0.62978559700000003       0.10491523328452215     
  0.68488717099999996       0.10411336412470433     
  0.73998880400000000       0.10318935420248240     
  0.79509043700000004       0.10222040216777990     
  0.85019201000000000       0.10109332633741221     
  0.90529364300000004        9.9922663569962891E-002
  0.96039527700000005        9.8600083471147071E-002
   1.0154968499999999        9.7252999286292580E-002
   1.0705984799999999        9.5781678925417724E-002
   1.1257001200000001        9.4210916533337616E-002
   1.1808017500000001        9.2601657789721736E-002
   1.2359033800000001        9.0904487031207917E-002
   1.2910048999999999        8.9136139174616463E-002
   1.3461065299999999        8.7223422399731035E-002
   1.4012081599999999        8.5293560204154240E-002
   1.4563098000000001        8.3296171414106959E-002
   1.5114114299999999        8.1212403712421194E-002
   1.5665130599999999        7.9015916692624394E-002
   1.6216145799999999        7.6783762941629113E-002
   1.6767162099999999        7.4465216848916660E-002
   1.7318178399999999        7.2082634661699840E-002
   1.7869194700000000        6.9582842214271912E-002
   1.8420211099999999        6.7097678304353217E-002
   1.8971227399999999        6.4484682255068232E-002
   1.9522242500000000        6.1797095647036775E-002
   2.0073258900000002        5.8972022976411416E-002
   2.0624275200000000        5.6163088342987166E-002
   2.1175291500000002        5.3259340167523962E-002
   2.1726307899999999        5.0217840501210559E-002
   2.2277324200000002        4.7170914929801126E-002
   2.2828340499999999        4.4054078630926301E-002
   2.3379356900000001        4.0753663889179705E-002
   2.3930373199999999        3.7440643925849816E-002
   2.4481387099999998        3.4085498549821659E-002
   2.5032403500000000        3.0568479541984925E-002
   2.5583419799999998        2.6982978858048578E-002
   2.6134436100000000        2.3331505908449075E-002
   2.6685452500000002        1.9573667944088949E-002
   2.7236468800000000        1.5717234302469487E-002
   2.7787485099999998        1.1806633847721047E-002
   2.8338501500000000        7.7728482786568872E-003
   2.8889517800000002        3.5689678455563421E-003
   2.9440534100000000       -6.3171207974443402E-004
   2.9991550400000002       -4.9884813233204584E-003
   3.0542566799999999       -9.4339425713232672E-003
   3.1093583100000002       -1.3956004543801300E-002
   3.1644597100000000       -1.8580402352170611E-002
   3.2195613399999998       -2.3387984024967601E-002
   3.2746629700000001       -2.8255093540773726E-002
   3.3297645999999999       -3.3297506448640941E-002
   3.3848662400000000       -3.8384080050827045E-002
   3.4399678699999998       -4.3609252518367059E-002
   3.4950695000000001       -4.8991899958771387E-002
   3.5501711399999998       -5.4465541234264774E-002
   3.6052727700000000       -6.0095233407391320E-002
   3.6603743999999998       -6.5834637188465883E-002
   3.7154760400000000       -7.1728576810013003E-002
   3.7705776700000002       -7.7740761157643765E-002
   3.8256790600000001       -8.3904202201721817E-002
   3.8807806999999999       -9.0214149889087894E-002
   3.9358823300000001       -9.6656534738346234E-002
   3.9909839599999999      -0.10327037946023220     
   4.0460858300000000      -0.11000625239302853     
   4.1011872299999999      -0.11693181129079928     
   4.1562886199999998      -0.12397331037841196     
   4.2113905000000003      -0.13118734021577033     
   4.2664918900000002      -0.13859071960660727     
   4.3215937599999998      -0.14612230191193387     
   4.3766951599999997      -0.15385555100638545     
   4.4317970300000002      -0.16175290088411179     
   4.4868984200000002      -0.16981165607183679     
   4.5420002899999998      -0.17800612031202265     
   4.5971016899999997      -0.18641890487211032     
   4.6522035600000002      -0.19497611837538054     
   4.7073049500000002      -0.20375787118908159     
   4.7624068299999998      -0.21268612807468354     
   4.8175082199999997      -0.22179867985060425     
   4.8726096200000004      -0.23104995201931947     
   4.9277114900000001      -0.24050809596568484     
   4.9828128800000000      -0.25016532627256094     
   5.0379147499999997      -0.25997977708192821     
   5.0930161500000004      -0.26997595152944970     
   5.1481180200000001      -0.28017753246209637     
   5.2032194100000000      -0.29052016343003373     
   5.2583212899999996      -0.30100290322834883     
   5.3134226800000004      -0.31169185571155245     
   5.3685245500000001      -0.32256411862813511     
   5.4236259499999999      -0.33356162586183474     
   5.4787278199999996      -0.34471751200192330     
   5.5338292100000004      -0.35609207831460843     
   5.5889306100000002      -0.36755085732016690     
   5.6440324799999999      -0.37917115072089258     
   5.6991338699999998      -0.39092047690559223     
   5.7542357400000004      -0.40285149730812325     
   5.8093371400000002      -0.41490052676038869     
   5.8644390099999999      -0.42700591120067427     
   5.9195404099999998      -0.43918840205816179     
   5.9746422800000003      -0.45166721885730649     
   6.0297436700000002      -0.46411676014758863     
   6.0848455399999999      -0.47666336420143157     
   6.1399469399999997      -0.48932107885733150     
   6.1950488100000003      -0.50204844787681013     
   6.2501502000000002      -0.51483402890281282     
   6.3052516000000001      -0.52767198955956607     
   6.3603534699999997      -0.54056085364298601     
   6.4154548599999996      -0.55347854654276174     
   6.4705567400000001      -0.56646486678050123     
   6.5256581300000001      -0.57949176331659580     
   6.5807599999999997      -0.59247759470931705     
   6.6358613999999996      -0.60547549410014112     
   6.6909632700000001      -0.61847557236751804     
   6.7460646600000000      -0.63146766321577052     
   6.8011665299999997      -0.64436786565980275     
   6.8562679299999996      -0.65731824524605842     
   6.9113693200000004      -0.67021355321999077     
   6.9664712000000000      -0.68301853288031056     
   7.0215725899999999      -0.69581937067654209     
   7.0766744600000004      -0.70849014602305493     
   7.1317758600000003      -0.72111011342758446     
   7.1868777300000000      -0.73365983578161775     
   7.2419791199999999      -0.74612220189982204     
   7.2970809900000004      -0.75850382495424562     
   7.3521823900000003      -0.77072488402213035     
   7.4072842600000000      -0.78289936514381253     
   7.4623856499999999      -0.79490252765934521     
   7.5174875300000004      -0.80680758872680991     
   7.5725889200000003      -0.81857992130698187     
   7.6276903200000001      -0.83023031686111559     
   7.6827921899999998      -0.84175696557157287     
   7.7378935799999997      -0.85309900471350630     
   7.7929954500000003      -0.86429037266842734     
   7.8480968500000001      -0.87539466085892381     
   7.9031987199999998      -0.88629870107407216     
   7.9583001099999997      -0.89705476261896933     
   8.0134019900000002      -0.90765433348034130     
   8.0685033799999992      -0.91806119923801621     
   8.1236047700000000      -0.92832458211758018     
   8.1787071200000003      -0.93843225336001690     
   8.2338085200000002      -0.94837021569163660     
   8.2889099099999992      -0.95811673077627768     
   8.3440113100000008      -0.96770794703013163     
   8.3991126999999999      -0.97712297205953347     
   8.4542150500000002      -0.98635083874611629     
   8.5093164399999992      -0.99543036046091826     
   8.5644178400000008       -1.0043386171930475     
   8.6195192299999999       -1.0130479709728619     
   8.6746215800000002       -1.0215984550924768     
   8.7297229800000000       -1.0299858451049921     
   8.7848243700000008       -1.0381878487244496     
   8.8399257700000007       -1.0462163445280905     
   8.8950281100000002       -1.0540796924909981     
   8.9501295100000000       -1.0617665293017322     
   9.0052309000000008       -1.0692945210761557     
   9.0603323000000007       -1.0766533538239367     
   9.1154336899999997       -1.0838363644809050     
   9.1705360400000000       -1.0908682575841380     
   9.2256374399999999       -1.0977247377261565     
   9.2807388300000007       -1.1044317479111272     
   9.3358402300000005       -1.1109711855319659     
   9.3909425700000000       -1.1173582209474442     
   9.4460439699999998       -1.1235805516727744     
   9.5011453600000007       -1.1296520308296176     
   9.5562467600000005        1.1355868378323313     
   9.6113481499999995        1.1413591341473814     
   9.6664504999999998        1.1469783788469730     
   9.7215518999999997        1.1524688898692672     
   9.7766532900000005        1.1578097248583026     
   9.8317546799999995        1.1629960067951179     
   9.8868570299999998        1.1680634932064673     
   9.9419584299999997        1.1729806037566408     
   9.9970598200000005        1.1777796021732176     
   10.052161200000000        1.1824524744504195     
   10.107263600000000        1.1869755979505172     
   10.162364999999999        1.1913832920589384     
   10.217466399999999        1.1956691532379820     
   10.272567700000000        1.1998247656832453     
   10.327669100000000        1.2038695120606044     
   10.382771500000000        1.2077915515270388     
   10.437872900000000        1.2116096845249376     
   10.492974300000000        1.2153007580195982     
   10.548075700000000        1.2188878358428856     
   10.603178000000000        1.2223663593420109     
   10.658279400000000        1.2257430005497194     
   10.713380799999999        1.2290172163897635     
   10.768482199999999        1.2321877832371011     
   10.823584600000000        1.2352547882782141     
   10.878686000000000        1.2382345686890459     
   10.933787300000001        1.2411123289904202     
   10.988888700000000        1.2439022445191950     
   11.043990100000000        1.2466081629262697     
   11.099092499999999        1.2492076785815762     
   11.154193899999999        1.2517377237472616     
   11.209295300000001        1.2541860656071282     
   11.264396700000001        1.2565396660511861     
   11.319499000000000        1.2588195726449352     
   11.374600400000000        1.2610158208808657     
   11.429701800000000        1.2631448567954038     
   11.484803200000000        1.2652015226728988     
   11.539905500000000        1.2671897418431612     
   11.595006900000000        1.2690942939194720     
   11.650108299999999        1.2709477871789943     
   11.705209699999999        1.2727165143165295     
   11.760311099999999        1.2744212214219670     
   11.815413500000000        1.2760790070302266     
   11.870514900000000        1.2776665461670333     
   11.925616300000000        1.2791982714356553     
   11.980717700000000        1.2806627400570421     
   12.035819999999999        1.2820828737258811     
   12.090921399999999        1.2834355771991086     
   12.146022800000001        1.2847408758329140     
   12.201124200000001        1.2859876898891796     
   12.256226500000000        1.2871948199531378     
   12.311327900000000        1.2883503573743231     
   12.366429300000000        1.2894592344304763     
   12.421530700000000        1.2905219606565566     
   12.476632100000000        1.2915413447507966     
   12.531734500000001        1.2925064474670032     
   12.586835900000001        1.2934369309154374     
   12.641937300000000        1.2943375749343604     
   12.697038700000000        1.2951832454899939     
   12.752141000000000        1.2959973859023954     
   12.807242400000000        1.2967697430770653     
   12.862343800000000        1.2975148300108545     
   12.917445200000000        1.2982221840987453     
   12.972547499999999        1.2988822875910269     
   13.027648900000001        1.2995205042547620     
   13.082750300000001        1.3001261108696140     
   13.137851700000001        1.3007095433538205     
   13.192953100000000        1.3012592836362558     
   13.248055500000000        1.3017735250749209     
   13.303156899999999        1.3022673347795157     
   13.358258200000000        1.3027235188456847     
   13.413359600000000        1.3031650820716940     
   13.468462000000001        1.3035761719496013     
   13.523563400000000        1.3039709526274825     
   13.578664800000000        1.3043370843633044     
   13.633766200000000        1.3046782930866199     
   13.688868500000000        1.3050006462447927     
   13.743969900000000        1.3052946642296070     
   13.799071300000000        1.3055821290525218     
   13.854172699999999        1.3058555255780313     
   13.909274099999999        1.3060929584978989     
   13.964376400000001        1.3063171837060266     
   14.019477800000001        1.3065198809899368     
   14.074579200000001        1.3067154231667364     
   14.129680600000000        1.3068974837394651     
   14.184782999999999        1.3070626221649420     
   14.239884399999999        1.3072090060769423     
   14.294985799999999        1.3073328051491804     
   14.350087200000001        1.3074577708231934     
   14.405188600000001        1.3075652665162312     
   14.460290900000000        1.3076532908763880     
   14.515392300000000        1.3077434056163375     
   14.570493700000000        1.3078078046695281     
   14.625595100000000        1.3078741094745485     
   14.680697400000000        1.3079199152774799     
   14.735798800000000        1.3079597440824775     
   14.790900199999999        1.3079944333250582     
   14.846001599999999        1.3080215410021392     
   14.901104000000000        1.3080293609325866     
   14.956205400000000        1.3080378240609849     
   15.011306800000000        1.3080223467510050     
   15.066408200000000        1.3080192865222646     
   15.121509600000000        1.3079967249435824     
   15.176611899999999        1.3079847341970914     
   15.231713299999999        1.3079522469012295     
   15.286814700000001        1.3079052549006234     
   15.341916100000001        1.3078721980036596     
   15.397018400000000        1.3078279308993563     
   15.452119800000000        1.3077666440888258     
   15.507221200000000        1.3077131955871122     
   15.562322600000000        1.3076564536610795     
   15.617425000000001        1.3075857953524195     
   15.672526400000001        1.3075240270079220     
   15.727627800000000        1.3074373479059973     
   15.782729099999999        1.3073646068443432     
   15.837830500000001        1.3072801504916194     
   15.892932900000000        1.3072043717718278     
   15.948034300000000        1.3071074372291354     
   16.003135700000001        1.3070203246805274     
   16.058237099999999        1.3069301134100830     
   16.113338500000001        1.3068355430114349     
   16.168439899999999        1.3067572206917601     
   16.223543200000002        1.3066431403296230     
   16.278644600000000        1.3065459342595218     
   16.333746000000001        1.3064570800436954     
   16.388847400000000        1.3063362632818178     
   16.443948700000000        1.3062420417559619     
   16.499050100000002        1.3061343595267347     
   16.554151500000000        1.3060263076992384     
   16.609252900000001        1.3059243695300033     
   16.664354299999999        1.3058172246619255     
   16.719457599999998        1.3057136112997556     
   16.774559000000000        1.3056016431552371     
   16.829660400000002        1.3055022226922959     
   16.884761800000000        1.3053847700532584     
   16.939863200000001        1.3052754931944281     
   16.994964599999999        1.3051613523065262     
   17.050066000000001        1.3050562718271286     
   17.105167399999999        1.3049538466414508     
   17.160268800000001        1.3048616590075732     
   17.215372100000000        1.3047433665731207     
   17.270473500000001        1.3046198617825768     
   17.325574899999999        1.3045313138429753     
   17.380676300000001        1.3044256953357514     
   17.435777699999999        1.3043061713116650     
   17.490879100000001        1.3042090820978518     
   17.545980499999999        1.3041030162148224     
   17.601081799999999        1.3040073116816788     
   17.656185199999999        1.3038945351323312     
   17.711286500000000        1.3037901409914188     
   17.766387900000002        1.3036940496157856     
   17.821489300000000        1.3035905597618453     
   17.876590700000001        1.3035014051805252     
   17.931692099999999        1.3033908997564791     
   17.986793500000001        1.3033068781922275     
   18.041894899999999        1.3031961715787324     
   18.096996300000001        1.3031113217652095     
   18.152099600000000        1.3030129608668470     
   18.207201000000001        1.3029261601766835     
   18.262302399999999        1.3028349494344553     
   18.317403800000001        1.3027409908462282     
   18.372505199999999        1.3026560692987832     
   18.427606600000001        1.3025668865354327     
   18.482707999999999        1.3024707244307714     
   18.537809400000000        1.3023930260027052     
   18.592910799999999        1.3023146252009001     
   18.648014100000001        1.3022171853685249     
   18.703115499999999        1.3021478199664485     
   18.758216900000001        1.3020616946159120     
   18.813318299999999        1.3019730213668139     
   18.868419599999999        1.3019036684747234     
   18.923521000000001        1.3018401942617683     
   18.978622399999999        1.3017525423771075     
   19.033723800000001        1.3016725018749515     
   19.088827100000000        1.3016149038619607     
   19.143928500000001        1.3015434413584326     
   19.199029899999999        1.3014646612213954     
   19.254131300000001        1.3013948862426450     
   19.309232699999999        1.3013406153953806     
   19.364334100000001        1.3012813232539768     
   19.419435499999999        1.3012015844546403     
   19.474536900000000        1.3011392713036805     
   19.529638299999998        1.3010771745932925     
   19.584741600000001        1.3010292900548821     
   19.639842999999999        1.3009689933497164     
   19.694944400000001        1.3008954632729319     
   19.750045799999999        1.3008389105787117     
   19.805147200000000        1.3007857200595632     
   19.860248599999998        1.3007356528102487     
   19.915350000000000        1.3006712325954644     
   19.970451400000002        1.3006295879851641     
   20.025552699999999        1.3005792209319176     
   20.080656099999999        1.3005098924880767     
   20.135757399999999        1.3004712817683020     
   20.190858800000001        1.3004250395650374     
   20.245960199999999        1.3003672122439756     
   20.301061600000001        1.3003197070670407     
   20.356162999999999        1.3002810254214121     
   20.411264400000000        1.3002384483721916     
   20.466365799999998        1.3002188930080019     
   20.521469100000001        1.3001561865926288     
   20.576570499999999        1.3001177646412818     
   20.631671900000001        1.3000848428860323     
   20.686773299999999        1.3000413110090885     
   20.741874700000000        1.3000012466750157     
   20.796976099999998        1.2999568080630957     
   20.852077500000000        1.2999257839940730     
   20.907178900000002        1.2998915361836489     
   20.962280300000000        1.2998533349594357     
   21.017383599999999        1.2998170601309298     
   21.072485000000000        1.2997906964620782     
   21.127586399999998        1.2997606832104835     
   21.182687800000000        1.2997404193614839     
   21.237789200000002        1.2997044050831938     
   21.292890499999999        1.2996753336856115     
   21.347991900000000        1.2996432808809442     
   21.403093299999998        1.2996100183125017     
   21.458194700000000        1.2995992312164184     
   21.513297999999999        1.2995596119200672     
   21.568399400000001        1.2995339278185398     
   21.623500799999999        1.2995031164218889     
   21.678602200000000        1.2995047416839884     
   21.733703599999998        1.2994767691374067     
   21.788805000000000        1.2994420383214274     
   21.843906400000002        1.2994382465427410     
   21.899007800000000        1.2993980111195111     
   21.954109200000001        1.2993880317095288     
   22.009212500000000        1.2993583692321515     
   22.064313899999998        1.2993350995195418     
   22.119415300000000        1.2993302922939962     
   22.174516700000002        1.2993168997210023     
   22.229618100000000        1.2992873050448228     
   22.284719500000001        1.2992731221195084     
   22.339820899999999        1.2992656039086792     
   22.394922300000001        1.2992390319673637     
   22.450025600000000        1.2992082187067862     
   22.505127000000002        1.2992004306891212     
   22.560228299999999        1.2991993361973750     
   22.615329700000000        1.2991856819960557     
   22.670431099999998        1.2991634406190797     
   22.725532500000000        1.2991506109251416     
   22.780633900000002        1.2991329974186878     
   22.835735300000000        1.2991277803382915     
   22.890836700000001        1.2991158378288958     
   22.945940000000000        1.2991077926340631     
   23.001041399999998        1.2991051879091795     
   23.056142800000000        1.2990737727862631     
   23.111244200000002        1.2990777083743834     
   23.166345600000000        1.2990752457943173     
   23.221447000000001        1.2990573628192374     
   23.276548399999999        1.2990380568789910     
   23.331649800000001        1.2990416931225510     
   23.386751199999999        1.2990355068277069     
   23.441854500000002        1.2990276647659253     
   23.496955900000000        1.2990158077857661     
   23.552057300000001        1.2990139496275197     
   23.607158699999999        1.2990069832734426     
   23.662260100000001        1.2989877503974705     
   23.717361499999999        1.2989868331491008     
   23.772462800000000        1.2989880129910956     
   23.827564200000001        1.2989787419812162     
   23.882667500000000        1.2989769999063658     
   23.937768899999998        1.2989608437699121     
   23.992870300000000        1.2989689519806555     
   24.047971700000002        1.2989583579799078     
   24.103073100000000        1.2989341207049721     
   24.158174500000001        1.2989634596640167     
   24.213275899999999        1.2989416823777165     
   24.268377300000001        1.2989311058206088     
   24.323478699999999        1.2989319739786771     
   24.378582000000002        1.2989413266302454     
   24.433683400000000        1.2989366520029217     
   24.488784800000001        1.2989312413199989     
   24.543886199999999        1.2989218259006712     
   24.598987600000001        1.2989263163507636     
   24.654088999999999        1.2989117537269601     
   24.709190400000001        1.2989255515052964     
   24.764291799999999        1.2989281432427384     
   24.819393200000000        1.2989140721955534     
   24.874496499999999        1.2989100626884125     
   24.929597900000001        1.2989258124965251     
   24.984699200000001        1.2989074269382932     
   25.039800600000000        1.2989216520006432     
   25.094902000000001        1.2989156317607795     
   25.150003399999999        1.2989080353228697     
   25.205104800000001        1.2989104956851918     
   25.260206199999999        1.2989011983475895     
   25.315307600000001        1.2989005037458159     
   25.370410900000000        1.2989164803166164     
   25.425512300000001        1.2989157827023221     
   25.480613699999999        1.2988911155566232     
   25.535715100000001        1.2989012396302382     
   25.590816499999999        1.2989077516481937     
   25.645917900000001        1.2989081441705357     
   25.701019299999999        1.2988980718889998     
   25.756120700000000        1.2989075587672863     
   25.811223999999999        1.2989070644007015     
   25.866325400000001        1.2989050910067637     
   25.921426799999999        1.2989037852073031     
   25.976528200000001        1.2989061831965321     
   26.031629599999999        1.2989234992901910     
   26.086731000000000        1.2989121821008118     
   26.141832399999998        1.2989276488661918     
   26.196933699999999        1.2989139838422896     
   26.252035100000001        1.2989094952373623     
   26.307138399999999        1.2989274980223138     
   26.362239800000001        1.2989166105595262     
   26.417341199999999        1.2989207326554884     
   26.472442600000001        1.2989233683726893     
   26.527543999999999        1.2989232008125999     
   26.582645400000001        1.2989139663501359     
   26.637746799999999        1.2989266531778385     
   26.692848200000000        1.2989288212311210     
   26.747949599999998        1.2989336158953753     
   26.803052900000001        1.2989328657496741     
   26.858154299999999        1.2989201410347020     
   26.913255700000001        1.2989345366794409     
   26.968357099999999        1.2989279132598299     
   27.023458500000000        1.2989254914704131     
   27.078559899999998        1.2989237583342148     
   27.133661300000000        1.2989386016456268     
   27.188762700000002        1.2989313463234746     
   27.243866000000001        1.2989303862654198     
   27.298967399999999        1.2989426818621848     
   27.354068800000000        1.2989440830427692     
   27.409170199999998        1.2989560446219268     
   27.464271499999999        1.2989365784459643     
   27.519372900000000        1.2989416166860284     
   27.574474299999999        1.2989514156043489     
   27.629575700000000        1.2989613495502361     
   27.684677099999998        1.2989558157143763     
   27.739780400000001        1.2989591965687801     
   27.794881799999999        1.2989669130240122     
   27.849983200000000        1.2989682561475198     
   27.905084599999999        1.2989662299114524     
   27.960186000000000        1.2989521507330737     
   28.015287399999998        1.2989653643668455     
   28.070388800000000        1.2989645972796149     
   28.125490200000002        1.2989642406368198     
   28.180591600000000        1.2989442875873902     
   28.235694899999999        1.2989711838081190     
   28.290796300000000        1.2989781859963461     
   28.345897699999998        1.2989747984107032     
   28.400999100000000        1.2989713121411779     
   28.456100500000002        1.2989625711334924     
   28.511201900000000        1.2989852589612574     
   28.566303300000001        1.2989772006321303     
   28.621404600000002        1.2989742770275607     
   28.676507900000001        1.2989715472828585     
   28.731609299999999        1.2989901425056560     
   28.786710700000000        1.2989815351239082     
   28.841812099999999        1.2989773579210970     
   28.896913500000000        1.2989852628484850     
   28.952014900000002        1.2989844563369710     
   29.007116300000000        1.2989969346132597     
   29.062217700000001        1.2989815474245472     
   29.117319100000000        1.2989908249021846     
   29.172422399999999        1.2989857399612703     
   29.227523800000000        1.2990003760508886     
   29.282625199999998        1.2989795006972225     
   29.337726600000000        1.2989981371197028     
   29.392828000000002        1.2990044892047412     
   29.447929400000000        1.2990102230038154     
   29.503030800000001        1.2989976365111446     
   29.558132199999999        1.2990109915463015     
   29.613233600000001        1.2990126939401117     
   29.668336900000000        1.2990003274499402     
   29.723438300000002        1.2990119629756560     
   29.778539700000000        1.2990062158282798     
   29.833641100000001        1.2990269876212659     
   29.888742400000002        1.2990164845100549     
   29.943843800000000        1.2990258137267074     
   29.998945200000001        1.2990082128246685     
   30.054046600000000        1.2990296763966238     
   30.109148000000001        1.2990090945834389     
   30.164251300000000        1.2990130660234280     
   30.219352700000002        1.2990156059790687     
   30.274454100000000        1.2990207516917214     
   30.329555500000001        1.2990266035289568     
   30.384656900000000        1.2990164154864394     
   30.439758300000001        1.2990306370423075     
   30.494859699999999        1.2990173689852387     
   30.549961100000001        1.2990302941222533     
   30.605064400000000        1.2990197511013670     
   30.660165800000001        1.2990384472536514     
   30.715267200000000        1.2990407733250213     
   30.770368600000001        1.2990316336471943     
   30.825469999999999        1.2990325042087238     
   30.880571400000001        1.2990390226197048     
   30.935672799999999        1.2990291781678105     
   30.990774200000001        1.2990421061061832     
   31.045875500000001        1.2990129675371567     
   31.100978900000001        1.2990375343034444     
   31.156080200000002        1.2990356135311074     
   31.211181600000000        1.2990388743871166     
   31.266283000000001        1.2990459481496333     
   31.321384399999999        1.2990401962770031     
   31.376485800000001        1.2990287926241202     
   31.431587199999999        1.2990362973261425     
   31.486688600000001        1.2990279786046326     
   31.541789999999999        1.2990384915362434     
   31.596893300000001        1.2990442925497652     
   31.651994699999999        1.2990431083037648     
   31.707096100000001        1.2990487627391676     
   31.762197499999999        1.2990576550094495     
   31.817298900000001        1.2990422307700600     
   31.872400299999999        1.2990417300481651     
   31.927501700000001        1.2990473371494742     
   31.982603099999999        1.2990454888772691     
   32.037704499999997        1.2990527914409855     
   32.092807800000003        1.2990404285401269     
   32.147907300000000        1.2990455899113789     
   32.203010599999999        1.2990481315511024     
   32.258110000000002        1.2990321811349970     
   32.313213300000001        1.2990633308630974     
   32.368316700000001        1.2990371211674832     
   32.423416099999997        1.2990666124770696     
   32.478519400000003        1.2990470551965514     
   32.533618900000000        1.2990505424217753     
   32.588722199999999        1.2990491523280450     
   32.643821699999997        1.2990571479037918     
   32.698925000000003        1.2990542147788415     
   32.754028300000002        1.2990633939404772     
   32.809127799999999        1.2990507697278315     
   32.864231099999998        1.2990442463073457     
   32.919330600000002        1.2990402095525448     
   32.974433900000001        1.2990531117342214     
   33.029533399999998        1.2990452314212300     
   33.084636699999997        1.2990505851788294     
   33.139736200000002        1.2990545522862851     
   33.194839500000000        1.2990486134796011     
   33.249942799999999        1.2990527758155501     
   33.305042299999997        1.2990530540832341     
   33.360145600000003        1.2990495512277935     
   33.415245100000000        1.2990484814594545     
   33.470348399999999        1.2990529154178683     
   33.525447800000002        1.2990612449315446     
   33.580551100000001        1.2990612641486838     
   33.635650599999998        1.2990435115450800     
   33.690753899999997        1.2990569502837017     
   33.745857200000003        1.2990599818072233     
   33.800956700000000        1.2990627397918688     
   33.856059999999999        1.2990512719336196     
   33.911159499999997        1.2990468391017387     
   33.966262800000003        1.2990468788534206     
   34.021362300000000        1.2990451674034491     
   34.076465599999999        1.2990446354008447     
   34.131565100000003        1.2990601526169476     
   34.186668400000002        1.2990397645493243     
   34.241771700000001        1.2990559248100413     
   34.296871199999998        1.2990530544764691     
   34.351974499999997        1.2990544581642263     
   34.407074000000001        1.2990528705385218     
   34.462177300000000        1.2990329853261060     
   34.517276799999998        1.2990446050488156     
   34.572380099999997        1.2990515193959613     
   34.627479600000001        1.2990417307151718     
   34.682582900000000        1.2990525566341129     
   34.737686199999999        1.2990406840350319     
   34.792785600000002        1.2990455891930566     
   34.847888900000001        1.2990407596594626     
   34.902988399999998        1.2990525111705087     
   34.958091699999997        1.2990367360534321     
   35.013191200000001        1.2990469127929332     
   35.068294500000000        1.2990521240935096     
   35.123393999999998        1.2990535263372365     
   35.178497299999997        1.2990503974507561     
   35.233600600000003        1.2990424950357364     
   35.288700100000000        1.2990442025842837     
   35.343803399999999        1.2990413867726334     
   35.398902900000003        1.2990540816191738     
   35.454006200000002        1.2990407436347460     
   35.509105699999999        1.2990453037326168     
   35.564208999999998        1.2990266880720227     
   35.619308500000002        1.2990370035078076     
   35.674411800000001        1.2990268314612048     
   35.729515100000000        1.2990352645265217     
   35.784614599999998        1.2990419407550384     
   35.839717899999997        1.2990490673641530     
   35.894817400000001        1.2990374059469836     
   35.949920700000000        1.2990234281763782     
   36.005020100000003        1.2990264141224419     
   36.060123400000002        1.2990288563482935     
   36.115226700000001        1.2990242758116486     
   36.170326199999998        1.2990298052705236     
   36.225429499999997        1.2990339418783869     
   36.280529000000001        1.2990262857765129     
   36.335632300000000        1.2990249267415077     
   36.390731799999998        1.2990265154329610     
   36.445835099999996        1.2990226449969220     
   36.500934600000001        1.2990367829740128     
   36.556037900000000        1.2990254817581861     
   36.611141199999999        1.2990370151094190     
   36.666240700000003        1.2990320314233650     
   36.721344000000002        1.2990217692273560     
   36.776443499999999        1.2990338708683995     
   36.831546799999998        1.2990175692513390     
   36.886646300000002        1.2990138583120523     
   36.941749600000001        1.2990297525226238     
   36.996849099999999        1.2990120808906751     
   37.051952399999998        1.2990167655529947     
   37.107055699999997        1.2990038358877554     
   37.162155200000001        1.2990082881504608     
   37.217258500000000        1.2990098114806043     
   37.272357900000003        1.2990098469821747     
   37.327461200000002        1.2990079652529400     
   37.382560699999999        1.2990024802251787     
   37.437663999999998        1.2990168512806877     
   37.492763500000002        1.2990028444761941     
   37.547866800000001        1.2990055811821530     
   37.602970100000000        1.2990113626306763     
   37.658069599999997        1.2990198698542652     
   37.713172900000004        1.2990136401888575     
   37.768272400000001        1.2989904448034335     
   37.823375700000000        1.2990090882496350     
   37.878475199999997        1.2990126281313832     
   37.933578500000003        1.2989998256246587     
   37.988678000000000        1.2989870784658624     
   38.043781299999999        1.2989922193306704     
   38.098884599999998        1.2989931641321186     
   38.153984100000002        1.2989921973565584     
   38.209087400000001        1.2989834232604269     
   38.264186899999999        1.2989887286042947     
   38.319290199999998        1.2989964513827204     
   38.374389600000001        1.2989845400183737     
   38.429493000000001        1.2989834509619449     
   38.484592399999997        1.2989881466771125     
   38.539695700000003        1.2989822807598246     
   38.594799000000002        1.2989920047040362     
   38.649898499999999        1.2989948926734136     
   38.705001799999998        1.2989768634071446     
   38.760101300000002        1.2989812126909230     
   38.815204600000001        1.2989752932531737     
   38.870304099999998        1.2989815103134146     
   38.925407399999997        1.2989829301344278     
   38.980506900000002        1.2989767374146663     
   39.035610200000001        1.2989873037240920     
   39.090713500000000        1.2989644267216083     
   39.145812999999997        1.2989759453446348     
   39.200916300000003        1.2989747714767870     
   39.256015800000000        1.2989655897449697     
   39.311119099999999        1.2989731697546134     
   39.366218600000003        1.2989611419424876     
   39.421321900000002        1.2989707871432847     
   39.476425200000001        1.2989691414020428     
   39.531524699999999        1.2989556941651865     
   39.586627999999997        1.2989496965624028     
   39.641727400000001        1.2989590247311702     
   39.696830700000000        1.2989587153061657     
   39.751930199999997        1.2989651222166814     
   39.807033500000003        1.2989628150425072     
   39.862133000000000        1.2989526758472241     
   39.917236299999999        1.2989531803899770     
   39.972339599999998        1.2989589321200219     
   40.027439100000002        1.2989553516140793     
   40.082542400000001        1.2989432634267428     
   40.137641899999998        1.2989506076536999     
   40.192745199999997        1.2989503407595213     
   40.247844700000002        1.2989588335474138     
   40.302948000000001        1.2989464970957936     
   40.358047499999998        1.2989386355283894     
   40.413150799999997        1.2989326404875405     
   40.468254100000003        1.2989431979519268     
   40.523353600000000        1.2989338431682256     
   40.578456899999999        1.2989381389709262     
   40.633556400000003        1.2989433866013433     
   40.688659700000002        1.2989328783037470     
   40.743759200000000        1.2989267826533886     
   40.798862499999998        1.2989247268739141     
   40.853961900000002        1.2989314191687156     
   40.909065200000001        1.2989258683791187     
   40.964168500000000        1.2989152780972011     
   41.019267999999997        1.2989213760498497     
   41.074371300000003        1.2989253532053859     
   41.129470800000000        1.2989260270832488     
   41.184574099999999        1.2989093547140775     
   41.239673600000003        1.2989108531758924     
   41.294776900000002        1.2989140612625882     
   41.349876399999999        1.2988973192268614     
   41.404979699999998        1.2989023112934330     
   41.460082999999997        1.2989224005932440     
   41.515182500000002        1.2989071308222768     
   41.570285800000001        1.2989038232016596     
   41.625385299999998        1.2989027488843057     
   41.680488599999997        1.2989068220350952     
   41.735588100000001        1.2989206445158765     
   41.790691400000000        1.2988927352714079     
   41.845790899999997        1.2989031823719279     
   41.900894200000003        1.2989088163591900     
   41.955997500000002        1.2989025505397618     
   42.011096999999999        1.2989086622317114     
   42.066200299999998        1.2988924567408708     
   42.121299700000002        1.2988920061454881     
   42.176403000000001        1.2988863725067816     
   42.231502499999998        1.2988970029732176     
   42.286605799999997        1.2988834833384726     
   42.341709100000003        1.2988770767808229     
   42.396808600000000        1.2988882007212634     
   42.451911899999999        1.2988789696132299     
   42.507011400000003        1.2988912458245059     
   42.562114700000002        1.2988880883956713     
   42.617214199999999        1.2988756928767293     
   42.672317499999998        1.2988807373530953     
   42.727417000000003        1.2988826961001945     
   42.782520300000002        1.2988781007794368     
   42.837623600000001        1.2988685501005812     
   42.892723099999998        1.2988543373873698     
   42.947826399999997        1.2988742189731743     
   43.002925900000001        1.2988583628306178     
   43.058029200000000        1.2988689422728177     
   43.113128699999997        1.2988610678523720     
   43.168232000000003        1.2988591908361993     
   43.223331500000000        1.2988582849694639     
   43.278434799999999        1.2988579612656930     
   43.333538099999998        1.2988466123781741     
   43.388637500000002        1.2988577247205313     
   43.443740800000000        1.2988429378283375     
   43.498840299999998        1.2988514522087897     
   43.553943599999997        1.2988578642049200     
   43.609043100000001        1.2988492831234542     
   43.664146400000000        1.2988488523484654     
   43.719245899999997        1.2988279813083032     
   43.774349200000003        1.2988457099444983     
   43.829452500000002        1.2988370371690141     
   43.884551999999999        1.2988438497958141     
   43.939655299999998        1.2988310440891859     
   43.994754800000003        1.2988400659935166     
   44.049858100000002        1.2988354795764880     
   44.104957599999999        1.2988370192853744     
   44.160060899999998        1.2988359812512649     
   44.215160400000002        1.2988316525505690     
   44.270263700000001        1.2988311561397441     
   44.325367000000000        1.2988185953398388     
   44.380466499999997        1.2988248836315315     
   44.435569800000003        1.2988178154968990     
   44.490669300000000        1.2988143397898118     
   44.545772599999999        1.2988092466950640     
   44.600872000000003        1.2988097039172066     
   44.655975300000001        1.2988145798888417     
   44.711074799999999        1.2988169708161232     
   44.766178099999998        1.2988109227709612     
   44.821281399999997        1.2988008918480036     
   44.876380900000001        1.2988021621213657     
   44.931484200000000        1.2988014510204389     
   44.986583699999997        1.2988016825929973     
   45.041687000000003        1.2987875815283130     
   45.096786500000000        1.2987936435873371     
   45.151889799999999        1.2988099425987716     
   45.206989299999996        1.2987952502437661     
   45.262092600000003        1.2987877755172619     
   45.317195900000002        1.2987924375560727     
   45.372295399999999        1.2987882065834855     
   45.427398699999998        1.2987860192530671     
   45.482498200000002        1.2987700607029498     
   45.537601500000001        1.2987885894733524     
   45.592700999999998        1.2987803924594337     
   45.647804299999997        1.2987894976645808     
   45.702907600000003        1.2987756433119746     
   45.758006999999999        1.2987859810973652     
   45.813110399999999        1.2987747486285983     
   45.868209800000002        1.2987732892210337     
   45.923313100000001        1.2987734575554113     
   45.978412599999999        1.2987710697073276     
   46.033515899999998        1.2987626240447891     
   46.088615400000002        1.2987731814736028     
   46.143718700000001        1.2987560547840886     
   46.198822000000000        1.2987579020601270     
   46.253921499999997        1.2987505311344751     
   46.309024800000003        1.2987595440470745     
   46.364124300000000        1.2987572079075334     
   46.419227599999999        1.2987557689097198     
   46.474327099999996        1.2987485762544995     
   46.529430400000003        1.2987451459238926     
   46.584529900000000        1.2987396131099096     
   46.639633199999999        1.2987346721769513     
   46.694736499999998        1.2987342621553652     
   46.749836000000002        1.2987442459502563     
   46.804939300000001        1.2987413374920027     
   46.860038799999998        1.2987399588163122     
   46.915142099999997        1.2987371077486956     
   46.970241500000000        1.2987383129062497     
   47.025344799999999        1.2987293217070053     
   47.080444300000003        1.2987271412514456     
   47.135547600000002        1.2987207448814755     
   47.190650900000001        1.2987264232521609     
   47.245750399999999        1.2987187017311936     
   47.300853699999998        1.2987161205019129     
   47.355953200000002        1.2987161649397048     
   47.411056500000001        1.2987022421551262     
   47.466155999999998        1.2987089680425483     
   47.521259299999997        1.2987133138191691     
   47.576358800000001        1.2987039419868536     
   47.631462100000000        1.2987010879942245     
   47.686565399999999        1.2987073040460189     
   47.741664900000004        1.2987124048761569     
   47.796768200000002        1.2986983298345678     
   47.851867700000000        1.2986988670880062     
   47.906970999999999        1.2986941830696503     
   47.962070500000003        1.2986930351777199     
   48.017173800000002        1.2986956250305033     
   48.072273299999999        1.2986915587171157     
   48.127376599999998        1.2986959888592866     
   48.182479899999997        1.2986957111609452     
   48.237579300000000        1.2986818434217826     
   48.292682599999999        1.2986800365347113     
   48.347782100000003        1.2986896789563660     
   48.402885400000002        1.2986770541468291     
   48.457984900000000        1.2986813697158086     
   48.513088199999999        1.2986779451376564     
   48.568187700000003        1.2986819173543276     
   48.623291000000002        1.2986773878957554     
   48.678394300000001        1.2986811206626303     
   48.733493799999998        1.2986728483375465     
   48.788597099999997        1.2986741424839878     
   48.843696600000001        1.2986708740549062     
   48.898799900000000        1.2986615070853627     
   48.953899399999997        1.2986628079255695     
   49.009002700000003        1.2986558962420118     
   49.064106000000002        1.2986568983130151     
   49.119205500000000        1.2986584129470227     
   49.174308799999999        1.2986466716579763     
   49.229408300000003        1.2986527262950376     
   49.284511600000002        1.2986381602068264     
   49.339611099999999        1.2986540224739456     
   49.394714399999998        1.2986365619242644     
   49.449813800000001        1.2986357487084104     
   49.504917100000000        1.2986480619223277     
   49.560020399999999        1.2986300880299739     
   49.615119900000003        1.2986328422573088     
   49.670223200000002        1.2986393544143842     
   49.725322700000000        1.2986334114342113     
   49.780425999999999        1.2986368597373299     
   49.835525500000003        1.2986249756279553     
   49.890628800000002        1.2986289660980130     
   49.945728299999999        1.2986208632495588     
   50.000831599999998        1.2986210921449279     
   50.055934899999997        1.2986172704448751     
   50.111034400000001        1.2986098178513081     
   50.166137700000000        1.2986212266316168     
   50.221237199999997        1.2986106127578616     
   50.276340500000003        1.2986050485109306     
   50.331440000000001        1.2985986080490741     
   50.386543300000000        1.2986035164290728     
   50.441642799999997        1.2986044134600219     
   50.496746100000003        1.2986029717548693     
   50.551849400000002        1.2985903457032877     
   50.606948899999999        1.2985941269651893     
   50.662052199999998        1.2985965454992310     
   50.717151600000001        1.2985956493236706     
   50.772254900000000        1.2985915021866572     
   50.827354399999997        1.2985924719126354     
   50.882457700000003        1.2985975181744409     
   50.937557200000001        1.2985869740151059     
   50.992660500000000        1.2985756998423221     
   51.047763799999998        1.2985773677192189     
   51.102863300000003        1.2985816821573239     
   51.157966600000002        1.2985794287779298     
   51.213066099999999        1.2985765421064863     
   51.268169399999998        1.2985719399828184     
   51.323268900000002        1.2985770455336993     
   51.378372200000001        1.2985642421448103     
   51.433471699999998        1.2985718108759035     
   51.488574999999997        1.2985619803155495     
   51.543678300000003        1.2985587647577677     
   51.598777800000001        1.2985578879258932     
   51.653881100000000        1.2985557405970456     
   51.708980599999997        1.2985479130574638     
   51.764083900000003        1.2985517998791825     
   51.819183299999999        1.2985546392132588     
   51.874286699999999        1.2985574659521120     
   51.929386100000002        1.2985401501913008     
   51.984489400000001        1.2985494695408937     
   52.039592700000000        1.2985418200290333     
   52.094692199999997        1.2985481236414511     
   52.149795500000003        1.2985354263829774     
   52.204895000000000        1.2985481567799722     
   52.259998299999999        1.2985290361771091     
   52.315097799999997        1.2985272622729824     
   52.370201100000003        1.2985302205963112     
   52.425304400000002        1.2985194547314478     
   52.480403899999999        1.2985225293652489     
   52.535507199999998        1.2985308370035931     
   52.590606700000002        1.2985245028134582     
   52.645710000000001        1.2985237294920942     
   52.700809499999998        1.2985174931057828     
   52.755912799999997        1.2985137040085031     
   52.811012300000002        1.2985120542159800     
   52.866115600000001        1.2985145756674674     
   52.921218900000000        1.2985130898660868     
   52.976318399999997        1.2985074816867341     
   53.031421700000003        1.2985027280045200     
   53.086521099999999        1.2984928833179450     
   53.141624499999999        1.2984967980785953     
   53.196723900000002        1.2985036138606576     
   53.251827200000001        1.2984882349043476     
   53.306926699999998        1.2984948301128021     
   53.362029999999997        1.2984904579890568     
   53.417133300000003        1.2984844639174713     
   53.472232800000000        1.2984876003449239     
   53.527336099999999        1.2984890046487796     
   53.582435599999997        1.2984840955117618     
   53.637538900000003        1.2984872295672432     
   53.692638400000000        1.2984862085497351     
   53.747741699999999        1.2984729543172928     
   53.802841200000003        1.2984725516210796     
   53.857944500000002        1.2984775235685906     
   53.913047800000001        1.2984660907382877     
   53.968147299999998        1.2984651571501473     
   54.023250599999997        1.2984594505094142     
   54.078350100000002        1.2984567812383436     
   54.133453400000000        1.2984595977601900     
   54.188552899999998        1.2984557716335789     
   54.243656199999997        1.2984563838805916     
   54.298755600000000        1.2984633791976949     
   54.353858899999999        1.2984563127742212     
   54.408962199999998        1.2984475275224800     
   54.464061700000002        1.2984396404101120     
   54.519165000000001        1.2984490796943418     
   54.574264499999998        1.2984453100660327     
   54.629367799999997        1.2984391952865619     
   54.684467300000001        1.2984459723261843     
   54.739570600000000        1.2984407937473859     
   54.794670099999998        1.2984394142626017     
   54.849773399999997        1.2984309758668324     
   54.904876700000003        1.2984312047080406     
   54.959976200000000        1.2984319089455623     
   55.015079499999999        1.2984298357507471     
   55.070179000000003        1.2984227416403786     
   55.125282300000002        1.2984234698000579     
   55.180381799999999        1.2984221569495964     
   55.235485099999998        1.2984165775735592     
   55.290588399999997        1.2984184939597700     
   55.345687900000001        1.2984208579089640     
   55.400791200000000        1.2984142540954178     
   55.455890699999998        1.2984112103678316     
   55.510993999999997        1.2984054136397389     
   55.566093400000000        1.2984054027758298     
   55.621196699999999        1.2983934949137685     
   55.676296200000003        1.2983983936148957     
   55.731399500000002        1.2984015245575808     
   55.786502800000001        1.2983956862601111     
   55.841602299999998        1.2983919175068335     
   55.896705599999997        1.2983889874906525     
   55.951805100000001        1.2983924846926536     
   56.006908400000000        1.2983907277521023     
   56.062007899999998        1.2983860949871529     
   56.117111199999997        1.2983794750819642     
   56.172210700000001        1.2983876400459726     
   56.227314000000000        1.2983764203314225     
   56.282417299999999        1.2983728073935161     
   56.337516800000003        1.2983616872527985     
   56.392620100000002        1.2983728355950042     
   56.447719599999999        1.2983717174762777     
   56.502822899999998        1.2983706435178404     
   56.557922400000002        1.2983696415889598     
