  0.18897266700000001       -1.4911691515140597     
  0.24407428500000000       -1.4995420380668152     
  0.29917588800000000       -1.5086386081199932     
  0.35427752099999998       -1.5173076003543029     
  0.40937912500000001       -1.5268027933579578     
  0.46448072800000001       -1.5368894487339171     
  0.51958233099999995       -1.5465081501623168     
  0.57468396399999999       -1.5557228639347003     
  0.62978559700000003       -1.5653339791763059     
  0.68488717099999996       -1.5752523923696604     
  0.73998880400000000       -1.5847662190066023     
  0.79509043700000004       -1.5951631529551402     
  0.85019201000000000       -1.6044888129940014     
  0.90529364300000004       -1.6145808908064063     
  0.96039527700000005       -1.6236815092627435     
   1.0154968499999999       -1.6337476871816621     
   1.0705984799999999       -1.6431998844070534     
   1.1257001200000001       -1.6523857543408069     
   1.1808017500000001       -1.6621973242560260     
   1.2359033800000001       -1.6718602977883874     
   1.2910048999999999       -1.6815963829264771     
   1.3461065299999999       -1.6904044696633147     
   1.4012081599999999       -1.6999986090339105     
   1.4563098000000001       -1.7096347000692727     
   1.5114114299999999       -1.7191066209107553     
   1.5665130599999999       -1.7280729332528100     
   1.6216145799999999       -1.7374583268356278     
   1.6767162099999999       -1.7466712648755622     
   1.7318178399999999       -1.7559416181892704     
   1.7869194700000000       -1.7647122977557577     
   1.8420211099999999       -1.7743597262511683     
   1.8971227399999999       -1.7834030562337839     
   1.9522242500000000       -1.7923859432651583     
   2.0073258900000002       -1.8007100319835441     
   2.0624275200000000       -1.8098686295370570     
   2.1175291500000002       -1.8187859311925714     
   2.1726307899999999       -1.8270897858111523     
   2.2277324200000002       -1.8359849889142599     
   2.2828340499999999       -1.8448797797078638     
   2.3379356900000001       -1.8528162088857743     
   2.3930373199999999       -1.8612813033107753     
   2.4481387099999998       -1.8699558292029683     
   2.5032403500000000       -1.8779588285056870     
   2.5583419799999998       -1.8860048059302175     
   2.6134436100000000       -1.8941162054348457     
   2.6685452500000002       -1.9020178113743487     
   2.7236468800000000       -1.9097758487360530     
   2.7787485099999998       -1.9176875803351801     
   2.8338501500000000       -1.9253040006095676     
   2.8889517800000002        1.9323867967646200     
   2.9440534100000000        1.9399882954324728     
   2.9991550400000002        1.9471060614181301     
   3.0542566799999999        1.9542087850153476     
   3.1093583100000002        1.9613594462828667     
   3.1644597100000000        1.9684026377343682     
   3.2195613399999998        1.9749121118652235     
   3.2746629700000001        1.9815775111806724     
   3.3297645999999999        1.9877955757238197     
   3.3848662400000000        1.9942656143548054     
   3.4399678699999998        2.0004924747049904     
   3.4950695000000001        2.0064089813866044     
   3.5501711399999998        2.0123403579343955     
   3.6052727700000000        2.0179793635800642     
   3.6603743999999998        2.0235849344014007     
   3.7154760400000000        2.0289168532317365     
   3.7705776700000002        2.0341640799625109     
   3.8256790600000001        2.0391970354916502     
   3.8807806999999999        2.0440463689412649     
   3.9358823300000001        2.0487690369681713     
   3.9909839599999999        2.0532180196671450     
   4.0460858300000000        2.0575918821483725     
   4.1011872299999999        2.0616404864523092     
   4.1562886199999998        2.0656400396576964     
   4.2113905000000003        2.0693967893865834     
   4.2664918900000002        2.0728420973813608     
   4.3215937599999998        2.0762211995260387     
   4.3766951599999997        2.0792593314983785     
   4.4317970300000002        2.0820885602701500     
   4.4868984200000002        2.0847390866722706     
   4.5420002899999998        2.0872870625487483     
   4.5971016899999997        2.0894521741018259     
   4.6522035600000002        2.0914938523430182     
   4.7073049500000002        2.0931299440844535     
   4.7624068299999998        2.0946389286800167     
   4.8175082199999997        2.0958897665215024     
   4.8726096200000004        2.0969898282127337     
   4.9277114900000001        2.0977698272161973     
   4.9828128800000000        2.0982251578828213     
   5.0379147499999997        2.0984913804288792     
   5.0930161500000004        2.0984806898036523     
   5.1481180200000001        2.0981220132574832     
   5.2032194100000000        2.0975900593283789     
   5.2583212899999996        2.0968762654988553     
   5.3134226800000004        2.0957910120796042     
   5.3685245500000001        2.0943821776475393     
   5.4236259499999999        2.0928087744456048     
   5.4787278199999996        2.0909569646127970     
   5.5338292100000004        2.0886591537677122     
   5.5889306100000002        2.0862677186314325     
   5.6440324799999999        2.0835516340659206     
   5.6991338699999998        2.0805931678335883     
   5.7542357400000004        2.0772321774160343     
   5.8093371400000002        2.0736310670013309     
   5.8644390099999999        2.0699245023585546     
   5.9195404099999998        2.0660549951289919     
   5.9746422800000003        2.0613948092967767     
   6.0297436700000002        2.0568431332927251     
   6.0848455399999999        2.0519876498871779     
   6.1399469399999997        2.0468122140650244     
   6.1950488100000003        2.0414075474999356     
   6.2501502000000002        2.0357711245554295     
   6.3052516000000001        2.0299037363476184     
   6.3603534699999997        2.0238004536574721     
   6.4154548599999996        2.0174848917559118     
   6.4705567400000001        2.0108465455574240     
   6.5256581300000001        2.0039315129979833     
   6.5807599999999997        1.9969519600679058     
   6.6358613999999996        1.9897384733625794     
   6.6909632700000001        1.9823147842243858     
   6.7460646600000000        1.9746738650934239     
   6.8011665299999997        1.9670564202919552     
   6.8562679299999996        1.9590213327507144     
   6.9113693200000004        1.9508516375882023     
   6.9664712000000000        1.9426437536793562     
   7.0215725899999999        1.9341283199346406     
   7.0766744600000004        1.9256549226907163     
   7.1317758600000003        1.9169901921410299     
   7.1868777300000000        1.9081738357657176     
   7.2419791199999999        1.8992227869311520     
   7.2970809900000004        1.8901194991510772     
   7.3521823900000003        1.8811273115901428     
   7.4072842600000000        1.8718054530148995     
   7.4623856499999999        1.8626178540867981     
   7.5174875300000004        1.8532983990023679     
   7.5725889200000003        1.8439026542601082     
   7.6276903200000001        1.8344222045593546     
   7.6827921899999998        1.8248390572257138     
   7.7378935799999997        1.8153915715927240     
   7.7929954500000003        1.8059706101626556     
   7.8480968500000001        1.7962382275244941     
   7.9031987199999998        1.7866967256906026     
   7.9583001099999997        1.7771149138782154     
   8.0134019900000002        1.7675576171610359     
   8.0685033799999992        1.7581224771072437     
   8.1236047700000000        1.7485823171774151     
   8.1787071200000003        1.7390524027334748     
   8.2338085200000002        1.7295502594452519     
   8.2889099099999992        1.7201775984063117     
   8.3440113100000008        1.7107999859756191     
   8.3991126999999999        1.7014433500981154     
   8.4542150500000002        1.6923419642905062     
   8.5093164399999992        1.6830288229634605     
   8.5644178400000008        1.6738125771828867     
   8.6195192299999999        1.6648752880823958     
   8.6746215800000002        1.6558254783859110     
   8.7297229800000000        1.6468171214637133     
   8.7848243700000008        1.6380127987191699     
   8.8399257700000007        1.6292605670746989     
   8.8950281100000002        1.6205537106962804     
   8.9501295100000000        1.6121553061743257     
   9.0052309000000008        1.6035981780435120     
   9.0603323000000007        1.5951587267674125     
   9.1154336899999997        1.5869642373009096     
   9.1705360400000000        1.5786979304330095     
   9.2256374399999999        1.5707335162943314     
   9.2807388300000007        1.5628469157350482     
   9.3358402300000005        1.5548506813945095     
   9.3909425700000000        1.5470706670953833     
   9.4460439699999998        1.5394592611750937     
   9.5011453600000007        1.5319346602381732     
   9.5562467600000005        1.5247222954919617     
   9.6113481499999995        1.5173769851389238     
   9.6664504999999998        1.5101457101360645     
   9.7215518999999997        1.5031060514726753     
   9.7766532900000005        1.4962296094818022     
   9.8317546799999995        1.4892726949473749     
   9.8868570299999998        1.4826500035534189     
   9.9419584299999997        1.4759787778898767     
   9.9970598200000005        1.4695961859345648     
   10.052161200000000        1.4632332353221011     
   10.107263600000000        1.4570220287327125     
   10.162364999999999        1.4509107278594604     
   10.217466399999999        1.4449254330331500     
   10.272567700000000        1.4390697968278032     
   10.327669100000000        1.4333129420924611     
   10.382771500000000        1.4276683550658293     
   10.437872900000000        1.4221542350854872     
   10.492974300000000        1.4167703758312795     
   10.548075700000000        1.4114855151975241     
   10.603178000000000        1.4063078548364225     
   10.658279400000000        1.4012635307449355     
   10.713380799999999        1.3963208600883998     
   10.768482199999999        1.3914948311852067     
   10.823584600000000        1.3868000355296137     
   10.878686000000000        1.3821987916358993     
   10.933787300000001        1.3777061257108387     
   10.988888700000000        1.3733334853728809     
   11.043990100000000        1.3690663599311998     
   11.099092499999999        1.3649183082505110     
   11.154193899999999        1.3608568126902449     
   11.209295300000001        1.3569141508952038     
   11.264396700000001        1.3530669757764635     
   11.319499000000000        1.3493350068636725     
   11.374600400000000        1.3457009273709830     
   11.429701800000000        1.3421740362137384     
   11.484803200000000        1.3387328492258976     
   11.539905500000000        1.3353913406274107     
   11.595006900000000        1.3321672017065966     
   11.650108299999999        1.3290166571371886     
   11.705209699999999        1.3259762730892064     
   11.760311099999999        1.3230480959396109     
   11.815413500000000        1.3201714670590823     
   11.870514900000000        1.3174155721322789     
   11.925616300000000        1.3147400355353622     
   11.980717700000000        1.3121593127241864     
   12.035819999999999        1.3096506794382554     
   12.090921399999999        1.3072386959771654     
   12.146022800000001        1.3049014795194485     
   12.201124200000001        1.3026727258894473     
   12.256226500000000        1.3004916752872442     
   12.311327900000000        1.2984131489679553     
   12.366429300000000        1.2964120992125641     
   12.421530700000000        1.2944832151423005     
   12.476632100000000        1.2926259885604521     
   12.531734500000001        1.2908547072105567     
   12.586835900000001        1.2891464043351866     
   12.641937300000000        1.2874973243515329     
   12.697038700000000        1.2859518071473262     
   12.752141000000000        1.2844452425074364     
   12.807242400000000        1.2830128721740477     
   12.862343800000000        1.2816580388168537     
   12.917445200000000        1.2803574740039052     
   12.972547499999999        1.2791228467989699     
   13.027648900000001        1.2779576710246983     
   13.082750300000001        1.2768482441991109     
   13.137851700000001        1.2757856459154955     
   13.192953100000000        1.2747882899933785     
   13.248055500000000        1.2738504547753746     
   13.303156899999999        1.2729587874221333     
   13.358258200000000        1.2721289058378245     
   13.413359600000000        1.2713352205228239     
   13.468462000000001        1.2705987686421949     
   13.523563400000000        1.2699164542894739     
   13.578664800000000        1.2692810734963840     
   13.633766200000000        1.2686999317564591     
   13.688868500000000        1.2681509676891494     
   13.743969900000000        1.2676425172703414     
   13.799071300000000        1.2671852350150647     
   13.854172699999999        1.2667636732566190     
   13.909274099999999        1.2663772734789287     
   13.964376400000001        1.2660453947902093     
   14.019477800000001        1.2657394148562735     
   14.074579200000001        1.2654689029391288     
   14.129680600000000        1.2652265504243105     
   14.184782999999999        1.2650184881479443     
   14.239884399999999        1.2648495788790231     
   14.294985799999999        1.2647187572079124     
   14.350087200000001        1.2646013081602745     
   14.405188600000001        1.2645217760302099     
   14.460290900000000        1.2644714976322275     
   14.515392300000000        1.2644368743126713     
   14.570493700000000        1.2644410601653149     
   14.625595100000000        1.2644564595104930     
   14.680697400000000        1.2645030226070408     
   14.735798800000000        1.2645697186093470     
   14.790900199999999        1.2646525170500236     
   14.846001599999999        1.2647535994174397     
   14.901104000000000        1.2648852730522404     
   14.956205400000000        1.2650273648266761     
   15.011306800000000        1.2652012948732478     
   15.066408200000000        1.2653726510798637     
   15.121509600000000        1.2655698826533648     
   15.176611899999999        1.2657667509115744     
   15.231713299999999        1.2659900208740611     
   15.286814700000001        1.2662353287581112     
   15.341916100000001        1.2664769617877416     
   15.397018400000000        1.2667317993088771     
   15.452119800000000        1.2670134892678400     
   15.507221200000000        1.2672874055813854     
   15.562322600000000        1.2675745644255967     
   15.617425000000001        1.2678754325756294     
   15.672526400000001        1.2681752429484887     
   15.727627800000000        1.2685021363594471     
   15.782729099999999        1.2688178482896211     
   15.837830500000001        1.2691483406837454     
   15.892932900000000        1.2694738586419292     
   15.948034300000000        1.2698229316420984     
   16.003135700000001        1.2701637380829154     
   16.058237099999999        1.2705105304433495     
   16.113338500000001        1.2708599770233902     
   16.168439899999999        1.2711984969181687     
   16.223543200000002        1.2715701635709189     
   16.278644600000000        1.2719287927957694     
   16.333746000000001        1.2722797090084337     
   16.388847400000000        1.2726609333011598     
   16.443948700000000        1.2730124647004453     
   16.499050100000002        1.2733860067877358     
   16.554151500000000        1.2737512108536988     
   16.609252900000001        1.2741153331059725     
   16.664354299999999        1.2744786090551734     
   16.719457599999998        1.2748400994870470     
   16.774559000000000        1.2752116706311680     
   16.829660400000002        1.2755644493473304     
   16.884761800000000        1.2759382894449498     
   16.939863200000001        1.2763025190587818     
   16.994964599999999        1.2766644932580078     
   17.050066000000001        1.2770205997252004     
   17.105167399999999        1.2773697776677166     
   17.160268800000001        1.2777081306723259     
   17.215372100000000        1.2780698653471827     
   17.270473500000001        1.2784342612580355     
   17.325574899999999        1.2787631152340666     
   17.380676300000001        1.2791047250864611     
   17.435777699999999        1.2794576484563189     
   17.490879100000001        1.2797881450054855     
   17.545980499999999        1.2801242196165070     
   17.601081799999999        1.2804482087072908     
   17.656185199999999        1.2807828178120253     
   17.711286500000000        1.2811100427890081     
   17.766387900000002        1.2814270646987636     
   17.821489300000000        1.2817448423130731     
   17.876590700000001        1.2820481723828316     
   17.931692099999999        1.2823697597818453     
   17.986793500000001        1.2826597801094364     
   18.041894899999999        1.2829779150172040     
   18.096996300000001        1.2832641633409907     
   18.152099600000000        1.2835638743380198     
   18.207201000000001        1.2838478924497239     
   18.262302399999999        1.2841350679294836     
   18.317403800000001        1.2844173954306000     
   18.372505199999999        1.2846934728658606     
   18.427606600000001        1.2849662994319033     
   18.482707999999999        1.2852468475818628     
   18.537809400000000        1.2855051086005977     
   18.592910799999999        1.2857626732088001     
   18.648014100000001        1.2860350171771786     
   18.703115499999999        1.2862782757716364     
   18.758216900000001        1.2865306932704030     
   18.813318299999999        1.2867890530235857     
   18.868419599999999        1.2870209413379476     
   18.923521000000001        1.2872491709334155     
   18.978622399999999        1.2874927136530256     
   19.033723800000001        1.2877311407143803     
   19.088827100000000        1.2879414181068791     
   19.143928500000001        1.2881643461549317     
   19.199029899999999        1.2883915230296674     
   19.254131300000001        1.2886078618753756     
   19.309232699999999        1.2888083802033312     
   19.364334100000001        1.2890058456807549     
   19.419435499999999        1.2892245407876803     
   19.474536900000000        1.2894221793494409     
   19.529638299999998        1.2896212659108419     
   19.584741600000001        1.2898003882725362     
   19.639842999999999        1.2899935352599803     
   19.694944400000001        1.2901924901265929     
   19.750045799999999        1.2903753136721896     
   19.805147200000000        1.2905504671183414     
   19.860248599999998        1.2907207462562347     
   19.915350000000000        1.2909054795553261     
   19.970451400000002        1.2910656856119922     
   20.025552699999999        1.2912300763852647     
   20.080656099999999        1.2914126487584507     
   20.135757399999999        1.2915617083061832     
   20.190858800000001        1.2917173386795078     
   20.245960199999999        1.2918808464453435     
   20.301061600000001        1.2920347106016423     
   20.356162999999999        1.2921797915974855     
   20.411264400000000        1.2923192527500964     
   20.466365799999998        1.2924388973256800     
   20.521469100000001        1.2925999669484878     
   20.576570499999999        1.2927345449106324     
   20.631671900000001        1.2928620077492887     
   20.686773299999999        1.2929974416402932     
   20.741874700000000        1.2931274463427449     
   20.796976099999998        1.2932618352841663     
   20.852077500000000        1.2933789526247466     
   20.907178900000002        1.2935009816170826     
   20.962280300000000        1.2936238368440329     
   21.017383599999999        1.2937450481980628     
   21.072485000000000        1.2938517299583430     
   21.127586399999998        1.2939577885303597     
   21.182687800000000        1.2940614305051974     
   21.237789200000002        1.2941733229778862     
   21.292890499999999        1.2942766661607683     
   21.347991900000000        1.2943830686576456     
   21.403093299999998        1.2944927917851774     
   21.458194700000000        1.2945725972156121     
   21.513297999999999        1.2946789938112955     
   21.568399400000001        1.2947780723257041     
   21.623500799999999        1.2948763940881767     
   21.678602200000000        1.2949411563374760     
   21.733703599999998        1.2950338325090718     
   21.788805000000000        1.2951330636445211     
   21.843906400000002        1.2951982623397027     
   21.899007800000000        1.2953025783149212     
   21.954109200000001        1.2953724046794490     
   22.009212500000000        1.2954619460102343     
   22.064313899999998        1.2955426863485584     
   22.119415300000000        1.2956074229990067     
   22.174516700000002        1.2956786459788578     
   22.229618100000000        1.2957625152783252     
   22.284719500000001        1.2958305740606297     
   22.339820899999999        1.2958926934183044     
   22.394922300000001        1.2959725055199374     
   22.450025600000000        1.2960544816289588     
   22.505127000000002        1.2961146088781013     
   22.560228299999999        1.2961634255980163     
   22.615329700000000        1.2962267554312079     
   22.670431099999998        1.2962967307404842     
   22.725532500000000        1.2963575094907067     
   22.780633900000002        1.2964205978355672     
   22.835735300000000        1.2964747175410762     
   22.890836700000001        1.2965296001006217     
   22.945940000000000        1.2965828690405419     
   23.001041399999998        1.2966272572546513     
   23.056142800000000        1.2967031480225446     
   23.111244200000002        1.2967418045655132     
   23.166345600000000        1.2967835758391166     
   23.221447000000001        1.2968420699102206     
   23.276548399999999        1.2969043322508431     
   23.331649800000001        1.2969377188010605     
   23.386751199999999        1.2969816944537935     
   23.441854500000002        1.2970265562585874     
   23.496955900000000        1.2970772719422685     
   23.552057300000001        1.2971140934468928     
   23.607158699999999        1.2971573346560370     
   23.662260100000001        1.2972141592989348     
   23.717361499999999        1.2972479302306554     
   23.772462800000000        1.2972817568624817     
   23.827564200000001        1.2973251577054408     
   23.882667500000000        1.2973590966757458     
   23.937768899999998        1.2974055427425908     
   23.992870300000000        1.2974320703921380     
   24.047971700000002        1.2974724078890765     
   24.103073100000000        1.2975265442167374     
   24.158174500000001        1.2975297113298256     
   24.213275899999999        1.2975814046136476     
   24.268377300000001        1.2976186455196921     
   24.323478699999999        1.2976453774316010     
   24.378582000000002        1.2976671414039909     
   24.433683400000000        1.2976960170549015     
   24.488784800000001        1.2977326373568485     
   24.543886199999999        1.2977702748647142     
   24.598987600000001        1.2977887318746566     
   24.654088999999999        1.2978317466805893     
   24.709190400000001        1.2978425061965251     
   24.764291799999999        1.2978654972400636     
   24.819393200000000        1.2979051058008915     
   24.874496499999999        1.2979301862288974     
   24.929597900000001        1.2979404280351676     
   24.984699200000001        1.2979814701446426     
   25.039800600000000        1.2979927017125639     
   25.094902000000001        1.2980195556743184     
   25.150003399999999        1.2980517536501013     
   25.205104800000001        1.2980684109182610     
   25.260206199999999        1.2980993143963575     
   25.315307600000001        1.2981195194213504     
   25.370410900000000        1.2981270741115372     
   25.425512300000001        1.2981477240716606     
   25.480613699999999        1.2981895844289362     
   25.535715100000001        1.2982020810583186     
   25.590816499999999        1.2982186090191699     
   25.645917900000001        1.2982341542504159     
   25.701019299999999        1.2982617964580492     
   25.756120700000000        1.2982705460038906     
   25.811223999999999        1.2982918662641061     
   25.866325400000001        1.2983087658183130     
   25.921426799999999        1.2983293374124709     
   25.976528200000001        1.2983420772167835     
   26.031629599999999        1.2983436980213745     
   26.086731000000000        1.2983703020760116     
   26.141832399999998        1.2983750412499224     
   26.196933699999999        1.2984005104911855     
   26.252035100000001        1.2984210408068193     
   26.307138399999999        1.2984201699533688     
   26.362239800000001        1.2984445718347133     
   26.417341199999999        1.2984580003082824     
   26.472442600000001        1.2984725049105246     
   26.527543999999999        1.2984851777630220     
   26.582645400000001        1.2985096320951550     
   26.637746799999999        1.2985099740951886     
   26.692848200000000        1.2985234078108006     
   26.747949599999998        1.2985331538124512     
   26.803052900000001        1.2985463489518569     
   26.858154299999999        1.2985711173477898     
   26.913255700000001        1.2985700980558752     
   26.968357099999999        1.2985866773961003     
   27.023458500000000        1.2986046082316725     
   27.078559899999998        1.2986155790000986     
   27.133661300000000        1.2986171553636976     
   27.188762700000002        1.2986351983097193     
   27.243866000000001        1.2986493457742849     
   27.298967399999999        1.2986481534584318     
   27.354068800000000        1.2986584641031145     
   27.409170199999998        1.2986546959195751     
   27.464271499999999        1.2986867955324251     
   27.519372900000000        1.2986918998317658     
   27.574474299999999        1.2986944300781822     
   27.629575700000000        1.2986933665864770     
   27.684677099999998        1.2987132145892264     
   27.739780400000001        1.2987150123675173     
   27.794881799999999        1.2987174017630507     
   27.849983200000000        1.2987263524729202     
   27.905084599999999        1.2987387013140919     
   27.960186000000000        1.2987615443769964     
   28.015287399999998        1.2987586721911102     
   28.070388800000000        1.2987666766002062     
   28.125490200000002        1.2987774766910287     
   28.180591600000000        1.2988034024151949     
   28.235694899999999        1.2987892955174212     
   28.290796300000000        1.2987890574367655     
   28.345897699999998        1.2987996785047251     
   28.400999100000000        1.2988076706143252     
   28.456100500000002        1.2988258360978975     
   28.511201900000000        1.2988142316345315     
   28.566303300000001        1.2988299150936538     
   28.621404600000002        1.2988394948612136     
   28.676507900000001        1.2988502285231269     
   28.731609299999999        1.2988381873676680     
   28.786710700000000        1.2988564334275789     
   28.841812099999999        1.2988661196148330     
   28.896913500000000        1.2988631716460650     
   28.952014900000002        1.2988718680040610     
   29.007116300000000        1.2988634381392969     
   29.062217700000001        1.2988889516460325     
   29.117319100000000        1.2988839887118355     
   29.172422399999999        1.2988979243577603     
   29.227523800000000        1.2988854744657103     
   29.282625199999998        1.2989115211910172     
   29.337726600000000        1.2988995498125704     
   29.392828000000002        1.2989007754395949     
   29.447929400000000        1.2989038523995808     
   29.503030800000001        1.2989205375524198     
   29.558132199999999        1.2989112096832389     
   29.613233600000001        1.2989078270707457     
   29.668336900000000        1.2989270505045125     
   29.723438300000002        1.2989282712412209     
   29.778539700000000        1.2989322380894781     
   29.833641100000001        1.2989210741285533     
   29.888742400000002        1.2989317890654419     
   29.943843800000000        1.2989321225010428     
   29.998945200000001        1.2989530724912610     
   30.054046600000000        1.2989385011204140     
   30.109148000000001        1.2989594244905642     
   30.164251300000000        1.2989588909666308     
   30.219352700000002        1.2989637266746441     
   30.274454100000000        1.2989642606442686     
   30.329555500000001        1.2989627895349192     
   30.384656900000000        1.2989731114261174     
   30.439758300000001        1.2989643002700453     
   30.494859699999999        1.2989814876032724     
   30.549961100000001        1.2989715832476387     
   30.605064400000000        1.2989860277173189     
   30.660165800000001        1.2989709008736183     
   30.715267200000000        1.2989738483817710     
   30.770368600000001        1.2989841306350067     
   30.825469999999999        1.2989871385620475     
   30.880571400000001        1.2989829827030088     
   30.935672799999999        1.2989956438326051     
   30.990774200000001        1.2989847999785111     
   31.045875500000001        1.2990211441569273     
   31.100978900000001        1.2989960770785121     
   31.156080200000002        1.2990004266974797     
   31.211181600000000        1.2990041780974735     
   31.266283000000001        1.2989952294110856     
   31.321384399999999        1.2990066388486468     
   31.376485800000001        1.2990196744714335     
   31.431587199999999        1.2990145570494793     
   31.486688600000001        1.2990220304539069     
   31.541789999999999        1.2990158019691875     
   31.596893300000001        1.2990103984071635     
   31.651994699999999        1.2990140695823829     
   31.707096100000001        1.2990105324643693     
   31.762197499999999        1.2990063832079841     
   31.817298900000001        1.2990196845402715     
   31.872400299999999        1.2990254126302803     
   31.927501700000001        1.2990196288141578     
   31.982603099999999        1.2990222899342061     
   32.037704499999997        1.2990193663362348     
   32.092807800000003        1.2990325320915836     
   32.147907300000000        1.2990272119945232     
   32.203010599999999        1.2990270757395350     
   32.258110000000002        1.2990414192891819     
   32.313213300000001        1.2990153722614026     
   32.368316700000001        1.2990409536168199     
   32.423416099999997        1.2990146550726405     
   32.478519400000003        1.2990368153594101     
   32.533618900000000        1.2990322277508000     
   32.588722199999999        1.2990338886731922     
   32.643821699999997        1.2990293758537448     
   32.698925000000003        1.2990297937826170     
   32.754028300000002        1.2990254714419118     
   32.809127799999999        1.2990344180271540     
   32.864231099999998        1.2990453574764598     
   32.919330600000002        1.2990477938876259     
   32.974433900000001        1.2990383320329848     
   33.029533399999998        1.2990446782578411     
   33.084636699999997        1.2990411488875258     
   33.139736200000002        1.2990382252017025     
   33.194839500000000        1.2990423606506871     
   33.249942799999999        1.2990373746224748     
   33.305042299999997        1.2990429968293540     
   33.360145600000003        1.2990450000988905     
   33.415245100000000        1.2990411206497037     
   33.470348399999999        1.2990468745945563     
   33.525447800000002        1.2990348180412019     
   33.580551100000001        1.2990337364279745     
   33.635650599999998        1.2990509755358666     
   33.690753899999997        1.2990378155925935     
   33.745857200000003        1.2990354200169809     
   33.800956700000000        1.2990332180529460     
   33.856059999999999        1.2990446670365121     
   33.911159499999997        1.2990520101676368     
   33.966262800000003        1.2990424771842630     
   34.021362300000000        1.2990507782478153     
   34.076465599999999        1.2990488699182927     
   34.131565100000003        1.2990344235748561     
   34.186668400000002        1.2990509155648990     
   34.241771700000001        1.2990363445145359     
   34.296871199999998        1.2990396780899605     
   34.351974499999997        1.2990355081757783     
   34.407074000000001        1.2990407576766578     
   34.462177300000000        1.2990569898774216     
   34.517276799999998        1.2990482707313158     
   34.572380099999997        1.2990360225853488     
   34.627479600000001        1.2990507040677319     
   34.682582900000000        1.2990400155694206     
   34.737686199999999        1.2990517759701166     
   34.792785600000002        1.2990434918094083     
   34.847888900000001        1.2990487821865151     
   34.902988399999998        1.2990327348056192     
   34.958091699999997        1.2990478666193017     
   35.013191200000001        1.2990362093887278     
   35.068294500000000        1.2990289760627265     
   35.123393999999998        1.2990265948431698     
   35.178497299999997        1.2990344159110423     
   35.233600600000003        1.2990384971911988     
   35.288700100000000        1.2990315871403413     
   35.343803399999999        1.2990401193798331     
   35.398902900000003        1.2990192941467258     
   35.454006200000002        1.2990372588914452     
   35.509105699999999        1.2990304125446799     
   35.564208999999998        1.2990441315406289     
   35.619308500000002        1.2990355847366490     
   35.674411800000001        1.2990416482266127     
   35.729515100000000        1.2990368701418531     
   35.784614599999998        1.2990268282871456     
   35.839717899999997        1.2990178701249320     
   35.894817400000001        1.2990311255500393     
   35.949920700000000        1.2990415243590663     
   36.005020100000003        1.2990344699627607     
   36.060123400000002        1.2990348139604606     
   36.115226700000001        1.2990365927440872     
   36.170326199999998        1.2990338288327077     
   36.225429499999997        1.2990237239279954     
   36.280529000000001        1.2990240545994927     
   36.335632300000000        1.2990291243710868     
   36.390731799999998        1.2990242839868829     
   36.445835099999996        1.2990287056316574     
   36.500934600000001        1.2990108364532520     
   36.556037900000000        1.2990208342847147     
   36.611141199999999        1.2990114636213688     
   36.666240700000003        1.2990090872108582     
   36.721344000000002        1.2990204042370375     
   36.776443499999999        1.2990089037135006     
   36.831546799999998        1.2990204566724248     
   36.886646300000002        1.2990246513177293     
   36.941749600000001        1.2990047466898629     
   36.996849099999999        1.2990221463270626     
   37.051952399999998        1.2990129861876312     
   37.107055699999997        1.2990251069552756     
   37.162155200000001        1.2990214989122113     
   37.217258500000000        1.2990152228978726     
   37.272357900000003        1.2990143135630918     
   37.327461200000002        1.2990130433977909     
   37.382560699999999        1.2990171147332965     
   37.437663999999998        1.2989996519427729     
   37.492763500000002        1.2990142374471645     
   37.547866800000001        1.2990081268200360     
   37.602970100000000        1.2989993747865871     
   37.658069599999997        1.2989906857743883     
   37.713172900000004        1.2989921841146186     
   37.768272400000001        1.2990163939388777     
   37.823375700000000        1.2989939291316581     
   37.878475199999997        1.2989876141600438     
   37.933578500000003        1.2989973849217522     
   37.988678000000000        1.2990053642913544     
   38.043781299999999        1.2990030698480342     
   38.098884599999998        1.2990004747189436     
   38.153984100000002        1.2989969758792566     
   38.209087400000001        1.2990027046265999     
   38.264186899999999        1.2989995651147035     
   38.319290199999998        1.2989848630698713     
   38.374389600000001        1.2989968380147947     
   38.429493000000001        1.2989924060920974     
   38.484592399999997        1.2989864705170771     
   38.539695700000003        1.2989908519372408     
   38.594799000000002        1.2989782490142010     
   38.649898499999999        1.2989733763044158     
   38.705001799999998        1.2989881391077100     
   38.760101300000002        1.2989790125979912     
   38.815204600000001        1.2989858794986056     
   38.870304099999998        1.2989737981536718     
   38.925407399999997        1.2989715301737268     
   38.980506900000002        1.2989763212826813     
   39.035610200000001        1.2989649322235857     
   39.090713500000000        1.2989855045274861     
   39.145812999999997        1.2989684993880979     
   39.200916300000003        1.2989699461796733     
   39.256015800000000        1.2989737672026003     
   39.311119099999999        1.2989661230497247     
   39.366218600000003        1.2989762820387352     
   39.421321900000002        1.2989599237463800     
   39.476425200000001        1.2989586544407405     
   39.531524699999999        1.2989694533682301     
   39.586627999999997        1.2989705381003220     
   39.641727400000001        1.2989622421659475     
   39.696830700000000        1.2989594167937264     
   39.751930199999997        1.2989546769885911     
   39.807033500000003        1.2989517490679616     
   39.862133000000000        1.2989565751071086     
   39.917236299999999        1.2989500839276378     
   39.972339599999998        1.2989458157795510     
   40.027439100000002        1.2989452641633765     
   40.082542400000001        1.2989538245072998     
   40.137641899999998        1.2989462253708508     
   40.192745199999997        1.2989426487611926     
   40.247844700000002        1.2989348945856853     
   40.302948000000001        1.2989378780951841     
   40.358047499999998        1.2989459904193357     
   40.413150799999997        1.2989459070843508     
   40.468254100000003        1.2989357723035864     
   40.523353600000000        1.2989418570576128     
   40.578456899999999        1.2989357863901787     
   40.633556400000003        1.2989249481501586     
   40.688659700000002        1.2989346157495889     
   40.743759200000000        1.2989381121387300     
   40.798862499999998        1.2989340300936472     
   40.853961900000002        1.2989264278718260     
   40.909065200000001        1.2989260159328442     
   40.964168500000000        1.2989339681761716     
   41.019267999999997        1.2989284048637271     
   41.074371300000003        1.2989191521471986     
   41.129470800000000        1.2989165563115961     
   41.184574099999999        1.2989288547623394     
   41.239673600000003        1.2989213281910366     
   41.294776900000002        1.2989179787408534     
   41.349876399999999        1.2989303343939935     
   41.404979699999998        1.2989233719942670     
   41.460082999999997        1.2989049736757960     
   41.515182500000002        1.2989128609375005     
   41.570285800000001        1.2989120956850266     
   41.625385299999998        1.2989087446510439     
   41.680488599999997        1.2989009647946252     
   41.735588100000001        1.2988856848908656     
   41.790691400000000        1.2989096172141397     
   41.845790899999997        1.2988961250065700     
   41.900894200000003        1.2988861182801645     
   41.955997500000002        1.2988934197330464     
   42.011096999999999        1.2988853174579400     
   42.066200299999998        1.2988962986687871     
   42.121299700000002        1.2988905396587458     
   42.176403000000001        1.2988948802266556     
   42.231502499999998        1.2988806319066037     
   42.286605799999997        1.2988894140301850     
   42.341709100000003        1.2988932453370918     
   42.396808600000000        1.2988810155162436     
   42.451911899999999        1.2988868597772356     
   42.507011400000003        1.2988663451009785     
   42.562114700000002        1.2988697591101803     
   42.617214199999999        1.2988776541582658     
   42.672317499999998        1.2988691030473194     
   42.727417000000003        1.2988639559154722     
   42.782520300000002        1.2988669103487731     
   42.837623600000001        1.2988713504083955     
   42.892723099999998        1.2988797669328613     
   42.947826399999997        1.2988608608937187     
   43.002925900000001        1.2988714762454572     
   43.058029200000000        1.2988573727803967     
   43.113128699999997        1.2988572533923808     
   43.168232000000003        1.2988617882103024     
   43.223331500000000        1.2988549946428232     
   43.278434799999999        1.2988584775173533     
   43.333538099999998        1.2988647651576704     
   43.388637500000002        1.2988449929267145     
   43.443740800000000        1.2988597536222142     
   43.498840299999998        1.2988487413936862     
   43.553943599999997        1.2988393133392959     
   43.609043100000001        1.2988408039803860     
   43.664146400000000        1.2988419348262210     
   43.719245899999997        1.2988518119847297     
   43.774349200000003        1.2988353631935405     
   43.829452500000002        1.2988401686506252     
   43.884551999999999        1.2988351728619176     
   43.939655299999998        1.2988384524704799     
   43.994754800000003        1.2988261737110878     
   44.049858100000002        1.2988281202167631     
   44.104957599999999        1.2988239087879192     
   44.160060899999998        1.2988248813546155     
   44.215160400000002        1.2988162620299641     
   44.270263700000001        1.2988210645402503     
   44.325367000000000        1.2988227679675806     
   44.380466499999997        1.2988174745744245     
   44.435569800000003        1.2988193546664049     
   44.490669300000000        1.2988214770311288     
   44.545772599999999        1.2988195508848064     
   44.600872000000003        1.2988142385120771     
   44.655975300000001        1.2988069880927633     
   44.711074799999999        1.2988031438408179     
   44.766178099999998        1.2988092315775681     
   44.821281399999997        1.2988099045223611     
   44.876380900000001        1.2988071203942335     
   44.931484200000000        1.2988032622143277     
   44.986583699999997        1.2987965493304592     
   45.041687000000003        1.2988116564692724     
   45.096786500000000        1.2987970474306281     
   45.151889799999999        1.2987811267442024     
   45.206989299999996        1.2987933636056808     
   45.262092600000003        1.2987888899940347     
   45.317195900000002        1.2987886197011322     
   45.372295399999999        1.2987828841413560     
   45.427398699999998        1.2987842596579329     
   45.482498200000002        1.2987954276966445     
   45.537601500000001        1.2987706623392077     
   45.592700999999998        1.2987798744682182     
   45.647804299999997        1.2987677697246358     
   45.702907600000003        1.2987746790498109     
   45.758006999999999        1.2987644756914167     
   45.813110399999999        1.2987675483319774     
   45.868209800000002        1.2987704271756078     
   45.923313100000001        1.2987650800449702     
   45.978412599999999        1.2987625524968065     
   46.033515899999998        1.2987670727668266     
   46.088615400000002        1.2987543598432318     
   46.143718700000001        1.2987682058143601     
   46.198822000000000        1.2987579489111674     
   46.253921499999997        1.2987674031866243     
   46.309024800000003        1.2987507565607121     
   46.364124300000000        1.2987466959846148     
   46.419227599999999        1.2987467071964069     
   46.474327099999996        1.2987520302265052     
   46.529430400000003        1.2987451887357340     
   46.584529900000000        1.2987487073089565     
   46.639633199999999        1.2987487258552872     
   46.694736499999998        1.2987476501044131     
   46.749836000000002        1.2987366207513991     
   46.804939300000001        1.2987340103702012     
   46.860038799999998        1.2987336757637893     
   46.915142099999997        1.2987287167008992     
   46.970241500000000        1.2987265748360286     
   47.025344799999999        1.2987293191734641     
   47.080444300000003        1.2987290234165478     
   47.135547600000002        1.2987279073032791     
   47.190650900000001        1.2987208455977015     
   47.245750399999999        1.2987236455529239     
   47.300853699999998        1.2987282105323532     
   47.355953200000002        1.2987150533570095     
   47.411056500000001        1.2987282160575206     
   47.466155999999998        1.2987188423126765     
   47.521259299999997        1.2987107074290356     
   47.576358800000001        1.2987146253150768     
   47.631462100000000        1.2987166313011882     
   47.686565399999999        1.2987070382366412     
   47.741664900000004        1.2986982109773024     
   47.796768200000002        1.2987038368639321     
   47.851867700000000        1.2987046255866435     
   47.906970999999999        1.2987038765719181     
   47.962070500000003        1.2986986265164127     
   48.017173800000002        1.2986946500341618     
   48.072273299999999        1.2986921962868962     
   48.127376599999998        1.2986833937996025     
   48.182479899999997        1.2986825175171703     
   48.237579300000000        1.2986905430841063     
   48.292682599999999        1.2986840082081188     
   48.347782100000003        1.2986776597452938     
   48.402885400000002        1.2986829767468930     
   48.457984900000000        1.2986749960312347     
   48.513088199999999        1.2986774696276813     
   48.568187700000003        1.2986669634555881     
   48.623291000000002        1.2986660703826576     
   48.678394300000001        1.2986623858738147     
   48.733493799999998        1.2986617229125654     
   48.788597099999997        1.2986615323420365     
   48.843696600000001        1.2986552799783291     
   48.898799900000000        1.2986650857855073     
   48.953899399999997        1.2986555887424214     
   49.009002700000003        1.2986558703642179     
   49.064106000000002        1.2986543371681705     
   49.119205500000000        1.2986521257640413     
   49.174308799999999        1.2986581035316558     
   49.229408300000003        1.2986477337725348     
   49.284511600000002        1.2986574837384877     
   49.339611099999999        1.2986381805342997     
   49.394714399999998        1.2986504447522065     
   49.449813800000001        1.2986455276839355     
   49.504917100000000        1.2986323659694923     
   49.560020399999999        1.2986414991366850     
   49.615119900000003        1.2986370479563223     
   49.670223200000002        1.2986311049710964     
   49.725322700000000        1.2986297306802965     
   49.780425999999999        1.2986211527723026     
   49.835525500000003        1.2986301219793368     
   49.890628800000002        1.2986246928454719     
   49.945728299999999        1.2986208107716422     
   50.000831599999998        1.2986211486857129     
   50.055934899999997        1.2986178776711734     
   50.111034400000001        1.2986210755358158     
   50.166137700000000        1.2986101368331453     
   50.221237199999997        1.2986132598881626     
   50.276340500000003        1.2986159390360359     
   50.331440000000001        1.2986187427050981     
   50.386543300000000        1.2986127361270512     
   50.441642799999997        1.2986041913700916     
   50.496746100000003        1.2985995125359344     
   50.551849400000002        1.2986064841790301     
   50.606948899999999        1.2986029500521523     
   50.662052199999998        1.2985965740057168     
   50.717151600000001        1.2985944561101386     
   50.772254900000000        1.2985915566689739     
   50.827354399999997        1.2985847585980430     
   50.882457700000003        1.2985781072075069     
   50.937557200000001        1.2985870140170006     
   50.992660500000000        1.2985889906434893     
   51.047763799999998        1.2985807704675159     
   51.102863300000003        1.2985745945874545     
   51.157966600000002        1.2985711185059881     
   51.213066099999999        1.2985718928274543     
   51.268169399999998        1.2985690981450155     
   51.323268900000002        1.2985601458289813     
   51.378372200000001        1.2985751490998745     
   51.433471699999998        1.2985648660615801     
   51.488574999999997        1.2985677088336465     
   51.543678300000003        1.2985651931303470     
   51.598777800000001        1.2985657186977140     
   51.653881100000000        1.2985624744005122     
   51.708980599999997        1.2985654696804343     
   51.764083900000003        1.2985556945322763     
   51.819183299999999        1.2985472252150976     
   51.874286699999999        1.2985425708190623     
   51.929386100000002        1.2985552543651822     
   51.984489400000001        1.2985373521922450     
   52.039592700000000        1.2985452648085607     
   52.094692199999997        1.2985333191463611     
   52.149795500000003        1.2985450145361486     
   52.204895000000000        1.2985252341517695     
   52.259998299999999        1.2985352865615600     
   52.315097799999997        1.2985379205542569     
   52.370201100000003        1.2985263631339237     
   52.425304400000002        1.2985283269320680     
   52.480403899999999        1.2985269980554179     
   52.535507199999998        1.2985211913223722     
   52.590606700000002        1.2985201869539780     
   52.645710000000001        1.2985148054053093     
   52.700809499999998        1.2985175127243012     
   52.755912799999997        1.2985162908597203     
   52.811012300000002        1.2985158901761329     
   52.866115600000001        1.2985070806071735     
   52.921218900000000        1.2985044001879948     
   52.976318399999997        1.2985063206927283     
   53.031421700000003        1.2985060557348289     
   53.086521099999999        1.2985120464758055     
   53.141624499999999        1.2984989742689237     
   53.196723900000002        1.2984914118940214     
   53.251827200000001        1.2985022728497573     
   53.306926699999998        1.2984926119927229     
   53.362029999999997        1.2984863666110698     
   53.417133300000003        1.2984929766078153     
   53.472232800000000        1.2984865604515039     
   53.527336099999999        1.2984829528549859     
   53.582435599999997        1.2984818436114614     
   53.637538900000003        1.2984729486961821     
   53.692638400000000        1.2984733734765828     
   53.747741699999999        1.2984852751050200     
   53.802841200000003        1.2984767076769852     
   53.857944500000002        1.2984683573573912     
   53.913047800000001        1.2984722453918540     
   53.968147299999998        1.2984705930176783     
   54.023250599999997        1.2984708557797291     
   54.078350100000002        1.2984692604160624     
   54.133453400000000        1.2984595956602598     
   54.188552899999998        1.2984616208692621     
   54.243656199999997        1.2984563649317273     
   54.298755600000000        1.2984468954357495     
   54.353858899999999        1.2984474638921721     
   54.408962199999998        1.2984517014027028     
   54.464061700000002        1.2984543700357083     
   54.519165000000001        1.2984447706674642     
   54.574264499999998        1.2984436738561314     
   54.629367799999997        1.2984437155698079     
   54.684467300000001        1.2984336943769754     
   54.739570600000000        1.2984347092645776     
   54.794670099999998        1.2984320330382395     
   54.849773399999997        1.2984317663519374     
   54.904876700000003        1.2984311934820616     
   54.959976200000000        1.2984246415777825     
   55.015079499999999        1.2984257610567660     
   55.070179000000003        1.2984235644492028     
   55.125282300000002        1.2984227750417525     
   55.180381799999999        1.2984184187209535     
   55.235485099999998        1.2984140230380701     
   55.290588399999997        1.2984169036917237     
   55.345687900000001        1.2984029115814595     
   55.400791200000000        1.2984082945347406     
   55.455890699999998        1.2984066454600141     
   55.510993999999997        1.2984071567011783     
   55.566093400000000        1.2984044489652491     
   55.621196699999999        1.2984084877392088     
   55.676296200000003        1.2983983374715367     
   55.731399500000002        1.2983933115200816     
   55.786502800000001        1.2983994366350626     
   55.841602299999998        1.2983960482762782     
   55.896705599999997        1.2983910966442862     
   55.951805100000001        1.2983895409820305     
   56.006908400000000        1.2983838481638674     
   56.062007899999998        1.2983821172505350     
   56.117111199999997        1.2983855384994589     
   56.172210700000001        1.2983717371328294     
   56.227314000000000        1.2983795104270399     
   56.282417299999999        1.2983779609093715     
   56.337516800000003        1.2983842783109580     
   56.392620100000002        1.2983728602582958     
   56.447719599999999        1.2983651876754776     
   56.502822899999998        1.2983620414183648     
   56.557922400000002        1.2983605021621949     
