  0.100000001       1.00000000    
  0.129158512       1.00000000    
  0.158317029       1.00000000    
  0.187475532       1.00000000    
  0.216634050       1.00000000    
  0.245792568       1.00000000    
  0.274951071       1.00000000    
  0.304109573       1.00000000    
  0.333268106       1.00000000    
  0.362426609       1.00000000    
  0.391585112       1.00000000    
  0.420743644       1.00000000    
  0.449902147       1.00000000    
  0.479060650       1.00000000    
  0.508219182       1.00000000    
  0.537377656       1.00000000    
  0.566536188       1.00000000    
  0.595694721       1.00000000    
  0.624853194       1.00000000    
  0.654011726       1.00000000    
  0.683170259       1.00000000    
  0.712328732       1.00000000    
  0.741487265       1.00000000    
  0.770645797       1.00000000    
  0.799804270       1.00000000    
  0.828962803       1.00000000    
  0.858121336       1.00000000    
  0.887279809       1.00000000    
  0.916438341       1.00000000    
  0.945596874       1.00000000    
  0.974755347       1.00000000    
   1.00391388       1.00000000    
   1.03307235       1.00000000    
   1.06223094       1.00000000    
   1.09138942       1.00000000    
   1.12054789       1.00000000    
   1.14970648       1.00000000    
   1.17886496       1.00000000    
   1.20802343       1.00000000    
   1.23718202       1.00000000    
   1.26634049       1.00000000    
   1.29549897       1.00000000    
   1.32465756       1.00000000    
   1.35381603       1.00000000    
   1.38297451       1.00000000    
   1.41213310       1.00000000    
   1.44129157       1.00000000    
   1.47045004       1.00000000    
   1.49960864       1.00000000    
   1.52876711       1.00000000    
   1.55792558       1.00000000    
   1.58708417       1.00000000    
   1.61624265       1.00000000    
   1.64540112       1.00000000    
   1.67455971       1.00000000    
   1.70371819       1.00000000    
   1.73287666       1.00000000    
   1.76203525       1.00000000    
   1.79119372       1.00000000    
   1.82035220       1.00000000    
   1.84951079       1.00000000    
   1.87866926       1.00000000    
   1.90782773       1.00000000    
   1.93698633       1.00000000    
   1.96614480       1.00000000    
   1.99530327       1.00000000    
   2.02446175       1.00000000    
   2.05362034       1.00000000    
   2.08277893       1.00000000    
   2.11193728       1.00000000    
   2.14109588       1.00000000    
   2.17025447       1.00000000    
   2.19941282       1.00000000    
   2.22857141       1.00000000    
   2.25773001       1.00000000    
   2.28688836       1.00000000    
   2.31604695       1.00000000    
   2.34520555       1.00000000    
   2.37436390       1.00000000    
   2.40352249       1.00000000    
   2.43268108       1.00000000    
   2.46183944       1.00000000    
   2.49099803       1.00000000    
   2.52015662       1.00000000    
   2.54931498       1.00000000    
   2.57847357       1.00000000    
   2.60763216       1.00000000    
   2.63679051       1.00000000    
   2.66594911       1.00000000    
   2.69510770       1.00000000    
   2.72426605       1.00000000    
   2.75342464       1.00000000    
   2.78258324       1.00000000    
   2.81174159       1.00000000    
   2.84090018       1.00000000    
   2.87005877       1.00000000    
   2.89921713       1.00000000    
   2.92837572       1.00000000    
   2.95753431       1.00000000    
   2.98669267       1.00000000    
   3.01585126       1.00000000    
   3.04500985       1.00000000    
   3.07416821       1.00000000    
   3.10332680       1.00000000    
   3.13248539       1.00000000    
   3.16164374       1.00000000    
   3.19080234       1.00000000    
   3.21996069       1.00000000    
   3.24911928       1.00000000    
   3.27827787       1.00000000    
   3.30743623       1.00000000    
   3.33659482       1.00000000    
   3.36575341       1.00000000    
   3.39491177       1.00000000    
   3.42407036       1.00000000    
   3.45322895       1.00000000    
   3.48238730       1.00000000    
   3.51154590       1.00000000    
   3.54070449       1.00000000    
   3.56986284       1.00000000    
   3.59902143       1.00000000    
   3.62818003       1.00000000    
   3.65733838       1.00000000    
   3.68649697       1.00000000    
   3.71565557       1.00000000    
   3.74481392       1.00000000    
   3.77397251       1.00000000    
   3.80313110       1.00000000    
   3.83228946       1.00000000    
   3.86144805       1.00000000    
   3.89060664       1.00000000    
   3.91976500       1.00000000    
   3.94892359       1.00000000    
   3.97808218       1.00000000    
   4.00724077       1.00000000    
   4.03639936       1.00000000    
   4.06555748       1.00000000    
   4.09471607       1.00000000    
   4.12387466       1.00000000    
   4.15303326       1.00000000    
   4.18219185       1.00000000    
   4.21135044       1.00000000    
   4.24050856       1.00000000    
   4.26966715       1.00000000    
   4.29882574       1.00000000    
   4.32798433       1.00000000    
   4.35714293       1.00000000    
   4.38630152       1.00000000    
   4.41545963       1.00000000    
   4.44461823       1.00000000    
   4.47377682       1.00000000    
   4.50293541       1.00000000    
   4.53209400       1.00000000    
   4.56125259       1.00000000    
   4.59041071       1.00000000    
   4.61956930       1.00000000    
   4.64872789       1.00000000    
   4.67788649       1.00000000    
   4.70704508       1.00000000    
   4.73620367       1.00000000    
   4.76536179       1.00000000    
   4.79452038       1.00000000    
   4.82367897       1.00000000    
   4.85283756       1.00000000    
   4.88199615       1.00000000    
   4.91115475       1.00000000    
   4.94031286       1.00000000    
   4.96947145       1.00000000    
   4.99863005       1.00000000    
   5.02778864       1.00000000    
   5.05694723       1.00000000    
   5.08610582       1.00000000    
   5.11526394       1.00000000    
   5.14442253       1.00000000    
   5.17358112       1.00000000    
   5.20273972       1.00000000    
   5.23189831       1.00000000    
   5.26105690       1.00000000    
   5.29021502       1.00000000    
   5.31937361       1.00000000    
   5.34853220       1.00000000    
   5.37769079       1.00000000    
   5.40684938       1.00000000    
   5.43600750       1.00000000    
   5.46516609       1.00000000    
   5.49432468       1.00000000    
   5.52348328       1.00000000    
   5.55264187       1.00000000    
   5.58180046       1.00000000    
   5.61095858       1.00000000    
   5.64011717       1.00000000    
   5.66927576       1.00000000    
   5.69843435       1.00000000    
   5.72759295       1.00000000    
   5.75675154       1.00000000    
   5.78590965       1.00000000    
   5.81506824       1.00000000    
   5.84422684       1.00000000    
   5.87338543       1.00000000    
   5.90254402       1.00000000    
   5.93170261       1.00000000    
   5.96086073       1.00000000    
   5.99001932       1.00000000    
   6.01917791       1.00000000    
   6.04833651       1.00000000    
   6.07749510       1.00000000    
   6.10665369       1.00000000    
   6.13581181       1.00000000    
   6.16497040       1.00000000    
   6.19412899       1.00000000    
   6.22328758       1.00000000    
   6.25244617       1.00000000    
   6.28160477       1.00000000    
   6.31076288       1.00000000    
   6.33992147       1.00000000    
   6.36908007       1.00000000    
   6.39823866       1.00000000    
   6.42739725       1.00000000    
   6.45655584       1.00000000    
   6.48571396       1.00000000    
   6.51487255       1.00000000    
   6.54403114       1.00000000    
   6.57318974       1.00000000    
   6.60234833       1.00000000    
   6.63150692       1.00000000    
   6.66066504       1.00000000    
   6.68982363       1.00000000    
   6.71898222       1.00000000    
   6.74814081       1.00000000    
   6.77729940       1.00000000    
   6.80645800       1.00000000    
   6.83561611       1.00000000    
   6.86477470       1.00000000    
   6.89393330       1.00000000    
   6.92309189       1.00000000    
   6.95225048       1.00000000    
   6.98140907       1.00000000    
   7.01056719       1.00000000    
   7.03972578       1.00000000    
   7.06888437       1.00000000    
   7.09804296       1.00000000    
   7.12720156       1.00000000    
   7.15636015       1.00000000    
   7.18551826       1.00000000    
   7.21467686       1.00000000    
   7.24383545       1.00000000    
   7.27299404       1.00000000    
   7.30215263       1.00000000    
   7.33131123       1.00000000    
   7.36046934       1.00000000    
   7.38962793       1.00000000    
   7.41878653       1.00000000    
   7.44794512       1.00000000    
   7.47710371       1.00000000    
   7.50626230       1.00000000    
   7.53542042       1.00000000    
   7.56457901       1.00000000    
   7.59373760       1.00000000    
   7.62289619       1.00000000    
   7.65205479       1.00000000    
   7.68121338       1.00000000    
   7.71037149       1.00000000    
   7.73953009       1.00000000    
   7.76868868       1.00000000    
   7.79784727       1.00000000    
   7.82700586       1.00000000    
   7.85616446       1.00000000    
   7.88532257       1.00000000    
   7.91448116       1.00000000    
   7.94363976       1.00000000    
   7.97279835       1.00000000    
   8.00195694       1.00000000    
   8.03111553       1.00000000    
   8.06027412       1.00000000    
   8.08943272       1.00000000    
   8.11859131       1.00000000    
   8.14774895       1.00000000    
   8.17690754       1.00000000    
   8.20606613       1.00000000    
   8.23522472       1.00000000    
   8.26438332       1.00000000    
   8.29354191       1.00000000    
   8.32270050       1.00000000    
   8.35185909       1.00000000    
   8.38101768       1.00000000    
   8.41017628       1.00000000    
   8.43933487       1.00000000    
   8.46849346       1.00000000    
   8.49765110       1.00000000    
   8.52680969       1.00000000    
   8.55596828       1.00000000    
   8.58512688       1.00000000    
   8.61428547       1.00000000    
   8.64344406       1.00000000    
   8.67260265       1.00000000    
   8.70176125       1.00000000    
   8.73091984       1.00000000    
   8.76007843       1.00000000    
   8.78923702       1.00000000    
   8.81839561       1.00000000    
   8.84755325       1.00000000    
   8.87671185       1.00000000    
   8.90587044       1.00000000    
   8.93502903       1.00000000    
   8.96418762       1.00000000    
   8.99334621       1.00000000    
   9.02250481       1.00000000    
   9.05166340       1.00000000    
   9.08082199       1.00000000    
   9.10998058       1.00000000    
   9.13913918       1.00000000    
   9.16829777       1.00000000    
   9.19745541       1.00000000    
   9.22661400       1.00000000    
   9.25577259       1.00000000    
   9.28493118       1.00000000    
   9.31408978       1.00000000    
   9.34324837       1.00000000    
   9.37240696       1.00000000    
   9.40156555       1.00000000    
   9.43072414       1.00000000    
   9.45988274       1.00000000    
   9.48904133       1.00000000    
   9.51819992       1.00000000    
   9.54735756       1.00000000    
   9.57651615       1.00000000    
   9.60567474       1.00000000    
   9.63483334       1.00000000    
   9.66399193       1.00000000    
   9.69315052       1.00000000    
   9.72230911       1.00000000    
   9.75146770       1.00000000    
   9.78062630       1.00000000    
   9.80978489       1.00000000    
   9.83894348       1.00000000    
   9.86810112       1.00000000    
   9.89725971       1.00000000    
   9.92641830       1.00000000    
   9.95557690       1.00000000    
   9.98473549       1.00000000    
   10.0138941       1.00000000    
   10.0430527       1.00000000    
   10.0722113       1.00000000    
   10.1013699       1.00000000    
   10.1305285       1.00000000    
   10.1596870       1.00000000    
   10.1888456       1.00000000    
   10.2180033       1.00000000    
   10.2471619       1.00000000    
   10.2763205       1.00000000    
   10.3054790       1.00000000    
   10.3346376       1.00000000    
   10.3637962       1.00000000    
   10.3929548       1.00000000    
   10.4221134       1.00000000    
   10.4512720       1.00000000    
   10.4804306       1.00000000    
   10.5095892       1.00000000    
   10.5387478       1.00000000    
   10.5679054       1.00000000    
   10.5970640       1.00000000    
   10.6262226       1.00000000    
   10.6553812       1.00000000    
   10.6845398       1.00000000    
   10.7136984       1.00000000    
   10.7428570       1.00000000    
   10.7720156       1.00000000    
   10.8011742       1.00000000    
   10.8303328       1.00000000    
   10.8594913       1.00000000    
   10.8886499       1.00000000    
   10.9178076       1.00000000    
   10.9469662       1.00000000    
   10.9761248       1.00000000    
   11.0052834       1.00000000    
   11.0344419       1.00000000    
   11.0636005       1.00000000    
   11.0927591       1.00000000    
   11.1219177       1.00000000    
   11.1510763       1.00000000    
   11.1802349       1.00000000    
   11.2093935       1.00000000    
   11.2385521       1.00000000    
   11.2677097       1.00000000    
   11.2968683       1.00000000    
   11.3260269       1.00000000    
   11.3551855       1.00000000    
   11.3843441       1.00000000    
   11.4135027       1.00000000    
   11.4426613       1.00000000    
   11.4718199       1.00000000    
   11.5009785       1.00000000    
   11.5301371       1.00000000    
   11.5592957       1.00000000    
   11.5884542       1.00000000    
   11.6176119       1.00000000    
   11.6467705       1.00000000    
   11.6759291       1.00000000    
   11.7050877       1.00000000    
   11.7342463       1.00000000    
   11.7634048       1.00000000    
   11.7925634       1.00000000    
   11.8217220       1.00000000    
   11.8508806       1.00000000    
   11.8800392       1.00000000    
   11.9091978       1.00000000    
   11.9383564       1.00000000    
   11.9675140       1.00000000    
   11.9966726       1.00000000    
   12.0258312       1.00000000    
   12.0549898       1.00000000    
   12.0841484       1.00000000    
   12.1133070       1.00000000    
   12.1424656       1.00000000    
   12.1716242       1.00000000    
   12.2007828       1.00000000    
   12.2299414       1.00000000    
   12.2591000       1.00000000    
   12.2882586       1.00000000    
   12.3174162       1.00000000    
   12.3465748       1.00000000    
   12.3757334       1.00000000    
   12.4048920       1.00000000    
   12.4340506       1.00000000    
   12.4632092       1.00000000    
   12.4923677       1.00000000    
   12.5215263       1.00000000    
   12.5506849       1.00000000    
   12.5798435       1.00000000    
   12.6090021       1.00000000    
   12.6381607       1.00000000    
   12.6673183       1.00000000    
   12.6964769       1.00000000    
   12.7256355       1.00000000    
   12.7547941       1.00000000    
   12.7839527       1.00000000    
   12.8131113       1.00000000    
   12.8422699       1.00000000    
   12.8714285       1.00000000    
   12.9005871       1.00000000    
   12.9297457       1.00000000    
   12.9589043       1.00000000    
   12.9880629       1.00000000    
   13.0172205       1.00000000    
   13.0463791       1.00000000    
   13.0755377       1.00000000    
   13.1046963       1.00000000    
   13.1338549       1.00000000    
   13.1630135       1.00000000    
   13.1921721       1.00000000    
   13.2213306       1.00000000    
   13.2504892       1.00000000    
   13.2796478       1.00000000    
   13.3088064       1.00000000    
   13.3379650       1.00000000    
   13.3671227       1.00000000    
   13.3962812       1.00000000    
   13.4254398       1.00000000    
   13.4545984       1.00000000    
   13.4837570       1.00000000    
   13.5129156       1.00000000    
   13.5420742       1.00000000    
   13.5712328       1.00000000    
   13.6003914       1.00000000    
   13.6295500       1.00000000    
   13.6587086       1.00000000    
   13.6878672       1.00000000    
   13.7170248       1.00000000    
   13.7461834       1.00000000    
   13.7753420       1.00000000    
   13.8045006       1.00000000    
   13.8336592       1.00000000    
   13.8628178       1.00000000    
   13.8919764       1.00000000    
   13.9211349       1.00000000    
   13.9502935       1.00000000    
   13.9794521       1.00000000    
   14.0086107       1.00000000    
   14.0377684       1.00000000    
   14.0669270       1.00000000    
   14.0960855       1.00000000    
   14.1252441       1.00000000    
   14.1544027       1.00000000    
   14.1835613       1.00000000    
   14.2127199       1.00000000    
   14.2418785       1.00000000    
   14.2710371       1.00000000    
   14.3001957       1.00000000    
   14.3293543       1.00000000    
   14.3585129       1.00000000    
   14.3876705       1.00000000    
   14.4168291       1.00000000    
   14.4459877       1.00000000    
   14.4751463       1.00000000    
   14.5043049       1.00000000    
   14.5334635       1.00000000    
   14.5626221       1.00000000    
   14.5917807       1.00000000    
   14.6209393       1.00000000    
   14.6500978       1.00000000    
   14.6792564       1.00000000    
   14.7084150       1.00000000    
   14.7375727       1.00000000    
   14.7667313       1.00000000    
   14.7958899       1.00000000    
   14.8250484       1.00000000    
   14.8542070       1.00000000    
   14.8833656       1.00000000    
   14.9125242       1.00000000    
   14.9416828       1.00000000    
   14.9708414       1.00000000    
   15.0000000       1.00000000    
   15.0291586       1.00000000    
   15.0583172       1.00000000    
   15.0874748       1.00000000    
   15.1166334       1.00000000    
   15.1457920       1.00000000    
   15.1749506       1.00000000    
   15.2041092       1.00000000    
   15.2332678       1.00000000    
   15.2624264       1.00000000    
   15.2915850       1.00000000    
   15.3207436       1.00000000    
   15.3499022       1.00000000    
   15.3790607       1.00000000    
   15.4082193       1.00000000    
   15.4373770       1.00000000    
   15.4665356       1.00000000    
   15.4956942       1.00000000    
   15.5248528       1.00000000    
   15.5540113       1.00000000    
   15.5831699       1.00000000    
   15.6123285       1.00000000    
   15.6414871       1.00000000    
   15.6706457       1.00000000    
   15.6998043       1.00000000    
   15.7289629       1.00000000    
   15.7581215       1.00000000    
   15.7872791       1.00000000    
   15.8164377       1.00000000    
   15.8455963       1.00000000    
   15.8747549       1.00000000    
   15.9039135       1.00000000    
   15.9330721       1.00000000    
   15.9622307       1.00000000    
   15.9913893       1.00000000    
   16.0205479       1.00000000    
   16.0497055       1.00000000    
   16.0788651       1.00000000    
   16.1080227       1.00000000    
   16.1371822       1.00000000    
   16.1663399       1.00000000    
   16.1954994       1.00000000    
   16.2246571       1.00000000    
   16.2538166       1.00000000    
   16.2829742       1.00000000    
   16.3121319       1.00000000    
   16.3412914       1.00000000    
   16.3704491       1.00000000    
   16.3996086       1.00000000    
   16.4287663       1.00000000    
   16.4579258       1.00000000    
   16.4870834       1.00000000    
   16.5162430       1.00000000    
   16.5454006       1.00000000    
   16.5745602       1.00000000    
   16.6037178       1.00000000    
   16.6328773       1.00000000    
   16.6620350       1.00000000    
   16.6911926       1.00000000    
   16.7203522       1.00000000    
   16.7495098       1.00000000    
   16.7786694       1.00000000    
   16.8078270       1.00000000    
   16.8369865       1.00000000    
   16.8661442       1.00000000    
   16.8953037       1.00000000    
   16.9244614       1.00000000    
   16.9536209       1.00000000    
   16.9827785       1.00000000    
   17.0119362       1.00000000    
   17.0410957       1.00000000    
   17.0702534       1.00000000    
   17.0994129       1.00000000    
   17.1285706       1.00000000    
   17.1577301       1.00000000    
   17.1868877       1.00000000    
   17.2160473       1.00000000    
   17.2452049       1.00000000    
   17.2743645       1.00000000    
   17.3035221       1.00000000    
   17.3326817       1.00000000    
   17.3618393       1.00000000    
   17.3909969       1.00000000    
   17.4201565       1.00000000    
   17.4493141       1.00000000    
   17.4784737       1.00000000    
   17.5076313       1.00000000    
   17.5367908       1.00000000    
   17.5659485       1.00000000    
   17.5951080       1.00000000    
   17.6242657       1.00000000    
   17.6534252       1.00000000    
   17.6825829       1.00000000    
   17.7117405       1.00000000    
   17.7409000       1.00000000    
   17.7700577       1.00000000    
   17.7992172       1.00000000    
   17.8283749       1.00000000    
   17.8575344       1.00000000    
   17.8866920       1.00000000    
   17.9158516       1.00000000    
   17.9450092       1.00000000    
   17.9741688       1.00000000    
   18.0033264       1.00000000    
   18.0324860       1.00000000    
   18.0616436       1.00000000    
   18.0908012       1.00000000    
   18.1199608       1.00000000    
   18.1491184       1.00000000    
   18.1782780       1.00000000    
   18.2074356       1.00000000    
   18.2365952       1.00000000    
   18.2657528       1.00000000    
   18.2949123       1.00000000    
   18.3240700       1.00000000    
   18.3532295       1.00000000    
   18.3823872       1.00000000    
   18.4115448       1.00000000    
   18.4407043       1.00000000    
   18.4698620       1.00000000    
   18.4990215       1.00000000    
   18.5281792       1.00000000    
   18.5573387       1.00000000    
   18.5864964       1.00000000    
   18.6156559       1.00000000    
   18.6448135       1.00000000    
   18.6739731       1.00000000    
   18.7031307       1.00000000    
   18.7322884       1.00000000    
   18.7614479       1.00000000    
   18.7906055       1.00000000    
   18.8197651       1.00000000    
   18.8489227       1.00000000    
   18.8780823       1.00000000    
   18.9072399       1.00000000    
   18.9363995       1.00000000    
   18.9655571       1.00000000    
   18.9947166       1.00000000    
   19.0238743       1.00000000    
   19.0530338       1.00000000    
   19.0821915       1.00000000    
   19.1113491       1.00000000    
   19.1405087       1.00000000    
   19.1696663       1.00000000    
   19.1988258       1.00000000    
   19.2279835       1.00000000    
   19.2571430       1.00000000    
   19.2863007       1.00000000    
   19.3154602       1.00000000    
   19.3446178       1.00000000    
   19.3737774       1.00000000    
   19.4029350       1.00000000    
   19.4320927       1.00000000    
   19.4612522       1.00000000    
   19.4904099       1.00000000    
   19.5195694       1.00000000    
   19.5487270       1.00000000    
   19.5778866       1.00000000    
   19.6070442       1.00000000    
   19.6362038       1.00000000    
   19.6653614       1.00000000    
   19.6945210       1.00000000    
   19.7236786       1.00000000    
   19.7528381       1.00000000    
   19.7819958       1.00000000    
   19.8111534       1.00000000    
   19.8403130       1.00000000    
   19.8694706       1.00000000    
   19.8986301       1.00000000    
   19.9277878       1.00000000    
   19.9569473       1.00000000    
   19.9861050       1.00000000    
   20.0152645       1.00000000    
   20.0444221       1.00000000    
   20.0735817       1.00000000    
   20.1027393       1.00000000    
   20.1318970       1.00000000    
   20.1610565       1.00000000    
   20.1902142       1.00000000    
   20.2193737       1.00000000    
   20.2485313       1.00000000    
   20.2776909       1.00000000    
   20.3068485       1.00000000    
   20.3360081       1.00000000    
   20.3651657       1.00000000    
   20.3943253       1.00000000    
   20.4234829       1.00000000    
   20.4526424       1.00000000    
   20.4818001       1.00000000    
   20.5109577       1.00000000    
   20.5401173       1.00000000    
   20.5692749       1.00000000    
   20.5984344       1.00000000    
   20.6275921       1.00000000    
   20.6567516       1.00000000    
   20.6859093       1.00000000    
   20.7150688       1.00000000    
   20.7442265       1.00000000    
   20.7733860       1.00000000    
   20.8025436       1.00000000    
   20.8317013       1.00000000    
   20.8608608       1.00000000    
   20.8900185       1.00000000    
   20.9191780       1.00000000    
   20.9483356       1.00000000    
   20.9774952       1.00000000    
   21.0066528       1.00000000    
   21.0358124       1.00000000    
   21.0649700       1.00000000    
   21.0941296       1.00000000    
   21.1232872       1.00000000    
   21.1524467       1.00000000    
   21.1816044       1.00000000    
   21.2107620       1.00000000    
   21.2399216       1.00000000    
   21.2690792       1.00000000    
   21.2982388       1.00000000    
   21.3273964       1.00000000    
   21.3565559       1.00000000    
   21.3857136       1.00000000    
   21.4148731       1.00000000    
   21.4440308       1.00000000    
   21.4731903      0.999999940    
   21.5023479      0.999999940    
   21.5315056      0.999999940    
   21.5606651      0.999999940    
   21.5898228      0.999999940    
   21.6189823      0.999999940    
   21.6481400      0.999999940    
   21.6772995      0.999999940    
   21.7064571      0.999999940    
   21.7356167      0.999999940    
   21.7647743      0.999999940    
   21.7939339      0.999999881    
   21.8230915      0.999999881    
   21.8522511      0.999999881    
   21.8814087      0.999999881    
   21.9105663      0.999999881    
   21.9397259      0.999999821    
   21.9688835      0.999999821    
   21.9980431      0.999999821    
   22.0272007      0.999999762    
   22.0563602      0.999999762    
   22.0855179      0.999999762    
   22.1146774      0.999999702    
   22.1438351      0.999999702    
   22.1729946      0.999999642    
   22.2021523      0.999999583    
   22.2313099      0.999999583    
   22.2604694      0.999999523    
   22.2896271      0.999999464    
   22.3187866      0.999999404    
   22.3479443      0.999999344    
   22.3771038      0.999999285    
   22.4062614      0.999999225    
   22.4354210      0.999999166    
   22.4645786      0.999999046    
   22.4937382      0.999998927    
   22.5228958      0.999998868    
   22.5520554      0.999998748    
   22.5812130      0.999998569    
   22.6103706      0.999998450    
   22.6395302      0.999998271    
   22.6686878      0.999998093    
   22.6978474      0.999997914    
   22.7270050      0.999997675    
   22.7561646      0.999997437    
   22.7853222      0.999997199    
   22.8144817      0.999996901    
   22.8436394      0.999996543    
   22.8727989      0.999996185    
   22.9019566      0.999995828    
   22.9311142      0.999995351    
   22.9602737      0.999994874    
   22.9894314      0.999994338    
   23.0185909      0.999993801    
   23.0477486      0.999993145    
   23.0769081      0.999992430    
   23.1060658      0.999991596    
   23.1352253      0.999990761    
   23.1643829      0.999989748    
   23.1935425      0.999988735    
   23.2227001      0.999987543    
   23.2518578      0.999986231    
   23.2810173      0.999984801    
   23.3101749      0.999983191    
   23.3393345      0.999981463    
   23.3684921      0.999979496    
   23.3976517      0.999977410    
   23.4268093      0.999975026    
   23.4559689      0.999972403    
   23.4851265      0.999969542    
   23.5142860      0.999966383    
   23.5434437      0.999962866    
   23.5726032      0.999958992    
   23.6017609      0.999954700    
   23.6309185      0.999949992    
   23.6600780      0.999944806    
   23.6892357      0.999939024    
   23.7183952      0.999932706    
   23.7475529      0.999925673    
   23.7767124      0.999917924    
   23.8058701      0.999909341    
   23.8350296      0.999899924    
   23.8641872      0.999889433    
   23.8933468      0.999877930    
   23.9225044      0.999865234    
   23.9516621      0.999851167    
   23.9808216      0.999835670    
   24.0099792      0.999818504    
   24.0391388      0.999799609    
   24.0682964      0.999778688    
   24.0974560      0.999755621    
   24.1266136      0.999730170    
   24.1557732      0.999702036    
   24.1849308      0.999670982    
   24.2140903      0.999636650    
   24.2432480      0.999598801    
   24.2724075      0.999557018    
   24.3015652      0.999510825    
   24.3307228      0.999459863    
   24.3598824      0.999403536    
   24.3890400      0.999341428    
   24.4181995      0.999272764    
   24.4473572      0.999197006    
   24.4765167      0.999113381    
   24.5056744      0.999020994    
   24.5348339      0.998919070    
   24.5639915      0.998806477    
   24.5931511      0.998682201    
   24.6223087      0.998544991    
   24.6514664      0.998393536    
   24.6806259      0.998226285    
   24.7097836      0.998041749    
   24.7389431      0.997837961    
   24.7681007      0.997613072    
   24.7972603      0.997364879    
   24.8264179      0.997090876    
   24.8555775      0.996788561    
   24.8847351      0.996454895    
   24.9138947      0.996086717    
   24.9430523      0.995680392    
   24.9722118      0.995232165    
   25.0013695      0.994737685    
   25.0305271      0.994192123    
   25.0596867      0.993590474    
   25.0888443      0.992926896    
   25.1180038      0.992195129    
   25.1471615      0.991388321    
   25.1763210      0.990498960    
   25.2054787      0.989518642    
   25.2346382      0.988438427    
   25.2637959      0.987248302    
   25.2929554      0.985937417    
   25.3221130      0.984493852    
   25.3512707      0.982904673    
   25.3804302      0.981155753    
   25.4095879      0.979231715    
   25.4387474      0.977115810    
   25.4679050      0.974789858    
   25.4970646      0.972234249    
   25.5262222      0.969427645    
   25.5553818      0.966347218    
   25.5845394      0.962968230    
   25.6136990      0.959264278    
   25.6428566      0.955207109    
   25.6720161      0.950766563    
   25.7011738      0.945910752    
   25.7303314      0.940605938    
   25.7594910      0.934816658    
   25.7886486      0.928506017    
   25.8178082      0.921635628    
   25.8469658      0.914166093    
   25.8761253      0.906057060    
   25.9052830      0.897268116    
   25.9344425      0.887758732    
   25.9636002      0.877489269    
   25.9927597      0.866421640    
   26.0219173      0.854519904    
   26.0510750      0.841751397    
   26.0802345      0.828087687    
   26.1093922      0.813505590    
   26.1385517      0.797988355    
   26.1677094      0.781526744    
   26.1968689      0.764120221    
   26.2260265      0.745777965    
   26.2551861      0.726519942    
   26.2843437      0.706377387    
   26.3135033      0.685393691    
   26.3426609      0.663624465    
   26.3718204      0.641137660    
   26.4009781      0.618012905    
   26.4301357      0.594340801    
   26.4592953      0.570221961    
   26.4884529      0.545764983    
   26.5176125      0.521085203    
   26.5467701      0.496302068    
   26.5759296      0.471537083    
   26.6050873      0.446911395    
   26.6342468      0.422543496    
   26.6634045      0.398546815    
   26.6925640      0.375027895    
   26.7217216      0.352084398    
   26.7508793      0.329803824    
   26.7800388      0.308262408    
   26.8091965      0.287524343    
   26.8383560      0.267641604    
   26.8675137      0.248653963    
   26.8966732      0.230589256    
   26.9258308      0.213464066    
   26.9549904      0.197284609    
   26.9841480      0.182047635    
   27.0133076      0.167741552    
   27.0424652      0.154347554    
   27.0716228      0.141840786    
   27.1007824      0.130191416    
   27.1299400      0.119365729    
   27.1590996      0.109327078    
   27.1882572      0.100036770    
   27.2174168       9.14548635E-02
   27.2465744       8.35408345E-02
   27.2757339       7.62541741E-02
   27.3048916       6.95548356E-02
   27.3340511       6.34036660E-02
   27.3632088       5.77627197E-02
   27.3923683       5.25954552E-02
   27.4215260       4.78669554E-02
   27.4506836       4.35440242E-02
   27.4798431       3.95952649E-02
   27.5090008       3.59911248E-02
   27.5381603       3.27038765E-02
   27.5673180       2.97076181E-02
   27.5964775       2.69782133E-02
   27.6256351       2.44932435E-02
   27.6547947       2.22319346E-02
   27.6839523       2.01750826E-02
   27.7131119       1.83049627E-02
   27.7422695       1.66052543E-02
   27.7714272       1.50609519E-02
   27.8005867       1.36582758E-02
   27.8297443       1.23845926E-02
   27.8589039       1.12283332E-02
   27.8880615       1.01789124E-02
   27.9172211       9.22665745E-03
   27.9463787       8.36273562E-03
   27.9755383       7.57908588E-03
   28.0046959       6.86836150E-03
   28.0338554       6.22386672E-03
   28.0630131       5.63950511E-03
   28.0921726       5.10972738E-03
   28.1213303       4.62948531E-03
   28.1504879       4.19418933E-03
   28.1796474       3.79966642E-03
   28.2088051       3.44212563E-03
   28.2379646       3.11812339E-03
   28.2671223       2.82453257E-03
   28.2962818       2.55851424E-03
   28.3254395       2.31749169E-03
   28.3545990       2.09912658E-03
   28.3837566       1.90129771E-03
   28.4129162       1.72208075E-03
   28.4420738       1.55973039E-03
   28.4712315       1.41266407E-03
   28.5003910       1.27944688E-03
   28.5295486       1.15877774E-03
   28.5587082       1.04947737E-03
   28.5878658       9.50476795E-04
   28.6170254       8.60807195E-04
   28.6461830       7.79590628E-04
   28.6753426       7.06031336E-04
   28.7045002       6.39408419E-04
   28.7336597       5.79068554E-04
   28.7628174       5.24419884E-04
   28.7919769       4.74926113E-04
   28.8211346       4.30101471E-04
   28.8502922       3.89505847E-04
   28.8794518       3.52740521E-04
   28.9086094       3.19444371E-04
   28.9377689       2.89290212E-04
   28.9669266       2.61981739E-04
   28.9960861       2.37250511E-04
   29.0252438       2.14853440E-04
   29.0544033       1.94570282E-04
   29.0835609       1.76201618E-04
   29.1127205       1.59566800E-04
   29.1418781       1.44502206E-04
   29.1710358       1.30859669E-04
   29.2001953       1.18504984E-04
   29.2293530       1.07316591E-04
   29.2585125       9.71844274E-05
   29.2876701       8.80087973E-05
   29.3168297       7.96994063E-05
   29.3459873       7.21744946E-05
   29.3751469       6.53600146E-05
   29.4043045       5.91888929E-05
   29.4334641       5.36004045E-05
   29.4626217       4.85395431E-05
   29.4917812       4.39564974E-05
   29.5209389       3.98061602E-05
   29.5500965       3.60476806E-05
   29.5792561       3.26440640E-05
   29.6084137       2.95618047E-05
   29.6375732       2.67705673E-05
   29.6667309       2.42428723E-05
   29.6958904       2.19538397E-05
   29.7250481       1.98809339E-05
   29.7542076       1.80037514E-05
   29.7833652       1.63038112E-05
   29.8125248       1.47643805E-05
   29.8416824       1.33703033E-05
   29.8708401       1.21078547E-05
   29.8999996       1.09646080E-05
   29.9291573       9.92930745E-06
