   0.0000000000000000       0.12461780386995272     
   6.7534076147913214E-006  0.17349938810053483     
   2.7013630459165285E-005  0.25094547379767079     
   6.0780668533121898E-005  0.34065323212933202     
   1.0805452183666114E-004  0.42034555482463792     
   1.6883519036978308E-004  0.49324134360110872     
   2.4312267413248759E-004  0.42742451774552115     
   3.3091697312477477E-004  0.38763510726842215     
   4.3221808734664457E-004  0.33823544509051717     
   5.4702601679809714E-004  0.47926184365130720     
   6.7534076147913232E-004  0.64450582838641524     
   8.1716232138974996E-004  0.62790609838397515     
   9.7249069652995037E-004  0.55461301347958503     
   1.1413258868997332E-003  0.59006376377264180     
   1.3236678924990991E-003  0.78491105871800404     
   1.5195167133280473E-003  0.69941079695460850     
   1.7288723493865783E-003  0.66513911870182207     
   1.9517348006746918E-003  0.81577514783440974     
   2.1881040671923885E-003  0.81121117221433181     
   2.4379801489396668E-003  0.91625011157887237     
   2.7013630459165293E-003  0.62649686311144337     
   2.9782527581229726E-003  0.79419770855567862     
   3.2686492855589998E-003  0.86764672959090494     
   3.5725526282246087E-003   1.1298051261628248     
   3.8899627861198015E-003  0.97343230873553555     
   4.2208797592445755E-003  0.91511974829335929     
   4.5653035475989329E-003  0.64976913098579825     
   4.9232341511828729E-003  0.42194427957395769     
   5.2946715699963964E-003  0.33317564888800938     
   5.6796158040395006E-003  0.18109114860055511     
   6.0780668533121892E-003  0.10784460560904893     
   6.4900247178144594E-003   8.9748707285243354E-002
   6.9154893975463131E-003   4.6495213578383009E-002
   7.3544608925077493E-003   2.6379031710753436E-002
   7.8069392026987672E-003   2.7763450540144115E-002
   8.2729243281193694E-003   1.5478402338630223E-002
   8.7524162687695542E-003   5.8936640948899837E-003
   9.2454150246493207E-003   9.7521446535018055E-003
   9.7519205957586671E-003   8.7887082714153530E-003
   1.0271932982097599E-002   2.2078371635521473E-003
   1.0805452183666117E-002   2.0164690454631323E-003
   1.1352478200464212E-002   4.2534665794309095E-003
   1.1913011032491891E-002   2.1439957590231647E-003
   1.2487050679749151E-002   3.2799927464017550E-004
   1.3074597142235999E-002   1.5443567138429227E-003
   1.3675650419952425E-002   1.6583036386397878E-003
   1.4290210512898435E-002   2.2165539800862914E-004
   1.4918277421074027E-002   3.6856611188821746E-004
   1.5559851144479206E-002   1.3693622342205712E-003
   1.6214931683113963E-002   9.2728483701585616E-004
   1.6883519036978302E-002   8.2923990994079243E-005
   1.7565613206072229E-002   3.9488543271537242E-004
   1.8261214190395732E-002   8.5365190097464621E-004
   1.8970321989948819E-002   4.6030485075734898E-004
   1.9692936604731492E-002   5.0402626597849111E-005
   2.0429058034743749E-002   2.2731741049457019E-004
   2.1178686279985585E-002   3.5953020285043192E-004
   2.1941821340457003E-002   1.3998207018760920E-004
   2.2718463216158002E-002   6.6459972150277076E-005
   2.3508611907088590E-002   2.7125432765542218E-004
   2.4312267413248757E-002   3.4026270059069633E-004
   2.5129429734638505E-002   2.0884918033046274E-004
   2.5960098871257838E-002   2.0676779705795524E-004
   2.6804274823106756E-002   3.6421815780700805E-004
   2.7661957590185252E-002   4.0267296905551110E-004
   2.8533147172493330E-002   2.8155019814730340E-004
   2.9417843570030997E-002   2.1143731982806394E-004
   3.0316046782798246E-002   2.4622335954553376E-004
   3.1227756810795069E-002   2.4297888989615612E-004
   3.2152973654021477E-002   1.5763676962667452E-004
   3.3091697312477478E-002   9.4243503086205750E-005
   3.4043927786163053E-002   9.7098183494099036E-005
   3.5009665075078217E-002   1.0259165165019029E-004
   3.5988909179222948E-002   8.0844227691668580E-005
   3.6981660098597283E-002   7.8529763382034757E-005
   3.7987917833201171E-002   1.1694710627789372E-004
   3.9007682383034668E-002   1.5551367203871946E-004
   4.0040953748097755E-002   1.6862919749850505E-004
   4.1087731928390395E-002   1.8207244667059355E-004
   4.2148016923912637E-002   2.1605246808806315E-004
   4.3221808734664469E-002   2.4849691012763939E-004
   4.4309107360645854E-002   2.5323899120799793E-004
   4.5409912801856848E-002   2.3935399583016847E-004
   4.6524225058297418E-002   2.2932241896932517E-004
   4.7652044129967562E-002   2.2332703874707624E-004
   4.8793370016867302E-002   2.0571011416982746E-004
   4.9948202718996602E-002   1.7372956126013935E-004
   5.1116542236355512E-002   1.4067676301389499E-004
   5.2298388568943997E-002   1.1554603060210350E-004
   5.3493741716762050E-002   9.4519457707300332E-005
   5.4702601679809698E-002   7.2824400492715955E-005
   5.5924968458086935E-002   5.3926710233124433E-005
   5.7160842051593740E-002   4.3520773955177097E-005
   5.8410222460330140E-002   4.1455495588526091E-005
   5.9673109684296108E-002   4.3979694818975637E-005
   6.0949503723491671E-002   5.0197878647943304E-005
   6.2239404577916824E-002   6.2104701137771486E-005
   6.3542812247571537E-002   7.9733018560274632E-005
   6.4859726732455852E-002   9.9937145817058815E-005
   6.6190148032569743E-002   1.2005476559012752E-004
   6.7534076147913208E-002   1.4024795508663825E-004
   6.8891511078486262E-002   1.6137079876166310E-004
   7.0262452824288918E-002   1.8225813991191433E-004
   7.1646901385321121E-002   2.0042458142514240E-004
   7.3044856761582927E-002   2.1467580287877491E-004
   7.4456318953074307E-002   2.2579827524753232E-004
   7.5881287959795277E-002   2.3473346335969430E-004
   7.7319763781745848E-002   2.4107028600346862E-004
   7.8771746418925967E-002   2.4374158114896842E-004
   8.0237235871335688E-002   2.4254232188122683E-004
   8.1716232138974998E-002   2.3841903674430085E-004
   8.3208735221843855E-002   2.3237654281534553E-004
   8.4714745119942342E-002   2.2463768078560437E-004
   8.6234261833270390E-002   2.1498154275418108E-004
   8.7767285361828012E-002   2.0354100708241428E-004
   8.9313815705615224E-002   1.9099244580657968E-004
   9.0873852864632010E-002   1.7804448862491723E-004
   9.2447396838878398E-002   1.6499938547680348E-004
   9.4034447628354362E-002   1.5181918789438999E-004
   9.5635005233059900E-002   1.3856536657575581E-004
   9.7249069652995027E-002   1.2554924780975733E-004
   9.8876640888159756E-002   1.1313125591768507E-004
  0.10051771893855402        1.0148817858975388E-004
  0.10217230380417790        9.0602435988685012E-005
  0.10384039548503135        8.0412032351285796E-005
  0.10552199398111439        7.0932149388680548E-005
  0.10721709929242702        6.2243479528701978E-005
  0.10892571141896921        5.4395116945919254E-005
  0.11064783036074101        4.7353225038854297E-005
  0.11238345611774238        4.1046629154091516E-005
  0.11413258868997332        3.5418454189672267E-005
  0.11589522807743385        3.0432523131261691E-005
  0.11767137428012399        2.6056665678371826E-005
  0.11946102729804367        2.2238779553582490E-005
  0.12126418713119298        1.8913231681942904E-005
  0.12308085377957183        1.6018407452784381E-005
  0.12491102724318028        1.3511237075533226E-005
  0.12675470752201831        1.1359598558728340E-005
  0.12861189461608591        9.5277454967792230E-006
  0.13048258852538311        7.9755107926077964E-006
  0.13236678924990991        6.6580441814908290E-006
  0.13426449678966626        5.5377016512574147E-006
  0.13617571114465221        4.5880684825902871E-006
  0.13810043231486771        3.7902703171286759E-006
  0.14003866030031287        3.1252359833600309E-006
  0.14199039510098754        2.5719540510396526E-006
  0.14395563671689179        2.1116656641268644E-006
  0.14593438514802567        1.7283883056589049E-006
  0.14792664039438913        1.4108338225100538E-006
  0.14993240245598211        1.1498559417224665E-006
  0.15195167133280468        9.3650260720735989E-007
  0.15398444702485695        7.6145191703899295E-007
  0.15603072953213867        6.1690642686633936E-007
  0.15809051885465000        4.9800222100527050E-007
  0.16016381499239102        4.0110431876407873E-007
  0.16225061794536150        3.2260795080930179E-007
  0.16435092771356158        2.5916120539824395E-007
  0.16646474429699132        2.0793317542666327E-007
  0.16859206769565055        1.6687680828488663E-007
  0.17073289790953938        1.3406365517331223E-007
  0.17288723493865787        1.0771833082244130E-007
  0.17505507878300583        8.6321467350824764E-008
  0.17723642944258342        6.9004450108110393E-008
  0.17943128691739063        5.4976027707611206E-008
  0.18163965120742739        4.3693980351227480E-008
  0.18386152231269370        3.4689571319830357E-008
  0.18609690023318967        2.7521857337991885E-008
  0.18834578496891516        2.1855505530264246E-008
  0.19060817651987025        1.7443982097861166E-008
  0.19288407488605488        1.3968384989435691E-008
  0.19517348006746921        1.1144954922444133E-008
  0.19747639206411302        8.8244045273713817E-009
  0.19979281087598641        6.9495603080149945E-009
  0.20212273650308948        5.4815089081843066E-009
  0.20446616894542205        4.3309842823215282E-009
  0.20682310820298419        3.4212232308198063E-009
  0.20919355427577599        2.7024952146847929E-009
  0.21157750716379731        2.1542745051518571E-009
  0.21397496686704820        1.7136366275844492E-009
  0.21638593338552878        1.3314583023432597E-009
  0.21881040671923879        1.0040639087887385E-009
  0.22124838686817846        7.5289072467290342E-010
  0.22369987383234774        5.7802053218545597E-010
  0.22616486761174656        4.5289209246725672E-010
  0.22864336820637496        3.5239388945921069E-010
  0.23113537561623299        2.6686866592770242E-010
  0.23364088984132056        1.9900225227945560E-010
  0.23615991088163771        1.4548764172122675E-010
  0.23869243873718443        1.0221338364431757E-010
  0.24123847340796081        6.8140357638351230E-011
  0.24379801489396669        4.5939261438351892E-011
  0.24637106319520213        3.5117999717208125E-011
  0.24895761831166729        2.9875420075794634E-011
  0.25155768024336195        2.5284328256984924E-011
  0.25417124899028615        1.9502609929061273E-011
  0.25679832455244000        1.5270533895245509E-011
  0.25943890692982341        1.3179806545796609E-011
  0.26209299612243636        1.2713963071369376E-011
  0.26476059213027897        1.5383784047884597E-011
  0.26744169495335113        2.1860668660920089E-011
  0.27013630459165283        3.0330060837059090E-011
  0.27284442104518419        3.7598828296777069E-011
  0.27556604431394505        4.1745467741802040E-011
  0.27830117439793556        4.2788232613443885E-011
  0.28104981129715567        4.1683811680362634E-011
  0.28381195501160528        4.0368524813644196E-011
  0.28658760554128448        3.7853044849404038E-011
  0.28937676288619330        3.5055963721055003E-011
  0.29217942704633171        3.4987358949178722E-011
  0.29499559802169967        4.0083877504341216E-011
  0.29782527581229723        4.8090905182336299E-011
  0.30066846041812439        5.4469017414252472E-011
  0.30352515183918111        5.5545868282928990E-011
  0.30639535007546742        5.2880171154374331E-011
  0.30927905512698339        4.9358307669010997E-011
  0.31217626699372880        4.6733275194863965E-011
  0.31508698567570387        4.5960202200336730E-011
  0.31801121117290859        4.7956748452860814E-011
  0.32094894348534275        5.0761158357766934E-011
  0.32390018261300652        5.1256644918507686E-011
  0.32686492855589999        4.7770718449653288E-011
  0.32984318131402296        4.1295526794350839E-011
  0.33283494088737542        3.4769498563876332E-011
  0.33584020727595765        3.1481737398932781E-011
  0.33885898047976937        3.1001286132281485E-011
  0.34189126049881063        3.0205607799022508E-011
  0.34493704733308156        2.7273625924159334E-011
  0.34799634098258203        2.3317155608762799E-011
  0.35106914144731205        1.8760641450586864E-011
  0.35415544872727162        1.4428385652463760E-011
  0.35725526282246090        1.0991209605380887E-011
  0.36036858373287967        8.7915250890639366E-012
  0.36349541145852804        7.6252456585421932E-012
  0.36663574599940607        7.4053705135547274E-012
  0.36978958735551359        6.8043014758553581E-012
  0.37295693552685072        5.0629421991002927E-012
  0.37613779051341745        2.7607756770543029E-012
  0.37933215231521378        1.1603253787762323E-012
  0.38254002093223960        6.2804233489333665E-013
  0.38576139636449508        6.9415026071141517E-013
  0.38899627861198011        1.0379007049499466E-012
  0.39224466767469474        1.4055379221318571E-012
  0.39550656355263902        1.5638119048410661E-012
  0.39878196624581275        1.5345384973687041E-012
  0.40207087575421607        1.6250536113524278E-012
  0.40537329207784911        1.8103854025031658E-012
  0.40868921521671159        1.7864393204246391E-012
  0.41201864517080372        1.5014658644818392E-012
  0.41536158194012540        1.3510327884812973E-012
  0.41871802552467674        1.7526200000032805E-012
  0.42208797592445757        2.8007137411629333E-012
  0.42547143313946800        4.1922065294454184E-012
  0.42886839716970809        5.5455435144684114E-012
  0.43227886801517768        6.5726795602769715E-012
  0.43570284567587686        7.4936823821418631E-012
  0.43914033015180570        8.7983084571294315E-012
  0.44259132144296404        1.1075206829887319E-011
  0.44605581954935197        1.3591332090448503E-011
  0.44953382447096951        1.5620969992319306E-011
  0.45302533620781660        1.6887788115299098E-011
  0.45653035475989329        1.8333794087242699E-011
  0.46004888012719963        2.0109241725250555E-011
  0.46358091230973542        2.2003821810984084E-011
  0.46712645130750086        2.3680565938954607E-011
  0.47068549712049595        2.6099579249003109E-011
  0.47425804974872054        2.8478568616396945E-011
  0.47784410919217468        2.9878223188604126E-011
  0.48144367545085842        3.0271051099737795E-011
  0.48505674852477193        2.9633949128171846E-011
  0.48868332841391476        2.8810431221177525E-011
  0.49232341511828731        2.8870412883942468E-011
  0.49597700863788946        3.0807421745267397E-011
  0.49964410897272110        3.3920207689056657E-011
  0.50332471612278229        3.7404254938039851E-011
  0.50701883008807325        4.1336834445801130E-011
  0.51072645086859370        4.4824596150123643E-011
  0.51444757846434364        4.7454443827627814E-011
  0.51818221287532329        4.9874257754819079E-011
  0.52193035410153243        5.4253814129273128E-011
  0.52569200214297118        6.0564931280224369E-011
  0.52946715699963964        6.8265375525128309E-011
  0.53325581867153748        7.6599914741010611E-011
  0.53705798715866504        8.4600630720130955E-011
  0.54087366246102220        9.2298281605917983E-011
  0.54470284457860885        9.9245926614399548E-011
  0.54854553351142499        1.0444261879431969E-010
  0.55240172925947084        1.0888030841367306E-010
  0.55627143182274641        1.1407310185274314E-010
  0.56015464120125147        1.2172254699523236E-010
  0.56405135739498602        1.3132896376355655E-010
  0.56796158040395017        1.4292029313149464E-010
  0.57188531022814382        1.5351357811336356E-010
  0.57582254686756718        1.6034578230697898E-010
  0.57977329032222003        1.6543429064863210E-010
  0.58373754059210270        1.7078196769022820E-010
  0.58771529767721475        1.7361568300401267E-010
  0.59170656157755652        1.7404560992488876E-010
  0.59571133229312767        1.7645504042909835E-010
  0.59972960982392842        1.8272982375279232E-010
  0.60376139416995878        1.9037693677657159E-010
  0.60780668533121873        1.9585648400283779E-010
  0.61186548330770862        1.9902744376099842E-010
  0.61593778809942779        2.0120655777481974E-010
  0.62002359970637644        2.0777505479435390E-010
  0.62412291812855469        2.2020483763685961E-010
  0.62823574336596255        2.3622060257325598E-010
  0.63236207541860001        2.5043120084982453E-010
  0.63650191428646730        2.6270162926783768E-010
  0.64065525996956407        2.7715903419158397E-010
  0.64482211246789023        2.9629046385655931E-010
  0.64900247178144599        3.1908830203354853E-010
  0.65319633791023124        3.3992870547291147E-010
  0.65740371085424631        3.5615820364182724E-010
  0.66162459061349110        3.6936390978839019E-010
  0.66585897718796527        3.8474994065845638E-010
  0.67010687057766893        4.0474314456817992E-010
  0.67436827078260220        4.2730443545327582E-010
  0.67864317780276506        4.5211240673173039E-010
  0.68293159163815753        4.7813045225135383E-010
  0.68723351228877949        5.0273789335814078E-010
  0.69154893975463150        5.2167724185886334E-010
  0.69587787403571266        5.3207511150587933E-010
  0.70022031513202332        5.3688964652637164E-010
  0.70457626304356369        5.4245811524327990E-010
  0.70894571777033366        5.5601772015346556E-010
  0.71332867931233312        5.7842509504462857E-010
  0.71772514766956252        6.0487542867704517E-010
  0.72213512284202130        6.2992375748133402E-010
  0.72655860482970958        6.4943490525702325E-010
  0.73099559363262745        6.6118990260144688E-010
  0.73544608925077481        6.6737232842131389E-010
  0.73991009168415189        6.7221528411253970E-010
  0.74438760093275869        6.7982997526562177E-010
  0.74887861699659486        6.9551336444081723E-010
  0.75338313987566063        7.2009622599656286E-010
  0.75790116956995601        7.5398901724296874E-010
  0.76243270607948099        7.9229037087962723E-010
  0.76697774940423546        8.2877179777262169E-010
  0.77153629954421954        8.5829000257807417E-010
  0.77610835649943355        8.7896350086048426E-010
  0.78069392026987683        8.9374968920882956E-010
  0.78529299085554971        9.1190143779528246E-010
  0.78990556825645208        9.3811274031050746E-010
  0.79453165247258417        9.6600231425778619E-010
  0.79917124350394564        9.8550258616506672E-010
  0.80382434135053715        9.9181396812491329E-010
  0.80849094601235794        9.9044054257797297E-010
  0.81317105748940821        9.8517010066626819E-010
  0.81786467578168820        9.7790210790874162E-010
  0.82257180088919768        9.6797139752098329E-010
  0.82729243281193676        9.5452809292869394E-010
  0.83202657154990578        9.4009998083860584E-010
  0.83677421710310396        9.2844680460778401E-010
  0.84153536947153174        9.1779908684428555E-010
  0.84631002865518923        9.0168816931039476E-010
  0.85109819465407621        8.7807831763756203E-010
  0.85589986746819280        8.5290404505578211E-010
  0.86071504709753899        8.3236960000864442E-010
  0.86554373354211511        8.1452451389392102E-010
  0.87038592680192040        7.9595830605432504E-010
  0.87524162687695517        7.7385007169291412E-010
  0.88011083376721977        7.5059808314783551E-010
  0.88499354747271386        7.3284945824547835E-010
  0.88988976799343744        7.2353233377426096E-010
  0.89479949532939096        7.1898428348617458E-010
  0.89972272948057386        7.1220274103010506E-010
  0.90465947044698625        7.0244213587794790E-010
  0.90960971822862824        6.9178879330896402E-010
  0.91457347282549983        6.8032528504517446E-010
  0.91955073423760092        6.6876285752510807E-010
  0.92454150246493194        6.5878572046674092E-010
  0.92954577750749234        6.5031777390014736E-010
  0.93456355936528224        6.4199439833433290E-010
  0.93959484803830173        6.3227881956684194E-010
  0.94463964352655083        6.1816132201833605E-010
  0.94969794583002953        5.9938761293790197E-010
  0.95476975494873773        5.7945391350580365E-010
  0.95985507088267585        5.6268870325535363E-010
  0.96495389363184325        5.4930413935066114E-010
  0.97006622319624025        5.3615057097930937E-010
  0.97519205957586674        5.2145589305506293E-010
  0.98033140277072295        5.0547996538908544E-010
  0.98548425278080853        4.8732193403759569E-010
  0.99065060960612428        4.6580090398284783E-010
  0.99583047324666918        4.4288901845069292E-010
   1.0010238437024437        4.2267832602376915E-010
   1.0062307209734478        4.0896748782777498E-010
   1.0114511050596813        4.0138529665604162E-010
   1.0166849959611446        3.9714394380302140E-010
   1.0219323936778377        3.9227015336337440E-010
   1.0271932982097600        3.8465980614512718E-010
   1.0324677095569119        3.7478044847107861E-010
   1.0377556277192936        3.6469966818042710E-010
   1.0430570526969047        3.5828315670014238E-010
   1.0483719844897454        3.5595947059258903E-010
   1.0537004230978158        3.5608269379791956E-010
   1.0590423685211159        3.5698889269964790E-010
   1.0643978207596454        3.5788048736138439E-010
   1.0697667798134045        3.5739317435242705E-010
   1.0751492456823930        3.5572395194660228E-010
   1.0805452183666113        3.5406157279865009E-010
   1.0859546978660590        3.5224229112668072E-010
   1.0913776841807368        3.4863373212034643E-010
   1.0968141773106437        3.4234808672107547E-010
   1.1022641772557802        3.3336715034582698E-010
   1.1077276840161465        3.2290033364746239E-010
   1.1132046975917422        3.1350452082251684E-010
   1.1186952179825675        3.0391725673229358E-010
   1.1241992451886227        2.9258923940713644E-010
   1.1297167792099072        2.8023446051359069E-010
   1.1352478200464211        2.6926986601624118E-010
   1.1407923676981646        2.5907050727452499E-010
   1.1463504221651379        2.4831168751757279E-010
   1.1519219834473409        2.3606485998054657E-010
   1.1575070515447732        2.2428136077433836E-010
   1.1631056264574353        2.1447475461231828E-010
   1.1687177081853268        2.0764357171057453E-010
   1.1743432967284479        2.0238986126249401E-010
   1.1799823920867987        1.9575937843078982E-010
   1.1856349942603792        1.8660523933882563E-010
   1.1913011032491889        1.7755612685126993E-010
   1.1969807190532287        1.7029526686084882E-010
   1.2026738416724976        1.6495869924327774E-010
   1.2083804711069963        1.6143789557794346E-010
   1.2141006073567244        1.5929840431285252E-010
   1.2198342504216824        1.5801476366322199E-010
   1.2255814003018697        1.5636664908135329E-010
   1.2313420569972870        1.5348274606206428E-010
   1.2371162205079336        1.4847927126519456E-010
   1.2429038908338095        1.4210921551921401E-010
   1.2487050679749152        1.3539451262363313E-010
   1.2545197519312505        1.2820531306756248E-010
   1.2603479427028155        1.2047026862110198E-010
   1.2661896402896102        1.1212805000037274E-010
   1.2720448446916344        1.0356419531685707E-010
   1.2779135559088879        9.4862888741372524E-011
   1.2837957739413710        8.6856099214453451E-011
   1.2896914987890837        7.9317701337727816E-011
   1.2956007304520261        7.1600229331795249E-011
   1.3015234689301980        6.3589812693573397E-011
   1.3074597142236000        5.5801918005975371E-011
   1.3134094663322311        4.8213113731126404E-011
   1.3193727252560918        4.1290667337222327E-011
   1.3253494909951820        3.5675070228038777E-011
   1.3313397635495017        3.1761310691567895E-011
   1.3373435429190512        2.8954185121229758E-011
   1.3433608291038306        2.6442456987278183E-011
   1.3493916221038391        2.3669807145178174E-011
   1.3554359219190775        2.0582168145894849E-011
   1.3614937285495452        1.7554286393486424E-011
   1.3675650419952425        1.4769741010272365E-011
   1.3736498622561695        1.2172033309939109E-011
   1.3797481893323262        9.8129022920303826E-012
   1.3858600232237124        7.7726031967325797E-012
   1.3919853639303281        5.9575759522680099E-012
   1.3981242114521732        4.2917121428119880E-012
   1.4042765657892482        2.8419035915852329E-012
   1.4104424269415525        1.7557730471661730E-012
   1.4166217949090865        1.3368854676191449E-012
   1.4228146696918504        1.6174813472888441E-012
   1.4290210512898436        2.3453260693730431E-012
   1.4352409397030665        3.3021872258540386E-012
   1.4414743349315187        4.6645265919953536E-012
   1.4477212369752008        6.7504828949437173E-012
   1.4539816458341122        9.7565386950149500E-012
   1.4602555615082535        1.3588495965060926E-011
   1.4665429839976243        1.7671446576062851E-011
   1.4728439133022244        2.1467816384292448E-011
   1.4791583494220544        2.4816186516464171E-011
   1.4854862923571137        2.7997016332589262E-011
   1.4918277421074029        3.1209686927100387E-011
   1.4981826986729216        3.4411065117946994E-011
   1.5045511620536698        3.6953573096318449E-011
   1.5109331322496478        3.8319414377215589E-011
   1.5173286092608551        3.8602997592458077E-011
   1.5237375930872916        3.8207325861444039E-011
   1.5301600837289584        3.7357216800853182E-011
   1.5365960811858543        3.6339632493783949E-011
   1.5430455854579803        3.5519481485861304E-011
   1.5495085965453357        3.5058864407319266E-011
   1.5559851144479204        3.4811381422200316E-011
   1.5624751391657348        3.4603645292178861E-011
   1.5689786706987789        3.4427004337381736E-011
   1.5754957090470525        3.4760939147477111E-011
   1.5820262542105561        3.6280820141509185E-011
   1.5885703061892886        3.9713049367330567E-011
   1.5951278649832510        4.4850016320605016E-011
   1.6016989305924429        5.0863366391711480E-011
   1.6082835030168643        5.6566745559807339E-011
   1.6148815822565155        6.1685382621129100E-011
   1.6214931683113964        6.7605793229018505E-011
   1.6281182611815068        7.5431668254458319E-011
   1.6347568608668464        8.5002159566712737E-011
   1.6414089673674159        9.4799042732437518E-011
   1.6480745806832149        1.0383307542134102E-010
   1.6547537008142434        1.1190246878818444E-010
   1.6614463277605016        1.1988196141257026E-010
   1.6681524615219896        1.2953329536432683E-010
   1.6748721020987070        1.4144493300857329E-010
   1.6816052494906539        1.5400968289513304E-010
   1.6883519036978303        1.6440058740357447E-010
   1.6951120647202365        1.7080023010327907E-010
   1.7018857325578720        1.7381718453921637E-010
   1.7086729072107374        1.7674518113866265E-010
   1.7154735886788324        1.9324890481983589E-010
   1.7222877769621567        1.3399007588009889E-010
   1.7291154720607107        1.2563315536495289E-010
   1.7359566739744943        1.0575576248727650E-010
   1.7428113827035074        7.5083029927602263E-011
   1.7496795982477507        7.7398926894387964E-011
   1.7565613206072228        5.6937728495283083E-011
   1.7634565497819246        2.7363391822905872E-011
