   0.0000000000000000       0.12461776565267463     
   6.7534076147913214E-006  0.17349940204932568     
   2.7013630459165285E-005  0.25094551185076158     
   6.0780668533121898E-005  0.34065320193254273     
   1.0805452183666114E-004  0.42034546384743637     
   1.6883519036978308E-004  0.49324135655300338     
   2.4312267413248759E-004  0.42742455110586230     
   3.3091697312477477E-004  0.38763502739834793     
   4.3221808734664457E-004  0.33823544726716326     
   5.4702601679809714E-004  0.47926186202987553     
   6.7534076147913232E-004  0.64450570322580325     
   8.1716232138974996E-004  0.62790616224508911     
   9.7249069652995037E-004  0.55461292629964998     
   1.1413258868997332E-003  0.59006377194885207     
   1.3236678924990991E-003  0.78491103561233377     
   1.5195167133280473E-003  0.69941076383460898     
   1.7288723493865783E-003  0.66513907158461982     
   1.9517348006746918E-003  0.81577518478357625     
   2.1881040671923885E-003  0.81121112086016745     
   2.4379801489396668E-003  0.91625017808320486     
   2.7013630459165293E-003  0.62649679481901976     
   2.9782527581229726E-003  0.79419788441987738     
   3.2686492855589998E-003  0.86764685683211429     
   3.5725526282246087E-003   1.1298051479330073     
   3.8899627861198015E-003  0.97343246207402101     
   4.2208797592445755E-003  0.91511982086866517     
   4.5653035475989329E-003  0.64976905620214165     
   4.9232341511828729E-003  0.42194423298488570     
   5.2946715699963964E-003  0.33317568455741770     
   5.6796158040395006E-003  0.18109116805680806     
   6.0780668533121892E-003  0.10784456629756700     
   6.4900247178144594E-003   8.9748668666069439E-002
   6.9154893975463131E-003   4.6495212527561995E-002
   7.3544608925077493E-003   2.6379044919059798E-002
   7.8069392026987672E-003   2.7763452592299048E-002
   8.2729243281193694E-003   1.5478393030911971E-002
   8.7524162687695542E-003   5.8936555950298694E-003
   9.2454150246493207E-003   9.7521460680515364E-003
   9.7519205957586671E-003   8.7887167598802874E-003
   1.0271932982097599E-002   2.2078416134272819E-003
   1.0805452183666117E-002   2.0164644284369998E-003
   1.1352478200464212E-002   4.2534589225231888E-003
   1.1913011032491891E-002   2.1439923418248227E-003
   1.2487050679749151E-002   3.2800072274829177E-004
   1.3074597142235999E-002   1.5443593796550003E-003
   1.3675650419952425E-002   1.6583048042967371E-003
   1.4290210512898435E-002   2.2165510000691900E-004
   1.4918277421074027E-002   3.6856615700287155E-004
   1.5559851144479206E-002   1.3693638499317135E-003
   1.6214931683113963E-002   9.2728692968429768E-004
   1.6883519036978302E-002   8.2924272557316012E-005
   1.7565613206072229E-002   3.9488318999800264E-004
   1.8261214190395732E-002   8.5364869704953369E-004
   1.8970321989948819E-002   4.6030262451775402E-004
   1.9692936604731492E-002   5.0401982532150509E-005
   2.0429058034743749E-002   2.2731777381525720E-004
   2.1178686279985585E-002   3.5953084892726095E-004
   2.1941821340457003E-002   1.3998273132963363E-004
   2.2718463216158002E-002   6.6460782769172096E-005
   2.3508611907088590E-002   2.7125538101370591E-004
   2.4312267413248757E-002   3.4026365873922012E-004
   2.5129429734638505E-002   2.0884938856387050E-004
   2.5960098871257838E-002   2.0676685825534889E-004
   2.6804274823106756E-002   3.6421631729477731E-004
   2.7661957590185252E-002   4.0267088103358159E-004
   2.8533147172493330E-002   2.8154841187153103E-004
   2.9417843570030997E-002   2.1143603740829623E-004
   3.0316046782798246E-002   2.4622257615314043E-004
   3.1227756810795069E-002   2.4297859312812618E-004
   3.2152973654021477E-002   1.5763698665865165E-004
   3.3091697312477478E-002   9.4244207561315440E-005
   3.4043927786163053E-002   9.7099207192319332E-005
   3.5009665075078217E-002   1.0259267757889651E-004
   3.5988909179222948E-002   8.0844904945322237E-005
   3.6981660098597283E-002   7.8529867483460668E-005
   3.7987917833201171E-002   1.1694661382499169E-004
   3.9007682383034668E-002   1.5551270546768317E-004
   4.0040953748097755E-002   1.6862792184568019E-004
   4.1087731928390395E-002   1.8207101307940980E-004
   4.2148016923912637E-002   2.1605103782671906E-004
   4.3221808734664469E-002   2.4849566168482368E-004
   4.4309107360645854E-002   2.5323811214262009E-004
   4.5409912801856848E-002   2.3935363027359274E-004
   4.6524225058297418E-002   2.2932259926012924E-004
   4.7652044129967562E-002   2.2332770089205053E-004
   4.8793370016867302E-002   2.0571111386454626E-004
   4.9948202718996602E-002   1.7373074324350462E-004
   5.1116542236355512E-002   1.4067798400004211E-004
   5.2298388568943997E-002   1.1554713980922759E-004
   5.3493741716762050E-002   9.4520332936447681E-005
   5.4702601679809698E-002   7.2824958964915309E-005
   5.5924968458086935E-002   5.3926900243577348E-005
   5.7160842051593740E-002   4.3520597887458818E-005
   5.8410222460330140E-002   4.1455021594826135E-005
   5.9673109684296108E-002   4.3979031853017836E-005
   6.0949503723491671E-002   5.0197146501823470E-005
   6.2239404577916824E-002   6.2104016211533120E-005
   6.3542812247571537E-002   7.9732488817829396E-005
   6.4859726732455852E-002   9.9936863586123876E-005
   6.6190148032569743E-002   1.2005479805088997E-004
   6.7534076147913208E-002   1.4024833779921535E-004
   6.8891511078486262E-002   1.6137153311093376E-004
   7.0262452824288918E-002   1.8225919266034272E-004
   7.1646901385321121E-002   2.0042588870958249E-004
   7.3044856761582927E-002   2.1467728077387028E-004
   7.4456318953074307E-002   2.2579983176268048E-004
   7.5881287959795277E-002   2.3473500645348325E-004
   7.7319763781745848E-002   2.4107172783227883E-004
   7.8771746418925967E-002   2.4374284163989195E-004
   8.0237235871335688E-002   2.4254333439382197E-004
   8.1716232138974998E-002   2.3841975416836187E-004
   8.3208735221843855E-002   2.3237694044710017E-004
   8.4714745119942342E-002   2.2463775528463621E-004
   8.6234261833270390E-002   2.1498130852958856E-004
   8.7767285361828012E-002   2.0354049269133233E-004
   8.9313815705615224E-002   1.9099169123662358E-004
   9.0873852864632010E-002   1.7804354252722856E-004
   9.2447396838878398E-002   1.6499830176480612E-004
   9.4034447628354362E-002   1.5181802219734250E-004
   9.5635005233059900E-002   1.3856417266235499E-004
   9.7249069652995027E-002   1.2554807448944728E-004
   9.8876640888159756E-002   1.1313014501659725E-004
  0.10051771893855402        1.0148716372792328E-004
  0.10217230380417790        9.0601542698527660E-005
  0.10384039548503135        8.0411278170355768E-005
  0.10552199398111439        7.0931544168025936E-005
  0.10721709929242702        6.2243025611820641E-005
  0.10892571141896921        5.4394809883341558E-005
  0.11064783036074101        4.7353054897314266E-005
  0.11238345611774238        4.1046582197965896E-005
  0.11413258868997332        3.5418514255007866E-005
  0.11589522807743385        3.0432672786813588E-005
  0.11767137428012399        2.6056886897873054E-005
  0.11946102729804367        2.2239054325335983E-005
  0.12126418713119298        1.8913542819797039E-005
  0.12308085377957183        1.6018739258219986E-005
  0.12491102724318028        1.3511575851017915E-005
  0.12675470752201831        1.1359932688647661E-005
  0.12861189461608591        9.5280657046756794E-006
  0.13048258852538311        7.9758099095453124E-006
  0.13236678924990991        6.6583169340889877E-006
  0.13426449678966626        5.5379444114371700E-006
  0.13617571114465221        4.5882792609400358E-006
  0.13810043231486771        3.7904486311950692E-006
  0.14003866030031287        3.1253826095723813E-006
  0.14199039510098754        2.5720706436125296E-006
  0.14395563671689179        2.1117544496514070E-006
  0.14593438514802567        1.7284518904176857E-006
  0.14792664039438913        1.4108751362815009E-006
  0.14993240245598211        1.1498780902382417E-006
  0.15195167133280468        9.3650864145369971E-007
  0.15398444702485695        7.6144472734197564E-007
  0.15603072953213867        6.1688874279050769E-007
  0.15809051885465000        4.9797658543265089E-007
  0.16016381499239102        4.0107302811921476E-007
  0.16225061794536150        3.2257298765850712E-007
  0.16435092771356158        2.5912425218059460E-007
  0.16646474429699132        2.0789562853197330E-007
  0.16859206769565055        1.6683973857670358E-007
  0.17073289790953938        1.3402784453433965E-007
  0.17288723493865787        1.0768437400567363E-007
  0.17505507878300583        8.6289857573820628E-008
  0.17723642944258342        6.8975526532860893E-008
  0.17943128691739063        5.4949998842184900E-008
  0.18163965120742739        4.3670912877806157E-008
  0.18386152231269370        3.4669419266093159E-008
  0.18609690023318967        2.7504500321703778E-008
  0.18834578496891516        2.1840752037984204E-008
  0.19060817651987025        1.7431594553992476E-008
  0.19288407488605488        1.3958160567606568E-008
  0.19517348006746921        1.1136731324211915E-008
  0.19747639206411302        8.8179972753701272E-009
  0.19979281087598641        6.9447379388951924E-009
  0.20212273650308948        5.4780205535350517E-009
  0.20446616894542205        4.3286236334935342E-009
  0.20682310820298419        3.4198020862802814E-009
  0.20919355427577599        2.7018393639914102E-009
  0.21157750716379731        2.1542480118865576E-009
  0.21397496686704820        1.7141559672154909E-009
  0.21638593338552878        1.3324168645932799E-009
  0.21881040671923879        1.0052867649851361E-009
  0.22124838686817846        7.5423101860858324E-010
  0.22369987383234774        5.7940459995614247E-010
  0.22616486761174656        4.5430944666628153E-010
  0.22864336820637496        3.5382731349778054E-010
  0.23113537561623299        2.6826483439880647E-010
  0.23364088984132056        2.0031721755433946E-010
  0.23615991088163771        1.4669499827020409E-010
  0.23869243873718443        1.0328323085053228E-010
  0.24123847340796081        6.9041854237130902E-011
  0.24379801489396669        4.6682369391921475E-011
  0.24637106319520213        3.5756892524963639E-011
  0.24895761831166729        3.0462364479445947E-011
  0.25155768024336195        2.5835666444355758E-011
  0.25417124899028615        1.9995025631128299E-011
  0.25679832455244000        1.5699049014800528E-011
  0.25943890692982341        1.3563325031221271E-011
  0.26209299612243636        1.3069778865032080E-011
  0.26476059213027897        1.5746547034363940E-011
  0.26744169495335113        2.2297329807232993E-011
  0.27013630459165283        3.0899549232389920E-011
  0.27284442104518419        3.8304267864795676E-011
  0.27556604431394505        4.2542458472425362E-011
  0.27830117439793556        4.3616852472670828E-011
  0.28104981129715567        4.2494426917957432E-011
  0.28381195501160528        4.1138563205038413E-011
  0.28658760554128448        3.8557220055697869E-011
  0.28937676288619330        3.5693390960160682E-011
  0.29217942704633171        3.5598525465100329E-011
  0.29499559802169967        4.0699603167275167E-011
  0.29782527581229723        4.8677375449562062E-011
  0.30066846041812439        5.4942898617083444E-011
  0.30352515183918111        5.5849196328575114E-011
  0.30639535007546742        5.3013544245606380E-011
  0.30927905512698339        4.9350716051914245E-011
  0.31217626699372880        4.6616794029445530E-011
  0.31508698567570387        4.5749381951642726E-011
  0.31801121117290859        4.7638889378628233E-011
  0.32094894348534275        5.0302877284846342E-011
  0.32390018261300652        5.0649553122935636E-011
  0.32686492855589999        4.7058130051905354E-011
  0.32984318131402296        4.0546213310251004E-011
  0.33283494088737542        3.4035825168807077E-011
  0.33584020727595765        3.0756031300892934E-011
  0.33885898047976937        3.0257223933558547E-011
  0.34189126049881063        2.9457182074849495E-011
  0.34493704733308156        2.6573827552704004E-011
  0.34799634098258203        2.2706748815157809E-011
  0.35106914144731205        1.8268088325193805E-011
  0.35415544872727162        1.4057272200098835E-011
  0.35725526282246090        1.0721467250162790E-011
  0.36036858373287967        8.5999868636624761E-012
  0.36349541145852804        7.5023478829993493E-012
  0.36663574599940607        7.3719864765740067E-012
  0.36978958735551359        6.9021046053751611E-012
  0.37295693552685072        5.2763898825366326E-012
  0.37613779051341745        2.9834204415742673E-012
  0.37933215231521378        1.3190458244671977E-012
  0.38254002093223960        7.4689189165498359E-013
  0.38576139636449508        8.1933140492351320E-013
  0.38899627861198011        1.1879595229876594E-012
  0.39224466767469474        1.5523822626088011E-012
  0.39550656355263902        1.6608691203248827E-012
  0.39878196624581275        1.5654950893817973E-012
  0.40207087575421607        1.5939240437895585E-012
  0.40537329207784911        1.7072058634945494E-012
  0.40868921521671159        1.6269372255188993E-012
  0.41201864517080372        1.3299271374307425E-012
  0.41536158194012540        1.1837813625883956E-012
  0.41871802552467674        1.5609174486757878E-012
  0.42208797592445757        2.5673488588672482E-012
  0.42547143313946800        3.9465396894405121E-012
  0.42886839716970809        5.3416602424181762E-012
  0.43227886801517768        6.4502591177282620E-012
  0.43570284567587686        7.4567674775710842E-012
  0.43914033015180570        8.8428369326060491E-012
  0.44259132144296404        1.1220928965143626E-011
  0.44605581954935197        1.3865604383264750E-011
  0.44953382447096951        1.6028201549032637E-011
  0.45302533620781660        1.7398399318662415E-011
  0.45653035475989329        1.8928189071618988E-011
  0.46004888012719963        2.0779565732051213E-011
  0.46358091230973542        2.2733647959782244E-011
  0.46712645130750086        2.4444249332970084E-011
  0.47068549712049595        2.6883470492142762E-011
  0.47425804974872054        2.9245921450220429E-011
  0.47784410919217468        3.0573287854328624E-011
  0.48144367545085842        3.0847979128268932E-011
  0.48505674852477193        3.0064410941960172E-011
  0.48868332841391476        2.9090780812161847E-011
  0.49232341511828731        2.9014030789229367E-011
  0.49597700863788946        3.0805972864299783E-011
  0.49964410897272110        3.3740893181685055E-011
  0.50332471612278229        3.7022384707078703E-011
  0.50701883008807325        4.0737537058974791E-011
  0.51072645086859370        4.4020198797338022E-011
  0.51444757846434364        4.6485750702469049E-011
  0.51818221287532329        4.8791994507609704E-011
  0.52193035410153243        5.3078050887275780E-011
  0.52569200214297118        5.9314821896444850E-011
  0.52946715699963964        6.6976463047170056E-011
  0.53325581867153748        7.5325630077770705E-011
  0.53705798715866504        8.3406209502435374E-011
  0.54087366246102220        9.1245812309038859E-011
  0.54470284457860885        9.8389707491507076E-011
  0.54854553351142499        1.0382591394454979E-010
  0.55240172925947084        1.0851621646065205E-010
  0.55627143182274641        1.1396426757985189E-010
  0.56015464120125147        1.2187876508227596E-010
  0.56405135739498602        1.3177128323326271E-010
  0.56796158040395017        1.4368400413068345E-010
  0.57188531022814382        1.5462099462518538E-010
  0.57582254686756718        1.6177154066383088E-010
  0.57977329032222003        1.6713161822318402E-010
  0.58373754059210270        1.7270961534284660E-010
  0.58771529767721475        1.7570796370688661E-010
  0.59170656157755652        1.7622120413259205E-010
  0.59571133229312767        1.7866117270561281E-010
  0.59972960982392842        1.8492647326703955E-010
  0.60376139416995878        1.9249328964054864E-010
  0.60780668533121873        1.9779302346416926E-010
  0.61186548330770862        2.0069896394499702E-010
  0.61593778809942779        2.0255912846263373E-010
  0.62002359970637644        2.0878764921096328E-010
  0.62412291812855469        2.2083731304077122E-010
  0.62823574336596255        2.3640327240925279E-010
  0.63236207541860001        2.5011147136626695E-010
  0.63650191428646730        2.6188021802172795E-010
  0.64065525996956407        2.7585678932048921E-010
  0.64482211246789023        2.9451805773261153E-010
  0.64900247178144599        3.1685877503167843E-010
  0.65319633791023124        3.3729395278613481E-010
  0.65740371085424631        3.5321575389406175E-010
  0.66162459061349110        3.6622425303103080E-010
  0.66585897718796527        3.8149607349106717E-010
  0.67010687057766893        4.0144522235302465E-010
  0.67436827078260220        4.2404757938711942E-010
  0.67864317780276506        4.4898994190087863E-010
  0.68293159163815753        4.7524970165177628E-010
  0.68723351228877949        5.0022013051662332E-010
  0.69154893975463150        5.1964653247508074E-010
  0.69587787403571266        5.3062578310530848E-010
  0.70022031513202332        5.3606265232753893E-010
  0.70457626304356369        5.4225311318158465E-010
  0.70894571777033366        5.5643811257501340E-010
  0.71332867931233312        5.7950037479767993E-010
  0.71772514766956252        6.0663343930219646E-010
  0.72213512284202130        6.3236054795422202E-010
  0.72655860482970958        6.5249440726170604E-010
  0.73099559363262745        6.6476041779646860E-010
  0.73544608925077481        6.7131472162481078E-010
  0.73991009168415189        6.7639178375683560E-010
  0.74438760093275869        6.8411976060725353E-010
  0.74887861699659486        6.9982099021607957E-010
  0.75338313987566063        7.2433077811066290E-010
  0.75790116956995601        7.5805244863380435E-010
  0.76243270607948099        7.9605725033119649E-010
  0.76697774940423546        8.3209802321825642E-010
  0.77153629954421954        8.6103849208622235E-010
  0.77610835649943355        8.8103639732861709E-010
  0.78069392026987683        8.9509741219839438E-010
  0.78529299085554971        9.1250870601474434E-010
  0.78990556825645208        9.3795815649200437E-010
  0.79453165247258417        9.6504964711794929E-010
  0.79917124350394564        9.8374465144117547E-010
  0.80382434135053715        9.8930143405347560E-010
  0.80849094601235794        9.8725993568276210E-010
  0.81317105748940821        9.8141597563948410E-010
  0.81786467578168820        9.7367157317652097E-010
  0.82257180088919768        9.6337117487839402E-010
  0.82729243281193676        9.4967586746270162E-010
  0.83202657154990578        9.3511282063067935E-010
  0.83677421710310396        9.2343111333233656E-010
  0.84153536947153174        9.1286977148949522E-010
  0.84631002865518923        8.9698401730895933E-010
  0.85109819465407621        8.7373478859750325E-010
  0.85589986746819280        8.4902323633921406E-010
  0.86071504709753899        8.2902767523810256E-010
  0.86554373354211511        8.1180132679397084E-010
  0.87038592680192040        7.9392509224733135E-010
  0.87524162687695517        7.7255498645616292E-010
  0.88011083376721977        7.5004436617958616E-010
  0.88499354747271386        7.3301572450445109E-010
  0.88988976799343744        7.2440425619912696E-010
  0.89479949532939096        7.2055613287107377E-010
  0.89972272948057386        7.1444167841886732E-010
  0.90465947044698625        7.0527950010625560E-010
  0.90960971822862824        6.9514024164587060E-010
  0.91457347282549983        6.8409807462781365E-010
  0.91955073423760092        6.7286142840486155E-010
  0.92454150246493194        6.6311907757360662E-010
  0.92954577750749234        6.5479845566539546E-010
  0.93456355936528224        6.4653107946189533E-010
  0.93959484803830173        6.3677330115957299E-010
  0.94463964352655083        6.2250544839169821E-010
  0.94969794583002953        6.0348099042400341E-010
  0.95476975494873773        5.8322450426144485E-010
  0.95985507088267585        5.6608661804521525E-010
  0.96495389363184325        5.5227762117244179E-010
  0.97006622319624025        5.3863451493484607E-010
  0.97519205957586674        5.2339187982173037E-010
  0.98033140277072295        5.0682148434503334E-010
  0.98548425278080853        4.8803676304583343E-010
  0.99065060960612428        4.6588262836843099E-010
  0.99583047324666918        4.4236729579451808E-010
   1.0010238437024437        4.2159899939715761E-010
   1.0062307209734478        4.0736747916029184E-010
   1.0114511050596813        3.9927609833647417E-010
   1.0166849959611446        3.9453968165096770E-010
   1.0219323936778377        3.8921177634108719E-010
   1.0271932982097600        3.8122589683039844E-010
   1.0324677095569119        3.7107093363144040E-010
   1.0377556277192936        3.6080903442297650E-010
   1.0430570526969047        3.5427751321479874E-010
   1.0483719844897454        3.5189016858624110E-010
   1.0537004230978158        3.5200785208240072E-010
   1.0590423685211159        3.5297696961994546E-010
   1.0643978207596454        3.5400406806939307E-010
   1.0697667798134045        3.5372779672613851E-010
   1.0751492456823930        3.5233499304835408E-010
   1.0805452183666113        3.5100203738509149E-010
   1.0859546978660590        3.4956450147886257E-010
   1.0913776841807368        3.4639230240764291E-010
   1.0968141773106437        3.4059110025383769E-010
   1.1022641772557802        3.3211703901151393E-010
   1.1077276840161465        3.2216219578486987E-010
   1.1132046975917422        3.1327395180150922E-010
   1.1186952179825675        3.0420340987037427E-010
   1.1241992451886227        2.9338540117908412E-010
   1.1297167792099072        2.8151071989909389E-010
   1.1352478200464211        2.7099703618093936E-010
   1.1407923676981646        2.6122816015324633E-010
   1.1463504221651379        2.5086539424038535E-010
   1.1519219834473409        2.3895078545183383E-010
   1.1575070515447732        2.2743165995971099E-010
   1.1631056264574353        2.1783364828324391E-010
   1.1687177081853268        2.1117183413844294E-010
   1.1743432967284479        2.0603928783913787E-010
   1.1799823920867987        1.9944369234548392E-010
   1.1856349942603792        1.9021875195756927E-010
   1.1913011032491889        1.8102952833904542E-010
   1.1969807190532287        1.7359126745988231E-010
   1.2026738416724976        1.6805127139458107E-010
   1.2083804711069963        1.6430575770162413E-010
   1.2141006073567244        1.6191831513323159E-010
   1.2198342504216824        1.6035587132468796E-010
   1.2255814003018697        1.5839072103954162E-010
   1.2313420569972870        1.5515205930035567E-010
   1.2371162205079336        1.4977360536278991E-010
   1.2429038908338095        1.4303152521707506E-010
   1.2487050679749152        1.3596164688068056E-010
   1.2545197519312505        1.2842975637154475E-010
   1.2603479427028155        1.2036792625548967E-010
   1.2661896402896102        1.1172392016713644E-010
   1.2720448446916344        1.0288574142254349E-010
   1.2779135559088879        9.3943393479470229E-011
   1.2837957739413710        8.5720053184096594E-011
   1.2896914987890837        7.7982373888253404E-011
   1.2956007304520261        7.0087192056831478E-011
   1.3015234689301980        6.1938711780285838E-011
   1.3074597142236000        5.4056538830375608E-011
   1.3134094663322311        4.6421920690148279E-011
   1.3193727252560918        3.9497010370780445E-011
   1.3253494909951820        3.3903039451843736E-011
   1.3313397635495017        3.0001618125275867E-011
   1.3373435429190512        2.7195256693460416E-011
   1.3433608291038306        2.4695740888829455E-011
   1.3493916221038391        2.1971086128073699E-011
   1.3554359219190775        1.8971659572758311E-011
   1.3614937285495452        1.6053650251068088E-011
   1.3675650419952425        1.3385770919051199E-011
   1.3736498622561695        1.0909418704605446E-011
   1.3797481893323262        8.6700720024629872E-012
   1.3858600232237124        6.7409404827698279E-012
   1.3919853639303281        5.0353897784739137E-012
   1.3981242114521732        3.4860967753055378E-012
   1.4042765657892482        2.1612405398662536E-012
   1.4104424269415525        1.2041974798897146E-012
   1.4166217949090865        8.9210458964393454E-013
   1.4228146696918504        1.2467029109411404E-012
   1.4290210512898436        2.0343660713033001E-012
   1.4352409397030665        3.0712504237082481E-012
   1.4414743349315187        4.5454319347087290E-012
   1.4477212369752008        6.7600857206705186E-012
   1.4539816458341122        9.8917719597249018E-012
   1.4602555615082535        1.3821088122375569E-011
   1.4665429839976243        1.7965598343121063E-011
   1.4728439133022244        2.1807908459941460E-011
   1.4791583494220544        2.5210054781078443E-011
   1.4854862923571137        2.8464855447512549E-011
   1.4918277421074029        3.1761462427755347E-011
   1.4981826986729216        3.5044444699883348E-011
   1.5045511620536698        3.7643325314946568E-011
   1.5109331322496478        3.9047235737153380E-011
   1.5173286092608551        3.9361183525347588E-011
   1.5237375930872916        3.8994240296198014E-011
   1.5301600837289584        3.8193434791831965E-011
   1.5365960811858543        3.7257192362214464E-011
   1.5430455854579803        3.6536337850337368E-011
   1.5495085965453357        3.6156023599446745E-011
   1.5559851144479204        3.5937614335101813E-011
   1.5624751391657348        3.5746658662208159E-011
   1.5689786706987789        3.5652422192593583E-011
   1.5754957090470525        3.6202160696457630E-011
   1.5820262542105561        3.8057938790060211E-011
   1.5885703061892886        4.1917011043102924E-011
   1.5951278649832510        4.7585297223206145E-011
   1.6016989305924429        5.4322069379785359E-011
   1.6082835030168643        6.1027914674340608E-011
   1.6148815822565155        6.7438698735595511E-011
   1.6214931683113964        7.4864430689385336E-011
   1.6281182611815068        8.4299111809898269E-011
   1.6347568608668464        9.5515536271229090E-011
   1.6414089673674159        1.0690168396205623E-010
   1.6480745806832149        1.1723460655399065E-010
   1.6547537008142434        1.2585989121475965E-010
   1.6614463277605016        1.3307806857070245E-010
   1.6681524615219896        1.4018764781294378E-010
   1.6748721020987070        1.4759086801258161E-010
   1.6816052494906539        1.5397415192697492E-010
   1.6883519036978303        1.5730492183964998E-010
   1.6951120647202365        1.5663653014175866E-010
   1.7018857325578720        1.5307217117696553E-010
   1.7086729072107374        1.5045330123088937E-010
   1.7154735886788324        1.6295842180093579E-010
   1.7222877769621567        1.1394620180879933E-010
   1.7291154720607107        1.1448869233633008E-010
   1.7359566739744943        1.0661586143717260E-010
   1.7428113827035074        9.2112043871697446E-011
   1.7496795982477507        9.2305517889700583E-011
   1.7565613206072228        7.3443457068055799E-011
   1.7634565497819246        1.6212262812838201E-012
