   0.0000000000000000        7.8449225463321319E-004
   6.7534076147913214E-006   7.2091053804540159E-004
   2.7013630459165285E-005   6.5226706594953023E-004
   6.0780668533121898E-005   6.6747583455778416E-004
   1.0805452183666114E-004   7.6819600342734843E-004
   1.6883519036978308E-004   8.2817414195889905E-004
   2.4312267413248759E-004   7.7645439041359380E-004
   3.3091697312477477E-004   6.4620566527626893E-004
   4.3221808734664457E-004   5.7104717849294838E-004
   5.4702601679809714E-004   7.3960755456182884E-004
   6.7534076147913232E-004   8.9828712443575044E-004
   8.1716232138974996E-004   8.6703366659973918E-004
   9.7249069652995037E-004   7.1092472461661003E-004
   1.1413258868997332E-003   4.0573162499365405E-004
   1.3236678924990991E-003   7.7936624103425764E-004
   1.5195167133280473E-003   7.4282792270324990E-004
   1.7288723493865783E-003   1.4167478354407334E-003
   1.9517348006746918E-003   8.1956029674691057E-004
   2.1881040671923885E-003   3.5655692431448265E-004
   2.4379801489396668E-003   8.2512179629524020E-004
   2.7013630459165293E-003   3.0564729499770084E-004
   2.9782527581229726E-003   3.7693532545087045E-003
   3.2686492855589998E-003   4.1406937997053054E-003
   3.5725526282246087E-003   9.8752129180841824E-004
   3.8899627861198015E-003   3.3742925951035958E-003
   4.2208797592445755E-003   6.5326128544045568E-003
   4.5653035475989329E-003   3.8754172785895715E-003
   4.9232341511828729E-003   4.4899952877727951E-004
   5.2946715699963964E-003   1.0169972456114855E-003
   5.6796158040395006E-003   2.8319507877188339E-003
   6.0780668533121892E-003   2.5038568841517332E-003
   6.4900247178144594E-003   8.2334301297017141E-004
   6.9154893975463131E-003   7.2521082915843644E-005
   7.3544608925077493E-003   6.7678166935620772E-004
   7.8069392026987672E-003   1.3877697303815671E-003
   8.2729243281193694E-003   1.2944357420457866E-003
   8.7524162687695542E-003   6.8820824531795155E-004
   9.2454150246493207E-003   3.4650883436076888E-004
   9.7519205957586671E-003   5.4351161405302641E-004
   1.0271932982097599E-002   9.0032709482984756E-004
   1.0805452183666117E-002   9.8007206044774210E-004
   1.1352478200464212E-002   7.5778783062883427E-004
   1.1913011032491891E-002   5.3743009873166432E-004
   1.2487050679749151E-002   5.4238522786609713E-004
   1.3074597142235999E-002   7.0886007774636887E-004
   1.3675650419952425E-002   8.2116950027230011E-004
   1.4290210512898435E-002   7.7159324660454798E-004
   1.4918277421074027E-002   6.4709143852367324E-004
   1.5559851144479206E-002   5.8950927161039932E-004
   1.6214931683113963E-002   6.4028419618915831E-004
   1.6883519036978302E-002   7.2088700865131287E-004
   1.7565613206072229E-002   7.4181331659423295E-004
   1.8261214190395732E-002   6.9366031911935683E-004
   1.8970321989948819E-002   6.3837344311391808E-004
   1.9692936604731492E-002   6.3128726691787909E-004
   2.0429058034743749E-002   6.6742291562770959E-004
   2.1178686279985585E-002   7.0015745001095393E-004
   2.1941821340457003E-002   6.9673625936676265E-004
   2.2718463216158002E-002   6.6689940692499325E-004
   2.3508611907088590E-002   6.4460915329526329E-004
   2.4312267413248757E-002   6.4832366305947811E-004
   2.5129429734638505E-002   6.6802166470534251E-004
   2.5960098871257838E-002   6.7985470801793012E-004
   2.6804274823106756E-002   6.7235666139892536E-004
   2.7661957590185252E-002   6.5735255186049539E-004
   2.8533147172493330E-002   6.4765544680338088E-004
   2.9417843570030997E-002   6.5207248238686609E-004
   3.0316046782798246E-002   6.6076829295205807E-004
   3.1227756810795069E-002   6.6445497867067952E-004
   3.2152973654021477E-002   6.5928595606739541E-004
   3.3091697312477478E-002   6.5089842688361896E-004
   3.4043927786163053E-002   6.4693127405217018E-004
   3.5009665075078217E-002   6.4938894377799064E-004
   3.5988909179222948E-002   6.5245306345888300E-004
   3.6981660098597283E-002   6.5332786210559632E-004
   3.7987917833201171E-002   6.4975302383597224E-004
   3.9007682383034668E-002   6.4595055379096692E-004
   4.0040953748097755E-002   6.4429350676125925E-004
   4.1087731928390395E-002   6.4549790658400880E-004
   4.2148016923912637E-002   6.4407244850391509E-004
   4.3221808734664469E-002   6.4311951618033301E-004
   4.4309107360645854E-002   6.4501329277543600E-004
   4.5409912801856848E-002   6.4228974229795063E-004
   4.6524225058297418E-002   6.4048895303071222E-004
   4.7652044129967562E-002   6.3972397655395698E-004
   4.8793370016867302E-002   6.3516254881937589E-004
   4.9948202718996602E-002   6.3791487652330018E-004
   5.1116542236355512E-002   6.4384747746389255E-004
   5.2298388568943997E-002   6.3943034400439558E-004
   5.3493741716762050E-002   6.3123140222571639E-004
   5.4702601679809698E-002   6.3124873329993038E-004
   5.5924968458086935E-002   6.3656074672541402E-004
   5.7160842051593740E-002   6.3820870382782992E-004
   5.8410222460330140E-002   6.3483888967891299E-004
   5.9673109684296108E-002   6.3100645372791140E-004
   6.0949503723491671E-002   6.3010480481170972E-004
   6.2239404577916824E-002   6.3165822870838925E-004
   6.3542812247571537E-002   6.3299436841968777E-004
   6.4859726732455852E-002   6.3239002271987419E-004
   6.6190148032569743E-002   6.3041481556500370E-004
   6.7534076147913208E-002   6.2896721045013282E-004
   6.8891511078486262E-002   6.2903559574361472E-004
   7.0262452824288918E-002   6.2981586384776300E-004
   7.1646901385321121E-002   6.3005574749568202E-004
   7.3044856761582927E-002   6.2948010333789052E-004
   7.4456318953074307E-002   6.2865269981528531E-004
   7.5881287959795277E-002   6.2818423792082188E-004
   7.7319763781745848E-002   6.2831304648401848E-004
   7.8771746418925967E-002   6.2870665091998906E-004
   8.0237235871335688E-002   6.2887387029858088E-004
   8.1716232138974998E-002   6.2872370527997145E-004
   8.3208735221843855E-002   6.2849789580906223E-004
   8.4714745119942342E-002   6.2851882153367388E-004
   8.6234261833270390E-002   6.2885685850618022E-004
   8.7767285361828012E-002   6.2934516125996763E-004
   8.9313815705615224E-002   6.2969478324908178E-004
   9.0873852864632010E-002   6.2989014130254901E-004
   9.2447396838878398E-002   6.3009975364248258E-004
   9.4034447628354362E-002   6.3048116108561198E-004
   9.5635005233059900E-002   6.3098993756237202E-004
   9.7249069652995027E-002   6.3156227165727166E-004
   9.8876640888159756E-002   6.3206336517887226E-004
  0.10051771893855402        6.3266471749456941E-004
  0.10217230380417790        6.3328290714057835E-004
  0.10384039548503135        6.3401031780653430E-004
  0.10552199398111439        6.3485537421951858E-004
  0.10721709929242702        6.3574528366775352E-004
  0.10892571141896921        6.3663396682689150E-004
  0.11064783036074101        6.3754212779544345E-004
  0.11238345611774238        6.3866193907841920E-004
  0.11413258868997332        6.3960212689216070E-004
  0.11589522807743385        6.4078997363094085E-004
  0.11767137428012399        6.4201402824666032E-004
  0.11946102729804367        6.4332282089092825E-004
  0.12126418713119298        6.4452647489981519E-004
  0.12308085377957183        6.4597446687698142E-004
  0.12491102724318028        6.4739900732285695E-004
  0.12675470752201831        6.4882083217702763E-004
  0.12861189461608591        6.5039144697971426E-004
  0.13048258852538311        6.5197973887091986E-004
  0.13236678924990991        6.5365385812952601E-004
  0.13426449678966626        6.5533180599517868E-004
  0.13617571114465221        6.5717556296310373E-004
  0.13810043231486771        6.5911595381973266E-004
  0.14003866030031287        6.6108431072433725E-004
  0.14199039510098754        6.6315112796316541E-004
  0.14395563671689179        6.6527936284332967E-004
  0.14593438514802567        6.6745394067877699E-004
  0.14792664039438913        6.6971465606925336E-004
  0.14993240245598211        6.7204311446036446E-004
  0.15195167133280468        6.7443723355232316E-004
  0.15398444702485695        6.7690728332333390E-004
  0.15603072953213867        6.7946258397567157E-004
  0.15809051885465000        6.8211502715820284E-004
  0.16016381499239102        6.8486617570347533E-004
  0.16225061794536150        6.8770410914829720E-004
  0.16435092771356158        6.9061307800513552E-004
  0.16646474429699132        6.9357895699841989E-004
  0.16859206769565055        6.9659468739976984E-004
  0.17073289790953938        6.9966630299904864E-004
  0.17288723493865787        7.0280519132929294E-004
  0.17505507878300583        7.0601752894609610E-004
  0.17723642944258342        7.0930549591113618E-004
  0.17943128691739063        7.1267004623463645E-004
  0.18163965120742739        7.1611166645962931E-004
  0.18386152231269370        7.1963496480212732E-004
  0.18609690023318967        7.2325089628423351E-004
  0.18834578496891516        7.2696463293601347E-004
  0.19060817651987025        7.3077021413067776E-004
  0.19288407488605488        7.3465850824752774E-004
  0.19517348006746921        7.3862668723173478E-004
  0.19747639206411302        7.4268083039372667E-004
  0.19979281087598641        7.4683268525898650E-004
  0.20212273650308948        7.5109102263921554E-004
  0.20446616894542205        7.5545919932668265E-004
  0.20682310820298419        7.5993860407285363E-004
  0.20919355427577599        7.6452561361137813E-004
  0.21157750716379731        7.6920838729506989E-004
  0.21397496686704820        7.7397303492834934E-004
  0.21638593338552878        7.7881039333234912E-004
  0.21881040671923879        7.8371507032935599E-004
  0.22124838686817846        7.8868676074873010E-004
  0.22369987383234774        7.9373104991521074E-004
  0.22616486761174656        7.9885635248059541E-004
  0.22864336820637496        8.0407178313970224E-004
  0.23113537561623299        8.0938536974440114E-004
  0.23364088984132056        8.1479911792410446E-004
  0.23615991088163771        8.2030759093426337E-004
  0.23869243873718443        8.2590058185359706E-004
  0.24123847340796081        8.3156735495820353E-004
  0.24379801489396669        8.3730068952476294E-004
  0.24637106319520213        8.4309889105963723E-004
  0.24895761831166729        8.4896468694192599E-004
  0.25155768024336195        8.5490325833605173E-004
  0.25417124899028615        8.6092309481937250E-004
  0.25679832455244000        8.6703637821030819E-004
  0.25943890692982341        8.7325132476022231E-004
  0.26209299612243636        8.7956641016844579E-004
  0.26476059213027897        8.8597402799556603E-004
  0.26744169495335113        8.9246630919417045E-004
  0.27013630459165283        8.9903875326419723E-004
  0.27284442104518419        9.0569046727408977E-004
  0.27556604431394505        9.1242366967285102E-004
  0.27830117439793556        9.1924419003040650E-004
  0.28104981129715567        9.2615520866237244E-004
  0.28381195501160528        9.3314782392534565E-004
  0.28658760554128448        9.4020244418440931E-004
  0.28937676288619330        9.4730384719441979E-004
  0.29217942704633171        9.5444839658235061E-004
  0.29499559802169967        9.6163967205191989E-004
  0.29782527581229723        9.6888313525297508E-004
  0.30066846041812439        9.7618627416617585E-004
  0.30352515183918111        9.8356249498957006E-004
  0.30639535007546742        9.9102874930528072E-004
  0.30927905512698339        9.9859291373615810E-004
  0.31217626699372880        1.0062463942878740E-003
  0.31508698567570387        1.0139733939797577E-003
  0.31801121117290859        1.0217570219352612E-003
  0.32094894348534275        1.0295829230843696E-003
  0.32390018261300652        1.0374434612366646E-003
  0.32686492855589999        1.0453375356561955E-003
  0.32984318131402296        1.0532736716434977E-003
  0.33283494088737542        1.0612706420814817E-003
  0.33584020727595765        1.0693429912335126E-003
  0.33885898047976937        1.0774930628736231E-003
  0.34189126049881063        1.0857208056038730E-003
  0.34493704733308156        1.0940224618361479E-003
  0.34799634098258203        1.1023828330507894E-003
  0.35106914144731205        1.1107824327697962E-003
  0.35415544872727162        1.1192060539613894E-003
  0.35725526282246090        1.1276403174024878E-003
  0.36036858373287967        1.1360787136073390E-003
  0.36349541145852804        1.1445246170540442E-003
  0.36663574599940607        1.1529852217547509E-003
  0.36978958735551359        1.1614719210374315E-003
  0.37295693552685072        1.1699983576641928E-003
  0.37613779051341745        1.1785708590997389E-003
  0.37933215231521378        1.1871857664646174E-003
  0.38254002093223960        1.1958315116367617E-003
  0.38576139636449508        1.2044916175834395E-003
  0.38899627861198011        1.2131470513770685E-003
  0.39224466767469474        1.2217789314504467E-003
  0.39550656355263902        1.2303747255933781E-003
  0.39878196624581275        1.2389359036902310E-003
  0.40207087575421607        1.2474763146259594E-003
  0.40537329207784911        1.2560143851776593E-003
  0.40868921521671159        1.2645698288890289E-003
  0.41201864517080372        1.2731524143837199E-003
  0.41536158194012540        1.2817527303590869E-003
  0.41871802552467674        1.2903503710644181E-003
  0.42208797592445757        1.2989222285136708E-003
  0.42547143313946800        1.3074453860905616E-003
  0.42886839716970809        1.3159035762630165E-003
  0.43227886801517768        1.3242881153691366E-003
  0.43570284567587686        1.3325935528470058E-003
  0.43914033015180570        1.3408251170029903E-003
  0.44259132144296404        1.3489968374314812E-003
  0.44605581954935197        1.3571226866751528E-003
  0.44953382447096951        1.3652176354578781E-003
  0.45302533620781660        1.3732958005586915E-003
  0.45653035475989329        1.3813528796319072E-003
  0.46004888012719963        1.3893631610138878E-003
  0.46358091230973542        1.3972962073687991E-003
  0.46712645130750086        1.4051291211513079E-003
  0.47068549712049595        1.4128500302268020E-003
  0.47425804974872054        1.4204563189003313E-003
  0.47784410919217468        1.4279508394196277E-003
  0.48144367545085842        1.4353411925450167E-003
  0.48505674852477193        1.4426406615100744E-003
  0.48868332841391476        1.4498606504951730E-003
  0.49232341511828731        1.4569982826784971E-003
  0.49597700863788946        1.4640348864932708E-003
  0.49964410897272110        1.4709487949483575E-003
  0.50332471612278229        1.4777194419154165E-003
  0.50701883008807325        1.4843239461936758E-003
  0.51072645086859370        1.4907498581713974E-003
  0.51444757846434364        1.4970094607255138E-003
  0.51818221287532329        1.5031263313194094E-003
  0.52193035410153243        1.5091140491162508E-003
  0.52569200214297118        1.5149672593681570E-003
  0.52946715699963964        1.5206638458457318E-003
  0.53325581867153748        1.5261838472517089E-003
  0.53705798715866504        1.5315200864190694E-003
  0.54087366246102220        1.5366616762937542E-003
  0.54470284457860885        1.5415950214553587E-003
  0.54854553351142499        1.5463190972635460E-003
  0.55240172925947084        1.5508417730246045E-003
  0.55627143182274641        1.5551715861333703E-003
  0.56015464120125147        1.5593226186271889E-003
  0.56405135739498602        1.5633095648589291E-003
  0.56796158040395017        1.5671365084468556E-003
  0.57188531022814382        1.5707930631138393E-003
  0.57582254686756718        1.5742540874738992E-003
  0.57977329032222003        1.5774915053233540E-003
  0.58373754059210270        1.5804938175267801E-003
  0.58771529767721475        1.5832638263115193E-003
  0.59170656157755652        1.5858063080637030E-003
  0.59571133229312767        1.5881282981317192E-003
  0.59972960982392842        1.5902391783052614E-003
  0.60376139416995878        1.5921507884911026E-003
  0.60780668533121873        1.5938795590451312E-003
  0.61186548330770862        1.5954407293699495E-003
  0.61593778809942779        1.5968394414848490E-003
  0.62002359970637644        1.5980684934744998E-003
  0.62412291812855469        1.5991067120502940E-003
  0.62823574336596255        1.5999243192980027E-003
  0.63236207541860001        1.6005072955446067E-003
  0.63650191428646730        1.6008667320497655E-003
  0.64065525996956407        1.6010230683513899E-003
  0.64482211246789023        1.6009894908476804E-003
  0.64900247178144599        1.6007694274223167E-003
  0.65319633791023124        1.6003623723409432E-003
  0.65740371085424631        1.5997669299948902E-003
  0.66162459061349110        1.5989844304619954E-003
  0.66585897718796527        1.5980237904742504E-003
  0.67010687057766893        1.5969020586201490E-003
  0.67436827078260220        1.5956336695158036E-003
  0.67864317780276506        1.5942227550776835E-003
  0.68293159163815753        1.5926679766887200E-003
  0.68723351228877949        1.5909698941350883E-003
  0.69154893975463150        1.5891439109810739E-003
  0.69587787403571266        1.5872191290167269E-003
  0.70022031513202332        1.5852172976603988E-003
  0.70457626304356369        1.5831481562069683E-003
  0.70894571777033366        1.5810169429772817E-003
  0.71332867931233312        1.5788248991612584E-003
  0.71772514766956252        1.5765703898499460E-003
  0.72213512284202130        1.5742638891005738E-003
  0.72655860482970958        1.5719335606355080E-003
  0.73099559363262745        1.5696166407150294E-003
  0.73544608925077481        1.5673495272821236E-003
  0.73991009168415189        1.5651571637089632E-003
  0.74438760093275869        1.5630576973387998E-003
  0.74887861699659486        1.5610727639597951E-003
  0.75338313987566063        1.5592203818840780E-003
  0.75790116956995601        1.5575035101940530E-003
  0.76243270607948099        1.5559149528756725E-003
  0.76697774940423546        1.5544525073537339E-003
  0.77153629954421954        1.5531280452374550E-003
  0.77610835649943355        1.5519663018008193E-003
  0.78069392026987683        1.5510027088401792E-003
  0.78529299085554971        1.5502859655781970E-003
  0.78990556825645208        1.5498743060339724E-003
  0.79453165247258417        1.5498164043853413E-003
  0.79917124350394564        1.5501461552454589E-003
  0.80382434135053715        1.5508995391611531E-003
  0.80849094601235794        1.5521203162543273E-003
  0.81317105748940821        1.5538516799729633E-003
  0.81786467578168820        1.5561267560580880E-003
  0.82257180088919768        1.5589666118082084E-003
  0.82729243281193676        1.5623831332055324E-003
  0.83202657154990578        1.5663843028969982E-003
  0.83677421710310396        1.5709785294413306E-003
  0.84153536947153174        1.5761873007744491E-003
  0.84631002865518923        1.5820563940628120E-003
  0.85109819465407621        1.5886482789238810E-003
  0.85589986746819280        1.5960265052180737E-003
  0.86071504709753899        1.6042443438491288E-003
  0.86554373354211511        1.6133422058382252E-003
  0.87038592680192040        1.6233540235984553E-003
  0.87524162687695517        1.6343127276198558E-003
  0.88011083376721977        1.6462414548731646E-003
  0.88499354747271386        1.6591533383619173E-003
  0.88988976799343744        1.6730641825800925E-003
  0.89479949532939096        1.6879919630842109E-003
  0.89972272948057386        1.7039516866076982E-003
  0.90465947044698625        1.7209646678616715E-003
  0.90960971822862824        1.7390716572470123E-003
  0.91457347282549983        1.7583285559711222E-003
  0.91955073423760092        1.7787807216620617E-003
  0.92454150246493194        1.8004466983405642E-003
  0.92954577750749234        1.8233321465155846E-003
  0.93456355936528224        1.8474516030184444E-003
  0.93959484803830173        1.8728364771290666E-003
  0.94463964352655083        1.8995286326298046E-003
  0.94969794583002953        1.9275697714293549E-003
  0.95476975494873773        1.9569877177031117E-003
  0.95985507088267585        1.9877977839440012E-003
  0.96495389363184325        2.0200072383670512E-003
  0.97006622319624025        2.0535989101278301E-003
  0.97519205957586674        2.0885353374622728E-003
  0.98033140277072295        2.1247814796117055E-003
  0.98548425278080853        2.1623088530174348E-003
  0.99065060960612428        2.2010913993366597E-003
  0.99583047324666918        2.2411047717750439E-003
   1.0010238437024437        2.2823319217795232E-003
   1.0062307209734478        2.3247726496653390E-003
   1.0114511050596813        2.3684453030508477E-003
   1.0166849959611446        2.4133569899347307E-003
   1.0219323936778377        2.4594736165596135E-003
   1.0271932982097600        2.5067241880041961E-003
   1.0324677095569119        2.5550161033061464E-003
   1.0377556277192936        2.6042575922810402E-003
   1.0430570526969047        2.6543753094769125E-003
   1.0483719844897454        2.7053028348395913E-003
   1.0537004230978158        2.7569709478608879E-003
   1.0590423685211159        2.8093193386930543E-003
   1.0643978207596454        2.8622898034884455E-003
   1.0697667798134045        2.9158227754472140E-003
   1.0751492456823930        2.9698720254087065E-003
   1.0805452183666113        3.0243887647061849E-003
   1.0859546978660590        3.0792981914880757E-003
   1.0913776841807368        3.1345027609578110E-003
   1.0968141773106437        3.1898855151776713E-003
   1.1022641772557802        3.2453068224694735E-003
   1.1077276840161465        3.3006318083608041E-003
   1.1132046975917422        3.3557566839145627E-003
   1.1186952179825675        3.4106082504072898E-003
   1.1241992451886227        3.4651550704168882E-003
   1.1297167792099072        3.5193906867737432E-003
   1.1352478200464211        3.5732871212020884E-003
   1.1407923676981646        3.6267787189358490E-003
   1.1463504221651379        3.6797750758723108E-003
   1.1519219834473409        3.7321991491083280E-003
   1.1575070515447732        3.7840314271161131E-003
   1.1631056264574353        3.8353185344375054E-003
   1.1687177081853268        3.8861156331407537E-003
   1.1743432967284479        3.9364608104815752E-003
   1.1799823920867987        3.9863772766097179E-003
   1.1856349942603792        4.0358884239263641E-003
   1.1913011032491889        4.0850696492016163E-003
   1.1969807190532287        4.1341254602188003E-003
   1.2026738416724976        4.1834054274786240E-003
   1.2083804711069963        4.2333225170848397E-003
   1.2141006073567244        4.2842120532995600E-003
   1.2198342504216824        4.3362482864516593E-003
   1.2255814003018697        4.3895792268026507E-003
   1.2313420569972870        4.4445959591810904E-003
   1.2371162205079336        4.5020896390570754E-003
   1.2429038908338095        4.5630930118786359E-003
   1.2487050679749152        4.6284851847325746E-003
   1.2545197519312505        4.6987397935506648E-003
   1.2603479427028155        4.7740944322605689E-003
   1.2661896402896102        4.8550214717643647E-003
   1.2720448446916344        4.9426397659632394E-003
   1.2779135559088879        5.0387106341469694E-003
   1.2837957739413710        5.1450711746786598E-003
   1.2896914987890837        5.2628936045106120E-003
   1.2956007304520261        5.3925019248429072E-003
   1.3015234689301980        5.5340835151037543E-003
   1.3074597142236000        5.6888134034905101E-003
   1.3134094663322311        5.8593850537894633E-003
   1.3193727252560918        6.0491739140831674E-003
   1.3253494909951820        6.2604141161188946E-003
   1.3313397635495017        6.4930781639211980E-003
   1.3373435429190512        6.7459100324127773E-003
   1.3433608291038306        7.0191023771947556E-003
   1.3493916221038391        7.3162017323140467E-003
   1.3554359219190775        7.6429203844433722E-003
   1.3614937285495452        8.0031571330727389E-003
   1.3675650419952425        8.3956731196812504E-003
   1.3736498622561695        8.8152232180427892E-003
   1.3797481893323262        9.2582880534146234E-003
   1.3858600232237124        9.7284940257422077E-003
   1.3919853639303281        1.0235488841876701E-002
   1.3981242114521732        1.0786352286613884E-002
   1.4042765657892482        1.1376695519323243E-002
   1.4104424269415525        1.1991348505643583E-002
   1.4166217949090865        1.2617014327048178E-002
   1.4228146696918504        1.3256447263878054E-002
   1.4290210512898436        1.3928232462372372E-002
   1.4352409397030665        1.4647449406581216E-002
   1.4414743349315187        1.5403274592904472E-002
   1.4477212369752008        1.6158589308722399E-002
   1.4539816458341122        1.6879440848211285E-002
   1.4602555615082535        1.7569788593545056E-002
   1.4665429839976243        1.8271923517368914E-002
   1.4728439133022244        1.9020235597127413E-002
   1.4791583494220544        1.9788426075283194E-002
   1.4854862923571137        2.0492500891102210E-002
   1.4918277421074029        2.1065239316927796E-002
   1.4981826986729216        2.1535211875301156E-002
   1.5045511620536698        2.2013997106480471E-002
   1.5109331322496478        2.2576035036944213E-002
   1.5173286092608551        2.3147426653749758E-002
   1.5237375930872916        2.3551298524343844E-002
   1.5301600837289584        2.3707440350563679E-002
   1.5365960811858543        2.3779532616879977E-002
   1.5430455854579803        2.4055982042246279E-002
   1.5495085965453357        2.4630259482758213E-002
   1.5559851144479204        2.5249460520004971E-002
   1.5624751391657348        2.5611863866974862E-002
   1.5689786706987789        2.5866760089171045E-002
   1.5754957090470525        2.6670832418609160E-002
   1.5820262542105561        2.8535489606762991E-002
   1.5885703061892886        3.1157090885956064E-002
   1.5951278649832510        3.3767190011766132E-002
   1.6016989305924429        3.6415416950071500E-002
   1.6082835030168643        4.0534873554052386E-002
   1.6148815822565155        4.7474579657121325E-002
   1.6214931683113964        5.6434617631719662E-002
   1.6281182611815068        6.5070494649840674E-002
   1.6347568608668464        7.3135269472918679E-002
   1.6414089673674159        8.4205954416301937E-002
   1.6480745806832149       0.10113133486567706     
   1.6547537008142434       0.12009138787076559     
   1.6614463277605016       0.13390235256314345     
   1.6681524615219896       0.14367566467887530     
   1.6748721020987070       0.16060243917254671     
   1.6816052494906539       0.18823797981767970     
   1.6883519036978303       0.21028397342761349     
   1.6951120647202365       0.21347878311806923     
   1.7018857325578720       0.21828367092789952     
   1.7086729072107374       0.25448283783710918     
   1.7154735886788324       0.30114501320605636     
   1.7222877769621567       0.30523235728911907     
   1.7291154720607107       0.28713813372495844     
   1.7359566739744943       0.36490165229198968     
   1.7428113827035074       0.61917573759381372     
   1.7496795982477507       0.28669363220005717     
   1.7565613206072228       0.24593899962734389     
   1.7634565497819246        4.4724059884230725     
