  -57.014526389947271        9.2678775587345508E-012
  -56.903169893091906        1.4893537583362671E-011
  -56.791813396236542        5.4292853873415478E-011
  -56.680456899381177        4.2536466297764488E-011
  -56.569100402525805        8.4309311289047383E-011
  -56.457743905670441        1.0802730222799067E-010
  -56.346387408815076        1.2358929343630588E-010
  -56.235030911959711        1.3311355018363419E-010
  -56.123674415104347        1.2795754659379358E-010
  -56.012317918248982        1.2987414487365017E-010
  -55.900961421393610        1.2656602831874768E-010
  -55.789604924538246        1.1624535645983964E-010
  -55.678248427682881        9.9476520107812042E-011
  -55.566891930827516        7.9934517820393239E-011
  -55.455535433972152        6.2392862454021953E-011
  -55.344178937116787        4.9089299466967229E-011
  -55.232822440261415        3.9558241770964070E-011
  -55.121465943406051        3.1911395856157157E-011
  -55.010109446550686        2.4858718388946507E-011
  -54.898752949695321        1.8929233391445534E-011
  -54.787396452839957        1.5295347288785270E-011
  -54.676039955984592        1.4658394120115202E-011
  -54.564683459129228        1.6613793736110021E-011
  -54.453326962273856        2.0214034014698130E-011
  -54.341970465418491        2.5023314872120396E-011
  -54.230613968563127        3.1004368875193178E-011
  -54.119257471707762        3.8242492251650747E-011
  -54.007900974852397        4.5872343770036301E-011
  -53.896544477997033        5.2502143380384519E-011
  -53.785187981141661        5.7848925579930058E-011
  -53.673831484286296        6.2340550428224019E-011
  -53.562474987430932        6.6279322209880781E-011
  -53.451118490575567        6.9268227020159608E-011
  -53.339761993720202        7.0837016772644137E-011
  -53.228405496864838        7.0786189270438803E-011
  -53.117049000009466        6.8924200819617442E-011
  -53.005692503154101        6.5894192417369599E-011
  -52.894336006298737        6.2455176661740772E-011
  -52.782979509443372        5.8803427103259335E-011
  -52.671623012588007        5.5005843534735182E-011
  -52.560266515732643        5.1174992419239228E-011
  -52.448910018877278        4.7027204759011197E-011
  -52.337553522021906        4.2443385660001601E-011
  -52.226197025166542        3.7773797992088293E-011
  -52.114840528311177        3.3827657512482475E-011
  -52.003484031455812        3.1006953899058928E-011
  -51.892127534600448        2.9114125033355981E-011
  -51.780771037745083        2.7738690294163077E-011
  -51.669414540889711        2.6461907968781588E-011
  -51.558058044034347        2.5475239392372067E-011
  -51.446701547178982        2.5068604926632734E-011
  -51.335345050323617        2.5526363356771165E-011
  -51.223988553468253        2.7310723912453694E-011
  -51.112632056612888        3.0365558608270788E-011
  -51.001275559757516        3.4289333516051445E-011
  -50.889919062902152        3.8476181315915474E-011
  -50.778562566046787        4.2705191117716296E-011
  -50.667206069191423        4.7048672303092157E-011
  -50.555849572336058        5.1964823857073252E-011
  -50.444493075480693        5.7584402015150632E-011
  -50.333136578625329        6.3547984702384134E-011
  -50.221780081769957        6.8992841290216749E-011
  -50.110423584914592        7.3874948240092455E-011
  -49.999067088059228        7.7954911126958974E-011
  -49.887710591203863        8.0799754854445541E-011
  -49.776354094348498        8.2738476035363641E-011
  -49.664997597493134        8.4654855900770805E-011
  -49.553641100637762        8.7057409536416034E-011
  -49.442284603782397        8.9633247010877320E-011
  -49.330928106927033        9.0891660160777116E-011
  -49.219571610071668        8.9614666729012013E-011
  -49.108215113216303        8.5585908672853321E-011
  -48.996858616360939        8.0257104055854193E-011
  -48.885502119505567        7.4827301087262037E-011
  -48.774145622650202        6.9723026541296609E-011
  -48.662789125794838        6.4700300401500673E-011
  -48.551432628939473        5.9725485687702085E-011
  -48.440076132084108        5.4702849659942812E-011
  -48.328719635228744        4.9471795550365571E-011
  -48.217363138373379        4.4041078088407331E-011
  -48.106006641518007        3.8782660890318641E-011
  -47.994650144662643        3.4176159720941882E-011
  -47.883293647807278        3.0193946361109662E-011
  -47.771937150951914        2.6354130806816532E-011
  -47.660580654096549        2.2874972035137377E-011
  -47.549224157241184        2.0119384477601294E-011
  -47.437867660385812        1.8107160587476581E-011
  -47.326511163530448        1.6578404040967398E-011
  -47.215154666675083        1.5397256347841803E-011
  -47.103798169819719        1.4217933007083003E-011
  -46.992441672964354        1.2671361842376801E-011
  -46.881085176108989        1.0734740244764953E-011
  -46.769728679253618        8.5536096188032953E-012
  -46.658372182398253        6.2379190061525064E-012
  -46.547015685542888        4.1478285197487296E-012
  -46.435659188687524        2.6443354203564764E-012
  -46.324302691832159        1.7075606784844723E-012
  -46.212946194976794        9.7030591352152039E-013
  -46.101589698121423        3.3894441218633875E-013
  -45.990233201266058        4.0993971860140359E-014
  -45.878876704410693        3.1349207403056174E-013
  -45.767520207555329        1.0594568841479051E-012
  -45.656163710699964        2.0989110888355370E-012
  -45.544807213844599        3.5946365738217658E-012
  -45.433450716989235        5.7160910931886309E-012
  -45.322094220133863        8.2904495626400135E-012
  -45.210737723278498        1.1155653992640329E-011
  -45.099381226423134        1.4405371465275684E-011
  -44.988024729567769        1.8205004636055251E-011
  -44.876668232712404        2.2492750129390389E-011
  -44.765311735857040        2.6989159147386329E-011
  -44.653955239001668        3.0848288035849338E-011
  -44.542598742146303        3.4118877022461255E-011
  -44.431242245290939        3.7785474982981856E-011
  -44.319885748435574        4.1918625764093884E-011
  -44.208529251580210        4.5665520502875336E-011
  -44.097172754724845        4.8934379682243512E-011
  -43.985816257869473        5.2059771911913785E-011
  -43.874459761014108        5.5337927717497716E-011
  -43.763103264158744        5.9388260155018330E-011
  -43.651746767303379        6.4856380356199546E-011
  -43.540390270448015        7.2239286595040531E-011
  -43.429033773592650        8.0012738419933445E-011
  -43.317677276737285        8.7003618999433096E-011
  -43.206320779881914        9.2120847399528836E-011
  -43.094964283026549        9.5590438487437421E-011
  -42.983607786171184        9.9120466159626665E-011
  -42.872251289315820        1.0499044859457585E-010
  -42.760894792460455        1.1342395398340676E-010
  -42.649538295605090        1.2328466253796438E-010
  -42.538181798749719        1.3304505030786524E-010
  -42.426825301894354        1.4104505209734681E-010
  -42.315468805038989        1.4646269981474898E-010
  -42.204112308183625        1.5037917406675805E-010
  -42.092755811328260        1.5357185332010230E-010
  -41.981399314472895        1.5649464174192518E-010
  -41.870042817617524        1.6015699109770551E-010
  -41.758686320762159        1.6601289949194724E-010
  -41.647329823906794        1.7268529229717644E-010
  -41.535973327051430        1.7818234382988496E-010
  -41.424616830196065        1.8092885391209884E-010
  -41.313260333340700        1.8261041408546569E-010
  -41.201903836485336        1.8494267993894730E-010
  -41.090547339629964        1.8934803672012501E-010
  -40.979190842774599        1.9454794242674938E-010
  -40.867834345919235        2.0073601647741732E-010
  -40.756477849063870        2.0712234195978809E-010
  -40.645121352208506        2.1294195400050899E-010
  -40.533764855353141        2.1681318907187496E-010
  -40.422408358497769        2.1955951404718756E-010
  -40.311051861642405        2.2396462051520851E-010
  -40.199695364787040        2.3149486130372108E-010
  -40.088338867931675        2.4274549240049311E-010
  -39.976982371076311        2.5403910199864104E-010
  -39.865625874220946        2.6281932100954581E-010
  -39.754269377365574        2.6938239228946275E-010
  -39.642912880510210        2.7697763390215387E-010
  -39.531556383654845        2.8710704399845020E-010
  -39.420199886799480        2.9614313897112246E-010
  -39.308843389944116        3.0087141601626806E-010
  -39.197486893088751        3.0317591381153469E-010
  -39.086130396233386        3.0613700480213668E-010
  -38.974773899378015        3.1097277587647279E-010
  -38.863417402522650        3.1775412915763003E-010
  -38.752060905667285        3.2347806908851861E-010
  -38.640704408811921        3.2789739329584762E-010
  -38.529347911956556        3.3248966062674239E-010
  -38.417991415101191        3.3807463723539669E-010
  -38.306634918245820        3.4009904779595446E-010
  -38.195278421390455        3.3614887787733636E-010
  -38.083921924535090        3.2984311227033866E-010
  -37.972565427679726        3.2680900261879723E-010
  -37.861208930824361        3.2902857978366573E-010
  -37.749852433968996        3.3478578636165523E-010
  -37.638495937113625        3.3908866517312013E-010
  -37.527139440258260        3.3801424302494953E-010
  -37.415782943402895        3.3246669528341550E-010
  -37.304426446547531        3.2789268723723855E-010
  -37.193069949692166        3.2759135377365133E-010
  -37.081713452836802        3.3279004374641020E-010
  -36.970356955981437        3.4394258505398449E-010
  -36.859000459126065        3.6123590006661174E-010
  -36.747643962270701        3.8133213546570678E-010
  -36.636287465415336        3.9933703967319731E-010
  -36.524930968559971        4.1282380613111409E-010
  -36.413574471704607        4.2000565414068674E-010
  -36.302217974849242        4.2188083781873498E-010
  -36.190861477993870        4.2173581182222397E-010
  -36.079504981138506        4.2552479307622641E-010
  -35.968148484283141        4.3597099714734581E-010
  -35.856791987427776        4.5270326435440328E-010
  -35.745435490572412        4.6999932046913228E-010
  -35.634078993717047        4.8217382003361761E-010
  -35.522722496861675        4.8593612755355296E-010
  -35.411366000006311        4.8407524809239648E-010
  -35.300009503150946        4.8031197867817851E-010
  -35.188653006295581        4.7815407514989661E-010
  -35.077296509440217        4.7875747198250802E-010
  -34.965940012584852        4.8218507035583421E-010
  -34.854583515729487        4.8954388173056644E-010
  -34.743227018874116        4.9917471651742319E-010
  -34.631870522018751        5.0653048039997871E-010
  -34.520514025163386        5.0775849641836280E-010
  -34.409157528308022        5.0578704746620160E-010
  -34.297801031452657        5.0606863970813256E-010
  -34.186444534597292        5.1156095092058071E-010
  -34.075088037741921        5.1951656512259963E-010
  -33.963731540886556        5.2261786361016214E-010
  -33.852375044031191        5.2041461282674750E-010
  -33.741018547175827        5.2038684818656411E-010
  -33.629662050320462        5.2757202107354661E-010
  -33.518305553465098        5.3883263451069066E-010
  -33.406949056609726        5.4750667588864414E-010
  -33.295592559754361        5.4781715537818183E-010
  -33.184236062898997        5.4232483242488488E-010
  -33.072879566043632        5.3719367087332084E-010
  -32.961523069188267        5.3630598802114493E-010
  -32.850166572332903        5.3571489256847580E-010
  -32.738810075477538        5.2994038542299131E-010
  -32.627453578622166        5.1855809215025475E-010
  -32.516097081766802        5.0253704093347131E-010
  -32.404740584911437        4.8279714826471885E-010
  -32.293384088056072        4.5978392821956086E-010
  -32.182027591200708        4.3283418249598855E-010
  -32.070671094345343        4.0492626190759389E-010
  -31.959314597489975        3.8323168951011460E-010
  -31.847958100634607        3.6812581859749924E-010
  -31.736601603779242        3.5234205695824908E-010
  -31.625245106923877        3.3383815853538111E-010
  -31.513888610068513        3.1477010116136879E-010
  -31.402532113213145        2.9614244486705559E-010
  -31.291175616357780        2.7514405147278085E-010
  -31.179819119502415        2.5398788678292340E-010
  -31.068462622647047        2.3567795542347144E-010
  -30.957106125791682        2.2036507314329907E-010
  -30.845749628936318        2.0780229592855331E-010
  -30.734393132080950        1.9934688253078529E-010
  -30.623036635225585        1.9191421875375960E-010
  -30.511680138370220        1.8267651663266251E-010
  -30.400323641514852        1.7095420004808223E-010
  -30.288967144659487        1.5965090133749409E-010
  -30.177610647804123        1.5052369098737878E-010
  -30.066254150948755        1.4407409361387328E-010
  -29.954897654093390        1.4059610275026357E-010
  -29.843541157238025        1.3876120626970630E-010
  -29.732184660382657        1.3710032448444337E-010
  -29.620828163527293        1.3380605835281845E-010
  -29.509471666671928        1.2695034630982920E-010
  -29.398115169816563        1.1886823686754218E-010
  -29.286758672961195        1.1155245208945957E-010
  -29.175402176105830        1.0533387310810140E-010
  -29.064045679250466        9.9312341539950408E-011
  -28.952689182395098        9.4333275664022800E-011
  -28.841332685539733        9.0176238175263253E-011
  -28.729976188684368        8.5626736639337585E-011
  -28.618619691829000        8.0602671980321466E-011
  -28.507263194973635        7.5091964153033912E-011
  -28.395906698118271        6.9755642108491372E-011
  -28.284550201262903        6.5901599886509301E-011
  -28.173193704407538        6.4263611391566070E-011
  -28.061837207552173        6.2512675266481170E-011
  -27.950480710696805        5.8231530727249033E-011
  -27.839124213841441        5.2646072596877537E-011
  -27.727767716986076        4.9563811705872118E-011
  -27.616411220130708        4.9496254902158460E-011
  -27.505054723275343        5.1097396288849110E-011
  -27.393698226419978        5.2014483003747587E-011
  -27.282341729564614        5.1402807104965610E-011
  -27.170985232709246        4.8731086059001038E-011
  -27.059628735853881        4.5603871838418871E-011
  -26.948272238998516        4.3111061667922261E-011
  -26.836915742143148        4.0101552359951269E-011
  -26.725559245287783        3.7650538372369926E-011
  -26.614202748432419        3.7303559962251325E-011
  -26.502846251577051        3.9547585905928721E-011
  -26.391489754721686        4.0333292858392462E-011
  -26.280133257866321        3.5800455314925456E-011
  -26.168776761010953        2.7496709015177316E-011
  -26.057420264155589        2.0069551485419311E-011
  -25.946063767300224        1.6332881769972316E-011
  -25.834707270444856        1.5028740945309657E-011
  -25.723350773589491        1.4129320466959457E-011
  -25.611994276734126        1.1771901247473287E-011
  -25.500637779878758        8.5133966869341016E-012
  -25.389281283023394        5.6319656275949704E-012
  -25.277924786168029        3.6764635665645958E-012
  -25.166568289312664        2.2053429800341991E-012
  -25.055211792457296        1.2323165001419676E-012
  -24.943855295601931        9.5365523126410899E-013
  -24.832498798746567        1.2955558462600644E-012
  -24.721142301891199        1.9432786780352809E-012
  -24.609785805035834        2.7803268975524699E-012
  -24.498429308180469        3.5320785082105584E-012
  -24.387072811325101        3.8292714320282200E-012
  -24.275716314469737        3.4467528077827013E-012
  -24.164359817614372        3.1939072090893042E-012
  -24.053003320759004        4.0475214350826100E-012
  -23.941646823903639        5.6803570627641434E-012
  -23.830290327048274        7.6351722617277188E-012
  -23.718933830192906        9.7618057541881875E-012
  -23.607577333337542        1.0901241410590158E-011
  -23.496220836482177        1.0438385881345076E-011
  -23.384864339626809        8.5725210390620491E-012
  -23.273507842771444        6.9849153374121749E-012
  -23.162151345916079        6.9984018043289932E-012
  -23.050794849060711        9.4307803884620516E-012
  -22.939438352205347        1.3076320508376456E-011
  -22.828081855349982        1.6140459998360757E-011
  -22.716725358494617        1.8090711619588964E-011
  -22.605368861639249        1.9671877930832534E-011
  -22.494012364783885        2.0567444204715444E-011
  -22.382655867928520        1.8984618513581287E-011
  -22.271299371073152        1.4999997918690914E-011
  -22.159942874217787        1.0802875664952244E-011
  -22.048586377362422        8.6832315177295602E-012
  -21.937229880507054        9.2674240085604615E-012
  -21.825873383651690        1.2102342413508658E-011
  -21.714516886796325        1.6131766166669182E-011
  -21.603160389940957        2.1500956421773248E-011
  -21.491803893085592        2.6941493207482002E-011
  -21.380447396230227        3.2276712017336878E-011
  -21.269090899374859        3.7876314540145147E-011
  -21.157734402519495        4.7858219517961064E-011
  -21.046377905664130        6.8271643572356974E-011
  -20.935021408808762        1.0142811828858073E-010
  -20.823664911953397        1.4144407517072089E-010
  -20.712308415098033        1.8937158863420150E-010
  -20.600951918242668        2.5321924061596718E-010
  -20.489595421387300        3.3275307027785223E-010
  -20.378238924531935        4.2734430348052499E-010
  -20.266882427676570        5.4622735480324464E-010
  -20.155525930821202        7.1497839544107807E-010
  -20.044169433965838        9.5453815235019768E-010
  -19.932812937110473        1.2719882331757793E-009
  -19.821456440255105        1.6491492428666616E-009
  -19.710099943399740        2.0825891576760753E-009
  -19.598743446544376        2.6189714536746810E-009
  -19.487386949689007        3.3282922975499396E-009
  -19.376030452833643        4.2441233453560735E-009
  -19.264673955978278        5.4018672759685495E-009
  -19.153317459122910        6.8672996829361366E-009
  -19.041960962267545        8.7335229878016047E-009
  -18.930604465412181        1.1067518729117642E-008
  -18.819247968556812        1.3922152493405995E-008
  -18.707891471701448        1.7420866103276369E-008
  -18.596534974846083        2.1862883707151416E-008
  -18.485178477990718        2.7581124710323852E-008
  -18.373821981135350        3.4837205311752500E-008
  -18.262465484279986        4.3888448210437156E-008
  -18.151108987424621        5.5214753441734543E-008
  -18.039752490569253        6.9365027488844741E-008
  -17.928395993713888        8.6877810752250653E-008
  -17.817039496858524        1.0843086521666563E-007
  -17.705683000003155        1.3493826416864838E-007
  -17.594326503147791        1.6784330238633010E-007
  -17.482970006292426        2.0908433615485866E-007
  -17.371613509437058        2.6057686017565347E-007
  -17.260257012581693        3.2452375252598036E-007
  -17.148900515726329        4.0346613958252962E-007
  -17.037544018870960        5.0057024556137329E-007
  -16.926187522015596        6.1941513298268580E-007
  -16.814831025160231        7.6425234979159864E-007
  -16.703474528304863        9.4038758367426214E-007
  -16.592118031449498        1.1545990875640573E-006
  -16.480761534594134        1.4157814017820836E-006
  -16.369405037738769        1.7333720071236590E-006
  -16.258048540883401        2.1166637054111671E-006
  -16.146692044028036        2.5774935082654030E-006
  -16.035335547172672        3.1324334685129197E-006
  -15.923979050317303        3.7996567419890688E-006
  -15.812622553461939        4.5975736270312106E-006
  -15.701266056606572        5.5447967167124252E-006
  -15.589909559751208        6.6642153036327859E-006
  -15.478553062895841        7.9851223001819198E-006
  -15.367196566040475        9.5436501070170425E-006
  -15.255840069185110        1.1378091204892949E-005
  -15.144483572329744        1.3526494358249002E-005
  -15.033127075474377        1.6028577462783943E-005
  -14.921770578619013        1.8925413288907508E-005
  -14.810414081763646        2.2266007418411415E-005
  -14.699057584908282        2.6100744825889317E-005
  -14.587701088052915        3.0478619460762655E-005
  -14.476344591197549        3.5448738246738491E-005
  -14.364988094342184        4.1072490785038466E-005
  -14.253631597486818        4.7408727048614310E-005
  -14.142275100631451        5.4502931791715151E-005
  -14.030918603776087        6.2378076345589740E-005
  -13.919562106920720        7.1041509159699916E-005
  -13.808205610065354        8.0486064469385601E-005
  -13.696849113209989        9.0713355861621797E-005
  -13.585492616354623        1.0171527054023084E-004
  -13.474136119499258        1.1345441702360405E-004
  -13.362779622643892        1.2584293060996133E-004
  -13.251423125788525        1.3875063312358688E-004
  -13.140066628933161        1.5200004039182702E-004
  -13.028710132077794        1.6538113547027812E-004
  -12.917353635222428        1.7866690128327375E-004
  -12.805997138367063        1.9159761015724840E-004
  -12.694640641511697        2.0387394375285988E-004
  -12.583284144656332        2.1517093186121240E-004
  -12.471927647800966        2.2512190376618806E-004
  -12.360571150945599        2.3333028584349879E-004
  -12.249214654090235        2.3940651434173661E-004
  -12.137858157234868        2.4299226251145160E-004
  -12.026501660379502        2.4376609304366636E-004
  -11.915145163524137        2.4146675318977227E-004
  -11.803788666668771        2.3593305967298603E-004
  -11.692432169813404        2.2712067171243145E-004
  -11.581075672958040        2.1509264533054454E-004
  -11.469719176102673        2.0006604750381118E-004
  -11.358362679247309        1.8242630920340284E-004
  -11.247006182391942        1.6271186295528035E-004
  -11.135649685536576        1.4164772392193209E-004
  -11.024293188681211        1.2013740947785808E-004
  -10.912936691825845        9.9216345116646395E-005
  -10.801580194970478        7.9979041435807044E-005
  -10.690223698115114        6.3546931883909493E-005
  -10.578867201259747        5.0988284019649129E-005
  -10.467510704404381        4.3263552257889419E-005
  -10.356154207549016        4.1143688848076124E-005
  -10.244797710693650        4.5119105174695660E-005
  -10.133441213838285        5.5316446515129806E-005
  -10.022084716982919        7.1444030068794543E-005
  -9.9107282201275524        9.2753915685478205E-005
  -9.7993717232721878        1.1802545999008382E-004
  -9.6880152264168213        1.4562018431655600E-004
  -9.5766587295614549        1.7357956203576606E-004
  -9.4653022327060903        1.9978358769993761E-004
  -9.3539457358507239        2.2206703977423027E-004
  -9.2425892389953592        2.3839102144030837E-004
  -9.1312327421399928        2.4706850803794637E-004
  -9.0198762452846264        2.4702406165588172E-004
  -8.9085197484292618        2.3808097563808822E-004
  -8.7971632515738953        2.2096900308269941E-004
  -8.6858067547185289        1.9732498176096535E-004
  -8.5744502578631643        1.6954871731827238E-004
  -8.4630937610077979        1.4072195201295744E-004
  -8.3517372641524315        1.1437897905201571E-004
  -8.2403807672970668        9.4122559237036553E-005
  -8.1290242704417004        8.3137774449404780E-005
  -8.0176677735863358        8.3698452700149201E-005
  -7.9063112767309693        9.6786020188681244E-005
  -7.7949547798756038        1.2179658134421690E-004
  -7.6835982830202374        1.5644730733474027E-004
  -7.5722417861648719        1.9690897323338229E-004
  -7.4608852893095063        2.3823858943683890E-004
  -7.3495287924541408        2.7500327107494381E-004
  -7.2381722955987744        3.0196512492066541E-004
  -7.1268157987434089        3.1499232857416874E-004
  -7.0154593018880433        3.1188601654436770E-004
  -6.9041028050326769        2.9308380524178734E-004
  -6.7927463081773114        2.6181300780501793E-004
  -6.6813898113219459        2.2384000033943613E-004
  -6.5700333144665803        1.8668710847938357E-004
  -6.4586768176112139        1.5845163593520732E-004
  -6.3473203207558484        1.4627372312520020E-004
  -6.2359638239004829        1.5491903898600903E-004
  -6.1246073270451173        1.8557915253629591E-004
  -6.0132508301897509        2.3529808095733821E-004
  -5.9018943333343854        2.9622620960779268E-004
  -5.7905378364790199        3.5587001497670726E-004
  -5.6791813396236543        4.0213529635878145E-004
  -5.5678248427682879        4.3074038645660374E-004
  -5.4564683459129224        4.3850127332048814E-004
  -5.3451118490575569        4.1314827211876514E-004
  -5.2337553522021905        3.6290283092961512E-004
  -5.1223988553468249        3.2017128552669556E-004
  -5.0110423584914594        2.8182410636510706E-004
  -4.8996858616360939        2.5650996646286306E-004
  -4.7883293647807275        2.8750519176208963E-004
  -4.6769728679253619        3.3679904923125057E-004
  -4.5656163710699964        4.2209936876277270E-004
  -4.4542598742146309        5.2043377429245518E-004
  -4.3429033773592645        5.9747211239494105E-004
  -4.2315468805038989        6.5597889390797974E-004
  -4.1201903836485334        6.7059702843107367E-004
  -4.0088338867931679        5.9773954755967253E-004
  -3.8974773899378019        6.0688428566268234E-004
  -3.7861208930824359        4.9012739350707808E-004
  -3.6747643962270704        4.8761162588566365E-004
  -3.5634078993717044        5.7549135384493883E-004
  -3.4520514025163385        5.9762228649931940E-004
  -3.3406949056609729        7.9992674405253254E-004
  -3.2293384088056070        1.0053164304364575E-003
  -3.1179819119502414        1.0268724186819921E-003
  -3.0066254150948755        1.1205039988032223E-003
  -2.8952689182395099        1.1833046384964858E-003
  -2.7839124213841440        1.0238597683189612E-003
  -2.6725559245287784        9.8758023228010536E-004
  -2.5611994276734125        1.1409182545534639E-003
  -2.4498429308180469        1.2079391642285213E-003
  -2.3384864339626810        1.4688987609918333E-003
  -2.2271299371073154        1.9706224526445950E-003
  -2.1157734402519495        2.1339041305110848E-003
  -2.0044169433965839        2.1951776273088030E-003
  -1.8930604465412180        2.5062960608338565E-003
  -1.7817039496858522        2.4409883150512883E-003
  -1.6703474528304865        2.4420294076988140E-003
  -1.5589909559751207        3.2886878415851997E-003
  -1.4476344591197550        3.9143248900087640E-003
  -1.3362779622643892        4.5959314848536999E-003
  -1.2249214654090235        6.2181189698321425E-003
  -1.1135649685536577        6.7236492418824767E-003
  -1.0022084716982920        7.1132558026168486E-003
 -0.89085197484292611        9.6027508920588471E-003
 -0.77949547798756036        1.1345759985219224E-002
 -0.66813898113219461        1.5465806884266792E-002
 -0.55678248427682886        2.3231691698612000E-002
 -0.44542598742146305        2.7490839434715517E-002
 -0.33406949056609730        3.8806643559570149E-002
 -0.22271299371073153        5.7058180607448050E-002
 -0.11135649685536576        7.7759698985935030E-002
   0.0000000000000000       0.12461780386995272     
  0.11135649685536576       0.17349938810053483     
  0.22271299371073153       0.25094547379767079     
  0.33406949056609730       0.34065323212933202     
  0.44542598742146305       0.42034555482463792     
  0.55678248427682886       0.49324134360110872     
  0.66813898113219461       0.42742451774552115     
  0.77949547798756036       0.38763510726842215     
  0.89085197484292611       0.33823544509051717     
   1.0022084716982920       0.47926184365130720     
   1.1135649685536577       0.64450582838641524     
   1.2249214654090235       0.62790609838397515     
   1.3362779622643892       0.55461301347958503     
   1.4476344591197550       0.59006376377264180     
   1.5589909559751207       0.78491105871800404     
   1.6703474528304865       0.69941079695460850     
   1.7817039496858522       0.66513911870182207     
   1.8930604465412180       0.81577514783440974     
   2.0044169433965839       0.81121117221433181     
   2.1157734402519495       0.91625011157887237     
   2.2271299371073154       0.62649686311144337     
   2.3384864339626810       0.79419770855567862     
   2.4498429308180469       0.86764672959090494     
   2.5611994276734125        1.1298051261628248     
   2.6725559245287784       0.97343230873553555     
   2.7839124213841440       0.91511974829335929     
   2.8952689182395099       0.64976913098579825     
   3.0066254150948755       0.42194427957395769     
   3.1179819119502414       0.33317564888800938     
   3.2293384088056070       0.18109114860055511     
   3.3406949056609729       0.10784460560904893     
   3.4520514025163385        8.9748707285243354E-002
   3.5634078993717044        4.6495213578383009E-002
   3.6747643962270704        2.6379031710753436E-002
   3.7861208930824359        2.7763450540144115E-002
   3.8974773899378019        1.5478402338630223E-002
   4.0088338867931679        5.8936640948899837E-003
   4.1201903836485334        9.7521446535018055E-003
   4.2315468805038989        8.7887082714153530E-003
   4.3429033773592645        2.2078371635521473E-003
   4.4542598742146309        2.0164690454631323E-003
   4.5656163710699964        4.2534665794309095E-003
   4.6769728679253619        2.1439957590231647E-003
   4.7883293647807275        3.2799927464017550E-004
   4.8996858616360939        1.5443567138429227E-003
   5.0110423584914594        1.6583036386397878E-003
   5.1223988553468249        2.2165539800862914E-004
   5.2337553522021905        3.6856611188821746E-004
   5.3451118490575569        1.3693622342205712E-003
   5.4564683459129224        9.2728483701585616E-004
   5.5678248427682879        8.2923990994079243E-005
   5.6791813396236543        3.9488543271537242E-004
   5.7905378364790199        8.5365190097464621E-004
   5.9018943333343854        4.6030485075734898E-004
   6.0132508301897509        5.0402626597849111E-005
   6.1246073270451173        2.2731741049457019E-004
   6.2359638239004829        3.5953020285043192E-004
   6.3473203207558484        1.3998207018760920E-004
   6.4586768176112139        6.6459972150277076E-005
   6.5700333144665803        2.7125432765542218E-004
   6.6813898113219459        3.4026270059069633E-004
   6.7927463081773114        2.0884918033046274E-004
   6.9041028050326769        2.0676779705795524E-004
   7.0154593018880433        3.6421815780700805E-004
   7.1268157987434089        4.0267296905551110E-004
   7.2381722955987744        2.8155019814730340E-004
   7.3495287924541408        2.1143731982806394E-004
   7.4608852893095063        2.4622335954553376E-004
   7.5722417861648719        2.4297888989615612E-004
   7.6835982830202374        1.5763676962667452E-004
   7.7949547798756038        9.4243503086205750E-005
   7.9063112767309693        9.7098183494099036E-005
   8.0176677735863358        1.0259165165019029E-004
   8.1290242704417004        8.0844227691668580E-005
   8.2403807672970668        7.8529763382034757E-005
   8.3517372641524315        1.1694710627789372E-004
   8.4630937610077979        1.5551367203871946E-004
   8.5744502578631643        1.6862919749850505E-004
   8.6858067547185289        1.8207244667059355E-004
   8.7971632515738953        2.1605246808806315E-004
   8.9085197484292618        2.4849691012763939E-004
   9.0198762452846264        2.5323899120799793E-004
   9.1312327421399928        2.3935399583016847E-004
   9.2425892389953592        2.2932241896932517E-004
   9.3539457358507239        2.2332703874707624E-004
   9.4653022327060903        2.0571011416982746E-004
   9.5766587295614549        1.7372956126013935E-004
   9.6880152264168213        1.4067676301389499E-004
   9.7993717232721878        1.1554603060210350E-004
   9.9107282201275524        9.4519457707300332E-005
   10.022084716982919        7.2824400492715955E-005
   10.133441213838285        5.3926710233124433E-005
   10.244797710693650        4.3520773955177097E-005
   10.356154207549016        4.1455495588526091E-005
   10.467510704404381        4.3979694818975637E-005
   10.578867201259747        5.0197878647943304E-005
   10.690223698115114        6.2104701137771486E-005
   10.801580194970478        7.9733018560274632E-005
   10.912936691825845        9.9937145817058815E-005
   11.024293188681211        1.2005476559012752E-004
   11.135649685536576        1.4024795508663825E-004
   11.247006182391942        1.6137079876166310E-004
   11.358362679247309        1.8225813991191433E-004
   11.469719176102673        2.0042458142514240E-004
   11.581075672958040        2.1467580287877491E-004
   11.692432169813404        2.2579827524753232E-004
   11.803788666668771        2.3473346335969430E-004
   11.915145163524137        2.4107028600346862E-004
   12.026501660379502        2.4374158114896842E-004
   12.137858157234868        2.4254232188122683E-004
   12.249214654090235        2.3841903674430085E-004
   12.360571150945599        2.3237654281534553E-004
   12.471927647800966        2.2463768078560437E-004
   12.583284144656332        2.1498154275418108E-004
   12.694640641511697        2.0354100708241428E-004
   12.805997138367063        1.9099244580657968E-004
   12.917353635222428        1.7804448862491723E-004
   13.028710132077794        1.6499938547680348E-004
   13.140066628933161        1.5181918789438999E-004
   13.251423125788525        1.3856536657575581E-004
   13.362779622643892        1.2554924780975733E-004
   13.474136119499258        1.1313125591768507E-004
   13.585492616354623        1.0148817858975388E-004
   13.696849113209989        9.0602435988685012E-005
   13.808205610065354        8.0412032351285796E-005
   13.919562106920720        7.0932149388680548E-005
   14.030918603776087        6.2243479528701978E-005
   14.142275100631451        5.4395116945919254E-005
   14.253631597486818        4.7353225038854297E-005
   14.364988094342184        4.1046629154091516E-005
   14.476344591197549        3.5418454189672267E-005
   14.587701088052915        3.0432523131261691E-005
   14.699057584908282        2.6056665678371826E-005
   14.810414081763646        2.2238779553582490E-005
   14.921770578619013        1.8913231681942904E-005
   15.033127075474377        1.6018407452784381E-005
   15.144483572329744        1.3511237075533226E-005
   15.255840069185110        1.1359598558728340E-005
   15.367196566040475        9.5277454967792230E-006
   15.478553062895841        7.9755107926077964E-006
   15.589909559751208        6.6580441814908290E-006
   15.701266056606572        5.5377016512574147E-006
   15.812622553461939        4.5880684825902871E-006
   15.923979050317303        3.7902703171286759E-006
   16.035335547172672        3.1252359833600309E-006
   16.146692044028036        2.5719540510396526E-006
   16.258048540883401        2.1116656641268644E-006
   16.369405037738769        1.7283883056589049E-006
   16.480761534594134        1.4108338225100538E-006
   16.592118031449498        1.1498559417224665E-006
   16.703474528304863        9.3650260720735989E-007
   16.814831025160231        7.6145191703899295E-007
   16.926187522015596        6.1690642686633936E-007
   17.037544018870960        4.9800222100527050E-007
   17.148900515726329        4.0110431876407873E-007
   17.260257012581693        3.2260795080930179E-007
   17.371613509437058        2.5916120539824395E-007
   17.482970006292426        2.0793317542666327E-007
   17.594326503147791        1.6687680828488663E-007
   17.705683000003155        1.3406365517331223E-007
   17.817039496858524        1.0771833082244130E-007
   17.928395993713888        8.6321467350824764E-008
   18.039752490569253        6.9004450108110393E-008
   18.151108987424621        5.4976027707611206E-008
   18.262465484279986        4.3693980351227480E-008
   18.373821981135350        3.4689571319830357E-008
   18.485178477990718        2.7521857337991885E-008
   18.596534974846083        2.1855505530264246E-008
   18.707891471701448        1.7443982097861166E-008
   18.819247968556812        1.3968384989435691E-008
   18.930604465412181        1.1144954922444133E-008
   19.041960962267545        8.8244045273713817E-009
   19.153317459122910        6.9495603080149945E-009
   19.264673955978278        5.4815089081843066E-009
   19.376030452833643        4.3309842823215282E-009
   19.487386949689007        3.4212232308198063E-009
   19.598743446544376        2.7024952146847929E-009
   19.710099943399740        2.1542745051518571E-009
   19.821456440255105        1.7136366275844492E-009
   19.932812937110473        1.3314583023432597E-009
   20.044169433965838        1.0040639087887385E-009
   20.155525930821202        7.5289072467290342E-010
   20.266882427676570        5.7802053218545597E-010
   20.378238924531935        4.5289209246725672E-010
   20.489595421387300        3.5239388945921069E-010
   20.600951918242668        2.6686866592770242E-010
   20.712308415098033        1.9900225227945560E-010
   20.823664911953397        1.4548764172122675E-010
   20.935021408808762        1.0221338364431757E-010
   21.046377905664130        6.8140357638351230E-011
   21.157734402519495        4.5939261438351892E-011
   21.269090899374859        3.5117999717208125E-011
   21.380447396230227        2.9875420075794634E-011
   21.491803893085592        2.5284328256984924E-011
   21.603160389940957        1.9502609929061273E-011
   21.714516886796325        1.5270533895245509E-011
   21.825873383651690        1.3179806545796609E-011
   21.937229880507054        1.2713963071369376E-011
   22.048586377362422        1.5383784047884597E-011
   22.159942874217787        2.1860668660920089E-011
   22.271299371073152        3.0330060837059090E-011
   22.382655867928520        3.7598828296777069E-011
   22.494012364783885        4.1745467741802040E-011
   22.605368861639249        4.2788232613443885E-011
   22.716725358494617        4.1683811680362634E-011
   22.828081855349982        4.0368524813644196E-011
   22.939438352205347        3.7853044849404038E-011
   23.050794849060711        3.5055963721055003E-011
   23.162151345916079        3.4987358949178722E-011
   23.273507842771444        4.0083877504341216E-011
   23.384864339626809        4.8090905182336299E-011
   23.496220836482177        5.4469017414252472E-011
   23.607577333337542        5.5545868282928990E-011
   23.718933830192906        5.2880171154374331E-011
   23.830290327048274        4.9358307669010997E-011
   23.941646823903639        4.6733275194863965E-011
   24.053003320759004        4.5960202200336730E-011
   24.164359817614372        4.7956748452860814E-011
   24.275716314469737        5.0761158357766934E-011
   24.387072811325101        5.1256644918507686E-011
   24.498429308180469        4.7770718449653288E-011
   24.609785805035834        4.1295526794350839E-011
   24.721142301891199        3.4769498563876332E-011
   24.832498798746567        3.1481737398932781E-011
   24.943855295601931        3.1001286132281485E-011
   25.055211792457296        3.0205607799022508E-011
   25.166568289312664        2.7273625924159334E-011
   25.277924786168029        2.3317155608762799E-011
   25.389281283023394        1.8760641450586864E-011
   25.500637779878758        1.4428385652463760E-011
   25.611994276734126        1.0991209605380887E-011
   25.723350773589491        8.7915250890639366E-012
   25.834707270444856        7.6252456585421932E-012
   25.946063767300224        7.4053705135547274E-012
   26.057420264155589        6.8043014758553581E-012
   26.168776761010953        5.0629421991002927E-012
   26.280133257866321        2.7607756770543029E-012
   26.391489754721686        1.1603253787762323E-012
   26.502846251577051        6.2804233489333665E-013
   26.614202748432419        6.9415026071141517E-013
   26.725559245287783        1.0379007049499466E-012
   26.836915742143148        1.4055379221318571E-012
   26.948272238998516        1.5638119048410661E-012
   27.059628735853881        1.5345384973687041E-012
   27.170985232709246        1.6250536113524278E-012
   27.282341729564614        1.8103854025031658E-012
   27.393698226419978        1.7864393204246391E-012
   27.505054723275343        1.5014658644818392E-012
   27.616411220130708        1.3510327884812973E-012
   27.727767716986076        1.7526200000032805E-012
   27.839124213841441        2.8007137411629333E-012
   27.950480710696805        4.1922065294454184E-012
   28.061837207552173        5.5455435144684114E-012
   28.173193704407538        6.5726795602769715E-012
   28.284550201262903        7.4936823821418631E-012
   28.395906698118271        8.7983084571294315E-012
   28.507263194973635        1.1075206829887319E-011
   28.618619691829000        1.3591332090448503E-011
   28.729976188684368        1.5620969992319306E-011
   28.841332685539733        1.6887788115299098E-011
   28.952689182395098        1.8333794087242699E-011
   29.064045679250466        2.0109241725250555E-011
   29.175402176105830        2.2003821810984084E-011
   29.286758672961195        2.3680565938954607E-011
   29.398115169816563        2.6099579249003109E-011
   29.509471666671928        2.8478568616396945E-011
   29.620828163527293        2.9878223188604126E-011
   29.732184660382657        3.0271051099737795E-011
   29.843541157238025        2.9633949128171846E-011
   29.954897654093390        2.8810431221177525E-011
   30.066254150948755        2.8870412883942468E-011
   30.177610647804123        3.0807421745267397E-011
   30.288967144659487        3.3920207689056657E-011
   30.400323641514852        3.7404254938039851E-011
   30.511680138370220        4.1336834445801130E-011
   30.623036635225585        4.4824596150123643E-011
   30.734393132080950        4.7454443827627814E-011
   30.845749628936318        4.9874257754819079E-011
   30.957106125791682        5.4253814129273128E-011
   31.068462622647047        6.0564931280224369E-011
   31.179819119502415        6.8265375525128309E-011
   31.291175616357780        7.6599914741010611E-011
   31.402532113213145        8.4600630720130955E-011
   31.513888610068513        9.2298281605917983E-011
   31.625245106923877        9.9245926614399548E-011
   31.736601603779242        1.0444261879431969E-010
   31.847958100634607        1.0888030841367306E-010
   31.959314597489975        1.1407310185274314E-010
   32.070671094345343        1.2172254699523236E-010
   32.182027591200708        1.3132896376355655E-010
   32.293384088056072        1.4292029313149464E-010
   32.404740584911437        1.5351357811336356E-010
   32.516097081766802        1.6034578230697898E-010
   32.627453578622166        1.6543429064863210E-010
   32.738810075477538        1.7078196769022820E-010
   32.850166572332903        1.7361568300401267E-010
   32.961523069188267        1.7404560992488876E-010
   33.072879566043632        1.7645504042909835E-010
   33.184236062898997        1.8272982375279232E-010
   33.295592559754361        1.9037693677657159E-010
   33.406949056609726        1.9585648400283779E-010
   33.518305553465098        1.9902744376099842E-010
   33.629662050320462        2.0120655777481974E-010
   33.741018547175827        2.0777505479435390E-010
   33.852375044031191        2.2020483763685961E-010
   33.963731540886556        2.3622060257325598E-010
   34.075088037741921        2.5043120084982453E-010
   34.186444534597292        2.6270162926783768E-010
   34.297801031452657        2.7715903419158397E-010
   34.409157528308022        2.9629046385655931E-010
   34.520514025163386        3.1908830203354853E-010
   34.631870522018751        3.3992870547291147E-010
   34.743227018874116        3.5615820364182724E-010
   34.854583515729487        3.6936390978839019E-010
   34.965940012584852        3.8474994065845638E-010
   35.077296509440217        4.0474314456817992E-010
   35.188653006295581        4.2730443545327582E-010
   35.300009503150946        4.5211240673173039E-010
   35.411366000006311        4.7813045225135383E-010
   35.522722496861675        5.0273789335814078E-010
   35.634078993717047        5.2167724185886334E-010
   35.745435490572412        5.3207511150587933E-010
   35.856791987427776        5.3688964652637164E-010
   35.968148484283141        5.4245811524327990E-010
   36.079504981138506        5.5601772015346556E-010
   36.190861477993870        5.7842509504462857E-010
   36.302217974849242        6.0487542867704517E-010
   36.413574471704607        6.2992375748133402E-010
   36.524930968559971        6.4943490525702325E-010
   36.636287465415336        6.6118990260144688E-010
   36.747643962270701        6.6737232842131389E-010
   36.859000459126065        6.7221528411253970E-010
   36.970356955981437        6.7982997526562177E-010
   37.081713452836802        6.9551336444081723E-010
   37.193069949692166        7.2009622599656286E-010
   37.304426446547531        7.5398901724296874E-010
   37.415782943402895        7.9229037087962723E-010
   37.527139440258260        8.2877179777262169E-010
   37.638495937113625        8.5829000257807417E-010
   37.749852433968996        8.7896350086048426E-010
   37.861208930824361        8.9374968920882956E-010
   37.972565427679726        9.1190143779528246E-010
   38.083921924535090        9.3811274031050746E-010
   38.195278421390455        9.6600231425778619E-010
   38.306634918245820        9.8550258616506672E-010
   38.417991415101191        9.9181396812491329E-010
   38.529347911956556        9.9044054257797297E-010
   38.640704408811921        9.8517010066626819E-010
   38.752060905667285        9.7790210790874162E-010
   38.863417402522650        9.6797139752098329E-010
   38.974773899378015        9.5452809292869394E-010
   39.086130396233386        9.4009998083860584E-010
   39.197486893088751        9.2844680460778401E-010
   39.308843389944116        9.1779908684428555E-010
   39.420199886799480        9.0168816931039476E-010
   39.531556383654845        8.7807831763756203E-010
   39.642912880510210        8.5290404505578211E-010
   39.754269377365574        8.3236960000864442E-010
   39.865625874220946        8.1452451389392102E-010
   39.976982371076311        7.9595830605432504E-010
   40.088338867931675        7.7385007169291412E-010
   40.199695364787040        7.5059808314783551E-010
   40.311051861642405        7.3284945824547835E-010
   40.422408358497769        7.2353233377426096E-010
   40.533764855353141        7.1898428348617458E-010
   40.645121352208506        7.1220274103010506E-010
   40.756477849063870        7.0244213587794790E-010
   40.867834345919235        6.9178879330896402E-010
   40.979190842774599        6.8032528504517446E-010
   41.090547339629964        6.6876285752510807E-010
   41.201903836485336        6.5878572046674092E-010
   41.313260333340700        6.5031777390014736E-010
   41.424616830196065        6.4199439833433290E-010
   41.535973327051430        6.3227881956684194E-010
   41.647329823906794        6.1816132201833605E-010
   41.758686320762159        5.9938761293790197E-010
   41.870042817617524        5.7945391350580365E-010
   41.981399314472895        5.6268870325535363E-010
   42.092755811328260        5.4930413935066114E-010
   42.204112308183625        5.3615057097930937E-010
   42.315468805038989        5.2145589305506293E-010
   42.426825301894354        5.0547996538908544E-010
   42.538181798749719        4.8732193403759569E-010
   42.649538295605090        4.6580090398284783E-010
   42.760894792460455        4.4288901845069292E-010
   42.872251289315820        4.2267832602376915E-010
   42.983607786171184        4.0896748782777498E-010
   43.094964283026549        4.0138529665604162E-010
   43.206320779881914        3.9714394380302140E-010
   43.317677276737285        3.9227015336337440E-010
   43.429033773592650        3.8465980614512718E-010
   43.540390270448015        3.7478044847107861E-010
   43.651746767303379        3.6469966818042710E-010
   43.763103264158744        3.5828315670014238E-010
   43.874459761014108        3.5595947059258903E-010
   43.985816257869473        3.5608269379791956E-010
   44.097172754724845        3.5698889269964790E-010
   44.208529251580210        3.5788048736138439E-010
   44.319885748435574        3.5739317435242705E-010
   44.431242245290939        3.5572395194660228E-010
   44.542598742146303        3.5406157279865009E-010
   44.653955239001668        3.5224229112668072E-010
   44.765311735857040        3.4863373212034643E-010
   44.876668232712404        3.4234808672107547E-010
   44.988024729567769        3.3336715034582698E-010
   45.099381226423134        3.2290033364746239E-010
   45.210737723278498        3.1350452082251684E-010
   45.322094220133863        3.0391725673229358E-010
   45.433450716989235        2.9258923940713644E-010
   45.544807213844599        2.8023446051359069E-010
   45.656163710699964        2.6926986601624118E-010
   45.767520207555329        2.5907050727452499E-010
   45.878876704410693        2.4831168751757279E-010
   45.990233201266058        2.3606485998054657E-010
   46.101589698121423        2.2428136077433836E-010
   46.212946194976794        2.1447475461231828E-010
   46.324302691832159        2.0764357171057453E-010
   46.435659188687524        2.0238986126249401E-010
   46.547015685542888        1.9575937843078982E-010
   46.658372182398253        1.8660523933882563E-010
   46.769728679253618        1.7755612685126993E-010
   46.881085176108989        1.7029526686084882E-010
   46.992441672964354        1.6495869924327774E-010
   47.103798169819719        1.6143789557794346E-010
   47.215154666675083        1.5929840431285252E-010
   47.326511163530448        1.5801476366322199E-010
   47.437867660385812        1.5636664908135329E-010
   47.549224157241184        1.5348274606206428E-010
   47.660580654096549        1.4847927126519456E-010
   47.771937150951914        1.4210921551921401E-010
   47.883293647807278        1.3539451262363313E-010
   47.994650144662643        1.2820531306756248E-010
   48.106006641518007        1.2047026862110198E-010
   48.217363138373379        1.1212805000037274E-010
   48.328719635228744        1.0356419531685707E-010
   48.440076132084108        9.4862888741372524E-011
   48.551432628939473        8.6856099214453451E-011
   48.662789125794838        7.9317701337727816E-011
   48.774145622650202        7.1600229331795249E-011
   48.885502119505567        6.3589812693573397E-011
   48.996858616360939        5.5801918005975371E-011
   49.108215113216303        4.8213113731126404E-011
   49.219571610071668        4.1290667337222327E-011
   49.330928106927033        3.5675070228038777E-011
   49.442284603782397        3.1761310691567895E-011
   49.553641100637762        2.8954185121229758E-011
   49.664997597493134        2.6442456987278183E-011
   49.776354094348498        2.3669807145178174E-011
   49.887710591203863        2.0582168145894849E-011
   49.999067088059228        1.7554286393486424E-011
   50.110423584914592        1.4769741010272365E-011
   50.221780081769957        1.2172033309939109E-011
   50.333136578625329        9.8129022920303826E-012
   50.444493075480693        7.7726031967325797E-012
   50.555849572336058        5.9575759522680099E-012
   50.667206069191423        4.2917121428119880E-012
   50.778562566046787        2.8419035915852329E-012
   50.889919062902152        1.7557730471661730E-012
   51.001275559757516        1.3368854676191449E-012
   51.112632056612888        1.6174813472888441E-012
   51.223988553468253        2.3453260693730431E-012
   51.335345050323617        3.3021872258540386E-012
   51.446701547178982        4.6645265919953536E-012
   51.558058044034347        6.7504828949437173E-012
   51.669414540889711        9.7565386950149500E-012
   51.780771037745083        1.3588495965060926E-011
   51.892127534600448        1.7671446576062851E-011
   52.003484031455812        2.1467816384292448E-011
   52.114840528311177        2.4816186516464171E-011
   52.226197025166542        2.7997016332589262E-011
   52.337553522021906        3.1209686927100387E-011
   52.448910018877278        3.4411065117946994E-011
   52.560266515732643        3.6953573096318449E-011
   52.671623012588007        3.8319414377215589E-011
   52.782979509443372        3.8602997592458077E-011
   52.894336006298737        3.8207325861444039E-011
   53.005692503154101        3.7357216800853182E-011
   53.117049000009466        3.6339632493783949E-011
   53.228405496864838        3.5519481485861304E-011
   53.339761993720202        3.5058864407319266E-011
   53.451118490575567        3.4811381422200316E-011
   53.562474987430932        3.4603645292178861E-011
   53.673831484286296        3.4427004337381736E-011
   53.785187981141661        3.4760939147477111E-011
   53.896544477997033        3.6280820141509185E-011
   54.007900974852397        3.9713049367330567E-011
   54.119257471707762        4.4850016320605016E-011
   54.230613968563127        5.0863366391711480E-011
   54.341970465418491        5.6566745559807339E-011
   54.453326962273856        6.1685382621129100E-011
   54.564683459129228        6.7605793229018505E-011
   54.676039955984592        7.5431668254458319E-011
   54.787396452839957        8.5002159566712737E-011
   54.898752949695321        9.4799042732437518E-011
   55.010109446550686        1.0383307542134102E-010
   55.121465943406051        1.1190246878818444E-010
   55.232822440261415        1.1988196141257026E-010
   55.344178937116787        1.2953329536432683E-010
   55.455535433972152        1.4144493300857329E-010
   55.566891930827516        1.5400968289513304E-010
   55.678248427682881        1.6440058740357447E-010
   55.789604924538246        1.7080023010327907E-010
   55.900961421393610        1.7381718453921637E-010
   56.012317918248982        1.7674518113866265E-010
   56.123674415104347        1.9324890481983589E-010
   56.235030911959711        1.3399007588009889E-010
   56.346387408815076        1.2563315536495289E-010
   56.457743905670441        1.0575576248727650E-010
   56.569100402525805        7.5083029927602263E-011
   56.680456899381177        7.7398926894387964E-011
   56.791813396236542        5.6937728495283083E-011
   56.903169893091906        2.7363391822905872E-011
