  -57.014526389947271        1.2563611259445508     
  -56.903169893091906       0.42070195755849715     
  -56.791813396236542        1.4807474874699524     
  -56.680456899381177       0.69122114700114701     
  -56.569100402525805       0.52141017595735539     
  -56.457743905670441       0.43694937153237506     
  -56.346387408815076       0.35370695888278891     
  -56.235030911959711       0.31520609970740898     
  -56.123674415104347       0.28871986342729072     
  -56.012317918248982       0.25243213081287902     
  -55.900961421393610       0.21321332881024738     
  -55.789604924538246       0.18007535238678626     
  -55.678248427682881       0.15236195947581116     
  -55.566891930827516       0.12694719555649853     
  -55.455535433972152       0.10380113316322603     
  -55.344178937116787        8.4286515153925642E-002
  -55.232822440261415        6.8644931573809159E-002
  -55.121465943406051        5.6104082408064387E-002
  -55.010109446550686        4.5943201006275046E-002
  -54.898752949695321        3.7807031198997559E-002
  -54.787396452839957        3.1435538627073538E-002
  -54.676039955984592        2.6490527554214102E-002
  -54.564683459129228        2.2619051267279370E-002
  -54.453326962273856        1.9549287228669544E-002
  -54.341970465418491        1.7101608881758212E-002
  -54.230613968563127        1.5149279589345350E-002
  -54.119257471707762        1.3588251845911064E-002
  -54.007900974852397        1.2331478945995433E-002
  -53.896544477997033        1.1312143595502970E-002
  -53.785187981141661        1.0481954838075139E-002
  -53.673831484286296        9.8049791282984796E-003
  -53.562474987430932        9.2523247334146859E-003
  -53.451118490575567        8.7994505196181908E-003
  -53.339761993720202        8.4255085068365050E-003
  -53.228405496864838        8.1134214190127143E-003
  -53.117049000009466        7.8494872426760638E-003
  -53.005692503154101        7.6225282975488275E-003
  -52.894336006298737        7.4233353138332290E-003
  -52.782979509443372        7.2443191841494075E-003
  -52.671623012588007        7.0792348280485128E-003
  -52.560266515732643        6.9231514760460886E-003
  -52.448910018877278        6.7723672769406410E-003
  -52.337553522021906        6.6241337841344118E-003
  -52.226197025166542        6.4764786370277863E-003
  -52.114840528311177        6.3281059145779191E-003
  -52.003484031455812        6.1781534154849958E-003
  -51.892127534600448        6.0260751677184525E-003
  -51.780771037745083        5.8716252528680313E-003
  -51.669414540889711        5.7147836775777207E-003
  -51.558058044034347        5.5557444840654375E-003
  -51.446701547178982        5.3949206700921225E-003
  -51.335345050323617        5.2328570286827832E-003
  -51.223988553468253        5.0701312988284709E-003
  -51.112632056612888        4.9073663186680128E-003
  -51.001275559757516        4.7452131544831726E-003
  -50.889919062902152        4.5842945418035855E-003
  -50.778562566046787        4.4251949091163026E-003
  -50.667206069191423        4.2684301054568170E-003
  -50.555849572336058        4.1144317480836072E-003
  -50.444493075480693        3.9635795233772652E-003
  -50.333136578625329        3.8161992562166201E-003
  -50.221780081769957        3.6725396133035471E-003
  -50.110423584914592        3.5327859423008607E-003
  -49.999067088059228        3.3971020670012599E-003
  -49.887710591203863        3.2656376663593458E-003
  -49.776354094348498        3.1385120773759923E-003
  -49.664997597493134        3.0157876602271653E-003
  -49.553641100637762        2.8974654044272271E-003
  -49.442284603782397        2.7835091159266710E-003
  -49.330928106927033        2.6738637770313766E-003
  -49.219571610071668        2.5684563362753563E-003
  -49.108215113216303        2.4671802664603831E-003
  -48.996858616360939        2.3698993486985552E-003
  -48.885502119505567        2.2764779517188164E-003
  -48.774145622650202        2.1867823512400765E-003
  -48.662789125794838        2.1006547727330650E-003
  -48.551432628939473        2.0179331407534102E-003
  -48.440076132084108        1.9384826144178411E-003
  -48.328719635228744        1.8621660769062513E-003
  -48.217363138373379        1.7888109925498863E-003
  -48.106006641518007        1.7182186940809649E-003
  -47.994650144662643        1.6501964923566351E-003
  -47.883293647807278        1.5845938593196361E-003
  -47.771937150951914        1.5213078018965227E-003
  -47.660580654096549        1.4602376013796768E-003
  -47.549224157241184        1.4012515599902732E-003
  -47.437867660385812        1.3442181124666166E-003
  -47.326511163530448        1.2890410051939055E-003
  -47.215154666675083        1.2356465749865481E-003
  -47.103798169819719        1.1839574005085040E-003
  -46.992441672964354        1.1338899363848660E-003
  -46.881085176108989        1.0853709142084663E-003
  -46.769728679253618        1.0383433171157572E-003
  -46.658372182398253        9.9274657739499257E-004
  -46.547015685542888        9.4851493844693260E-004
  -46.435659188687524        9.0559201344417577E-004
  -46.324302691832159        8.6394044835949048E-004
  -46.212946194976794        8.2353670335982756E-004
  -46.101589698121423        7.8434904465022595E-004
  -45.990233201266058        7.4632459271234820E-004
  -45.878876704410693        7.0940899016300966E-004
  -45.767520207555329        6.7357591161111108E-004
  -45.656163710699964        6.3882287167621053E-004
  -45.544807213844599        6.0515835807029310E-004
  -45.433450716989235        5.7259099566441224E-004
  -45.322094220133863        5.4112121723889320E-004
  -45.210737723278498        5.1073989487595889E-004
  -45.099381226423134        4.8143555923411448E-004
  -44.988024729567769        4.5319415186939225E-004
  -44.876668232712404        4.2600190991203972E-004
  -44.765311735857040        3.9985197197929328E-004
  -44.653955239001668        3.7473786836610931E-004
  -44.542598742146303        3.5065230590901184E-004
  -44.431242245290939        3.2759296346510845E-004
  -44.319885748435574        3.0556185654442608E-004
  -44.208529251580210        2.8456498194713434E-004
  -44.097172754724845        2.6461303953179024E-004
  -43.985816257869473        2.4571400565007921E-004
  -43.874459761014108        2.2786332705265115E-004
  -43.763103264158744        2.1104729923615036E-004
  -43.651746767303379        1.9524753165058964E-004
  -43.540390270448015        1.8044257199841917E-004
  -43.429033773592650        1.6661508973152305E-004
  -43.317677276737285        1.5375290443105625E-004
  -43.206320779881914        1.4184406817742323E-004
  -43.094964283026549        1.3087592820430280E-004
  -42.983607786171184        1.2083653956947598E-004
  -42.872251289315820        1.1171516049451023E-004
  -42.760894792460455        1.0350254126026053E-004
  -42.649538295605090        9.6187684268082252E-005
  -42.538181798749719        8.9752281989460039E-005
  -42.426825301894354        8.4170696502899723E-005
  -42.315468805038989        7.9414559841765457E-005
  -42.204112308183625        7.5455993650154645E-005
  -42.092755811328260        7.2269117595653330E-005
  -41.981399314472895        6.9830321927897318E-005
  -41.870042817617524        6.8115893198094962E-005
  -41.758686320762159        6.7102154545742437E-005
  -41.647329823906794        6.6766892031314948E-005
  -41.535973327051430        6.7086647926931442E-005
  -41.424616830196065        6.8034968921084593E-005
  -41.313260333340700        6.9585025636291557E-005
  -41.201903836485336        7.1711227413373619E-005
  -41.090547339629964        7.4389070980291451E-005
  -40.979190842774599        7.7594333433427315E-005
  -40.867834345919235        8.1300904047745164E-005
  -40.756477849063870        8.5480327381762692E-005
  -40.645121352208506        9.0105317837188675E-005
  -40.533764855353141        9.5153444073297450E-005
  -40.422408358497769        1.0060550484757678E-004
  -40.311051861642405        1.0644046407106993E-004
  -40.199695364787040        1.1263256171828319E-004
  -40.088338867931675        1.1915253994250260E-004
  -39.976982371076311        1.2596961732226836E-004
  -39.865625874220946        1.3305131493210616E-004
  -39.754269377365574        1.4036585463998759E-004
  -39.642912880510210        1.4788804628504613E-004
  -39.531556383654845        1.5559949688136190E-004
  -39.420199886799480        1.6348425180149806E-004
  -39.308843389944116        1.7152645652565869E-004
  -39.197486893088751        1.7970890768414347E-004
  -39.086130396233386        1.8801389805242968E-004
  -38.974773899378015        1.9642390658814645E-004
  -38.863417402522650        2.0491889803100040E-004
  -38.752060905667285        2.1347500825094230E-004
  -38.640704408811921        2.2206689005044547E-004
  -38.529347911956556        2.3066892368847009E-004
  -38.417991415101191        2.3925546998732983E-004
  -38.306634918245820        2.4780222951060733E-004
  -38.195278421390455        2.5628871777925934E-004
  -38.083921924535090        2.6470071453988948E-004
  -37.972565427679726        2.7302908682441462E-004
  -37.861208930824361        2.8126378467220408E-004
  -37.749852433968996        2.8939467071444769E-004
  -37.638495937113625        2.9741849565519091E-004
  -37.527139440258260        3.0533663950554370E-004
  -37.415782943402895        3.1314716580190590E-004
  -37.304426446547531        3.2084233398154560E-004
  -37.193069949692166        3.2840894219611115E-004
  -37.081713452836802        3.3582771817275615E-004
  -36.970356955981437        3.4307486181010973E-004
  -36.859000459126065        3.5012808696680800E-004
  -36.747643962270701        3.5697641819876246E-004
  -36.636287465415336        3.6362210079354985E-004
  -36.524930968559971        3.7007004712179086E-004
  -36.413574471704607        3.7631896878055491E-004
  -36.302217974849242        3.8236243813403933E-004
  -36.190861477993870        3.8819294924708104E-004
  -36.079504981138506        3.9380550879155945E-004
  -35.968148484283141        3.9919881065500848E-004
  -35.856791987427776        4.0437102383879031E-004
  -35.745435490572412        4.0931990046272180E-004
  -35.634078993717047        4.1404329691458255E-004
  -35.522722496861675        4.1853495355862358E-004
  -35.411366000006311        4.2278578631868005E-004
  -35.300009503150946        4.2679462599378814E-004
  -35.188653006295581        4.3056897329698672E-004
  -35.077296509440217        4.3411602338217582E-004
  -34.965940012584852        4.3743869094553311E-004
  -34.854583515729487        4.4053437637504346E-004
  -34.743227018874116        4.4339778051099475E-004
  -34.631870522018751        4.4602624530376290E-004
  -34.520514025163386        4.4842126885974296E-004
  -34.409157528308022        4.5058808503022920E-004
  -34.297801031452657        4.5253567807227840E-004
  -34.186444534597292        4.5427466419285285E-004
  -34.075088037741921        4.5581206706585362E-004
  -33.963731540886556        4.5714972171828389E-004
  -33.852375044031191        4.5828904702100440E-004
  -33.741018547175827        4.5923489619322427E-004
  -33.629662050320462        4.5999060862396922E-004
  -33.518305553465098        4.6055016900341592E-004
  -33.406949056609726        4.6090442584215802E-004
  -33.295592559754361        4.6104956682391408E-004
  -33.184236062898997        4.6098941885807358E-004
  -33.072879566043632        4.6073624287822686E-004
  -32.961523069188267        4.6030737868050364E-004
  -32.850166572332903        4.5971868181563126E-004
  -32.738810075477538        4.5898034118404412E-004
  -32.627453578622166        4.5809625559006584E-004
  -32.516097081766802        4.5706512251406930E-004
  -32.404740584911437        4.5588604881749846E-004
  -32.293384088056072        4.5456130395380600E-004
  -32.182027591200708        4.5308938904159896E-004
  -32.070671094345343        4.5146461349509414E-004
  -31.959314597489975        4.4968466104596964E-004
  -31.847958100634607        4.4775468659871096E-004
  -31.736601603779242        4.4568783896408023E-004
  -31.625245106923877        4.4350285133955535E-004
  -31.513888610068513        4.4121528525754199E-004
  -31.402532113213145        4.3883477557631360E-004
  -31.291175616357780        4.3636604763940429E-004
  -31.179819119502415        4.3380513084275140E-004
  -31.068462622647047        4.3114364011042624E-004
  -30.957106125791682        4.2838290608182550E-004
  -30.845749628936318        4.2553295400566858E-004
  -30.734393132080950        4.2260297880582492E-004
  -30.623036635225585        4.1960214646932542E-004
  -30.511680138370220        4.1654234054975701E-004
  -30.400323641514852        4.1343750674410729E-004
  -30.288967144659487        4.1030034136046718E-004
  -30.177610647804123        4.0713372890649176E-004
  -30.066254150948755        4.0392942209083697E-004
  -29.954897654093390        4.0067985987112366E-004
  -29.843541157238025        3.9738517020945102E-004
  -29.732184660382657        3.9405002978421411E-004
  -29.620828163527293        3.9068440020663435E-004
  -29.509471666671928        3.8730492928451483E-004
  -29.398115169816563        3.8392893233005763E-004
  -29.286758672961195        3.8056656351833111E-004
  -29.175402176105830        3.7721874260664118E-004
  -29.064045679250466        3.7388179406877591E-004
  -28.952689182395098        3.7055219440146174E-004
  -28.841332685539733        3.6722786397797030E-004
  -28.729976188684368        3.6390705433561577E-004
  -28.618619691829000        3.6058658487624708E-004
  -28.507263194973635        3.5726554848158562E-004
  -28.395906698118271        3.5395271365801304E-004
  -28.284550201262903        3.5066272893673786E-004
  -28.173193704407538        3.4740973956803574E-004
  -28.061837207552173        3.4420656376664177E-004
  -27.950480710696805        3.4106283933739418E-004
  -27.839124213841441        3.3797939589179149E-004
  -27.727767716986076        3.3495023802380188E-004
  -27.616411220130708        3.3196734916949330E-004
  -27.505054723275343        3.2902234917940002E-004
  -27.393698226419978        3.2611035274704707E-004
  -27.282341729564614        3.2323216946249721E-004
  -27.170985232709246        3.2039163632493719E-004
  -27.059628735853881        3.1759709711073723E-004
  -26.948272238998516        3.1486193611019884E-004
  -26.836915742143148        3.1219766745050871E-004
  -26.725559245287783        3.0961142188620186E-004
  -26.614202748432419        3.0710621703607273E-004
  -26.502846251577051        3.0467942251817775E-004
  -26.391489754721686        3.0232446764706032E-004
  -26.280133257866321        3.0003538580391820E-004
  -26.168776761010953        2.9780965002060820E-004
  -26.057420264155589        2.9564809128413680E-004
  -25.946063767300224        2.9355428439817961E-004
  -25.834707270444856        2.9153408750368272E-004
  -25.723350773589491        2.8959663897981902E-004
  -25.611994276734126        2.8775160645416574E-004
  -25.500637779878758        2.8600533668037860E-004
  -25.389281283023394        2.8436132839957388E-004
  -25.277924786168029        2.8281977374441139E-004
  -25.166568289312664        2.8137546003205422E-004
  -25.055211792457296        2.8002167967568925E-004
  -24.943855295601931        2.7875187642517602E-004
  -24.832498798746567        2.7755895184639274E-004
  -24.721142301891199        2.7644070083706224E-004
  -24.609785805035834        2.7540186328757894E-004
  -24.498429308180469        2.7444737471705945E-004
  -24.387072811325101        2.7358196078894071E-004
  -24.275716314469737        2.7281315571506601E-004
  -24.164359817614372        2.7214715794003094E-004
  -24.053003320759004        2.7158367720860922E-004
  -23.941646823903639        2.7111695805170813E-004
  -23.830290327048274        2.7073855581122167E-004
  -23.718933830192906        2.7043921494267545E-004
  -23.607577333337542        2.7021206015545910E-004
  -23.496220836482177        2.7005322210885396E-004
  -23.384864339626809        2.6996456363802854E-004
  -23.273507842771444        2.6995605321772581E-004
  -23.162151345916079        2.7003990373184177E-004
  -23.050794849060711        2.7022264636910080E-004
  -22.939438352205347        2.7050299062764328E-004
  -22.828081855349982        2.7087666137745424E-004
  -22.716725358494617        2.7134137283701796E-004
  -22.605368861639249        2.7189741604373424E-004
  -22.494012364783885        2.7254383115397776E-004
  -22.382655867928520        2.7327837781362696E-004
  -22.271299371073152        2.7410088960139054E-004
  -22.159942874217787        2.7501311191523430E-004
  -22.048586377362422        2.7601416535727810E-004
  -21.937229880507054        2.7709972314620687E-004
  -21.825873383651690        2.7826474932907168E-004
  -21.714516886796325        2.7950473266883909E-004
  -21.603160389940957        2.8081596717014802E-004
  -21.491803893085592        2.8219555059959235E-004
  -21.380447396230227        2.8364282727390814E-004
  -21.269090899374859        2.8516148696112548E-004
  -21.157734402519495        2.8675644242021748E-004
  -21.046377905664130        2.8842978390216035E-004
  -20.935021408808762        2.9018113636432611E-004
  -20.823664911953397        2.9200864163385771E-004
  -20.712308415098033        2.9390820330016658E-004
  -20.600951918242668        2.9587347452273756E-004
  -20.489595421387300        2.9789674137686395E-004
  -20.378238924531935        2.9997179201854781E-004
  -20.266882427676570        3.0209696562238188E-004
  -20.155525930821202        3.0427724657149216E-004
  -20.044169433965838        3.0652207454723177E-004
  -19.932812937110473        3.0884038808865681E-004
  -19.821456440255105        3.1123736058990073E-004
  -19.710099943399740        3.1371223433232157E-004
  -19.598743446544376        3.1625833560031320E-004
  -19.487386949689007        3.1886786075514752E-004
  -19.376030452833643        3.2153534574608098E-004
  -19.264673955978278        3.2425697634192829E-004
  -19.153317459122910        3.2703166002189758E-004
  -19.041960962267545        3.2986094836459428E-004
  -18.930604465412181        3.3274387612089039E-004
  -18.819247968556812        3.3567493662070455E-004
  -18.707891471701448        3.3865055194687467E-004
  -18.596534974846083        3.4167179896301618E-004
  -18.485178477990718        3.4474204560758177E-004
  -18.373821981135350        3.4786153163685111E-004
  -18.262465484279986        3.5102318157786587E-004
  -18.151108987424621        3.5421542070955412E-004
  -18.039752490569253        3.5743220643858121E-004
  -17.928395993713888        3.6067452041832146E-004
  -17.817039496858524        3.6394583862316441E-004
  -17.705683000003155        3.6725164922538133E-004
  -17.594326503147791        3.7059908619310901E-004
  -17.482970006292426        3.7399214258222442E-004
  -17.371613509437058        3.7742924498751674E-004
  -17.260257012581693        3.8090616924903653E-004
  -17.148900515726329        3.8441950911611926E-004
  -17.037544018870960        3.8796820678770391E-004
  -16.926187522015596        3.9154861542814077E-004
  -16.814831025160231        3.9515018671347453E-004
  -16.703474528304863        3.9876091647083164E-004
  -16.592118031449498        4.0237804546612387E-004
  -16.480761534594134        4.0600912254911716E-004
  -16.369405037738769        4.0966392253247798E-004
  -16.258048540883401        4.1334957954943733E-004
  -16.146692044028036        4.1706734106014434E-004
  -16.035335547172672        4.2081132841656135E-004
  -15.923979050317303        4.2457256356493470E-004
  -15.812622553461939        4.2834248387689619E-004
  -15.701266056606572        4.3211554896330738E-004
  -15.589909559751208        4.3589061093914268E-004
  -15.478553062895841        4.3966709528313645E-004
  -15.367196566040475        4.4344220492018206E-004
  -15.255840069185110        4.4721491663954831E-004
  -15.144483572329744        4.5098926875371254E-004
  -15.033127075474377        4.5477178518037512E-004
  -14.921770578619013        4.5856664702465015E-004
  -14.810414081763646        4.6237340582325269E-004
  -14.699057584908282        4.6618842029136299E-004
  -14.587701088052915        4.7000494933121422E-004
  -14.476344591197549        4.7381550911407749E-004
  -14.364988094342184        4.7761704865266220E-004
  -14.253631597486818        4.8141377181449663E-004
  -14.142275100631451        4.8521171839165155E-004
  -14.030918603776087        4.8901338911123179E-004
  -13.919562106920720        4.9281731236356513E-004
  -13.808205610065354        4.9661944285214873E-004
  -13.696849113209989        5.0041401083975273E-004
  -13.585492616354623        5.0419464916256530E-004
  -13.474136119499258        5.0795400484688106E-004
  -13.362779622643892        5.1168484921857934E-004
  -13.251423125788525        5.1538539987898771E-004
  -13.140066628933161        5.1906109238127973E-004
  -13.028710132077794        5.2272100508042206E-004
  -12.917353635222428        5.2637443020856942E-004
  -12.805997138367063        5.3002617419241067E-004
  -12.694640641511697        5.3367481448394799E-004
  -12.583284144656332        5.3731598607120159E-004
  -12.471927647800966        5.4094300795746130E-004
  -12.360571150945599        5.4454934847664150E-004
  -12.249214654090235        5.4813336639269246E-004
  -12.137858157234868        5.5169457633739072E-004
  -12.026501660379502        5.5522905817496590E-004
  -11.915145163524137        5.5873725723169418E-004
  -11.803788666668771        5.6221891185574626E-004
  -11.692432169813404        5.6566977821580992E-004
  -11.581075672958040        5.6909525375958814E-004
  -11.469719176102673        5.7249741507906166E-004
  -11.358362679247309        5.7588375181594621E-004
  -11.247006182391942        5.7925074774435863E-004
  -11.135649685536576        5.8259379032594668E-004
  -11.024293188681211        5.8590784854767948E-004
  -10.912936691825845        5.8918633521516184E-004
  -10.801580194970478        5.9242686471717087E-004
  -10.690223698115114        5.9562662371805781E-004
  -10.578867201259747        5.9878426174117799E-004
  -10.467510704404381        6.0190895862354942E-004
  -10.356154207549016        6.0500995171239931E-004
  -10.244797710693650        6.0808872000182683E-004
  -10.133441213838285        6.1113998404467378E-004
  -10.022084716982919        6.1415611743175359E-004
  -9.9107282201275524        6.1713259560890763E-004
  -9.7993717232721878        6.2006734648315030E-004
  -9.6880152264168213        6.2296076080760006E-004
  -9.5766587295614549        6.2581660012430058E-004
  -9.4653022327060903        6.2864050221685163E-004
  -9.3539457358507239        6.3143490769010174E-004
  -9.2425892389953592        6.3420202173040464E-004
  -9.1312327421399928        6.3694267437412874E-004
  -9.0198762452846264        6.3965565303204157E-004
  -8.9085197484292618        6.4233786916484664E-004
  -8.7971632515738953        6.4498441685904449E-004
  -8.6858067547185289        6.4758988023700683E-004
  -8.5744502578631643        6.5015450731938942E-004
  -8.4630937610077979        6.5268441155253863E-004
  -8.3517372641524315        6.5518371685338909E-004
  -8.2403807672970668        6.5765204095624707E-004
  -8.1290242704417004        6.6008537693446198E-004
  -8.0176677735863358        6.6247553087979763E-004
  -7.9063112767309693        6.6481266457347934E-004
  -7.7949547798756038        6.6709238575671389E-004
  -7.6835982830202374        6.6931662011905841E-004
  -7.5722417861648719        6.7149049871430082E-004
  -7.4608852893095063        6.7361903720654338E-004
  -7.3495287924541408        6.7570484957220919E-004
  -7.2381722955987744        6.7775261968925889E-004
  -7.1268157987434089        6.7976844977688563E-004
  -7.0154593018880433        6.8175728721974285E-004
  -6.9041028050326769        6.8372203900767057E-004
  -6.7927463081773114        6.8565221918301595E-004
  -6.6813898113219459        6.8750954740760578E-004
  -6.5700333144665803        6.8925129217477601E-004
  -6.4586768176112139        6.9091331019290644E-004
  -6.3473203207558484        6.9265139817272967E-004
  -6.2359638239004829        6.9456021561569185E-004
  -6.1246073270451173        6.9633880001839291E-004
  -6.0132508301897509        6.9749084502506711E-004
  -5.9018943333343854        6.9842532394200432E-004
  -5.7905378364790199        7.0052790544932863E-004
  -5.6791813396236543        7.0318098744372474E-004
  -5.5678248427682879        7.0337268074074390E-004
  -5.4564683459129224        7.0366437745005917E-004
  -5.3451118490575569        7.0781354690913458E-004
  -5.2337553522021905        7.0684473058565879E-004
  -5.1223988553468249        7.0753913547209424E-004
  -5.0110423584914594        7.1286903249951977E-004
  -4.8996858616360939        7.0781936148690101E-004
  -4.7883293647807275        7.1589574345575185E-004
  -4.6769728679253619        7.1004258854116082E-004
  -4.5656163710699964        7.1744891730310238E-004
  -4.4542598742146309        7.1280140482832439E-004
  -4.3429033773592645        7.1891022670270903E-004
  -4.2315468805038989        7.1430848162010500E-004
  -4.1201903836485334        7.2194288834909735E-004
  -4.0088338867931679        7.1265168990041405E-004
  -3.8974773899378019        7.2732626157543463E-004
  -3.7861208930824359        7.2419280856308998E-004
  -3.6747643962270704        7.0609916335507726E-004
  -3.5634078993717044        7.2595542618737665E-004
  -3.4520514025163385        7.3867792995803623E-004
  -3.3406949056609729        7.1918048476545665E-004
  -3.2293384088056070        7.0978953322544270E-004
  -3.1179819119502414        7.2548250692955492E-004
  -3.0066254150948755        7.3841857713947718E-004
  -2.8952689182395099        7.3137291160621867E-004
  -2.7839124213841440        7.1735001642815165E-004
  -2.6725559245287784        7.1586808383738662E-004
  -2.5611994276734125        7.2865906877394996E-004
  -2.4498429308180469        7.3949889266857849E-004
  -2.3384864339626810        7.3480888689132133E-004
  -2.2271299371073154        7.2027056084347633E-004
  -2.1157734402519495        7.1458649367008703E-004
  -2.0044169433965839        7.2629014134393502E-004
  -1.8930604465412180        7.4191455176103572E-004
  -1.7817039496858522        7.4172295257706768E-004
  -1.6703474528304865        7.2434367534943036E-004
  -1.5589909559751207        7.0976097217402448E-004
  -1.4476344591197550        7.1737490224268302E-004
  -1.3362779622643892        7.4194498561907499E-004
  -1.2249214654090235        7.5245636281677790E-004
  -1.1135649685536577        7.3414886550962621E-004
  -1.0022084716982920        7.0388580221077840E-004
 -0.89085197484292611        7.0106834528906124E-004
 -0.77949547798756036        7.3439298444924602E-004
 -0.66813898113219461        7.6657870894012467E-004
 -0.55678248427682886        7.5131429060182374E-004
 -0.44542598742146305        7.0453893389230517E-004
 -0.33406949056609730        6.7843059782635325E-004
 -0.22271299371073153        7.1215889190879851E-004
 -0.11135649685536576        7.7488433344228213E-004
   0.0000000000000000        7.8449225463321319E-004
  0.11135649685536576        7.2091053804540159E-004
  0.22271299371073153        6.5226706594953023E-004
  0.33406949056609730        6.6747583455778416E-004
  0.44542598742146305        7.6819600342734843E-004
  0.55678248427682886        8.2817414195889905E-004
  0.66813898113219461        7.7645439041359380E-004
  0.77949547798756036        6.4620566527626893E-004
  0.89085197484292611        5.7104717849294838E-004
   1.0022084716982920        7.3960755456182884E-004
   1.1135649685536577        8.9828712443575044E-004
   1.2249214654090235        8.6703366659973918E-004
   1.3362779622643892        7.1092472461661003E-004
   1.4476344591197550        4.0573162499365405E-004
   1.5589909559751207        7.7936624103425764E-004
   1.6703474528304865        7.4282792270324990E-004
   1.7817039496858522        1.4167478354407334E-003
   1.8930604465412180        8.1956029674691057E-004
   2.0044169433965839        3.5655692431448265E-004
   2.1157734402519495        8.2512179629524020E-004
   2.2271299371073154        3.0564729499770084E-004
   2.3384864339626810        3.7693532545087045E-003
   2.4498429308180469        4.1406937997053054E-003
   2.5611994276734125        9.8752129180841824E-004
   2.6725559245287784        3.3742925951035958E-003
   2.7839124213841440        6.5326128544045568E-003
   2.8952689182395099        3.8754172785895715E-003
   3.0066254150948755        4.4899952877727951E-004
   3.1179819119502414        1.0169972456114855E-003
   3.2293384088056070        2.8319507877188339E-003
   3.3406949056609729        2.5038568841517332E-003
   3.4520514025163385        8.2334301297017141E-004
   3.5634078993717044        7.2521082915843644E-005
   3.6747643962270704        6.7678166935620772E-004
   3.7861208930824359        1.3877697303815671E-003
   3.8974773899378019        1.2944357420457866E-003
   4.0088338867931679        6.8820824531795155E-004
   4.1201903836485334        3.4650883436076888E-004
   4.2315468805038989        5.4351161405302641E-004
   4.3429033773592645        9.0032709482984756E-004
   4.4542598742146309        9.8007206044774210E-004
   4.5656163710699964        7.5778783062883427E-004
   4.6769728679253619        5.3743009873166432E-004
   4.7883293647807275        5.4238522786609713E-004
   4.8996858616360939        7.0886007774636887E-004
   5.0110423584914594        8.2116950027230011E-004
   5.1223988553468249        7.7159324660454798E-004
   5.2337553522021905        6.4709143852367324E-004
   5.3451118490575569        5.8950927161039932E-004
   5.4564683459129224        6.4028419618915831E-004
   5.5678248427682879        7.2088700865131287E-004
   5.6791813396236543        7.4181331659423295E-004
   5.7905378364790199        6.9366031911935683E-004
   5.9018943333343854        6.3837344311391808E-004
   6.0132508301897509        6.3128726691787909E-004
   6.1246073270451173        6.6742291562770959E-004
   6.2359638239004829        7.0015745001095393E-004
   6.3473203207558484        6.9673625936676265E-004
   6.4586768176112139        6.6689940692499325E-004
   6.5700333144665803        6.4460915329526329E-004
   6.6813898113219459        6.4832366305947811E-004
   6.7927463081773114        6.6802166470534251E-004
   6.9041028050326769        6.7985470801793012E-004
   7.0154593018880433        6.7235666139892536E-004
   7.1268157987434089        6.5735255186049539E-004
   7.2381722955987744        6.4765544680338088E-004
   7.3495287924541408        6.5207248238686609E-004
   7.4608852893095063        6.6076829295205807E-004
   7.5722417861648719        6.6445497867067952E-004
   7.6835982830202374        6.5928595606739541E-004
   7.7949547798756038        6.5089842688361896E-004
   7.9063112767309693        6.4693127405217018E-004
   8.0176677735863358        6.4938894377799064E-004
   8.1290242704417004        6.5245306345888300E-004
   8.2403807672970668        6.5332786210559632E-004
   8.3517372641524315        6.4975302383597224E-004
   8.4630937610077979        6.4595055379096692E-004
   8.5744502578631643        6.4429350676125925E-004
   8.6858067547185289        6.4549790658400880E-004
   8.7971632515738953        6.4407244850391509E-004
   8.9085197484292618        6.4311951618033301E-004
   9.0198762452846264        6.4501329277543600E-004
   9.1312327421399928        6.4228974229795063E-004
   9.2425892389953592        6.4048895303071222E-004
   9.3539457358507239        6.3972397655395698E-004
   9.4653022327060903        6.3516254881937589E-004
   9.5766587295614549        6.3791487652330018E-004
   9.6880152264168213        6.4384747746389255E-004
   9.7993717232721878        6.3943034400439558E-004
   9.9107282201275524        6.3123140222571639E-004
   10.022084716982919        6.3124873329993038E-004
   10.133441213838285        6.3656074672541402E-004
   10.244797710693650        6.3820870382782992E-004
   10.356154207549016        6.3483888967891299E-004
   10.467510704404381        6.3100645372791140E-004
   10.578867201259747        6.3010480481170972E-004
   10.690223698115114        6.3165822870838925E-004
   10.801580194970478        6.3299436841968777E-004
   10.912936691825845        6.3239002271987419E-004
   11.024293188681211        6.3041481556500370E-004
   11.135649685536576        6.2896721045013282E-004
   11.247006182391942        6.2903559574361472E-004
   11.358362679247309        6.2981586384776300E-004
   11.469719176102673        6.3005574749568202E-004
   11.581075672958040        6.2948010333789052E-004
   11.692432169813404        6.2865269981528531E-004
   11.803788666668771        6.2818423792082188E-004
   11.915145163524137        6.2831304648401848E-004
   12.026501660379502        6.2870665091998906E-004
   12.137858157234868        6.2887387029858088E-004
   12.249214654090235        6.2872370527997145E-004
   12.360571150945599        6.2849789580906223E-004
   12.471927647800966        6.2851882153367388E-004
   12.583284144656332        6.2885685850618022E-004
   12.694640641511697        6.2934516125996763E-004
   12.805997138367063        6.2969478324908178E-004
   12.917353635222428        6.2989014130254901E-004
   13.028710132077794        6.3009975364248258E-004
   13.140066628933161        6.3048116108561198E-004
   13.251423125788525        6.3098993756237202E-004
   13.362779622643892        6.3156227165727166E-004
   13.474136119499258        6.3206336517887226E-004
   13.585492616354623        6.3266471749456941E-004
   13.696849113209989        6.3328290714057835E-004
   13.808205610065354        6.3401031780653430E-004
   13.919562106920720        6.3485537421951858E-004
   14.030918603776087        6.3574528366775352E-004
   14.142275100631451        6.3663396682689150E-004
   14.253631597486818        6.3754212779544345E-004
   14.364988094342184        6.3866193907841920E-004
   14.476344591197549        6.3960212689216070E-004
   14.587701088052915        6.4078997363094085E-004
   14.699057584908282        6.4201402824666032E-004
   14.810414081763646        6.4332282089092825E-004
   14.921770578619013        6.4452647489981519E-004
   15.033127075474377        6.4597446687698142E-004
   15.144483572329744        6.4739900732285695E-004
   15.255840069185110        6.4882083217702763E-004
   15.367196566040475        6.5039144697971426E-004
   15.478553062895841        6.5197973887091986E-004
   15.589909559751208        6.5365385812952601E-004
   15.701266056606572        6.5533180599517868E-004
   15.812622553461939        6.5717556296310373E-004
   15.923979050317303        6.5911595381973266E-004
   16.035335547172672        6.6108431072433725E-004
   16.146692044028036        6.6315112796316541E-004
   16.258048540883401        6.6527936284332967E-004
   16.369405037738769        6.6745394067877699E-004
   16.480761534594134        6.6971465606925336E-004
   16.592118031449498        6.7204311446036446E-004
   16.703474528304863        6.7443723355232316E-004
   16.814831025160231        6.7690728332333390E-004
   16.926187522015596        6.7946258397567157E-004
   17.037544018870960        6.8211502715820284E-004
   17.148900515726329        6.8486617570347533E-004
   17.260257012581693        6.8770410914829720E-004
   17.371613509437058        6.9061307800513552E-004
   17.482970006292426        6.9357895699841989E-004
   17.594326503147791        6.9659468739976984E-004
   17.705683000003155        6.9966630299904864E-004
   17.817039496858524        7.0280519132929294E-004
   17.928395993713888        7.0601752894609610E-004
   18.039752490569253        7.0930549591113618E-004
   18.151108987424621        7.1267004623463645E-004
   18.262465484279986        7.1611166645962931E-004
   18.373821981135350        7.1963496480212732E-004
   18.485178477990718        7.2325089628423351E-004
   18.596534974846083        7.2696463293601347E-004
   18.707891471701448        7.3077021413067776E-004
   18.819247968556812        7.3465850824752774E-004
   18.930604465412181        7.3862668723173478E-004
   19.041960962267545        7.4268083039372667E-004
   19.153317459122910        7.4683268525898650E-004
   19.264673955978278        7.5109102263921554E-004
   19.376030452833643        7.5545919932668265E-004
   19.487386949689007        7.5993860407285363E-004
   19.598743446544376        7.6452561361137813E-004
   19.710099943399740        7.6920838729506989E-004
   19.821456440255105        7.7397303492834934E-004
   19.932812937110473        7.7881039333234912E-004
   20.044169433965838        7.8371507032935599E-004
   20.155525930821202        7.8868676074873010E-004
   20.266882427676570        7.9373104991521074E-004
   20.378238924531935        7.9885635248059541E-004
   20.489595421387300        8.0407178313970224E-004
   20.600951918242668        8.0938536974440114E-004
   20.712308415098033        8.1479911792410446E-004
   20.823664911953397        8.2030759093426337E-004
   20.935021408808762        8.2590058185359706E-004
   21.046377905664130        8.3156735495820353E-004
   21.157734402519495        8.3730068952476294E-004
   21.269090899374859        8.4309889105963723E-004
   21.380447396230227        8.4896468694192599E-004
   21.491803893085592        8.5490325833605173E-004
   21.603160389940957        8.6092309481937250E-004
   21.714516886796325        8.6703637821030819E-004
   21.825873383651690        8.7325132476022231E-004
   21.937229880507054        8.7956641016844579E-004
   22.048586377362422        8.8597402799556603E-004
   22.159942874217787        8.9246630919417045E-004
   22.271299371073152        8.9903875326419723E-004
   22.382655867928520        9.0569046727408977E-004
   22.494012364783885        9.1242366967285102E-004
   22.605368861639249        9.1924419003040650E-004
   22.716725358494617        9.2615520866237244E-004
   22.828081855349982        9.3314782392534565E-004
   22.939438352205347        9.4020244418440931E-004
   23.050794849060711        9.4730384719441979E-004
   23.162151345916079        9.5444839658235061E-004
   23.273507842771444        9.6163967205191989E-004
   23.384864339626809        9.6888313525297508E-004
   23.496220836482177        9.7618627416617585E-004
   23.607577333337542        9.8356249498957006E-004
   23.718933830192906        9.9102874930528072E-004
   23.830290327048274        9.9859291373615810E-004
   23.941646823903639        1.0062463942878740E-003
   24.053003320759004        1.0139733939797577E-003
   24.164359817614372        1.0217570219352612E-003
   24.275716314469737        1.0295829230843696E-003
   24.387072811325101        1.0374434612366646E-003
   24.498429308180469        1.0453375356561955E-003
   24.609785805035834        1.0532736716434977E-003
   24.721142301891199        1.0612706420814817E-003
   24.832498798746567        1.0693429912335126E-003
   24.943855295601931        1.0774930628736231E-003
   25.055211792457296        1.0857208056038730E-003
   25.166568289312664        1.0940224618361479E-003
   25.277924786168029        1.1023828330507894E-003
   25.389281283023394        1.1107824327697962E-003
   25.500637779878758        1.1192060539613894E-003
   25.611994276734126        1.1276403174024878E-003
   25.723350773589491        1.1360787136073390E-003
   25.834707270444856        1.1445246170540442E-003
   25.946063767300224        1.1529852217547509E-003
   26.057420264155589        1.1614719210374315E-003
   26.168776761010953        1.1699983576641928E-003
   26.280133257866321        1.1785708590997389E-003
   26.391489754721686        1.1871857664646174E-003
   26.502846251577051        1.1958315116367617E-003
   26.614202748432419        1.2044916175834395E-003
   26.725559245287783        1.2131470513770685E-003
   26.836915742143148        1.2217789314504467E-003
   26.948272238998516        1.2303747255933781E-003
   27.059628735853881        1.2389359036902310E-003
   27.170985232709246        1.2474763146259594E-003
   27.282341729564614        1.2560143851776593E-003
   27.393698226419978        1.2645698288890289E-003
   27.505054723275343        1.2731524143837199E-003
   27.616411220130708        1.2817527303590869E-003
   27.727767716986076        1.2903503710644181E-003
   27.839124213841441        1.2989222285136708E-003
   27.950480710696805        1.3074453860905616E-003
   28.061837207552173        1.3159035762630165E-003
   28.173193704407538        1.3242881153691366E-003
   28.284550201262903        1.3325935528470058E-003
   28.395906698118271        1.3408251170029903E-003
   28.507263194973635        1.3489968374314812E-003
   28.618619691829000        1.3571226866751528E-003
   28.729976188684368        1.3652176354578781E-003
   28.841332685539733        1.3732958005586915E-003
   28.952689182395098        1.3813528796319072E-003
   29.064045679250466        1.3893631610138878E-003
   29.175402176105830        1.3972962073687991E-003
   29.286758672961195        1.4051291211513079E-003
   29.398115169816563        1.4128500302268020E-003
   29.509471666671928        1.4204563189003313E-003
   29.620828163527293        1.4279508394196277E-003
   29.732184660382657        1.4353411925450167E-003
   29.843541157238025        1.4426406615100744E-003
   29.954897654093390        1.4498606504951730E-003
   30.066254150948755        1.4569982826784971E-003
   30.177610647804123        1.4640348864932708E-003
   30.288967144659487        1.4709487949483575E-003
   30.400323641514852        1.4777194419154165E-003
   30.511680138370220        1.4843239461936758E-003
   30.623036635225585        1.4907498581713974E-003
   30.734393132080950        1.4970094607255138E-003
   30.845749628936318        1.5031263313194094E-003
   30.957106125791682        1.5091140491162508E-003
   31.068462622647047        1.5149672593681570E-003
   31.179819119502415        1.5206638458457318E-003
   31.291175616357780        1.5261838472517089E-003
   31.402532113213145        1.5315200864190694E-003
   31.513888610068513        1.5366616762937542E-003
   31.625245106923877        1.5415950214553587E-003
   31.736601603779242        1.5463190972635460E-003
   31.847958100634607        1.5508417730246045E-003
   31.959314597489975        1.5551715861333703E-003
   32.070671094345343        1.5593226186271889E-003
   32.182027591200708        1.5633095648589291E-003
   32.293384088056072        1.5671365084468556E-003
   32.404740584911437        1.5707930631138393E-003
   32.516097081766802        1.5742540874738992E-003
   32.627453578622166        1.5774915053233540E-003
   32.738810075477538        1.5804938175267801E-003
   32.850166572332903        1.5832638263115193E-003
   32.961523069188267        1.5858063080637030E-003
   33.072879566043632        1.5881282981317192E-003
   33.184236062898997        1.5902391783052614E-003
   33.295592559754361        1.5921507884911026E-003
   33.406949056609726        1.5938795590451312E-003
   33.518305553465098        1.5954407293699495E-003
   33.629662050320462        1.5968394414848490E-003
   33.741018547175827        1.5980684934744998E-003
   33.852375044031191        1.5991067120502940E-003
   33.963731540886556        1.5999243192980027E-003
   34.075088037741921        1.6005072955446067E-003
   34.186444534597292        1.6008667320497655E-003
   34.297801031452657        1.6010230683513899E-003
   34.409157528308022        1.6009894908476804E-003
   34.520514025163386        1.6007694274223167E-003
   34.631870522018751        1.6003623723409432E-003
   34.743227018874116        1.5997669299948902E-003
   34.854583515729487        1.5989844304619954E-003
   34.965940012584852        1.5980237904742504E-003
   35.077296509440217        1.5969020586201490E-003
   35.188653006295581        1.5956336695158036E-003
   35.300009503150946        1.5942227550776835E-003
   35.411366000006311        1.5926679766887200E-003
   35.522722496861675        1.5909698941350883E-003
   35.634078993717047        1.5891439109810739E-003
   35.745435490572412        1.5872191290167269E-003
   35.856791987427776        1.5852172976603988E-003
   35.968148484283141        1.5831481562069683E-003
   36.079504981138506        1.5810169429772817E-003
   36.190861477993870        1.5788248991612584E-003
   36.302217974849242        1.5765703898499460E-003
   36.413574471704607        1.5742638891005738E-003
   36.524930968559971        1.5719335606355080E-003
   36.636287465415336        1.5696166407150294E-003
   36.747643962270701        1.5673495272821236E-003
   36.859000459126065        1.5651571637089632E-003
   36.970356955981437        1.5630576973387998E-003
   37.081713452836802        1.5610727639597951E-003
   37.193069949692166        1.5592203818840780E-003
   37.304426446547531        1.5575035101940530E-003
   37.415782943402895        1.5559149528756725E-003
   37.527139440258260        1.5544525073537339E-003
   37.638495937113625        1.5531280452374550E-003
   37.749852433968996        1.5519663018008193E-003
   37.861208930824361        1.5510027088401792E-003
   37.972565427679726        1.5502859655781970E-003
   38.083921924535090        1.5498743060339724E-003
   38.195278421390455        1.5498164043853413E-003
   38.306634918245820        1.5501461552454589E-003
   38.417991415101191        1.5508995391611531E-003
   38.529347911956556        1.5521203162543273E-003
   38.640704408811921        1.5538516799729633E-003
   38.752060905667285        1.5561267560580880E-003
   38.863417402522650        1.5589666118082084E-003
   38.974773899378015        1.5623831332055324E-003
   39.086130396233386        1.5663843028969982E-003
   39.197486893088751        1.5709785294413306E-003
   39.308843389944116        1.5761873007744491E-003
   39.420199886799480        1.5820563940628120E-003
   39.531556383654845        1.5886482789238810E-003
   39.642912880510210        1.5960265052180737E-003
   39.754269377365574        1.6042443438491288E-003
   39.865625874220946        1.6133422058382252E-003
   39.976982371076311        1.6233540235984553E-003
   40.088338867931675        1.6343127276198558E-003
   40.199695364787040        1.6462414548731646E-003
   40.311051861642405        1.6591533383619173E-003
   40.422408358497769        1.6730641825800925E-003
   40.533764855353141        1.6879919630842109E-003
   40.645121352208506        1.7039516866076982E-003
   40.756477849063870        1.7209646678616715E-003
   40.867834345919235        1.7390716572470123E-003
   40.979190842774599        1.7583285559711222E-003
   41.090547339629964        1.7787807216620617E-003
   41.201903836485336        1.8004466983405642E-003
   41.313260333340700        1.8233321465155846E-003
   41.424616830196065        1.8474516030184444E-003
   41.535973327051430        1.8728364771290666E-003
   41.647329823906794        1.8995286326298046E-003
   41.758686320762159        1.9275697714293549E-003
   41.870042817617524        1.9569877177031117E-003
   41.981399314472895        1.9877977839440012E-003
   42.092755811328260        2.0200072383670512E-003
   42.204112308183625        2.0535989101278301E-003
   42.315468805038989        2.0885353374622728E-003
   42.426825301894354        2.1247814796117055E-003
   42.538181798749719        2.1623088530174348E-003
   42.649538295605090        2.2010913993366597E-003
   42.760894792460455        2.2411047717750439E-003
   42.872251289315820        2.2823319217795232E-003
   42.983607786171184        2.3247726496653390E-003
   43.094964283026549        2.3684453030508477E-003
   43.206320779881914        2.4133569899347307E-003
   43.317677276737285        2.4594736165596135E-003
   43.429033773592650        2.5067241880041961E-003
   43.540390270448015        2.5550161033061464E-003
   43.651746767303379        2.6042575922810402E-003
   43.763103264158744        2.6543753094769125E-003
   43.874459761014108        2.7053028348395913E-003
   43.985816257869473        2.7569709478608879E-003
   44.097172754724845        2.8093193386930543E-003
   44.208529251580210        2.8622898034884455E-003
   44.319885748435574        2.9158227754472140E-003
   44.431242245290939        2.9698720254087065E-003
   44.542598742146303        3.0243887647061849E-003
   44.653955239001668        3.0792981914880757E-003
   44.765311735857040        3.1345027609578110E-003
   44.876668232712404        3.1898855151776713E-003
   44.988024729567769        3.2453068224694735E-003
   45.099381226423134        3.3006318083608041E-003
   45.210737723278498        3.3557566839145627E-003
   45.322094220133863        3.4106082504072898E-003
   45.433450716989235        3.4651550704168882E-003
   45.544807213844599        3.5193906867737432E-003
   45.656163710699964        3.5732871212020884E-003
   45.767520207555329        3.6267787189358490E-003
   45.878876704410693        3.6797750758723108E-003
   45.990233201266058        3.7321991491083280E-003
   46.101589698121423        3.7840314271161131E-003
   46.212946194976794        3.8353185344375054E-003
   46.324302691832159        3.8861156331407537E-003
   46.435659188687524        3.9364608104815752E-003
   46.547015685542888        3.9863772766097179E-003
   46.658372182398253        4.0358884239263641E-003
   46.769728679253618        4.0850696492016163E-003
   46.881085176108989        4.1341254602188003E-003
   46.992441672964354        4.1834054274786240E-003
   47.103798169819719        4.2333225170848397E-003
   47.215154666675083        4.2842120532995600E-003
   47.326511163530448        4.3362482864516593E-003
   47.437867660385812        4.3895792268026507E-003
   47.549224157241184        4.4445959591810904E-003
   47.660580654096549        4.5020896390570754E-003
   47.771937150951914        4.5630930118786359E-003
   47.883293647807278        4.6284851847325746E-003
   47.994650144662643        4.6987397935506648E-003
   48.106006641518007        4.7740944322605689E-003
   48.217363138373379        4.8550214717643647E-003
   48.328719635228744        4.9426397659632394E-003
   48.440076132084108        5.0387106341469694E-003
   48.551432628939473        5.1450711746786598E-003
   48.662789125794838        5.2628936045106120E-003
   48.774145622650202        5.3925019248429072E-003
   48.885502119505567        5.5340835151037543E-003
   48.996858616360939        5.6888134034905101E-003
   49.108215113216303        5.8593850537894633E-003
   49.219571610071668        6.0491739140831674E-003
   49.330928106927033        6.2604141161188946E-003
   49.442284603782397        6.4930781639211980E-003
   49.553641100637762        6.7459100324127773E-003
   49.664997597493134        7.0191023771947556E-003
   49.776354094348498        7.3162017323140467E-003
   49.887710591203863        7.6429203844433722E-003
   49.999067088059228        8.0031571330727389E-003
   50.110423584914592        8.3956731196812504E-003
   50.221780081769957        8.8152232180427892E-003
   50.333136578625329        9.2582880534146234E-003
   50.444493075480693        9.7284940257422077E-003
   50.555849572336058        1.0235488841876701E-002
   50.667206069191423        1.0786352286613884E-002
   50.778562566046787        1.1376695519323243E-002
   50.889919062902152        1.1991348505643583E-002
   51.001275559757516        1.2617014327048178E-002
   51.112632056612888        1.3256447263878054E-002
   51.223988553468253        1.3928232462372372E-002
   51.335345050323617        1.4647449406581216E-002
   51.446701547178982        1.5403274592904472E-002
   51.558058044034347        1.6158589308722399E-002
   51.669414540889711        1.6879440848211285E-002
   51.780771037745083        1.7569788593545056E-002
   51.892127534600448        1.8271923517368914E-002
   52.003484031455812        1.9020235597127413E-002
   52.114840528311177        1.9788426075283194E-002
   52.226197025166542        2.0492500891102210E-002
   52.337553522021906        2.1065239316927796E-002
   52.448910018877278        2.1535211875301156E-002
   52.560266515732643        2.2013997106480471E-002
   52.671623012588007        2.2576035036944213E-002
   52.782979509443372        2.3147426653749758E-002
   52.894336006298737        2.3551298524343844E-002
   53.005692503154101        2.3707440350563679E-002
   53.117049000009466        2.3779532616879977E-002
   53.228405496864838        2.4055982042246279E-002
   53.339761993720202        2.4630259482758213E-002
   53.451118490575567        2.5249460520004971E-002
   53.562474987430932        2.5611863866974862E-002
   53.673831484286296        2.5866760089171045E-002
   53.785187981141661        2.6670832418609160E-002
   53.896544477997033        2.8535489606762991E-002
   54.007900974852397        3.1157090885956064E-002
   54.119257471707762        3.3767190011766132E-002
   54.230613968563127        3.6415416950071500E-002
   54.341970465418491        4.0534873554052386E-002
   54.453326962273856        4.7474579657121325E-002
   54.564683459129228        5.6434617631719662E-002
   54.676039955984592        6.5070494649840674E-002
   54.787396452839957        7.3135269472918679E-002
   54.898752949695321        8.4205954416301937E-002
   55.010109446550686       0.10113133486567706     
   55.121465943406051       0.12009138787076559     
   55.232822440261415       0.13390235256314345     
   55.344178937116787       0.14367566467887530     
   55.455535433972152       0.16060243917254671     
   55.566891930827516       0.18823797981767970     
   55.678248427682881       0.21028397342761349     
   55.789604924538246       0.21347878311806923     
   55.900961421393610       0.21828367092789952     
   56.012317918248982       0.25448283783710918     
   56.123674415104347       0.30114501320605636     
   56.235030911959711       0.30523235728911907     
   56.346387408815076       0.28713813372495844     
   56.457743905670441       0.36490165229198968     
   56.569100402525805       0.61917573759381372     
   56.680456899381177       0.28669363220005717     
   56.791813396236542       0.24593899962734389     
   56.903169893091906        4.4724059884230725     
