  -57.014526389947271        2.1338818117663850E-008
  -56.903169893091906        1.3999668750625179E-008
  -56.791813396236542        1.7051635152526681E-010
  -56.680456899381177        9.8912894780539233E-011
  -56.569100402525805        4.3782147666572286E-011
  -56.457743905670441        1.7218799360889299E-011
  -56.346387408815076        8.3223195654162278E-012
  -56.235030911959711        1.5906691686750007E-011
  -56.123674415104347        1.3312335686411035E-011
  -56.012317918248982        6.7663929304492695E-012
  -55.900961421393610        7.5307358534588334E-012
  -55.789604924538246        7.5195029149567528E-012
  -55.678248427682881        6.6331139442732930E-012
  -55.566891930827516        5.3654630789258644E-012
  -55.455535433972152        4.3852943485569195E-012
  -55.344178937116787        3.9721227786516286E-012
  -55.232822440261415        4.1332460243812763E-012
  -55.121465943406051        4.6698442513587119E-012
  -55.010109446550686        5.4238317674148129E-012
  -54.898752949695321        6.5430688296295603E-012
  -54.787396452839957        8.2216662521063741E-012
  -54.676039955984592        1.0428194595624894E-011
  -54.564683459129228        1.2859105642559086E-011
  -54.453326962273856        1.5218008202687055E-011
  -54.341970465418491        1.7729192903364760E-011
  -54.230613968563127        2.0619503200455340E-011
  -54.119257471707762        2.3967398945112893E-011
  -54.007900974852397        2.7058438889879195E-011
  -53.896544477997033        2.8978725229655753E-011
  -53.785187981141661        2.9846708802597934E-011
  -53.673831484286296        3.0309334638814081E-011
  -53.562474987430932        3.0771032880858090E-011
  -53.451118490575567        3.0939947373984065E-011
  -53.339761993720202        3.0447981475492348E-011
  -53.228405496864838        2.9184861743549555E-011
  -53.117049000009466        2.7101589425155563E-011
  -53.005692503154101        2.4664372423904407E-011
  -52.894336006298737        2.2351783854030007E-011
  -52.782979509443372        2.0216801265373490E-011
  -52.671623012588007        1.8197246198411690E-011
  -52.560266515732643        1.6288502442176263E-011
  -52.448910018877278        1.4316705430063235E-011
  -52.337553522021906        1.2202425632650042E-011
  -52.226197025166542        1.0110441370612970E-011
  -52.114840528311177        8.4209096367783791E-012
  -52.003484031455812        7.2952988454729798E-012
  -51.892127534600448        6.6214420776364501E-012
  -51.780771037745083        6.2209668213699135E-012
  -51.669414540889711        5.8886896563737609E-012
  -51.558058044034347        5.6694432851387100E-012
  -51.446701547178982        5.6151728930385516E-012
  -51.335345050323617        5.7907525537702933E-012
  -51.223988553468253        6.4306050461564497E-012
  -51.112632056612888        7.6023360175175619E-012
  -51.001275559757516        9.2629915189031825E-012
  -50.889919062902152        1.1134988363793751E-011
  -50.778562566046787        1.3001532362582102E-011
  -50.667206069191423        1.4822778069575597E-011
  -50.555849572336058        1.6830820570510068E-011
  -50.444493075480693        1.9234883088369665E-011
  -50.333136578625329        2.1998773026996539E-011
  -50.221780081769957        2.4636041915325561E-011
  -50.110423584914592        2.7105902956761457E-011
  -49.999067088059228        2.9298154014234627E-011
  -49.887710591203863        3.0863066602548056E-011
  -49.776354094348498        3.1902217882086911E-011
  -49.664997597493134        3.2924989857993677E-011
  -49.553641100637762        3.4499218554496825E-011
  -49.442284603782397        3.6699543746274336E-011
  -49.330928106927033        3.8748319297000641E-011
  -49.219571610071668        3.9716628808674474E-011
  -49.108215113216303        3.9009012057151461E-011
  -48.996858616360939        3.7292438295695097E-011
  -48.885502119505567        3.5367710168194414E-011
  -48.774145622650202        3.3677530838021276E-011
  -48.662789125794838        3.2082650378765038E-011
  -48.551432628939473        3.0516195986678485E-011
  -48.440076132084108        2.8926649813638847E-011
  -48.328719635228744        2.7056572544921019E-011
  -48.217363138373379        2.4804767943742846E-011
  -48.106006641518007        2.2363544640255060E-011
  -47.994650144662643        2.0108073752647786E-011
  -47.883293647807278        1.8088024585305074E-011
  -47.771937150951914        1.5925893788765813E-011
  -47.660580654096549        1.3799704301292905E-011
  -47.549224157241184        1.2053753468123391E-011
  -47.437867660385812        1.0786387753275027E-011
  -47.326511163530448        9.8443574948946995E-012
  -47.215154666675083        9.1517517710356685E-012
  -47.103798169819719        8.4719271585326606E-012
  -46.992441672964354        7.5534744409848524E-012
  -46.881085176108989        6.4050914844348994E-012
  -46.769728679253618        5.1419703064998248E-012
  -46.658372182398253        3.8182188404724348E-012
  -46.547015685542888        2.6516718716422655E-012
  -46.435659188687524        1.8793080688871241E-012
  -46.324302691832159        1.4991537493256326E-012
  -46.212946194976794        1.2116893170001774E-012
  -46.101589698121423        8.4194066828525014E-013
  -45.990233201266058        4.3270055190519686E-013
  -45.878876704410693        1.6606033616185196E-013
  -45.767520207555329        8.4146551135292734E-014
  -45.656163710699964        8.2108264681556763E-014
  -45.544807213844599        1.1384209299625473E-013
  -45.433450716989235        2.5961822989322568E-013
  -45.322094220133863        5.3237934004874958E-013
  -45.210737723278498        8.8710857514445472E-013
  -45.099381226423134        1.3433174954667788E-012
  -44.988024729567769        1.9941316469454759E-012
  -44.876668232712404        2.8905171267756862E-012
  -44.765311735857040        4.0713693369682742E-012
  -44.653955239001668        5.2083916205337517E-012
  -44.542598742146303        6.1718070789514168E-012
  -44.431242245290939        7.2993359962400372E-012
  -44.319885748435574        8.8142233192047152E-012
  -44.208529251580210        1.0394770381929039E-011
  -44.097172754724845        1.1874937338856231E-011
  -43.985816257869473        1.3273664058804984E-011
  -43.874459761014108        1.4631532472466461E-011
  -43.763103264158744        1.6221093400954984E-011
  -43.651746767303379        1.8483767432512706E-011
  -43.540390270448015        2.1948403740506099E-011
  -43.429033773592650        2.5986200783836787E-011
  -43.317677276737285        2.9874801596348769E-011
  -43.206320779881914        3.2597776814978676E-011
  -43.094964283026549        3.3880285738960521E-011
  -42.983607786171184        3.4468057211002634E-011
  -42.872251289315820        3.5929304655370486E-011
  -42.760894792460455        3.8747799308938980E-011
  -42.649538295605090        4.2453193221539881E-011
  -42.538181798749719        4.6227256460948656E-011
  -42.426825301894354        4.8973730226583803E-011
  -42.315468805038989        5.0078370603862500E-011
  -42.204112308183625        5.0094571129658765E-011
  -42.092755811328260        4.9550296065181544E-011
  -41.981399314472895        4.8750719601567896E-011
  -41.870042817617524        4.8298726382509788E-011
  -41.758686320762159        4.9138052928369104E-011
  -41.647329823906794        5.0699517633452466E-011
  -41.535973327051430        5.1924998243546041E-011
  -41.424616830196065        5.1880017862783477E-011
  -41.313260333340700        5.1290663946613731E-011
  -41.201903836485336        5.1064672248909262E-011
  -41.090547339629964        5.2080477462599750E-011
  -40.979190842774599        5.3733224786104644E-011
  -40.867834345919235        5.6139299823232404E-011
  -40.756477849063870        5.8934065965122374E-011
  -40.645121352208506        6.1728558134767145E-011
  -40.533764855353141        6.3618846995024000E-011
  -40.422408358497769        6.4755150391238668E-011
  -40.311051861642405        6.6480391200260567E-011
  -40.199695364787040        6.9787022331111622E-011
  -40.088338867931675        7.5288304884245679E-011
  -39.976982371076311        8.1240887156807928E-011
  -39.865625874220946        8.5951230650498075E-011
  -39.754269377365574        8.9143368999395022E-011
  -39.642912880510210        9.2555587522696599E-011
  -39.531556383654845        9.7445919062262492E-011
  -39.420199886799480        1.0192500495353907E-010
  -39.308843389944116        1.0383550435024337E-010
  -39.197486893088751        1.0394599491186495E-010
  -39.086130396233386        1.0405818418390235E-010
  -38.974773899378015        1.0513766120110676E-010
  -38.863417402522650        1.0741023468292851E-010
  -38.752060905667285        1.0917115311225153E-010
  -38.640704408811921        1.1015597309461092E-010
  -38.529347911956556        1.1116701732581173E-010
  -38.417991415101191        1.1284530285342175E-010
  -38.306634918245820        1.1258166018153505E-010
  -38.195278421390455        1.0883174727843296E-010
  -38.083921924535090        1.0347165785850077E-010
  -37.972565427679726        9.9714203598684674E-011
  -37.861208930824361        9.8810467726980578E-011
  -37.749852433968996        9.9950108912534316E-011
  -37.638495937113625        1.0046086687092640E-010
  -37.527139440258260        9.8179263291662486E-011
  -37.415782943402895        9.3373428856977155E-011
  -37.304426446547531        8.8841937969100947E-011
  -37.193069949692166        8.6324830031679106E-011
  -37.081713452836802        8.6517835782774739E-011
  -36.970356955981437        8.9760238891554849E-011
  -36.859000459126065        9.6379636710065090E-011
  -36.747643962270701        1.0500321126625310E-010
  -36.636287465415336        1.1316600786614476E-010
  -36.524930968559971        1.1952359500942583E-010
  -36.413574471704607        1.2285087533643800E-010
  -36.302217974849242        1.2323393488493739E-010
  -36.190861477993870        1.2201597727914717E-010
  -36.079504981138506        1.2239609147298512E-010
  -35.968148484283141        1.2628970151668972E-010
  -35.856791987427776        1.3413195628801276E-010
  -35.745435490572412        1.4317985938221911E-010
  -35.634078993717047        1.5021793165428647E-010
  -35.522722496861675        1.5289393343119035E-010
  -35.411366000006311        1.5213661417097125E-010
  -35.300009503150946        1.4982498280069439E-010
  -35.188653006295581        1.4806867401374811E-010
  -35.077296509440217        1.4760701006695204E-010
  -34.965940012584852        1.4858177267395402E-010
  -34.854583515729487        1.5169076415414283E-010
  -34.743227018874116        1.5623192940835819E-010
  -34.631870522018751        1.5965718333765872E-010
  -34.520514025163386        1.5950366031662130E-010
  -34.409157528308022        1.5703955547141361E-010
  -34.297801031452657        1.5532094145984075E-010
  -34.186444534597292        1.5625071391063103E-010
  -34.075088037741921        1.5875860809555740E-010
  -33.963731540886556        1.5880620334908023E-010
  -33.852375044031191        1.5574805375578941E-010
  -33.741018547175827        1.5357802641288396E-010
  -33.629662050320462        1.5539729571341233E-010
  -33.518305553465098        1.6011338613641463E-010
  -33.406949056609726        1.6429283820605535E-010
  -33.295592559754361        1.6457686472547507E-010
  -33.184236062898997        1.6193098013397852E-010
  -33.072879566043632        1.5967766597532838E-010
  -32.961523069188267        1.6032884706637563E-010
  -32.850166572332903        1.6211411639221399E-010
  -32.738810075477538        1.6193780743272198E-010
  -32.627453578622166        1.5931587901551316E-010
  -32.516097081766802        1.5459862710676578E-010
  -32.404740584911437        1.4819840921500879E-010
  -32.293384088056072        1.4027722442122271E-010
  -32.182027591200708        1.3022092721923467E-010
  -32.070671094345343        1.1948078819207467E-010
  -31.959314597489975        1.1194420452556055E-010
  -31.847958100634607        1.0816961519261718E-010
  -31.736601603779242        1.0420291791153045E-010
  -31.625245106923877        9.8624173927040198E-011
  -31.513888610068513        9.2433026597781870E-011
  -31.402532113213145        8.6203745499034090E-011
  -31.291175616357780        7.8383626107636830E-011
  -31.179819119502415        7.0073759662089879E-011
  -31.068462622647047        6.2894550258471457E-011
  -30.957106125791682        5.7021877544200023E-011
  -30.845749628936318        5.2321299597435876E-011
  -30.734393132080950        4.9573923130913448E-011
  -30.623036635225585        4.7391080901946457E-011
  -30.511680138370220        4.4482441033342647E-011
  -30.400323641514852        4.0344233917165036E-011
  -30.288967144659487        3.6344921391370928E-011
  -30.177610647804123        3.3301698138713777E-011
  -30.066254150948755        3.1472227354721867E-011
  -29.954897654093390        3.1189916288807139E-011
  -29.843541157238025        3.1974209625991967E-011
  -29.732184660382657        3.3367033962754607E-011
  -29.620828163527293        3.4434005722040188E-011
  -29.509471666671928        3.4020034878968145E-011
  -29.398115169816563        3.2741893253885345E-011
  -29.286758672961195        3.1571279820773093E-011
  -29.175402176105830        3.0906052040467060E-011
  -29.064045679250466        3.0255072733719988E-011
  -28.952689182395098        2.9986706118451607E-011
  -28.841332685539733        3.0182000651724732E-011
  -28.729976188684368        3.0201342340973964E-011
  -28.618619691829000        2.9639241904611906E-011
  -28.507263194973635        2.8434635008167177E-011
  -28.395906698118271        2.6783697971610976E-011
  -28.284550201262903        2.5475861614757339E-011
  -28.173193704407538        2.5313519409019419E-011
  -28.061837207552173        2.5147886151882858E-011
  -27.950480710696805        2.3138901305165313E-011
  -27.839124213841441        1.9690311181915131E-011
  -27.727767716986076        1.7329356219119675E-011
  -27.616411220130708        1.6746600736306330E-011
  -27.505054723275343        1.7240004079068245E-011
  -27.393698226419978        1.7424532601823561E-011
  -27.282341729564614        1.6740775778438093E-011
  -27.170985232709246        1.4899090692018693E-011
  -27.059628735853881        1.2858569050364910E-011
  -26.948272238998516        1.1277627851714330E-011
  -26.836915742143148        9.5813770637349843E-012
  -26.725559245287783        8.3018476738532394E-012
  -26.614202748432419        8.1718745355894173E-012
  -26.502846251577051        9.4040921433949303E-012
  -26.391489754721686        1.0128215145568065E-011
  -26.280133257866321        8.6177348499665794E-012
  -26.168776761010953        5.5527191232656459E-012
  -26.057420264155589        2.8587758501423862E-012
  -25.946063767300224        1.6891860953943427E-012
  -25.834707270444856        1.5161695315872863E-012
  -25.723350773589491        1.6168670422068981E-012
  -25.611994276734126        1.3789660171095504E-012
  -25.500637779878758        9.4616847273073957E-013
  -25.389281283023394        5.8634053095649468E-013
  -25.277924786168029        4.7232348827302850E-013
  -25.166568289312664        5.7091999676011868E-013
  -25.055211792457296        6.0078817276223568E-013
  -24.943855295601931        4.9098088836162342E-013
  -24.832498798746567        5.0038216285975891E-013
  -24.721142301891199        1.1805129416170757E-012
  -24.609785805035834        2.3487702048772217E-012
  -24.498429308180469        3.5795074621921165E-012
  -24.387072811325101        4.3484251834555116E-012
  -24.275716314469737        4.0730635371918123E-012
  -24.164359817614372        3.3149967374465540E-012
  -24.053003320759004        3.2916516609447043E-012
  -23.941646823903639        4.1621448868630179E-012
  -23.830290327048274        5.6974071841861651E-012
  -23.718933830192906        7.8066035049438653E-012
  -23.607577333337542        9.5953866098289870E-012
  -23.496220836482177        1.0050893621931859E-011
  -23.384864339626809        8.6991048378896072E-012
  -23.273507842771444        6.8778967519307605E-012
  -23.162151345916079        6.1229235419101509E-012
  -23.050794849060711        7.7732748106252121E-012
  -22.939438352205347        1.1313047220669103E-011
  -22.828081855349982        1.4833463653380461E-011
  -22.716725358494617        1.7291532571887319E-011
  -22.605368861639249        1.9279987181467208E-011
  -22.494012364783885        2.0479179233530937E-011
  -22.382655867928520        1.8970782351344528E-011
  -22.271299371073152        1.4820819188782553E-011
  -22.159942874217787        1.0542260474050347E-011
  -22.048586377362422        8.7672399903751208E-012
  -21.937229880507054        1.0181036226556812E-011
  -21.825873383651690        1.4232312976662679E-011
  -21.714516886796325        1.9813853661942346E-011
  -21.603160389940957        2.7006685230821213E-011
  -21.491803893085592        3.4453503886329268E-011
  -21.380447396230227        4.1969780131270591E-011
  -21.269090899374859        5.0352723754236848E-011
  -21.157734402519495        6.4196818003952211E-011
  -21.046377905664130        8.9765406774589711E-011
  -20.935021408808762        1.2883112306795022E-010
  -20.823664911953397        1.7447638369441697E-010
  -20.712308415098033        2.2795291168188404E-010
  -20.600951918242668        2.9772011911475394E-010
  -20.489595421387300        3.8294001025759621E-010
  -20.378238924531935        4.8274197548556406E-010
  -20.266882427676570        6.0652849498291220E-010
  -20.155525930821202        7.8030223204285269E-010
  -20.044169433965838        1.0245343952269984E-009
  -19.932812937110473        1.3455682164863701E-009
  -19.821456440255105        1.7241580565112177E-009
  -19.710099943399740        2.1563471753589242E-009
  -19.598743446544376        2.6888154093254084E-009
  -19.487386949689007        3.3913367449082333E-009
  -19.376030452833643        4.2966929342028183E-009
  -19.264673955978278        5.4394325825618603E-009
  -19.153317459122910        6.8842970061767828E-009
  -19.041960962267545        8.7236408481039645E-009
  -18.930604465412181        1.1023551239805530E-008
  -18.819247968556812        1.3836196243925476E-008
  -18.707891471701448        1.7282977285703604E-008
  -18.596534974846083        2.1659819033245820E-008
  -18.485178477990718        2.7297267023406477E-008
  -18.373821981135350        3.4454948543932983E-008
  -18.262465484279986        4.3387966096586750E-008
  -18.151108987424621        5.4571624309980131E-008
  -18.039752490569253        6.8550202263642505E-008
  -17.928395993713888        8.5857404152927440E-008
  -17.817039496858524        1.0716523652429119E-007
  -17.705683000003155        1.3337942291930022E-007
  -17.594326503147791        1.6592643574715441E-007
  -17.482970006292426        2.0672814308263679E-007
  -17.371613509437058        2.5768320104086170E-007
  -17.260257012581693        3.2097373039568321E-007
  -17.148900515726329        3.9911403555362746E-007
  -17.037544018870960        4.9523958848932476E-007
  -16.926187522015596        6.1289652849774144E-007
  -16.814831025160231        7.5628813941454314E-007
  -16.703474528304863        9.3066718479565056E-007
  -16.592118031449498        1.1427429320375102E-006
  -16.480761534594134        1.4013170296380939E-006
  -16.369405037738769        1.7157239938414466E-006
  -16.258048540883401        2.0951690161015352E-006
  -16.146692044028036        2.5513575596873737E-006
  -16.035335547172672        3.1006831214547918E-006
  -15.923979050317303        3.7611412147524114E-006
  -15.812622553461939        4.5509435514082504E-006
  -15.701266056606572        5.4884994571248604E-006
  -15.589909559751208        6.5964671706912869E-006
  -15.478553062895841        7.9038457006726846E-006
  -15.367196566040475        9.4463627887027189E-006
  -15.255840069185110        1.1261946462647360E-005
  -15.144483572329744        1.3388232253646392E-005
  -15.033127075474377        1.5864545249210229E-005
  -14.921770578619013        1.8731538898652893E-005
  -14.810414081763646        2.2037703725789748E-005
  -14.699057584908282        2.5832929735447829E-005
  -14.587701088052915        3.0165720179323159E-005
  -14.476344591197549        3.5084670077553162E-005
  -14.364988094342184        4.0650554048543690E-005
  -14.253631597486818        4.6921636355311422E-005
  -14.142275100631451        5.3942961284739722E-005
  -14.030918603776087        6.1737243937152672E-005
  -13.919562106920720        7.0311795773089769E-005
  -13.808205610065354        7.9659505054228071E-005
  -13.696849113209989        8.9781996663961268E-005
  -13.585492616354623        1.0067124550820206E-004
  -13.474136119499258        1.1229021283753518E-004
  -13.362779622643892        1.2455193634234807E-004
  -13.251423125788525        1.3732751139288558E-004
  -13.140066628933161        1.5044138333455232E-004
  -13.028710132077794        1.6368550813949674E-004
  -12.917353635222428        1.7683524199321309E-004
  -12.805997138367063        1.8963345446575879E-004
  -12.694640641511697        2.0178379812366471E-004
  -12.583284144656332        2.1296472993679761E-004
  -12.471927647800966        2.2281324713419029E-004
  -12.360571150945599        2.3093669926609595E-004
  -12.249214654090235        2.3694955981732953E-004
  -12.137858157234868        2.4049735786159328E-004
  -12.026501660379502        2.4126162100207690E-004
  -11.915145163524137        2.3898404110924277E-004
  -11.803788666668771        2.3350511727109361E-004
  -11.692432169813404        2.2478088041592715E-004
  -11.581075672958040        2.1287420548200169E-004
  -11.469719176102673        1.9799966231375674E-004
  -11.358362679247309        1.8053904576656072E-004
  -11.247006182391942        1.6102548195956850E-004
  -11.135649685536576        1.4017653113433629E-004
  -11.024293188681211        1.1888659202426273E-004
  -10.912936691825845        9.8180637201811984E-005
  -10.801580194970478        7.9141826337704311E-005
  -10.690223698115114        6.2880030804371079E-005
  -10.578867201259747        5.0452529851287280E-005
  -10.467510704404381        4.2809588352679594E-005
  -10.356154207549016        4.0714024822677710E-005
  -10.244797710693650        4.4650894691034361E-005
  -10.133441213838285        5.4745272811132522E-005
  -10.022084716982919        7.0708075681352760E-005
  -9.9107282201275524        9.1798888613751597E-005
  -9.7993717232721878        1.1680959960606197E-004
  -9.6880152264168213        1.4411858318627590E-004
  -9.5766587295614549        1.7178764566636094E-004
  -9.4653022327060903        1.9771915778026515E-004
  -9.3539457358507239        2.1977060483875367E-004
  -9.2425892389953592        2.3592458040350294E-004
  -9.1312327421399928        2.4451195241784792E-004
  -9.0198762452846264        2.4446897963156778E-004
  -8.9085197484292618        2.3562074998952136E-004
  -8.7971632515738953        2.1868950883462509E-004
  -8.6858067547185289        1.9529483386667102E-004
  -8.5744502578631643        1.6781084354242472E-004
  -8.4630937610077979        1.3928686504990708E-004
  -8.3517372641524315        1.1321985393992046E-004
  -8.2403807672970668        9.3174360568398353E-005
  -8.1290242704417004        8.2302256108738477E-005
  -8.0176677735863358        8.2853752810958646E-005
  -7.9063112767309693        9.5800474893356394E-005
  -7.7949547798756038        1.2054545345786253E-004
  -7.6835982830202374        1.5483049903855924E-004
  -7.5722417861648719        1.9486709073905233E-004
  -7.4608852893095063        2.3576362965808487E-004
  -7.3495287924541408        2.7214465066526861E-004
  -7.2381722955987744        2.9882595833397469E-004
  -7.1268157987434089        3.1171797287139633E-004
  -7.0154593018880433        3.0864489136423016E-004
  -6.9041028050326769        2.9003910296251831E-004
  -6.7927463081773114        2.5909510545010078E-004
  -6.6813898113219459        2.2152044446455542E-004
  -6.5700333144665803        1.8475950708402052E-004
  -6.4586768176112139        1.5682656901524323E-004
  -6.3473203207558484        1.4478694307760344E-004
  -6.2359638239004829        1.5335659125147920E-004
  -6.1246073270451173        1.8369979326175333E-004
  -6.0132508301897509        2.3286059311751394E-004
  -5.9018943333343854        2.9310262513906622E-004
  -5.7905378364790199        3.5224224309689608E-004
  -5.6791813396236543        3.9831791293865846E-004
  -5.5678248427682879        4.2646145538537567E-004
  -5.4564683459129224        4.3347474203517863E-004
  -5.3451118490575569        4.0888307508066117E-004
  -5.2337553522021905        3.5995422137867164E-004
  -5.1223988553468249        3.1614411546941552E-004
  -5.0110423584914594        2.7835945590735239E-004
  -4.8996858616360939        2.5515116785798918E-004
  -4.7883293647807275        2.8303852483811952E-004
  -4.6769728679253619        3.3388594233735021E-004
  -4.5656163710699964        4.1839754600116760E-004
  -4.4542598742146309        5.1356816335001521E-004
  -4.3429033773592645        5.9380002853836060E-004
  -4.2315468805038989        6.4644792034775111E-004
  -4.1201903836485334        6.6579195880510844E-004
  -4.0088338867931679        5.9255768732393709E-004
  -3.8974773899378019        5.9463784605568587E-004
  -3.7861208930824359        4.9405393350671078E-004
  -3.6747643962270704        4.7405580895055653E-004
  -3.5634078993717044        5.7288637060941804E-004
  -3.4520514025163385        5.9624499638173808E-004
  -3.3406949056609729        7.8169926554948492E-004
  -3.2293384088056070        1.0003640736901340E-003
  -3.1179819119502414        1.0222114823931140E-003
  -3.0066254150948755        1.0987538553889609E-003
  -2.8952689182395099        1.1728078326211618E-003
  -2.7839124213841440        1.0216670942424107E-003
  -2.6725559245287784        9.6921440211220002E-004
  -2.5611994276734125        1.1289450611265360E-003
  -2.4498429308180469        1.2064108813899992E-003
  -2.3384864339626810        1.4435615944363455E-003
  -2.2271299371073154        1.9455368207465925E-003
  -2.1157734402519495        2.1292429351693148E-003
  -2.0044169433965839        2.1625376721688223E-003
  -1.8930604465412180        2.4681343599218075E-003
  -1.7817039496858522        2.4396697820588597E-003
  -1.6703474528304865        2.4075463642416672E-003
  -1.5589909559751207        3.2379025259928968E-003
  -1.4476344591197550        3.9107507469654176E-003
  -1.3362779622643892        4.5281301236495672E-003
  -1.2249214654090235        6.1240869426964911E-003
  -1.1135649685536577        6.7198024345541214E-003
  -1.0022084716982920        7.0060092592088155E-003
 -0.89085197484292611        9.4777271157216701E-003
 -0.77949547798756036        1.1323698844064674E-002
 -0.66813898113219461        1.5182123716362902E-002
 -0.55678248427682886        2.3045023944804226E-002
 -0.44542598742146305        2.7396189501640592E-002
 -0.33406949056609730        3.8097820672161102E-002
 -0.22271299371073153        5.6741734816616075E-002
 -0.11135649685536576        7.7007228407218783E-002
   0.0000000000000000       0.12320007132429295     
  0.11135649685536576       0.17237364352590012     
  0.22271299371073153       0.24765056779449623     
  0.33406949056609730       0.33897689030800005     
  0.44542598742146305       0.41494077535098522     
  0.55678248427682886       0.48994590014809919     
  0.66813898113219461       0.42259182225577280     
  0.77949547798756036       0.38535627924581789     
  0.89085197484292611       0.33448876270297490     
   1.0022084716982920       0.48022806855026418     
   1.1135649685536577       0.63754836661089320     
   1.2249214654090235       0.62910993761273115     
   1.3362779622643892       0.55155978675521844     
   1.4476344591197550       0.58880081980322696     
   1.5589909559751207       0.79190154198050067     
   1.6703474528304865       0.69639219997662860     
   1.7817039496858522       0.66651879816111237     
   1.8930604465412180       0.82940998285663681     
   2.0044169433965839       0.82098600298261504     
   2.1157734402519495       0.91346792957389766     
   2.2271299371073154       0.63039367993105622     
   2.3384864339626810       0.81635583884765128     
   2.4498429308180469       0.89204703863655621     
   2.5611994276734125        1.1483379410783965     
   2.6725559245287784       0.97803245420556151     
   2.7839124213841440       0.90472808511721081     
   2.8952689182395099       0.64258281184323074     
   3.0066254150948755       0.40887637014864914     
   3.1179819119502414       0.32277317719142301     
   3.2293384088056070       0.17691065310984191     
   3.3406949056609729       0.10240617454869412     
   3.4520514025163385        8.6100554878883184E-002
   3.5634078993717044        4.5543250250212400E-002
   3.6747643962270704        2.4768122878210199E-002
   3.7861208930824359        2.6459647716419409E-002
   3.8974773899378019        1.5444775566350292E-002
   4.0088338867931679        5.5229142479355092E-003
   4.1201903836485334        9.0119474565733305E-003
   4.2315468805038989        8.7178498739215824E-003
   4.3429033773592645        2.3327541404876521E-003
   4.4542598742146309        1.7352577927641308E-003
   4.5656163710699964        4.0443652295917296E-003
   4.6769728679253619        2.2223048258182116E-003
   4.7883293647807275        3.0067804471523273E-004
   4.8996858616360939        1.4016798240048265E-003
   5.0110423584914594        1.6642940160217143E-003
   5.1223988553468249        2.7236424085896367E-004
   5.2337553522021905        2.9167397936193080E-004
   5.3451118490575569        1.2997605155820977E-003
   5.4564683459129224        9.6943450369810626E-004
   5.5678248427682879        1.0848012880349683E-004
   5.6791813396236543        3.4038899483147383E-004
   5.7905378364790199        8.2146374531666963E-004
   5.9018943333343854        4.8513238779102947E-004
   6.0132508301897509        5.7715806103879935E-005
   6.1246073270451173        2.0201826689388068E-004
   6.2359638239004829        3.5307513880465153E-004
   6.3473203207558484        1.5296968208301919E-004
   6.4586768176112139        6.1423708340786157E-005
   6.5700333144665803        2.5487359231499406E-004
   6.6813898113219459        3.4143430847102118E-004
   6.7927463081773114        2.1820047822516844E-004
   6.9041028050326769        2.0011033241759178E-004
   7.0154593018880433        3.4942142774339066E-004
   7.1268157987434089        4.0026199984862437E-004
   7.2381722955987744        2.8716207346314847E-004
   7.3495287924541408        2.0894882490025445E-004
   7.4608852893095063        2.3744256547014224E-004
   7.5722417861648719        2.3967817549060420E-004
   7.6835982830202374        1.5988009176308749E-004
   7.7949547798756038        9.3930684972674572E-005
   7.9063112767309693        9.3626163115487684E-005
   8.0176677735863358        1.0122746443391014E-004
   8.1290242704417004        8.1822842042098798E-005
   8.2403807672970668        7.7696523338245769E-005
   8.3517372641524315        1.1398760899999540E-004
   8.4630937610077979        1.5377556153551328E-004
   8.5744502578631643        1.6854446799563819E-004
   8.6858067547185289        1.8070232284672638E-004
   8.7971632515738953        2.1246421420529653E-004
   8.9085197484292618        2.4505925858876536E-004
   9.0198762452846264        2.5149394261514256E-004
   9.1312327421399928        2.3792107494370181E-004
   9.2425892389953592        2.2667553054823875E-004
   9.3539457358507239        2.2014478873446351E-004
   9.4653022327060903        2.0349139118473966E-004
   9.5766587295614549        1.7253182302863528E-004
   9.6880152264168213        1.3949844721545594E-004
   9.7993717232721878        1.1403596823817191E-004
   9.9107282201275524        9.3263757384511639E-005
   10.022084716982919        7.2188183328819269E-005
   10.133441213838285        5.3547246877399912E-005
   10.244797710693650        4.2999864137377864E-005
   10.356154207549016        4.0879252279831058E-005
   10.467510704404381        4.3555373905562550E-005
   10.578867201259747        4.9799299565349972E-005
   10.690223698115114        6.1447199086716754E-005
   10.801580194970478        7.8779879755835441E-005
   10.912936691825845        9.8870857386733558E-005
   11.024293188681211        1.1892911437484878E-004
   11.135649685536576        1.3889156268535568E-004
   11.247006182391942        1.5964935223749456E-004
   11.358362679247309        1.8026602676044046E-004
   11.469719176102673        1.9834504268569680E-004
   11.581075672958040        2.1254978029504773E-004
   11.692432169813404        2.2352600013909665E-004
   11.803788666668771        2.3226488553961842E-004
   11.915145163524137        2.3850140116935816E-004
   12.026501660379502        2.4120935875826196E-004
   12.137858157234868        2.4008881233596432E-004
   12.249214654090235        2.3599729723977205E-004
   12.360571150945599        2.2995973872455002E-004
   12.471927647800966        2.2227671979985084E-004
   12.583284144656332        2.1275247374451979E-004
   12.694640641511697        2.0147096848116940E-004
   12.805997138367063        1.8905555745001175E-004
   12.917353635222428        1.7621520325707894E-004
   13.028710132077794        1.6328810353947971E-004
   13.140066628933161        1.5025486377863442E-004
   13.251423125788525        1.3715855336135033E-004
   13.362779622643892        1.2428298601658050E-004
   13.474136119499258        1.1198253441448373E-004
   13.585492616354623        1.0044831708873735E-004
   13.696849113209989        8.9674841724037471E-005
   13.808205610065354        7.9596854976508185E-005
   13.919562106920720        7.0218474157024310E-005
   14.030918603776087        6.1615376545868202E-005
   14.142275100631451        5.3841201448822076E-005
   14.253631597486818        4.6868744954390017E-005
   14.364988094342184        4.0628276661159766E-005
   14.476344591197549        3.5059590494487912E-005
   14.587701088052915        3.0123857466144556E-005
   14.699057584908282        2.5790031682425901E-005
   14.810414081763646        2.2009130283832576E-005
   14.921770578619013        1.8717408270112691E-005
   15.033127075474377        1.5852958601734351E-005
   15.144483572329744        1.3371687427293729E-005
   15.255840069185110        1.1241449135414042E-005
   15.367196566040475        9.4275704709711817E-006
   15.478553062895841        7.8910510293130954E-006
   15.589909559751208        6.5874876254894982E-006
   15.701266056606572        5.4791074348628084E-006
   15.812622553461939        4.5394088400586104E-006
   15.923979050317303        3.7497783478964704E-006
   16.035335547172672        3.0916204064150951E-006
   16.146692044028036        2.5442682288327451E-006
   16.258048540883401        2.0890620715595133E-006
   16.369405037738769        1.7100121773372463E-006
   16.480761534594134        1.3958901280732330E-006
   16.592118031449498        1.1377034387224169E-006
   16.703474528304863        9.2666392660525318E-007
   16.814831025160231        7.5357317921024595E-007
   16.926187522015596        6.1066773203644198E-007
   17.037544018870960        4.9308692991192785E-007
   17.148900515726329        3.9724010867922788E-007
   17.260257012581693        3.1958238094502938E-007
   17.371613509437058        2.5681766256528245E-007
   17.482970006292426        2.0614667550575386E-007
   17.594326503147791        1.6553211237478573E-007
   17.705683000003155        1.3305635826532023E-007
   17.817039496858524        1.0696756839384804E-007
   17.928395993713888        8.5770786107029811E-008
   18.039752490569253        6.8611735481344363E-008
   18.151108987424621        5.4708602523212969E-008
   18.262465484279986        4.3520583130432392E-008
   18.373821981135350        3.4583376793904712E-008
   18.485178477990718        2.7462878985328195E-008
   18.596534974846083        2.1830405455166966E-008
   18.707891471701448        1.7443008719959511E-008
   18.819247968556812        1.3984002302567519E-008
   18.930604465412181        1.1170995627131185E-008
   19.041960962267545        8.8562564905615358E-009
   19.153317459122910        6.9841531488049241E-009
   19.264673955978278        5.5172951589988247E-009
   19.376030452833643        4.3666370296005420E-009
   19.487386949689007        3.4561437533513508E-009
   19.598743446544376        2.7361223079329460E-009
   19.710099943399740        2.1860521666891710E-009
   19.821456440255105        1.7427869027883551E-009
   19.932812937110473        1.3576425832066763E-009
   20.044169433965838        1.0279117597319025E-009
   20.155525930821202        7.7491330386992188E-010
   20.266882427676570        5.9864100554141333E-010
   20.378238924531935        4.7192751340822702E-010
   20.489595421387300        3.6952993309366248E-010
   20.600951918242668        2.8207672824176855E-010
   20.712308415098033        2.1242388115149887E-010
   20.823664911953397        1.5712811881890802E-010
   20.935021408808762        1.1203238205275155E-010
   21.046377905664130        7.6025094256768824E-011
   21.157734402519495        5.1809862424186882E-011
   21.269090899374859        3.9044937231241974E-011
   21.380447396230227        3.2093516917865169E-011
   21.491803893085592        2.6134187184028943E-011
   21.603160389940957        1.9077836884592904E-011
   21.714516886796325        1.3265708713644382E-011
   21.825873383651690        9.4849263453718950E-012
   21.937229880507054        7.1877189933170534E-012
   22.048586377362422        7.2526070937848695E-012
   22.159942874217787        1.0430074483950883E-011
   22.271299371073152        1.5557960081679689E-011
   22.382655867928520        2.0280226090253038E-011
   22.494012364783885        2.3066449791116449E-011
   22.605368861639249        2.3753304301238851E-011
   22.716725358494617        2.2887210455452156E-011
   22.828081855349982        2.1840184779563100E-011
   22.939438352205347        1.9924798945707369E-011
   23.050794849060711        1.7586807801858074E-011
   23.162151345916079        1.6865577359840545E-011
   23.273507842771444        2.0050159149697822E-011
   23.384864339626809        2.6038341488103101E-011
   23.496220836482177        3.1572239091791438E-011
   23.607577333337542        3.3384558600258449E-011
   23.718933830192906        3.2173191814048691E-011
   23.830290327048274        3.0065147902013655E-011
   23.941646823903639        2.8524258446265018E-011
   24.053003320759004        2.8481016817692163E-011
   24.164359817614372        3.0806221232085216E-011
   24.275716314469737        3.3922861522098232E-011
   24.387072811325101        3.5103201659934076E-011
   24.498429308180469        3.2846696575437500E-011
   24.609785805035834        2.8036160104442636E-011
   24.721142301891199        2.3368454708517029E-011
   24.832498798746567        2.1551071373581548E-011
   24.943855295601931        2.1891758806566220E-011
   25.055211792457296        2.1401190013003328E-011
   25.166568289312664        1.8845517924655620E-011
   25.277924786168029        1.5381480743288734E-011
   25.389281283023394        1.1531193051831491E-011
   25.500637779878758        8.1465079993430193E-012
   25.611994276734126        5.8044595186978703E-012
   25.723350773589491        4.4759568249410174E-012
   25.834707270444856        3.7138656578831093E-012
   25.946063767300224        3.0479848067257264E-012
   26.057420264155589        1.8353421264677663E-012
   26.168776761010953        5.8414640246271765E-013
   26.280133257866321        1.6549231190660472E-013
   26.391489754721686        2.8693520822480096E-013
   26.502846251577051        2.4880797538561962E-013
   26.614202748432419        8.3004102298233137E-014
   26.725559245287783        1.6522442469222389E-013
   26.836915742143148        6.9008431008079699E-013
   26.948272238998516        1.3322816191164971E-012
   27.059628735853881        1.7221271366350841E-012
   27.170985232709246        2.0803202347412536E-012
   27.282341729564614        2.3723323408115493E-012
   27.393698226419978        2.1455906018065579E-012
   27.505054723275343        1.5688708135282405E-012
   27.616411220130708        1.4806893881407918E-012
   27.727767716986076        1.9423227127996729E-012
   27.839124213841441        2.3261693842581940E-012
   27.950480710696805        2.2297798737460590E-012
   28.061837207552173        1.6853613568728270E-012
   28.173193704407538        1.0621482243212533E-012
   28.284550201262903        6.9434231150640520E-013
   28.395906698118271        5.8291515258371877E-013
   28.507263194973635        6.7634501658919168E-013
   28.618619691829000        8.9253265777554971E-013
   28.729976188684368        1.1927879475618634E-012
   28.841332685539733        1.4755261188839007E-012
   28.952689182395098        1.8749732640222865E-012
   29.064045679250466        2.4827080876204498E-012
   29.175402176105830        3.2404333697142917E-012
   29.286758672961195        3.9891567161605986E-012
   29.398115169816563        5.1384075393784794E-012
   29.509471666671928        6.4793408164750126E-012
   29.620828163527293        7.4876516606203816E-012
   29.732184660382657        7.9368181048742060E-012
   29.843541157238025        7.6665256533416711E-012
   29.954897654093390        7.0437349967383065E-012
   30.066254150948755        6.6101726740744849E-012
   30.177610647804123        6.9783113438405546E-012
   30.288967144659487        7.8037021447196647E-012
   30.400323641514852        8.6045003041426899E-012
   30.511680138370220        9.3739559289328616E-012
   30.623036635225585        9.7082467283448305E-012
   30.734393132080950        9.4891996396072618E-012
   30.845749628936318        9.0347955343276182E-012
   30.957106125791682        9.2880332431038160E-012
   31.068462622647047        1.0289383739758748E-011
   31.179819119502415        1.1928609803853382E-011
   31.291175616357780        1.4022437216148538E-011
   31.402532113213145        1.6264965833625458E-011
   31.513888610068513        1.8744376235040709E-011
   31.625245106923877        2.1250051957196026E-011
   31.736601603779242        2.3253818149146740E-011
   31.847958100634607        2.4826776798755194E-011
   31.959314597489975        2.6580466373615499E-011
   32.070671094345343        2.9513515901159055E-011
   32.182027591200708        3.3732962456833241E-011
   32.293384088056072        3.9799352905887606E-011
   32.404740584911437        4.6498449066966769E-011
   32.516097081766802        5.1765806592459637E-011
   32.627453578622166        5.6009170719777331E-011
   32.738810075477538        6.0450533221812487E-011
   32.850166572332903        6.3539630638711168E-011
   32.961523069188267        6.4565789756454404E-011
   33.072879566043632        6.5801496434873915E-011
   33.184236062898997        6.9034870170261028E-011
   33.295592559754361        7.3078557007576892E-011
   33.406949056609726        7.5353951966898413E-011
   33.518305553465098        7.5226450919942857E-011
   33.629662050320462        7.3289628077892255E-011
   33.741018547175827        7.2881202480179309E-011
   33.852375044031191        7.5133956379897352E-011
   33.963731540886556        7.8757476320258017E-011
   34.075088037741921        8.0528041563074282E-011
   34.186444534597292        8.0370328517062986E-011
   34.297801031452657        8.0728365679693012E-011
   34.409157528308022        8.3133952344330081E-011
   34.520514025163386        8.7278706879018946E-011
   34.631870522018751        9.0537799834760412E-011
   34.743227018874116        9.1769017740838135E-011
   34.854583515729487        9.1699923177342927E-011
   34.965940012584852        9.3002983806804076E-011
   35.077296509440217        9.7054896182575084E-011
   35.188653006295581        1.0322785544385882E-010
   35.300009503150946        1.1150054519811285E-010
   35.411366000006311        1.2176046819958701E-010
   35.522722496861675        1.3300540581098968E-010
   35.634078993717047        1.4309981693156610E-010
   35.745435490572412        1.4986422693431442E-010
   35.856791987427776        1.5375534323269149E-010
   35.968148484283141        1.5729906615149284E-010
   36.079504981138506        1.6472796042322540E-010
   36.190861477993870        1.7758092882834057E-010
   36.302217974849242        1.9375805059501571E-010
   36.413574471704607        2.1009014463917249E-010
   36.524930968559971        2.2349945867472336E-010
   36.636287465415336        2.3151188756007711E-010
   36.747643962270701        2.3441891260101868E-010
   36.859000459126065        2.3422661364631489E-010
   36.970356955981437        2.3332200347664373E-010
   37.081713452836802        2.3518910721041301E-010
   37.193069949692166        2.4085328052679973E-010
   37.304426446547531        2.5103440456265548E-010
   37.415782943402895        2.6329459334980474E-010
   37.527139440258260        2.7419822085972187E-010
   37.638495937113625        2.8087190819057184E-010
   37.749852433968996        2.8221668927068139E-010
   37.861208930824361        2.8001409465494253E-010
   37.972565427679726        2.7976535407645196E-010
   38.083921924535090        2.8484886491576315E-010
   38.195278421390455        2.9269466804625483E-010
   38.306634918245820        2.9817228143152636E-010
   38.417991415101191        2.9842762652297200E-010
   38.529347911956556        2.9614422262260648E-010
   38.640704408811921        2.9346674502280790E-010
   38.752060905667285        2.9160952470305120E-010
   38.863417402522650        2.9022994696586137E-010
   38.974773899378015        2.8865513471695793E-010
   39.086130396233386        2.8782602152563029E-010
   39.197486893088751        2.8985377354709763E-010
   39.308843389944116        2.9416417517626726E-010
   39.420199886799480        2.9685520970227527E-010
   39.531556383654845        2.9545981770625055E-010
   39.642912880510210        2.9245231473018649E-010
   39.754269377365574        2.9132755788405928E-010
   39.865625874220946        2.9126838938231542E-010
   39.976982371076311        2.8988805548194643E-010
   40.088338867931675        2.8493194816963792E-010
   40.199695364787040        2.7708783128193331E-010
   40.311051861642405        2.7038243236443071E-010
   40.422408358497769        2.6717526722908415E-010
   40.533764855353141        2.6574338713836093E-010
   40.645121352208506        2.6178658418364105E-010
   40.756477849063870        2.5473489722560678E-010
   40.867834345919235        2.4606925489053635E-010
   40.979190842774599        2.3619037324438133E-010
   41.090547339629964        2.2585693748545908E-010
   41.201903836485336        2.1637206157646436E-010
   41.313260333340700        2.0799841330739279E-010
   41.424616830196065        2.0020077653374496E-010
   41.535973327051430        1.9235386006950870E-010
   41.647329823906794        1.8299640104310663E-010
   41.758686320762159        1.7211656348349481E-010
   41.870042817617524        1.6160115528868902E-010
   41.981399314472895        1.5376923925978474E-010
   42.092755811328260        1.4879333259497819E-010
   42.204112308183625        1.4511120749803594E-010
   42.315468805038989        1.4172811928511379E-010
   42.426825301894354        1.3870900906147859E-010
   42.538181798749719        1.3546340805990477E-010
   42.649538295605090        1.3104634711490761E-010
   42.760894792460455        1.2591646133213352E-010
   42.872251289315820        1.2182963007156383E-010
   42.983607786171184        1.2075854975903746E-010
   43.094964283026549        1.2296712031430675E-010
   43.206320779881914        1.2712529454352664E-010
   43.317677276737285        1.3090246377864689E-010
   43.429033773592650        1.3255637175513981E-010
   43.540390270448015        1.3174119882126667E-010
   43.651746767303379        1.2938211267499755E-010
   43.763103264158744        1.2780047985070039E-010
   43.874459761014108        1.2771420568169217E-010
   43.985816257869473        1.2837078140774454E-010
   44.097172754724845        1.2884191708280815E-010
   44.208529251580210        1.2869267319102106E-010
   44.319885748435574        1.2715212418739123E-010
   44.431242245290939        1.2441583119445382E-010
   44.542598742146303        1.2134387787546250E-010
   44.653955239001668        1.1801130350418147E-010
   44.765311735857040        1.1360470153905279E-010
   44.876668232712404        1.0776390751345140E-010
   44.988024729567769        1.0064131060100106E-010
   45.099381226423134        9.3057590500599475E-011
   45.210737723278498        8.6495600196397394E-011
   45.322094220133863        8.0360933169330731E-011
   45.433450716989235        7.3928401750500671E-011
   45.544807213844599        6.7605652023697378E-011
   45.656163710699964        6.2603670472994109E-011
   45.767520207555329        5.8683434385398675E-011
   45.878876704410693        5.5281280600432226E-011
   45.990233201266058        5.1890842203133654E-011
   46.101589698121423        4.9254541438037050E-011
   46.212946194976794        4.7972379275444436E-011
   46.324302691832159        4.8607952734227834E-011
   46.435659188687524        5.0795194514719462E-011
   46.547015685542888        5.3106744052077294E-011
   46.658372182398253        5.4282878094063276E-011
   46.769728679253618        5.4898773535507922E-011
   46.881085176108989        5.5815899954391748E-011
   46.992441672964354        5.7264828525062697E-011
   47.103798169819719        5.9335366721169144E-011
   47.215154666675083        6.1936642148814957E-011
   47.326511163530448        6.4948839846121305E-011
   47.437867660385812        6.7610229971791787E-011
   47.549224157241184        6.9263913340411349E-011
   47.660580654096549        6.9020529814953267E-011
   47.771937150951914        6.7228193819954008E-011
   47.883293647807278        6.4615629091987379E-011
   47.994650144662643        6.1256351274901532E-011
   48.106006641518007        5.7164137897461357E-011
   48.217363138373379        5.2340293528986123E-011
   48.328719635228744        4.7125219635553557E-011
   48.440076132084108        4.1634715524612411E-011
   48.551432628939473        3.6477322712513209E-011
   48.662789125794838        3.1522412695407763E-011
   48.774145622650202        2.6390956744691336E-011
   48.885502119505567        2.1158964665352326E-011
   48.996858616360939        1.6284375332877734E-011
   49.108215113216303        1.1869121545103923E-011
   49.219571610071668        8.2357954772644561E-012
   49.330928106927033        5.6502568224740238E-012
   49.442284603782397        4.0846061879060549E-012
   49.553641100637762        3.1807198331797787E-012
   49.664997597493134        2.6868862748582007E-012
   49.776354094348498        2.4807386390475085E-012
   49.887710591203863        2.4813111573089811E-012
   49.999067088059228        2.6863190919612020E-012
   50.110423584914592        3.0050206779097654E-012
   50.221780081769957        3.3307963285757913E-012
   50.333136578625329        3.5843875023436458E-012
   50.444493075480693        3.7607972552317590E-012
   50.555849572336058        3.8802746301276165E-012
   50.667206069191423        3.9064503028140567E-012
   50.778562566046787        3.7874416268124129E-012
   50.889919062902152        3.3991261939869738E-012
   51.001275559757516        2.7625710253063002E-012
   51.112632056612888        2.1714145034832213E-012
   51.223988553468253        1.8000028646769348E-012
   51.335345050323617        1.5892370089786999E-012
   51.446701547178982        1.3409433706025369E-012
   51.558058044034347        1.0017447878431728E-012
   51.669414540889711        6.6444489019445576E-013
   51.780771037745083        5.5042449267590553E-013
   51.892127534600448        8.2241931872546534E-013
   52.003484031455812        1.3768144274010293E-012
   52.114840528311177        2.0350067507726024E-012
   52.226197025166542        2.7843046543888548E-012
   52.337553522021906        3.7918338886070147E-012
   52.448910018877278        5.1864201775013991E-012
   52.560266515732643        6.8587224992907269E-012
   52.671623012588007        8.3667138406102082E-012
   52.782979509443372        9.5686158999722068E-012
   52.894336006298737        1.0811354895186254E-011
   53.005692503154101        1.2280267861472274E-011
   53.117049000009466        1.3848786955407761E-011
   53.228405496864838        1.5236953505504799E-011
   53.339761993720202        1.6337445706151804E-011
   53.451118490575567        1.7467721517661746E-011
   53.562474987430932        1.9138094684693259E-011
   53.673831484286296        2.1406127801486894E-011
   53.785187981141661        2.3479684715471998E-011
   53.896544477997033        2.4588030755743446E-011
   54.007900974852397        2.5058239396266743E-011
   54.119257471707762        2.6109145905247891E-011
   54.230613968563127        2.9240432690474939E-011
   54.341970465418491        3.3748066977198510E-011
   54.453326962273856        3.6560583257983572E-011
   54.564683459129228        3.5959699404534777E-011
   54.676039955984592        3.3477681369679316E-011
   54.787396452839957        3.3396377752850613E-011
   54.898752949695321        3.8807737224563302E-011
   55.010109446550686        4.7126487190809459E-011
   55.121465943406051        5.0565948491814269E-011
   55.232822440261415        4.4494139519952793E-011
   55.344178937116787        3.4920516953950870E-011
   55.455535433972152        3.3419194960507548E-011
   55.566891930827516        4.4949746700474863E-011
   55.678248427682881        6.1132953297790596E-011
   55.789604924538246        6.4787557969069225E-011
   55.900961421393610        4.5985942213972003E-011
   56.012317918248982        2.2687700879199282E-011
   56.123674415104347        1.5255343323744487E-010
   56.235030911959711        5.7988238312507274E-011
   56.346387408815076        5.2428411103038122E-011
   56.457743905670441        1.1616134361791575E-010
   56.569100402525805        7.9131552696232241E-011
   56.680456899381177        5.9403308721832641E-011
   56.791813396236542        3.6150980491405807E-009
   56.903169893091906        6.1715880867429409E-009
